04-24T16:37:50.042+1000",deleted,,,,,,6,24,37,april,50,friday,2026,0,,,Win10Demo,,,,,,,Win10Demo,,,,,"ms-sysmon-filemod",,"2026-04-24 06:37:50.042",,"SHA1=2809DE77949165790DF1123E704A415DA70AAFB8,MD5=9F276487CE1B071143CBDE81489C3F8B,SHA256=8167E720E4D98F2BACA5CE9F3C607BC794A668A2466BE516B09FC76AA4F2A2DD,IMPHASH=00000000000000000000000000000000","2026-04-24 06:37:50.042","microsoft_update.exe","C:\Users\jolly\Downloads\microsoft_update.exe",,,,,,Win10Demo,,,endpoint,,1,,,,,,,,file,,,,,,,,,,,,,"Explorer.EXE","{9172be70-f2e1-69ea-ac00-000000001e00}",,5532,,"Explorer.EXE","C:\Windows\Explorer.EXE",,,"<_='://../////'><><_='--'_='{----}'/><></><></><><",,,,,,,,,,,,,,,,,,,,,,,,,"FileDeleteDetected (File Delete logged)",26,"XmlWinEventLog:Microsoft-Windows-Sysmon/Operational",xmlwineventlog,,Win10Demo,,,,,,,,,,,"endpoint
filesystem","endpoint
filesystem",,,,,,,,,,,,655,632,,,,,,,,,jolly,,,"Microsoft Sysmon",,,,,,"'http://schemas.microsoft.com/win/2004/08/events/event'"
,,,,,,,,,Win10Demo,,,"[ZoneTransfer]  ZoneId=3  ReferrerUrl=http://192.168.20.11:9999/  HostUrl=http://192.168.20.11:9999/microsoft_update.exe","2026-04-24 06:12:51.570",,,,,,,,,,,"Microsoft-Windows-Sysmon/Operational",15,FileCreateStreamHash,15,,,,,,"'{5770385f-c22a-43e0-bf4c-06f5698ffbd9}'","SHA1=2809DE77949165790DF1123E704A415DA70AAFB8,MD5=9F276487CE1B071143CBDE81489C3F8B,SHA256=8167E720E4D98F2BACA5CE9F3C607BC794A668A2466BE516B09FC76AA4F2A2DD,IMPHASH=00000000000000000000000000000000",,,"http://192.168.20.11:9999/microsoft_update.exe",00000000000000000000000000000000,"C:\Program Files (x86)\Microsoft\Edge\Application\msedge.exe",,,,,0x8000000000000000,4,,,,9F276487CE1B071143CBDE81489C3F8B,,,"'Microsoft-Windows-Sysmon'",,0,,,,,,,,,,,,,,,,,"{9172be70-09e4-69eb-ff15-000000001e00}","'3544'",10252,,,,,,,128713,,"http://192.168.20.11:9999/",,,,"technique_id=T1189,technique_name=Drive-by Compromise",2809DE77949165790DF1123E704A415DA70AAFB8,8167E720E4D98F2BACA5CE9F3C607BC794A668A2466BE516B09FC76AA4F2A2DD,"S-1-5-18",,,,,,,,,,,,,,,,,"'2026-04-24T06:12:52.9218885Z'","C:\Users\jolly\Downloads\microsoft_update.exe:Zone.Identifier",,,,,,15,,,"'5812'","2026-04-24T06:12:52.9218885Z",,,,"WIN10DEMO\jolly","'S-1-5-18'","2026-04-24 06:12:52.919",2,3,"<Event xmlns='http://schemas.microsoft.com/win/2004/08/events/event'><System><Provider Name='Microsoft-Windows-Sysmon' Guid='{5770385f-c22a-43e0-bf4c-06f5698ffbd9}'/><EventID>15</EventID><Version>2</Version><Level>4</Level><Task>15</Task><Opcode>0</Opcode><Keywords>0x8000000000000000</Keywords><TimeCreated SystemTime='2026-04-24T06:12:52.9218885Z'/><EventRecordID>128713</EventRecordID><Correlation/><Execution ProcessID='3544' ThreadID='5812'/><Channel>Microsoft-Windows-Sysmon/Operational</Channel><Computer>Win10Demo</Computer><Security UserID='S-1-5-18'/></System><EventData><Data Name='RuleName'>technique_id=T1189,technique_name=Drive-by Compromise</Data><Data Name='UtcTime'>2026-04-24 06:12:52.919</Data><Data Name='ProcessGuid'>{9172be70-09e4-69eb-ff15-000000001e00}</Data><Data Name='ProcessId'>10252</Data><Data Name='Image'>C:\Program Files (x86)\Microsoft\Edge\Application\msedge.exe</Data><Data Name='TargetFilename'>C:\Users\jolly\Downloads\microsoft_update.exe:Zone.Identifier</Data><Data Name='CreationUtcTime'>2026-04-24 06:12:51.570</Data><Data Name='Hash'>SHA1=2809DE77949165790DF1123E704A415DA70AAFB8,MD5=9F276487CE1B071143CBDE81489C3F8B,SHA256=8167E720E4D98F2BACA5CE9F3C607BC794A668A2466BE516B09FC76AA4F2A2DD,IMPHASH=00000000000000000000000000000000</Data><Data Name='Contents'>[ZoneTransfer]  ZoneId=3  ReferrerUrl=http://192.168.20.11:9999/  HostUrl=http://192.168.20.11:9999/microsoft_update.exe  </Data><Data Name='User'>WIN10DEMO\jolly</Data></EventData></Event>","2026-04-24T16:12:52.919+1000",allowed,,,,,,6,24,12,april,52,friday,2026,0,,,Win10Demo,,,,,,,Win10Demo,,,,,"ms-sysmon-process",,,"2026-04-24 06:12:51.570","SHA1=2809DE77949165790DF1123E704A415DA70AAFB8,MD5=9F276487CE1B071143CBDE81489C3F8B,SHA256=8167E720E4D98F2BACA5CE9F3C607BC794A668A2466BE516B09FC76AA4F2A2DD,IMPHASH=00000000000000000000000000000000",,"microsoft_update.exe","C:\Users\jolly\Downloads\microsoft_update.exe",,,,,,Win10Demo,"http://192.168.20.11:9999/","192.168.20.11:9999",endpoint,,1,,,,,,,,,,,"Microsoft Windows",,,,,,,,,,"msedge.exe","{9172be70-09e4-69eb-ff15-000000001e00}",,10252,,"msedge.exe","C:\Program Files (x86)\Microsoft\Edge\Application\msedge.exe",,,"<_='://../////'><><_='--'_='{----}'/><></><></><><",,,,,,,,,,,,,,,,,,,,,,,,,FileCreateStreamHash,15,"XmlWinEventLog:Microsoft-Windows-Sysmon/Operational",xmlwineventlog,,Win10Demo,,,,,,,,,,,"process
report","process
report",T1189,"Drive-by",,,,,,,,,,707,684,,,,,"microsoft_update.exe","http://192.168.20.11:9999/microsoft_update.exe","192.168.20.11",46,jolly,,,"Microsoft Sysmon",,,,,,"'http://schemas.microsoft.com/win/2004/08/events/event'"
,,,,,,,,,Win10Demo,,,"-","2026-04-24 06:12:51.570",,,,,,,,,,,"Microsoft-Windows-Sysmon/Operational",15,FileCreateStreamHash,15,,,,,,"'{5770385f-c22a-43e0-bf4c-06f5698ffbd9}'","SHA1=6F568FF7FD015DE2A73CDC4B91AFC3E38C5129A0,MD5=DB03ED06EECC8933E7A5B68E2833F01D,SHA256=018BC967152358C6E0FE850E31208553D821E27B550ED79E0B551188178ADE2B,IMPHASH=C2D02FC98F1D75D7B9457468EC75DA0E",,,,C2D02FC98F1D75D7B9457468EC75DA0E,"C:\Program Files (x86)\Microsoft\Edge\Application\msedge.exe",,,,,0x8000000000000000,4,,,,DB03ED06EECC8933E7A5B68E2833F01D,,,"'Microsoft-Windows-Sysmon'",,0,,,,,,,,,,,,,,,,,"{9172be70-09e4-69eb-ff15-000000001e00}","'3544'",10252,,,,,,,128712,,,,,,"-",6F568FF7FD015DE2A73CDC4B91AFC3E38C5129A0,018BC967152358C6E0FE850E31208553D821E27B550ED79E0B551188178ADE2B,"S-1-5-18",,,,,,,,,,,,,,,,,"'2026-04-24T06:12:52.9192114Z'","C:\Users\jolly\Downloads\microsoft_update.exe",,,,,,15,,,"'5812'","2026-04-24T06:12:52.9192114Z",,,,"WIN10DEMO\jolly","'S-1-5-18'","2026-04-24 06:12:52.915",2,,"<Event xmlns='http://schemas.microsoft.com/win/2004/08/events/event'><System><Provider Name='Microsoft-Windows-Sysmon' Guid='{5770385f-c22a-43e0-bf4c-06f5698ffbd9}'/><EventID>15</EventID><Version>2</Version><Level>4</Level><Task>15</Task><Opcode>0</Opcode><Keywords>0x8000000000000000</Keywords><TimeCreated SystemTime='2026-04-24T06:12:52.9192114Z'/><EventRecordID>128712</EventRecordID><Correlation/><Execution ProcessID='3544' ThreadID='5812'/><Channel>Microsoft-Windows-Sysmon/Operational</Channel><Computer>Win10Demo</Computer><Security UserID='S-1-5-18'/></System><EventData><Data Name='RuleName'>-</Data><Data Name='UtcTime'>2026-04-24 06:12:52.915</Data><Data Name='ProcessGuid'>{9172be70-09e4-69eb-ff15-000000001e00}</Data><Data Name='ProcessId'>10252</Data><Data Name='Image'>C:\Program Files (x86)\Microsoft\Edge\Application\msedge.exe</Data><Data Name='TargetFilename'>C:\Users\jolly\Downloads\microsoft_update.exe</Data><Data Name='CreationUtcTime'>2026-04-24 06:12:51.570</Data><Data Name='Hash'>SHA1=6F568FF7FD015DE2A73CDC4B91AFC3E38C5129A0,MD5=DB03ED06EECC8933E7A5B68E2833F01D,SHA256=018BC967152358C6E0FE850E31208553D821E27B550ED79E0B551188178ADE2B,IMPHASH=C2D02FC98F1D75D7B9457468EC75DA0E</Data><Data Name='Contents'>-</Data><Data Name='User'>WIN10DEMO\jolly</Data></EventData></Event>","2026-04-24T16:12:52.915+1000",allowed,,,,,,6,24,12,april,52,friday,2026,0,,,Win10Demo,,,,,,,Win10Demo,,,,,"ms-sysmon-process",,,"2026-04-24 06:12:51.570","SHA1=6F568FF7FD015DE2A73CDC4B91AFC3E38C5129A0,MD5=DB03ED06EECC8933E7A5B68E2833F01D,SHA256=018BC967152358C6E0FE850E31208553D821E27B550ED79E0B551188178ADE2B,IMPHASH=C2D02FC98F1D75D7B9457468EC75DA0E",,"microsoft_update.exe","C:\Users\jolly\Downloads\microsoft_update.exe",,,,,,Win10Demo,,,endpoint,,1,,,,,,,,,,,"Microsoft Windows",,,,,,,,,,"msedge.exe","{9172be70-09e4-69eb-ff15-000000001e00}",,10252,,"msedge.exe","C:\Program Files (x86)\Microsoft\Edge\Application\msedge.exe",,,"<_='://../////'><><_='--'_='{----}'/><></><></><><",,,,,,,,,,,,,,,,,,,,,,,,,FileCreateStreamHash,15,"XmlWinEventLog:Microsoft-Windows-Sysmon/Operational",xmlwineventlog,,Win10Demo,,,,,,,,,,,"process
report","process
report",,,,,,,,,,,,655,632,,,,,,,,,jolly,,,"Microsoft Sysmon",,,,,,"'http://schemas.microsoft.com/win/2004/08/events/event'"
,,,,,,,,,Win10Demo,,,"[ZoneTransfer]  ZoneId=3  ReferrerUrl=http://192.168.20.11:9999/","2026-04-24 06:12:51.570",,,,,,,,,,,"Microsoft-Windows-Sysmon/Operational",15,FileCreateStreamHash,15,,,,,,"'{5770385f-c22a-43e0-bf4c-06f5698ffbd9}'","SHA1=A01A0F470E6B1928882F2F605A3002CB14A5D3D6,MD5=8C3F8E481CF96572CC214EF1BC57ED10,SHA256=33A5AB6C3439F99112120BEC8824FB059ED737D779F1D21FFF25AFA1AD0E3EC6,IMPHASH=00000000000000000000000000000000",,,,00000000000000000000000000000000,"C:\Program Files (x86)\Microsoft\Edge\Application\msedge.exe",,,,,0x8000000000000000,4,,,,8C3F8E481CF96572CC214EF1BC57ED10,,,"'Microsoft-Windows-Sysmon'",,0,,,,,,,,,,,,,,,,,"{9172be70-09e4-69eb-ff15-000000001e00}","'3544'",10252,,,,,,,128711,,"http://192.168.20.11:9999/",,,,"technique_id=T1189,technique_name=Drive-by Compromise",A01A0F470E6B1928882F2F605A3002CB14A5D3D6,33A5AB6C3439F99112120BEC8824FB059ED737D779F1D21FFF25AFA1AD0E3EC6,"S-1-5-18",,,,,,,,,,,,,,,,,"'2026-04-24T06:12:52.9166356Z'","C:\Users\jolly\Downloads\microsoft_update.exe:Zone.Identifier",,,,,,15,,,"'5812'","2026-04-24T06:12:52.9166356Z",,,,"WIN10DEMO\jolly","'S-1-5-18'","2026-04-24 06:12:52.915",2,3,"<Event xmlns='http://schemas.microsoft.com/win/2004/08/events/event'><System><Provider Name='Microsoft-Windows-Sysmon' Guid='{5770385f-c22a-43e0-bf4c-06f5698ffbd9}'/><EventID>15</EventID><Version>2</Version><Level>4</Level><Task>15</Task><Opcode>0</Opcode><Keywords>0x8000000000000000</Keywords><TimeCreated SystemTime='2026-04-24T06:12:52.9166356Z'/><EventRecordID>128711</EventRecordID><Correlation/><Execution ProcessID='3544' ThreadID='5812'/><Channel>Microsoft-Windows-Sysmon/Operational</Channel><Computer>Win10Demo</Computer><Security UserID='S-1-5-18'/></System><EventData><Data Name='RuleName'>technique_id=T1189,technique_name=Drive-by Compromise</Data><Data Name='UtcTime'>2026-04-24 06:12:52.915</Data><Data Name='ProcessGuid'>{9172be70-09e4-69eb-ff15-000000001e00}</Data><Data Name='ProcessId'>10252</Data><Data Name='Image'>C:\Program Files (x86)\Microsoft\Edge\Application\msedge.exe</Data><Data Name='TargetFilename'>C:\Users\jolly\Downloads\microsoft_update.exe:Zone.Identifier</Data><Data Name='CreationUtcTime'>2026-04-24 06:12:51.570</Data><Data Name='Hash'>SHA1=A01A0F470E6B1928882F2F605A3002CB14A5D3D6,MD5=8C3F8E481CF96572CC214EF1BC57ED10,SHA256=33A5AB6C3439F99112120BEC8824FB059ED737D779F1D21FFF25AFA1AD0E3EC6,IMPHASH=00000000000000000000000000000000</Data><Data Name='Contents'>[ZoneTransfer]  ZoneId=3  ReferrerUrl=http://192.168.20.11:9999/  </Data><Data Name='User'>WIN10DEMO\jolly</Data></EventData></Event>","2026-04-24T16:12:52.915+1000",allowed,,,,,,6,24,12,april,52,friday,2026,0,,,Win10Demo,,,,,,,Win10Demo,,,,,"ms-sysmon-process",,,"2026-04-24 06:12:51.570","SHA1=A01A0F470E6B1928882F2F605A3002CB14A5D3D6,MD5=8C3F8E481CF96572CC214EF1BC57ED10,SHA256=33A5AB6C3439F99112120BEC8824FB059ED737D779F1D21FFF25AFA1AD0E3EC6,IMPHASH=00000000000000000000000000000000",,"microsoft_update.exe","C:\Users\jolly\Downloads\microsoft_update.exe",,,,,,Win10Demo,"http://192.168.20.11:9999/","192.168.20.11:9999",endpoint,,1,,,,,,,,,,,"Microsoft Windows",,,,,,,,,,"msedge.exe","{9172be70-09e4-69eb-ff15-000000001e00}",,10252,,"msedge.exe","C:\Program Files (x86)\Microsoft\Edge\Application\msedge.exe",,,"<_='://../////'><><_='--'_='{----}'/><></><></><><",,,,,,,,,,,,,,,,,,,,,,,,,FileCreateStreamHash,15,"XmlWinEventLog:Microsoft-Windows-Sysmon/Operational",xmlwineventlog,,Win10Demo,,,,,,,,,,,"process
report","process
report",T1189,"Drive-by",,,,,,,,,,707,684,,,,,,,,,jolly,,,"Microsoft Sysmon",,,,,,"'http://schemas.microsoft.com/win/2004/08/events/event'"
,,,,,,,,,Win10Demo,,,"-","2026-04-24 06:12:51.570",,,,,,,,,,,"Microsoft-Windows-Sysmon/Operational",15,FileCreateStreamHash,15,,,,,,"'{5770385f-c22a-43e0-bf4c-06f5698ffbd9}'","SHA1=6F568FF7FD015DE2A73CDC4B91AFC3E38C5129A0,MD5=DB03ED06EECC8933E7A5B68E2833F01D,SHA256=018BC967152358C6E0FE850E31208553D821E27B550ED79E0B551188178ADE2B,IMPHASH=C2D02FC98F1D75D7B9457468EC75DA0E",,,,C2D02FC98F1D75D7B9457468EC75DA0E,"C:\Program Files (x86)\Microsoft\Edge\Application\msedge.exe",,,,,0x8000000000000000,4,,,,DB03ED06EECC8933E7A5B68E2833F01D,,,"'Microsoft-Windows-Sysmon'",,0,,,,,,,,,,,,,,,,,"{9172be70-09e4-69eb-ff15-000000001e00}","'3544'",10252,,,,,,,128710,,,,,,"-",6F568FF7FD015DE2A73CDC4B91AFC3E38C5129A0,018BC967152358C6E0FE850E31208553D821E27B550ED79E0B551188178ADE2B,"S-1-5-18",,,,,,,,,,,,,,,,,"'2026-04-24T06:12:52.9155358Z'","C:\Users\jolly\Downloads\microsoft_update.exe",,,,,,15,,,"'5812'","2026-04-24T06:12:52.9155358Z",,,,"WIN10DEMO\jolly","'S-1-5-18'","2026-04-24 06:12:52.913",2,,"<Event xmlns='http://schemas.microsoft.com/win/2004/08/events/event'><System><Provider Name='Microsoft-Windows-Sysmon' Guid='{5770385f-c22a-43e0-bf4c-06f5698ffbd9}'/><EventID>15</EventID><Version>2</Version><Level>4</Level><Task>15</Task><Opcode>0</Opcode><Keywords>0x8000000000000000</Keywords><TimeCreated SystemTime='2026-04-24T06:12:52.9155358Z'/><EventRecordID>128710</EventRecordID><Correlation/><Execution ProcessID='3544' ThreadID='5812'/><Channel>Microsoft-Windows-Sysmon/Operational</Channel><Computer>Win10Demo</Computer><Security UserID='S-1-5-18'/></System><EventData><Data Name='RuleName'>-</Data><Data Name='UtcTime'>2026-04-24 06:12:52.913</Data><Data Name='ProcessGuid'>{9172be70-09e4-69eb-ff15-000000001e00}</Data><Data Name='ProcessId'>10252</Data><Data Name='Image'>C:\Program Files (x86)\Microsoft\Edge\Application\msedge.exe</Data><Data Name='TargetFilename'>C:\Users\jolly\Downloads\microsoft_update.exe</Data><Data Name='CreationUtcTime'>2026-04-24 06:12:51.570</Data><Data Name='Hash'>SHA1=6F568FF7FD015DE2A73CDC4B91AFC3E38C5129A0,MD5=DB03ED06EECC8933E7A5B68E2833F01D,SHA256=018BC967152358C6E0FE850E31208553D821E27B550ED79E0B551188178ADE2B,IMPHASH=C2D02FC98F1D75D7B9457468EC75DA0E</Data><Data Name='Contents'>-</Data><Data Name='User'>WIN10DEMO\jolly</Data></EventData></Event>","2026-04-24T16:12:52.913+1000",allowed,,,,,,6,24,12,april,52,friday,2026,0,,,Win10Demo,,,,,,,Win10Demo,,,,,"ms-sysmon-process",,,"2026-04-24 06:12:51.570","SHA1=6F568FF7FD015DE2A73CDC4B91AFC3E38C5129A0,MD5=DB03ED06EECC8933E7A5B68E2833F01D,SHA256=018BC967152358C6E0FE850E31208553D821E27B550ED79E0B551188178ADE2B,IMPHASH=C2D02FC98F1D75D7B9457468EC75DA0E",,"microsoft_update.exe","C:\Users\jolly\Downloads\microsoft_update.exe",,,,,,Win10Demo,,,endpoint,,1,,,,,,,,,,,"Microsoft Windows",,,,,,,,,,"msedge.exe","{9172be70-09e4-69eb-ff15-000000001e00}",,10252,,"msedge.exe","C:\Program Files (x86)\Microsoft\Edge\Application\msedge.exe",,,"<_='://../////'><><_='--'_='{----}'/><></><></><><",,,,,,,,,,,,,,,,,,,,,,,,,FileCreateStreamHash,15,"XmlWinEventLog:Microsoft-Windows-Sysmon/Operational",xmlwineventlog,,Win10Demo,,,,,,,,,,,"process
report","process
report",,,,,,,,,,,,655,632,,,,,,,,,jolly,,,"Microsoft Sysmon",,,,,,"'http://schemas.microsoft.com/win/2004/08/events/event'"
,,,,,,,,,Win10Demo,,,"[ZoneTransfer]  ZoneId=3","2026-04-24 06:12:51.570",,,,,,,,,,,"Microsoft-Windows-Sysmon/Operational",15,FileCreateStreamHash,15,,,,,,"'{5770385f-c22a-43e0-bf4c-06f5698ffbd9}'","SHA1=D59FC84CDD5217C6CF74785703655F78DA6B582B,MD5=FBCCF14D504B7B2DBCB5A5BDA75BD93B,SHA256=EACD09517CE90D34BA562171D15AC40D302F0E691B439F91BE1B6406E25F5913,IMPHASH=00000000000000000000000000000000",,,,00000000000000000000000000000000,"C:\Program Files (x86)\Microsoft\Edge\Application\msedge.exe",,,,,0x8000000000000000,4,,,,FBCCF14D504B7B2DBCB5A5BDA75BD93B,,,"'Microsoft-Windows-Sysmon'",,0,,,,,,,,,,,,,,,,,"{9172be70-09e4-69eb-ff15-000000001e00}","'3544'",10252,,,,,,,128709,,,,,,"technique_id=T1189,technique_name=Drive-by Compromise",D59FC84CDD5217C6CF74785703655F78DA6B582B,EACD09517CE90D34BA562171D15AC40D302F0E691B439F91BE1B6406E25F5913,"S-1-5-18",,,,,,,,,,,,,,,,,"'2026-04-24T06:12:52.9129714Z'","C:\Users\jolly\Downloads\microsoft_update.exe:Zone.Identifier",,,,,,15,,,"'5812'","2026-04-24T06:12:52.9129714Z",,,,"WIN10DEMO\jolly","'S-1-5-18'","2026-04-24 06:12:52.912",2,3,"<Event xmlns='http://schemas.microsoft.com/win/2004/08/events/event'><System><Provider Name='Microsoft-Windows-Sysmon' Guid='{5770385f-c22a-43e0-bf4c-06f5698ffbd9}'/><EventID>15</EventID><Version>2</Version><Level>4</Level><Task>15</Task><Opcode>0</Opcode><Keywords>0x8000000000000000</Keywords><TimeCreated SystemTime='2026-04-24T06:12:52.9129714Z'/><EventRecordID>128709</EventRecordID><Correlation/><Execution ProcessID='3544' ThreadID='5812'/><Channel>Microsoft-Windows-Sysmon/Operational</Channel><Computer>Win10Demo</Computer><Security UserID='S-1-5-18'/></System><EventData><Data Name='RuleName'>technique_id=T1189,technique_name=Drive-by Compromise</Data><Data Name='UtcTime'>2026-04-24 06:12:52.912</Data><Data Name='ProcessGuid'>{9172be70-09e4-69eb-ff15-000000001e00}</Data><Data Name='ProcessId'>10252</Data><Data Name='Image'>C:\Program Files (x86)\Microsoft\Edge\Application\msedge.exe</Data><Data Name='TargetFilename'>C:\Users\jolly\Downloads\microsoft_update.exe:Zone.Identifier</Data><Data Name='CreationUtcTime'>2026-04-24 06:12:51.570</Data><Data Name='Hash'>SHA1=D59FC84CDD5217C6CF74785703655F78DA6B582B,MD5=FBCCF14D504B7B2DBCB5A5BDA75BD93B,SHA256=EACD09517CE90D34BA562171D15AC40D302F0E691B439F91BE1B6406E25F5913,IMPHASH=00000000000000000000000000000000</Data><Data Name='Contents'>[ZoneTransfer]  ZoneId=3  </Data><Data Name='User'>WIN10DEMO\jolly</Data></EventData></Event>","2026-04-24T16:12:52.912+1000",allowed,,,,,,6,24,12,april,52,friday,2026,0,,,Win10Demo,,,,,,,Win10Demo,,,,,"ms-sysmon-process",,,"2026-04-24 06:12:51.570","SHA1=D59FC84CDD5217C6CF74785703655F78DA6B582B,MD5=FBCCF14D504B7B2DBCB5A5BDA75BD93B,SHA256=EACD09517CE90D34BA562171D15AC40D302F0E691B439F91BE1B6406E25F5913,IMPHASH=00000000000000000000000000000000",,"microsoft_update.exe","C:\Users\jolly\Downloads\microsoft_update.exe",,,,,,Win10Demo,,,endpoint,,1,,,,,,,,,,,"Microsoft Windows",,,,,,,,,,"msedge.exe","{9172be70-09e4-69eb-ff15-000000001e00}",,10252,,"msedge.exe","C:\Program Files (x86)\Microsoft\Edge\Application\msedge.exe",,,"<_='://../////'><><_='--'_='{----}'/><></><></><><",,,,,,,,,,,,,,,,,,,,,,,,,FileCreateStreamHash,15,"XmlWinEventLog:Microsoft-Windows-Sysmon/Operational",xmlwineventlog,,Win10Demo,,,,,,,,,,,"process
report","process
report",T1189,"Drive-by",,,,,,,,,,707,684,,,,,,,,,jolly,,,"Microsoft Sysmon",,,,,,"'http://schemas.microsoft.com/win/2004/08/events/event'"
,,,,,,,,,Win10Demo,,,,"2026-04-24 06:12:51.570",,,,,,,,,,,"Microsoft-Windows-Sysmon/Operational",11,FileCreate,11,,,,,,"'{5770385f-c22a-43e0-bf4c-06f5698ffbd9}'",,,,,,"C:\Program Files (x86)\Microsoft\Edge\Application\msedge.exe",,,,,0x8000000000000000,4,,,,,,,"'Microsoft-Windows-Sysmon'",,0,,,,,,,,,,,,,,,,,"{9172be70-09e4-69eb-ff15-000000001e00}","'3544'",10252,,,,,,,128708,,,,,,"-",,,"S-1-5-18",,,,,,,,,,,,,,,,,"'2026-04-24T06:12:52.9102726Z'","C:\Users\jolly\Downloads\microsoft_update.exe:Zone.Identifier",,,,,,11,,,"'5812'","2026-04-24T06:12:52.9102726Z",,,,"WIN10DEMO\jolly","'S-1-5-18'","2026-04-24 06:12:52.909",2,,"<Event xmlns='http://schemas.microsoft.com/win/2004/08/events/event'><System><Provider Name='Microsoft-Windows-Sysmon' Guid='{5770385f-c22a-43e0-bf4c-06f5698ffbd9}'/><EventID>11</EventID><Version>2</Version><Level>4</Level><Task>11</Task><Opcode>0</Opcode><Keywords>0x8000000000000000</Keywords><TimeCreated SystemTime='2026-04-24T06:12:52.9102726Z'/><EventRecordID>128708</EventRecordID><Correlation/><Execution ProcessID='3544' ThreadID='5812'/><Channel>Microsoft-Windows-Sysmon/Operational</Channel><Computer>Win10Demo</Computer><Security UserID='S-1-5-18'/></System><EventData><Data Name='RuleName'>-</Data><Data Name='UtcTime'>2026-04-24 06:12:52.909</Data><Data Name='ProcessGuid'>{9172be70-09e4-69eb-ff15-000000001e00}</Data><Data Name='ProcessId'>10252</Data><Data Name='Image'>C:\Program Files (x86)\Microsoft\Edge\Application\msedge.exe</Data><Data Name='TargetFilename'>C:\Users\jolly\Downloads\microsoft_update.exe:Zone.Identifier</Data><Data Name='CreationUtcTime'>2026-04-24 06:12:51.570</Data><Data Name='User'>WIN10DEMO\jolly</Data></EventData></Event>","2026-04-24T16:12:52.909+1000",modified,,,,,,6,24,12,april,52,friday,2026,0,,,Win10Demo,,,,,,,Win10Demo,,,,,"ms-sysmon-filemod",,,"2026-04-24 06:12:51.570",,,"microsoft_update.exe","C:\Users\jolly\Downloads\microsoft_update.exe",,,,,,Win10Demo,,,endpoint,,1,,,,,,,,file,,,,,,,,,,,,,"msedge.exe","{9172be70-09e4-69eb-ff15-000000001e00}",,10252,,"msedge.exe","C:\Program Files (x86)\Microsoft\Edge\Application\msedge.exe",,,"<_='://../////'><><_='--'_='{----}'/><></><></><><",,,,,,,,,,,,,,,,,,,,,,,,,FileCreate,11,"XmlWinEventLog:Microsoft-Windows-Sysmon/Operational",xmlwineventlog,,Win10Demo,,,,,,,,,,,"endpoint
filesystem","endpoint
filesystem",,,,,,,,,,,,655,632,,,,,,,,,jolly,,,"Microsoft Sysmon",,,,,,"'http://schemas.microsoft.com/win/2004/08/events/event'"
,,,,,,,,,Win10Demo,,,"-","2026-04-24 06:12:51.570",,,,,,,,,,,"Microsoft-Windows-Sysmon/Operational",15,FileCreateStreamHash,15,,,,,,"'{5770385f-c22a-43e0-bf4c-06f5698ffbd9}'","SHA1=6F568FF7FD015DE2A73CDC4B91AFC3E38C5129A0,MD5=DB03ED06EECC8933E7A5B68E2833F01D,SHA256=018BC967152358C6E0FE850E31208553D821E27B550ED79E0B551188178ADE2B,IMPHASH=C2D02FC98F1D75D7B9457468EC75DA0E",,,,C2D02FC98F1D75D7B9457468EC75DA0E,"C:\Program Files (x86)\Microsoft\Edge\Application\msedge.exe",,,,,0x8000000000000000,4,,,,DB03ED06EECC8933E7A5B68E2833F01D,,,"'Microsoft-Windows-Sysmon'",,0,,,,,,,,,,,,,,,,,"{9172be70-09e4-69eb-ff15-000000001e00}","'3544'",10252,,,,,,,128707,,,,,,"-",6F568FF7FD015DE2A73CDC4B91AFC3E38C5129A0,018BC967152358C6E0FE850E31208553D821E27B550ED79E0B551188178ADE2B,"S-1-5-18",,,,,,,,,,,,,,,,,"'2026-04-24T06:12:52.9102280Z'","C:\Users\jolly\Downloads\microsoft_update.exe",,,,,,15,,,"'5812'","2026-04-24T06:12:52.9102280Z",,,,"WIN10DEMO\jolly","'S-1-5-18'","2026-04-24 06:12:52.907",2,,"<Event xmlns='http://schemas.microsoft.com/win/2004/08/events/event'><System><Provider Name='Microsoft-Windows-Sysmon' Guid='{5770385f-c22a-43e0-bf4c-06f5698ffbd9}'/><EventID>15</EventID><Version>2</Version><Level>4</Level><Task>15</Task><Opcode>0</Opcode><Keywords>0x8000000000000000</Keywords><TimeCreated SystemTime='2026-04-24T06:12:52.9102280Z'/><EventRecordID>128707</EventRecordID><Correlation/><Execution ProcessID='3544' ThreadID='5812'/><Channel>Microsoft-Windows-Sysmon/Operational</Channel><Computer>Win10Demo</Computer><Security UserID='S-1-5-18'/></System><EventData><Data Name='RuleName'>-</Data><Data Name='UtcTime'>2026-04-24 06:12:52.907</Data><Data Name='ProcessGuid'>{9172be70-09e4-69eb-ff15-000000001e00}</Data><Data Name='ProcessId'>10252</Data><Data Name='Image'>C:\Program Files (x86)\Microsoft\Edge\Application\msedge.exe</Data><Data Name='TargetFilename'>C:\Users\jolly\Downloads\microsoft_update.exe</Data><Data Name='CreationUtcTime'>2026-04-24 06:12:51.570</Data><Data Name='Hash'>SHA1=6F568FF7FD015DE2A73CDC4B91AFC3E38C5129A0,MD5=DB03ED06EECC8933E7A5B68E2833F01D,SHA256=018BC967152358C6E0FE850E31208553D821E27B550ED79E0B551188178ADE2B,IMPHASH=C2D02FC98F1D75D7B9457468EC75DA0E</Data><Data Name='Contents'>-</Data><Data Name='User'>WIN10DEMO\jolly</Data></EventData></Event>","2026-04-24T16:12:52.907+1000",allowed,,,,,,6,24,12,april,52,friday,2026,0,,,Win10Demo,,,,,,,Win10Demo,,,,,"ms-sysmon-process",,,"2026-04-24 06:12:51.570","SHA1=6F568FF7FD015DE2A73CDC4B91AFC3E38C5129A0,MD5=DB03ED06EECC8933E7A5B68E2833F01D,SHA256=018BC967152358C6E0FE850E31208553D821E27B550ED79E0B551188178ADE2B,IMPHASH=C2D02FC98F1D75D7B9457468EC75DA0E",,"microsoft_update.exe","C:\Users\jolly\Downloads\microsoft_update.exe",,,,,,Win10Demo,,,endpoint,,1,,,,,,,,,,,"Microsoft Windows",,,,,,,,,,"msedge.exe","{9172be70-09e4-69eb-ff15-000000001e00}",,10252,,"msedge.exe","C:\Program Files (x86)\Microsoft\Edge\Application\msedge.exe",,,"<_='://../////'><><_='--'_='{----}'/><></><></><><",,,,,,,,,,,,,,,,,,,,,,,,,FileCreateStreamHash,15,"XmlWinEventLog:Microsoft-Windows-Sysmon/Operational",xmlwineventlog,,Win10Demo,,,,,,,,,,,"process
report","process
report",,,,,,,,,,,,655,632,,,,,,,,,jolly,,,"Microsoft Sysmon",,,,,,"'http://schemas.microsoft.com/win/2004/08/events/event'"
