04-24T17:03:45.206+1000",allowed,,,,,,7,24,3,april,45,friday,2026,0,,,Win10Demo,,,,,,,Win10Demo,,,,,"ms-sysmon-process",,,,,,,,,,,,,Win10Demo,,,endpoint,,1,,,,,,,,,,,"Microsoft Windows","""C:\Program Files (x86)\Microsoft\Edge\Application\msedge.exe"" --no-startup-window","msedge.exe","{9172be70-157f-69eb-3620-000000001e00}",6660,"msedge.exe","C:\Program Files (x86)\Microsoft\Edge\Application\msedge.exe",,"""C:\Users\jolly\Downloads\microsoft_update.exe""","C:\Users\jolly\Downloads\","microsoft_update.exe","{9172be70-15d1-69eb-a420-000000001e00}","SHA1=6F568FF7FD015DE2A73CDC4B91AFC3E38C5129A0,MD5=DB03ED06EECC8933E7A5B68E2833F01D,SHA256=018BC967152358C6E0FE850E31208553D821E27B550ED79E0B551188178ADE2B,IMPHASH=C2D02FC98F1D75D7B9457468EC75DA0E",6908,Medium,"microsoft_update.exe","C:\Users\jolly\Downloads\microsoft_update.exe",,,"<_='://../////'><><_='--'_='{----}'/><></><></><><",,,,,,,,,,,,,,,,,,,,,,,,,"Process creation",1,"XmlWinEventLog:Microsoft-Windows-Sysmon/Operational",xmlwineventlog,,Win10Demo,,,,,,,,,,,"process
report","process
report",T1036,"Masquerading</Data><Data Name='UtcTime'>2026-04-24",,,,,,,,,,698,675,,,,,,,,,jolly,,,"Microsoft Sysmon",,,,,,"'http://schemas.microsoft.com/win/2004/08/events/event'"
,,,,,,,,,Win10Demo,,,,,,,,,,,,,,,"Microsoft-Windows-Sysmon/Operational",26,"FileDeleteDetected (File Delete logged)",26,,,,,,"'{5770385f-c22a-43e0-bf4c-06f5698ffbd9}'",,,"SHA1=2809DE77949165790DF1123E704A415DA70AAFB8,MD5=9F276487CE1B071143CBDE81489C3F8B,SHA256=8167E720E4D98F2BACA5CE9F3C607BC794A668A2466BE516B09FC76AA4F2A2DD,IMPHASH=00000000000000000000000000000000",,00000000000000000000000000000000,"C:\Program Files (x86)\Microsoft\Edge\Application\msedge.exe",,,,false,0x8000000000000000,4,,,,9F276487CE1B071143CBDE81489C3F8B,,,"'Microsoft-Windows-Sysmon'",,0,,,,,,,,,,,,,,,,,"{9172be70-157f-69eb-3620-000000001e00}","'3544'",6660,,,,,,,129350,,,,,,"-",2809DE77949165790DF1123E704A415DA70AAFB8,8167E720E4D98F2BACA5CE9F3C607BC794A668A2466BE516B09FC76AA4F2A2DD,"S-1-5-18",,,,,,,,,,,,,,,,,"'2026-04-24T07:03:44.8484458Z'","C:\Users\jolly\Downloads\microsoft_update.exe:Zone.Identifier",,,,,,26,,,"'5812'","2026-04-24T07:03:44.8484458Z",,,,"WIN10DEMO\jolly","'S-1-5-18'","2026-04-24 07:03:44.847",5,,"<Event xmlns='http://schemas.microsoft.com/win/2004/08/events/event'><System><Provider Name='Microsoft-Windows-Sysmon' Guid='{5770385f-c22a-43e0-bf4c-06f5698ffbd9}'/><EventID>26</EventID><Version>5</Version><Level>4</Level><Task>26</Task><Opcode>0</Opcode><Keywords>0x8000000000000000</Keywords><TimeCreated SystemTime='2026-04-24T07:03:44.8484458Z'/><EventRecordID>129350</EventRecordID><Correlation/><Execution ProcessID='3544' ThreadID='5812'/><Channel>Microsoft-Windows-Sysmon/Operational</Channel><Computer>Win10Demo</Computer><Security UserID='S-1-5-18'/></System><EventData><Data Name='RuleName'>-</Data><Data Name='UtcTime'>2026-04-24 07:03:44.847</Data><Data Name='ProcessGuid'>{9172be70-157f-69eb-3620-000000001e00}</Data><Data Name='ProcessId'>6660</Data><Data Name='User'>WIN10DEMO\jolly</Data><Data Name='Image'>C:\Program Files (x86)\Microsoft\Edge\Application\msedge.exe</Data><Data Name='TargetFilename'>C:\Users\jolly\Downloads\microsoft_update.exe:Zone.Identifier</Data><Data Name='Hashes'>SHA1=2809DE77949165790DF1123E704A415DA70AAFB8,MD5=9F276487CE1B071143CBDE81489C3F8B,SHA256=8167E720E4D98F2BACA5CE9F3C607BC794A668A2466BE516B09FC76AA4F2A2DD,IMPHASH=00000000000000000000000000000000</Data><Data Name='IsExecutable'>false</Data></EventData></Event>","2026-04-24T17:03:44.847+1000",deleted,,,,,,7,24,3,april,44,friday,2026,0,,,Win10Demo,,,,,,,Win10Demo,,,,,"ms-sysmon-filemod",,"2026-04-24 07:03:44.847",,"SHA1=2809DE77949165790DF1123E704A415DA70AAFB8,MD5=9F276487CE1B071143CBDE81489C3F8B,SHA256=8167E720E4D98F2BACA5CE9F3C607BC794A668A2466BE516B09FC76AA4F2A2DD,IMPHASH=00000000000000000000000000000000","2026-04-24 07:03:44.847","microsoft_update.exe","C:\Users\jolly\Downloads\microsoft_update.exe",,,,,,Win10Demo,,,endpoint,,1,,,,,,,,file,,,,,,,,,,,,,"msedge.exe","{9172be70-157f-69eb-3620-000000001e00}",,6660,,"msedge.exe","C:\Program Files (x86)\Microsoft\Edge\Application\msedge.exe",,,"<_='://../////'><><_='--'_='{----}'/><></><></><><",,,,,,,,,,,,,,,,,,,,,,,,,"FileDeleteDetected (File Delete logged)",26,"XmlWinEventLog:Microsoft-Windows-Sysmon/Operational",xmlwineventlog,,Win10Demo,,,,,,,,,,,"endpoint
filesystem","endpoint
filesystem",,,,,,,,,,,,655,632,,,,,,,,,jolly,,,"Microsoft Sysmon",,,,,,"'http://schemas.microsoft.com/win/2004/08/events/event'"
,,,,,,,,,Win10Demo,,,"[ZoneTransfer]  ZoneId=3  ReferrerUrl=http://192.168.20.11:9999/  HostUrl=http://192.168.20.11:9999/microsoft_update.exe","2026-04-24 07:03:34.087",,,,,,,,,,,"Microsoft-Windows-Sysmon/Operational",15,FileCreateStreamHash,15,,,,,,"'{5770385f-c22a-43e0-bf4c-06f5698ffbd9}'","SHA1=2809DE77949165790DF1123E704A415DA70AAFB8,MD5=9F276487CE1B071143CBDE81489C3F8B,SHA256=8167E720E4D98F2BACA5CE9F3C607BC794A668A2466BE516B09FC76AA4F2A2DD,IMPHASH=00000000000000000000000000000000",,,"http://192.168.20.11:9999/microsoft_update.exe",00000000000000000000000000000000,"C:\Program Files (x86)\Microsoft\Edge\Application\msedge.exe",,,,,0x8000000000000000,4,,,,9F276487CE1B071143CBDE81489C3F8B,,,"'Microsoft-Windows-Sysmon'",,0,,,,,,,,,,,,,,,,,"{9172be70-15c6-69eb-9120-000000001e00}","'3544'",10300,,,,,,,129346,,"http://192.168.20.11:9999/",,,,"technique_id=T1189,technique_name=Drive-by Compromise",2809DE77949165790DF1123E704A415DA70AAFB8,8167E720E4D98F2BACA5CE9F3C607BC794A668A2466BE516B09FC76AA4F2A2DD,"S-1-5-18",,,,,,,,,,,,,,,,,"'2026-04-24T07:03:35.0712963Z'","C:\Users\jolly\Downloads\microsoft_update.exe:Zone.Identifier",,,,,,15,,,"'5812'","2026-04-24T07:03:35.0712963Z",,,,"WIN10DEMO\jolly","'S-1-5-18'","2026-04-24 07:03:35.070",2,3,"<Event xmlns='http://schemas.microsoft.com/win/2004/08/events/event'><System><Provider Name='Microsoft-Windows-Sysmon' Guid='{5770385f-c22a-43e0-bf4c-06f5698ffbd9}'/><EventID>15</EventID><Version>2</Version><Level>4</Level><Task>15</Task><Opcode>0</Opcode><Keywords>0x8000000000000000</Keywords><TimeCreated SystemTime='2026-04-24T07:03:35.0712963Z'/><EventRecordID>129346</EventRecordID><Correlation/><Execution ProcessID='3544' ThreadID='5812'/><Channel>Microsoft-Windows-Sysmon/Operational</Channel><Computer>Win10Demo</Computer><Security UserID='S-1-5-18'/></System><EventData><Data Name='RuleName'>technique_id=T1189,technique_name=Drive-by Compromise</Data><Data Name='UtcTime'>2026-04-24 07:03:35.070</Data><Data Name='ProcessGuid'>{9172be70-15c6-69eb-9120-000000001e00}</Data><Data Name='ProcessId'>10300</Data><Data Name='Image'>C:\Program Files (x86)\Microsoft\Edge\Application\msedge.exe</Data><Data Name='TargetFilename'>C:\Users\jolly\Downloads\microsoft_update.exe:Zone.Identifier</Data><Data Name='CreationUtcTime'>2026-04-24 07:03:34.087</Data><Data Name='Hash'>SHA1=2809DE77949165790DF1123E704A415DA70AAFB8,MD5=9F276487CE1B071143CBDE81489C3F8B,SHA256=8167E720E4D98F2BACA5CE9F3C607BC794A668A2466BE516B09FC76AA4F2A2DD,IMPHASH=00000000000000000000000000000000</Data><Data Name='Contents'>[ZoneTransfer]  ZoneId=3  ReferrerUrl=http://192.168.20.11:9999/  HostUrl=http://192.168.20.11:9999/microsoft_update.exe  </Data><Data Name='User'>WIN10DEMO\jolly</Data></EventData></Event>","2026-04-24T17:03:35.070+1000",allowed,,,,,,7,24,3,april,35,friday,2026,0,,,Win10Demo,,,,,,,Win10Demo,,,,,"ms-sysmon-process",,,"2026-04-24 07:03:34.087","SHA1=2809DE77949165790DF1123E704A415DA70AAFB8,MD5=9F276487CE1B071143CBDE81489C3F8B,SHA256=8167E720E4D98F2BACA5CE9F3C607BC794A668A2466BE516B09FC76AA4F2A2DD,IMPHASH=00000000000000000000000000000000",,"microsoft_update.exe","C:\Users\jolly\Downloads\microsoft_update.exe",,,,,,Win10Demo,"http://192.168.20.11:9999/","192.168.20.11:9999",endpoint,,1,,,,,,,,,,,"Microsoft Windows",,,,,,,,,,"msedge.exe","{9172be70-15c6-69eb-9120-000000001e00}",,10300,,"msedge.exe","C:\Program Files (x86)\Microsoft\Edge\Application\msedge.exe",,,"<_='://../////'><><_='--'_='{----}'/><></><></><><",,,,,,,,,,,,,,,,,,,,,,,,,FileCreateStreamHash,15,"XmlWinEventLog:Microsoft-Windows-Sysmon/Operational",xmlwineventlog,,Win10Demo,,,,,,,,,,,"process
report","process
report",T1189,"Drive-by",,,,,,,,,,707,684,,,,,"microsoft_update.exe","http://192.168.20.11:9999/microsoft_update.exe","192.168.20.11",46,jolly,,,"Microsoft Sysmon",,,,,,"'http://schemas.microsoft.com/win/2004/08/events/event'"
,,,,,,,,,Win10Demo,,,"-","2026-04-24 07:03:34.087",,,,,,,,,,,"Microsoft-Windows-Sysmon/Operational",15,FileCreateStreamHash,15,,,,,,"'{5770385f-c22a-43e0-bf4c-06f5698ffbd9}'","SHA1=6F568FF7FD015DE2A73CDC4B91AFC3E38C5129A0,MD5=DB03ED06EECC8933E7A5B68E2833F01D,SHA256=018BC967152358C6E0FE850E31208553D821E27B550ED79E0B551188178ADE2B,IMPHASH=C2D02FC98F1D75D7B9457468EC75DA0E",,,,C2D02FC98F1D75D7B9457468EC75DA0E,"C:\Program Files (x86)\Microsoft\Edge\Application\msedge.exe",,,,,0x8000000000000000,4,,,,DB03ED06EECC8933E7A5B68E2833F01D,,,"'Microsoft-Windows-Sysmon'",,0,,,,,,,,,,,,,,,,,"{9172be70-15c6-69eb-9120-000000001e00}","'3544'",10300,,,,,,,129345,,,,,,"-",6F568FF7FD015DE2A73CDC4B91AFC3E38C5129A0,018BC967152358C6E0FE850E31208553D821E27B550ED79E0B551188178ADE2B,"S-1-5-18",,,,,,,,,,,,,,,,,"'2026-04-24T07:03:35.0701727Z'","C:\Users\jolly\Downloads\microsoft_update.exe",,,,,,15,,,"'5812'","2026-04-24T07:03:35.0701727Z",,,,"WIN10DEMO\jolly","'S-1-5-18'","2026-04-24 07:03:35.067",2,,"<Event xmlns='http://schemas.microsoft.com/win/2004/08/events/event'><System><Provider Name='Microsoft-Windows-Sysmon' Guid='{5770385f-c22a-43e0-bf4c-06f5698ffbd9}'/><EventID>15</EventID><Version>2</Version><Level>4</Level><Task>15</Task><Opcode>0</Opcode><Keywords>0x8000000000000000</Keywords><TimeCreated SystemTime='2026-04-24T07:03:35.0701727Z'/><EventRecordID>129345</EventRecordID><Correlation/><Execution ProcessID='3544' ThreadID='5812'/><Channel>Microsoft-Windows-Sysmon/Operational</Channel><Computer>Win10Demo</Computer><Security UserID='S-1-5-18'/></System><EventData><Data Name='RuleName'>-</Data><Data Name='UtcTime'>2026-04-24 07:03:35.067</Data><Data Name='ProcessGuid'>{9172be70-15c6-69eb-9120-000000001e00}</Data><Data Name='ProcessId'>10300</Data><Data Name='Image'>C:\Program Files (x86)\Microsoft\Edge\Application\msedge.exe</Data><Data Name='TargetFilename'>C:\Users\jolly\Downloads\microsoft_update.exe</Data><Data Name='CreationUtcTime'>2026-04-24 07:03:34.087</Data><Data Name='Hash'>SHA1=6F568FF7FD015DE2A73CDC4B91AFC3E38C5129A0,MD5=DB03ED06EECC8933E7A5B68E2833F01D,SHA256=018BC967152358C6E0FE850E31208553D821E27B550ED79E0B551188178ADE2B,IMPHASH=C2D02FC98F1D75D7B9457468EC75DA0E</Data><Data Name='Contents'>-</Data><Data Name='User'>WIN10DEMO\jolly</Data></EventData></Event>","2026-04-24T17:03:35.067+1000",allowed,,,,,,7,24,3,april,35,friday,2026,0,,,Win10Demo,,,,,,,Win10Demo,,,,,"ms-sysmon-process",,,"2026-04-24 07:03:34.087","SHA1=6F568FF7FD015DE2A73CDC4B91AFC3E38C5129A0,MD5=DB03ED06EECC8933E7A5B68E2833F01D,SHA256=018BC967152358C6E0FE850E31208553D821E27B550ED79E0B551188178ADE2B,IMPHASH=C2D02FC98F1D75D7B9457468EC75DA0E",,"microsoft_update.exe","C:\Users\jolly\Downloads\microsoft_update.exe",,,,,,Win10Demo,,,endpoint,,1,,,,,,,,,,,"Microsoft Windows",,,,,,,,,,"msedge.exe","{9172be70-15c6-69eb-9120-000000001e00}",,10300,,"msedge.exe","C:\Program Files (x86)\Microsoft\Edge\Application\msedge.exe",,,"<_='://../////'><><_='--'_='{----}'/><></><></><><",,,,,,,,,,,,,,,,,,,,,,,,,FileCreateStreamHash,15,"XmlWinEventLog:Microsoft-Windows-Sysmon/Operational",xmlwineventlog,,Win10Demo,,,,,,,,,,,"process
report","process
report",,,,,,,,,,,,655,632,,,,,,,,,jolly,,,"Microsoft Sysmon",,,,,,"'http://schemas.microsoft.com/win/2004/08/events/event'"
,,,,,,,,,Win10Demo,,,"[ZoneTransfer]  ZoneId=3  ReferrerUrl=http://192.168.20.11:9999/","2026-04-24 07:03:34.087",,,,,,,,,,,"Microsoft-Windows-Sysmon/Operational",15,FileCreateStreamHash,15,,,,,,"'{5770385f-c22a-43e0-bf4c-06f5698ffbd9}'","SHA1=A01A0F470E6B1928882F2F605A3002CB14A5D3D6,MD5=8C3F8E481CF96572CC214EF1BC57ED10,SHA256=33A5AB6C3439F99112120BEC8824FB059ED737D779F1D21FFF25AFA1AD0E3EC6,IMPHASH=00000000000000000000000000000000",,,,00000000000000000000000000000000,"C:\Program Files (x86)\Microsoft\Edge\Application\msedge.exe",,,,,0x8000000000000000,4,,,,8C3F8E481CF96572CC214EF1BC57ED10,,,"'Microsoft-Windows-Sysmon'",,0,,,,,,,,,,,,,,,,,"{9172be70-15c6-69eb-9120-000000001e00}","'3544'",10300,,,,,,,129344,,"http://192.168.20.11:9999/",,,,"technique_id=T1189,technique_name=Drive-by Compromise",A01A0F470E6B1928882F2F605A3002CB14A5D3D6,33A5AB6C3439F99112120BEC8824FB059ED737D779F1D21FFF25AFA1AD0E3EC6,"S-1-5-18",,,,,,,,,,,,,,,,,"'2026-04-24T07:03:35.0679487Z'","C:\Users\jolly\Downloads\microsoft_update.exe:Zone.Identifier",,,,,,15,,,"'5812'","2026-04-24T07:03:35.0679487Z",,,,"WIN10DEMO\jolly","'S-1-5-18'","2026-04-24 07:03:35.067",2,3,"<Event xmlns='http://schemas.microsoft.com/win/2004/08/events/event'><System><Provider Name='Microsoft-Windows-Sysmon' Guid='{5770385f-c22a-43e0-bf4c-06f5698ffbd9}'/><EventID>15</EventID><Version>2</Version><Level>4</Level><Task>15</Task><Opcode>0</Opcode><Keywords>0x8000000000000000</Keywords><TimeCreated SystemTime='2026-04-24T07:03:35.0679487Z'/><EventRecordID>129344</EventRecordID><Correlation/><Execution ProcessID='3544' ThreadID='5812'/><Channel>Microsoft-Windows-Sysmon/Operational</Channel><Computer>Win10Demo</Computer><Security UserID='S-1-5-18'/></System><EventData><Data Name='RuleName'>technique_id=T1189,technique_name=Drive-by Compromise</Data><Data Name='UtcTime'>2026-04-24 07:03:35.067</Data><Data Name='ProcessGuid'>{9172be70-15c6-69eb-9120-000000001e00}</Data><Data Name='ProcessId'>10300</Data><Data Name='Image'>C:\Program Files (x86)\Microsoft\Edge\Application\msedge.exe</Data><Data Name='TargetFilename'>C:\Users\jolly\Downloads\microsoft_update.exe:Zone.Identifier</Data><Data Name='CreationUtcTime'>2026-04-24 07:03:34.087</Data><Data Name='Hash'>SHA1=A01A0F470E6B1928882F2F605A3002CB14A5D3D6,MD5=8C3F8E481CF96572CC214EF1BC57ED10,SHA256=33A5AB6C3439F99112120BEC8824FB059ED737D779F1D21FFF25AFA1AD0E3EC6,IMPHASH=00000000000000000000000000000000</Data><Data Name='Contents'>[ZoneTransfer]  ZoneId=3  ReferrerUrl=http://192.168.20.11:9999/  </Data><Data Name='User'>WIN10DEMO\jolly</Data></EventData></Event>","2026-04-24T17:03:35.067+1000",allowed,,,,,,7,24,3,april,35,friday,2026,0,,,Win10Demo,,,,,,,Win10Demo,,,,,"ms-sysmon-process",,,"2026-04-24 07:03:34.087","SHA1=A01A0F470E6B1928882F2F605A3002CB14A5D3D6,MD5=8C3F8E481CF96572CC214EF1BC57ED10,SHA256=33A5AB6C3439F99112120BEC8824FB059ED737D779F1D21FFF25AFA1AD0E3EC6,IMPHASH=00000000000000000000000000000000",,"microsoft_update.exe","C:\Users\jolly\Downloads\microsoft_update.exe",,,,,,Win10Demo,"http://192.168.20.11:9999/","192.168.20.11:9999",endpoint,,1,,,,,,,,,,,"Microsoft Windows",,,,,,,,,,"msedge.exe","{9172be70-15c6-69eb-9120-000000001e00}",,10300,,"msedge.exe","C:\Program Files (x86)\Microsoft\Edge\Application\msedge.exe",,,"<_='://../////'><><_='--'_='{----}'/><></><></><><",,,,,,,,,,,,,,,,,,,,,,,,,FileCreateStreamHash,15,"XmlWinEventLog:Microsoft-Windows-Sysmon/Operational",xmlwineventlog,,Win10Demo,,,,,,,,,,,"process
report","process
report",T1189,"Drive-by",,,,,,,,,,707,684,,,,,,,,,jolly,,,"Microsoft Sysmon",,,,,,"'http://schemas.microsoft.com/win/2004/08/events/event'"
,,,,,,,,,Win10Demo,,,"-","2026-04-24 07:03:34.087",,,,,,,,,,,"Microsoft-Windows-Sysmon/Operational",15,FileCreateStreamHash,15,,,,,,"'{5770385f-c22a-43e0-bf4c-06f5698ffbd9}'","SHA1=6F568FF7FD015DE2A73CDC4B91AFC3E38C5129A0,MD5=DB03ED06EECC8933E7A5B68E2833F01D,SHA256=018BC967152358C6E0FE850E31208553D821E27B550ED79E0B551188178ADE2B,IMPHASH=C2D02FC98F1D75D7B9457468EC75DA0E",,,,C2D02FC98F1D75D7B9457468EC75DA0E,"C:\Program Files (x86)\Microsoft\Edge\Application\msedge.exe",,,,,0x8000000000000000,4,,,,DB03ED06EECC8933E7A5B68E2833F01D,,,"'Microsoft-Windows-Sysmon'",,0,,,,,,,,,,,,,,,,,"{9172be70-15c6-69eb-9120-000000001e00}","'3544'",10300,,,,,,,129343,,,,,,"-",6F568FF7FD015DE2A73CDC4B91AFC3E38C5129A0,018BC967152358C6E0FE850E31208553D821E27B550ED79E0B551188178ADE2B,"S-1-5-18",,,,,,,,,,,,,,,,,"'2026-04-24T07:03:35.0670582Z'","C:\Users\jolly\Downloads\microsoft_update.exe",,,,,,15,,,"'5812'","2026-04-24T07:03:35.0670582Z",,,,"WIN10DEMO\jolly","'S-1-5-18'","2026-04-24 07:03:35.064",2,,"<Event xmlns='http://schemas.microsoft.com/win/2004/08/events/event'><System><Provider Name='Microsoft-Windows-Sysmon' Guid='{5770385f-c22a-43e0-bf4c-06f5698ffbd9}'/><EventID>15</EventID><Version>2</Version><Level>4</Level><Task>15</Task><Opcode>0</Opcode><Keywords>0x8000000000000000</Keywords><TimeCreated SystemTime='2026-04-24T07:03:35.0670582Z'/><EventRecordID>129343</EventRecordID><Correlation/><Execution ProcessID='3544' ThreadID='5812'/><Channel>Microsoft-Windows-Sysmon/Operational</Channel><Computer>Win10Demo</Computer><Security UserID='S-1-5-18'/></System><EventData><Data Name='RuleName'>-</Data><Data Name='UtcTime'>2026-04-24 07:03:35.064</Data><Data Name='ProcessGuid'>{9172be70-15c6-69eb-9120-000000001e00}</Data><Data Name='ProcessId'>10300</Data><Data Name='Image'>C:\Program Files (x86)\Microsoft\Edge\Application\msedge.exe</Data><Data Name='TargetFilename'>C:\Users\jolly\Downloads\microsoft_update.exe</Data><Data Name='CreationUtcTime'>2026-04-24 07:03:34.087</Data><Data Name='Hash'>SHA1=6F568FF7FD015DE2A73CDC4B91AFC3E38C5129A0,MD5=DB03ED06EECC8933E7A5B68E2833F01D,SHA256=018BC967152358C6E0FE850E31208553D821E27B550ED79E0B551188178ADE2B,IMPHASH=C2D02FC98F1D75D7B9457468EC75DA0E</Data><Data Name='Contents'>-</Data><Data Name='User'>WIN10DEMO\jolly</Data></EventData></Event>","2026-04-24T17:03:35.064+1000",allowed,,,,,,7,24,3,april,35,friday,2026,0,,,Win10Demo,,,,,,,Win10Demo,,,,,"ms-sysmon-process",,,"2026-04-24 07:03:34.087","SHA1=6F568FF7FD015DE2A73CDC4B91AFC3E38C5129A0,MD5=DB03ED06EECC8933E7A5B68E2833F01D,SHA256=018BC967152358C6E0FE850E31208553D821E27B550ED79E0B551188178ADE2B,IMPHASH=C2D02FC98F1D75D7B9457468EC75DA0E",,"microsoft_update.exe","C:\Users\jolly\Downloads\microsoft_update.exe",,,,,,Win10Demo,,,endpoint,,1,,,,,,,,,,,"Microsoft Windows",,,,,,,,,,"msedge.exe","{9172be70-15c6-69eb-9120-000000001e00}",,10300,,"msedge.exe","C:\Program Files (x86)\Microsoft\Edge\Application\msedge.exe",,,"<_='://../////'><><_='--'_='{----}'/><></><></><><",,,,,,,,,,,,,,,,,,,,,,,,,FileCreateStreamHash,15,"XmlWinEventLog:Microsoft-Windows-Sysmon/Operational",xmlwineventlog,,Win10Demo,,,,,,,,,,,"process
report","process
report",,,,,,,,,,,,655,632,,,,,,,,,jolly,,,"Microsoft Sysmon",,,,,,"'http://schemas.microsoft.com/win/2004/08/events/event'"
,,,,,,,,,Win10Demo,,,"[ZoneTransfer]  ZoneId=3","2026-04-24 07:03:34.087",,,,,,,,,,,"Microsoft-Windows-Sysmon/Operational",15,FileCreateStreamHash,15,,,,,,"'{5770385f-c22a-43e0-bf4c-06f5698ffbd9}'","SHA1=D59FC84CDD5217C6CF74785703655F78DA6B582B,MD5=FBCCF14D504B7B2DBCB5A5BDA75BD93B,SHA256=EACD09517CE90D34BA562171D15AC40D302F0E691B439F91BE1B6406E25F5913,IMPHASH=00000000000000000000000000000000",,,,00000000000000000000000000000000,"C:\Program Files (x86)\Microsoft\Edge\Application\msedge.exe",,,,,0x8000000000000000,4,,,,FBCCF14D504B7B2DBCB5A5BDA75BD93B,,,"'Microsoft-Windows-Sysmon'",,0,,,,,,,,,,,,,,,,,"{9172be70-15c6-69eb-9120-000000001e00}","'3544'",10300,,,,,,,129342,,,,,,"technique_id=T1189,technique_name=Drive-by Compromise",D59FC84CDD5217C6CF74785703655F78DA6B582B,EACD09517CE90D34BA562171D15AC40D302F0E691B439F91BE1B6406E25F5913,"S-1-5-18",,,,,,,,,,,,,,,,,"'2026-04-24T07:03:35.0648305Z'","C:\Users\jolly\Downloads\microsoft_update.exe:Zone.Identifier",,,,,,15,,,"'5812'","2026-04-24T07:03:35.0648305Z",,,,"WIN10DEMO\jolly","'S-1-5-18'","2026-04-24 07:03:35.063",2,3,"<Event xmlns='http://schemas.microsoft.com/win/2004/08/events/event'><System><Provider Name='Microsoft-Windows-Sysmon' Guid='{5770385f-c22a-43e0-bf4c-06f5698ffbd9}'/><EventID>15</EventID><Version>2</Version><Level>4</Level><Task>15</Task><Opcode>0</Opcode><Keywords>0x8000000000000000</Keywords><TimeCreated SystemTime='2026-04-24T07:03:35.0648305Z'/><EventRecordID>129342</EventRecordID><Correlation/><Execution ProcessID='3544' ThreadID='5812'/><Channel>Microsoft-Windows-Sysmon/Operational</Channel><Computer>Win10Demo</Computer><Security UserID='S-1-5-18'/></System><EventData><Data Name='RuleName'>technique_id=T1189,technique_name=Drive-by Compromise</Data><Data Name='UtcTime'>2026-04-24 07:03:35.063</Data><Data Name='ProcessGuid'>{9172be70-15c6-69eb-9120-000000001e00}</Data><Data Name='ProcessId'>10300</Data><Data Name='Image'>C:\Program Files (x86)\Microsoft\Edge\Application\msedge.exe</Data><Data Name='TargetFilename'>C:\Users\jolly\Downloads\microsoft_update.exe:Zone.Identifier</Data><Data Name='CreationUtcTime'>2026-04-24 07:03:34.087</Data><Data Name='Hash'>SHA1=D59FC84CDD5217C6CF74785703655F78DA6B582B,MD5=FBCCF14D504B7B2DBCB5A5BDA75BD93B,SHA256=EACD09517CE90D34BA562171D15AC40D302F0E691B439F91BE1B6406E25F5913,IMPHASH=00000000000000000000000000000000</Data><Data Name='Contents'>[ZoneTransfer]  ZoneId=3  </Data><Data Name='User'>WIN10DEMO\jolly</Data></EventData></Event>","2026-04-24T17:03:35.063+1000",allowed,,,,,,7,24,3,april,35,friday,2026,0,,,Win10Demo,,,,,,,Win10Demo,,,,,"ms-sysmon-process",,,"2026-04-24 07:03:34.087","SHA1=D59FC84CDD5217C6CF74785703655F78DA6B582B,MD5=FBCCF14D504B7B2DBCB5A5BDA75BD93B,SHA256=EACD09517CE90D34BA562171D15AC40D302F0E691B439F91BE1B6406E25F5913,IMPHASH=00000000000000000000000000000000",,"microsoft_update.exe","C:\Users\jolly\Downloads\microsoft_update.exe",,,,,,Win10Demo,,,endpoint,,1,,,,,,,,,,,"Microsoft Windows",,,,,,,,,,"msedge.exe","{9172be70-15c6-69eb-9120-000000001e00}",,10300,,"msedge.exe","C:\Program Files (x86)\Microsoft\Edge\Application\msedge.exe",,,"<_='://../////'><><_='--'_='{----}'/><></><></><><",,,,,,,,,,,,,,,,,,,,,,,,,FileCreateStreamHash,15,"XmlWinEventLog:Microsoft-Windows-Sysmon/Operational",xmlwineventlog,,Win10Demo,,,,,,,,,,,"process
report","process
report",T1189,"Drive-by",,,,,,,,,,707,684,,,,,,,,,jolly,,,"Microsoft Sysmon",,,,,,"'http://schemas.microsoft.com/win/2004/08/events/event'"
,,,,,,,,,Win10Demo,,,,"2026-04-24 07:03:34.087",,,,,,,,,,,"Microsoft-Windows-Sysmon/Operational",11,FileCreate,11,,,,,,"'{5770385f-c22a-43e0-bf4c-06f5698ffbd9}'",,,,,,"C:\Program Files (x86)\Microsoft\Edge\Application\msedge.exe",,,,,0x8000000000000000,4,,,,,,,"'Microsoft-Windows-Sysmon'",,0,,,,,,,,,,,,,,,,,"{9172be70-15c6-69eb-9120-000000001e00}","'3544'",10300,,,,,,,129341,,,,,,"-",,,"S-1-5-18",,,,,,,,,,,,,,,,,"'2026-04-24T07:03:35.0627893Z'","C:\Users\jolly\Downloads\microsoft_update.exe:Zone.Identifier",,,,,,11,,,"'5812'","2026-04-24T07:03:35.0627893Z",,,,"WIN10DEMO\jolly","'S-1-5-18'","2026-04-24 07:03:35.060",2,,"<Event xmlns='http://schemas.microsoft.com/win/2004/08/events/event'><System><Provider Name='Microsoft-Windows-Sysmon' Guid='{5770385f-c22a-43e0-bf4c-06f5698ffbd9}'/><EventID>11</EventID><Version>2</Version><Level>4</Level><Task>11</Task><Opcode>0</Opcode><Keywords>0x8000000000000000</Keywords><TimeCreated SystemTime='2026-04-24T07:03:35.0627893Z'/><EventRecordID>129341</EventRecordID><Correlation/><Execution ProcessID='3544' ThreadID='5812'/><Channel>Microsoft-Windows-Sysmon/Operational</Channel><Computer>Win10Demo</Computer><Security UserID='S-1-5-18'/></System><EventData><Data Name='RuleName'>-</Data><Data Name='UtcTime'>2026-04-24 07:03:35.060</Data><Data Name='ProcessGuid'>{9172be70-15c6-69eb-9120-000000001e00}</Data><Data Name='ProcessId'>10300</Data><Data Name='Image'>C:\Program Files (x86)\Microsoft\Edge\Application\msedge.exe</Data><Data Name='TargetFilename'>C:\Users\jolly\Downloads\microsoft_update.exe:Zone.Identifier</Data><Data Name='CreationUtcTime'>2026-04-24 07:03:34.087</Data><Data Name='User'>WIN10DEMO\jolly</Data></EventData></Event>","2026-04-24T17:03:35.060+1000",modified,,,,,,7,24,3,april,35,friday,2026,0,,,Win10Demo,,,,,,,Win10Demo,,,,,"ms-sysmon-filemod",,,"2026-04-24 07:03:34.087",,,"microsoft_update.exe","C:\Users\jolly\Downloads\microsoft_update.exe",,,,,,Win10Demo,,,endpoint,,1,,,,,,,,file,,,,,,,,,,,,,"msedge.exe","{9172be70-15c6-69eb-9120-000000001e00}",,10300,,"msedge.exe","C:\Program Files (x86)\Microsoft\Edge\Application\msedge.exe",,,"<_='://../////'><><_='--'_='{----}'/><></><></><><",,,,,,,,,,,,,,,,,,,,,,,,,FileCreate,11,"XmlWinEventLog:Microsoft-Windows-Sysmon/Operational",xmlwineventlog,,Win10Demo,,,,,,,,,,,"endpoint
filesystem","endpoint
filesystem",,,,,,,,,,,,655,632,,,,,,,,,jolly,,,"Microsoft Sysmon",,,,,,"'http://schemas.microsoft.com/win/2004/08/events/event'"
,,,,,,,,,Win10Demo,,,"-","2026-04-24 07:03:34.087",,,,,,,,,,,"Microsoft-Windows-Sysmon/Operational",15,FileCreateStreamHash,15,,,,,,"'{5770385f-c22a-43e0-bf4c-06f5698ffbd9}'","SHA1=6F568FF7FD015DE2A73CDC4B91AFC3E38C5129A0,MD5=DB03ED06EECC8933E7A5B68E2833F01D,SHA256=018BC967152358C6E0FE850E31208553D821E27B550ED79E0B551188178ADE2B,IMPHASH=C2D02FC98F1D75D7B9457468EC75DA0E",,,,C2D02FC98F1D75D7B9457468EC75DA0E,"C:\Program Files (x86)\Microsoft\Edge\Application\msedge.exe",,,,,0x8000000000000000,4,,,,DB03ED06EECC8933E7A5B68E2833F01D,,,"'Microsoft-Windows-Sysmon'",,0,,,,,,,,,,,,,,,,,"{9172be70-15c6-69eb-9120-000000001e00}","'3544'",10300,,,,,,,129340,,,,,,"-",6F568FF7FD015DE2A73CDC4B91AFC3E38C5129A0,018BC967152358C6E0FE850E31208553D821E27B550ED79E0B551188178ADE2B,"S-1-5-18",,,,,,,,,,,,,,,,,"'2026-04-24T07:03:35.0627480Z'","C:\Users\jolly\Downloads\microsoft_update.exe",,,,,,15,,,"'5812'","2026-04-24T07:03:35.0627480Z",,,,"WIN10DEMO\jolly","'S-1-5-18'","2026-04-24 07:03:35.060",2,,"<Event xmlns='http://schemas.microsoft.com/win/2004/08/events/event'><System><Provider Name='Microsoft-Windows-Sysmon' Guid='{5770385f-c22a-43e0-bf4c-06f5698ffbd9}'/><EventID>15</EventID><Version>2</Version><Level>4</Level><Task>15</Task><Opcode>0</Opcode><Keywords>0x8000000000000000</Keywords><TimeCreated SystemTime='2026-04-24T07:03:35.0627480Z'/><EventRecordID>129340</EventRecordID><Correlation/><Execution ProcessID='3544' ThreadID='5812'/><Channel>Microsoft-Windows-Sysmon/Operational</Channel><Computer>Win10Demo</Computer><Security UserID='S-1-5-18'/></System><EventData><Data Name='RuleName'>-</Data><Data Name='UtcTime'>2026-04-24 07:03:35.060</Data><Data Name='ProcessGuid'>{9172be70-15c6-69eb-9120-000000001e00}</Data><Data Name='ProcessId'>10300</Data><Data Name='Image'>C:\Program Files (x86)\Microsoft\Edge\Application\msedge.exe</Data><Data Name='TargetFilename'>C:\Users\jolly\Downloads\microsoft_update.exe</Data><Data Name='CreationUtcTime'>2026-04-24 07:03:34.087</Data><Data Name='Hash'>SHA1=6F568FF7FD015DE2A73CDC4B91AFC3E38C5129A0,MD5=DB03ED06EECC8933E7A5B68E2833F01D,SHA256=018BC967152358C6E0FE850E31208553D821E27B550ED79E0B551188178ADE2B,IMPHASH=C2D02FC98F1D75D7B9457468EC75DA0E</Data><Data Name='Contents'>-</Data><Data Name='User'>WIN10DEMO\jolly</Data></EventData></Event>","2026-04-24T17:03:35.060+1000",allowed,,,,,,7,24,3,april,35,friday,2026,0,,,Win10Demo,,,,,,,Win10Demo,,,,,"ms-sysmon-process",,,"2026-04-24 07:03:34.087","SHA1=6F568FF7FD015DE2A73CDC4B91AFC3E38C5129A0,MD5=DB03ED06EECC8933E7A5B68E2833F01D,SHA256=018BC967152358C6E0FE850E31208553D821E27B550ED79E0B551188178ADE2B,IMPHASH=C2D02FC98F1D75D7B9457468EC75DA0E",,"microsoft_update.exe","C:\Users\jolly\Downloads\microsoft_update.exe",,,,,,Win10Demo,,,endpoint,,1,,,,,,,,,,,"Microsoft Windows",,,,,,,,,,"msedge.exe","{9172be70-15c6-69eb-9120-000000001e00}",,10300,,"msedge.exe","C:\Program Files (x86)\Microsoft\Edge\Application\msedge.exe",,,"<_='://../////'><><_='--'_='{----}'/><></><></><><",,,,,,,,,,,,,,,,,,,,,,,,,FileCreateStreamHash,15,"XmlWinEventLog:Microsoft-Windows-Sysmon/Operational",xmlwineventlog,,Win10Demo,,,,,,,,,,,"process
report","process
report",,,,,,,,,,,,655,632,,,,,,,,,jolly,,,"Microsoft Sysmon",,,,,,"'http://schemas.microsoft.com/win/2004/08/events/event'"
,,,,,,,,,Win10Demo,,,,,,,,,,,,,,,"Microsoft-Windows-Sysmon/Operational",5,"Process terminated",5,,,,,,"'{5770385f-c22a-43e0-bf4c-06f5698ffbd9}'",,,,,,"C:\Users\jolly\Downloads\microsoft_update.exe",,,,,0x8000000000000000,4,,,,,,,"'Microsoft-Windows-Sysmon'",,0,,,,,,,,,,,,,,,,,"{9172be70-0fbf-69eb-0c1b-000000001e00}","'3544'",9296,,,,,,,129182,,,,,,"-",,,"S-1-5-18",,,,,,,,,,,,,,,,,"'2026-04-24T06:58:32.3625805Z'",,,,,,,5,,,"'5812'","2026-04-24T06:58:32.3625805Z",,,,"WIN10DEMO\jolly","'S-1-5-18'","2026-04-24 06:58:32.362",3,,"<Event xmlns='http://schemas.microsoft.com/win/2004/08/events/event'><System><Provider Name='Microsoft-Windows-Sysmon' Guid='{5770385f-c22a-43e0-bf4c-06f5698ffbd9}'/><EventID>5</EventID><Version>3</Version><Level>4</Level><Task>5</Task><Opcode>0</Opcode><Keywords>0x8000000000000000</Keywords><TimeCreated SystemTime='2026-04-24T06:58:32.3625805Z'/><EventRecordID>129182</EventRecordID><Correlation/><Execution ProcessID='3544' ThreadID='5812'/><Channel>Microsoft-Windows-Sysmon/Operational</Channel><Computer>Win10Demo</Computer><Security UserID='S-1-5-18'/></System><EventData><Data Name='RuleName'>-</Data><Data Name='UtcTime'>2026-04-24 06:58:32.362</Data><Data Name='ProcessGuid'>{9172be70-0fbf-69eb-0c1b-000000001e00}</Data><Data Name='ProcessId'>9296</Data><Data Name='Image'>C:\Users\jolly\Downloads\microsoft_update.exe</Data><Data Name='User'>WIN10DEMO\jolly</Data></EventData></Event>","2026-04-24T16:58:32.362+1000",blocked,,,,,,6,24,58,april,32,friday,2026,0,,,Win10Demo,,,,,,,Win10Demo,,,,,"ms-sysmon-process",,,,,,,,,,,,,Win10Demo,,,endpoint,,1,,,,,,,,,,,"Microsoft Windows",,,,,,,,"C:\Users\jolly\Downloads\microsoft_update.exe",,"microsoft_update.exe","{9172be70-0fbf-69eb-0c1b-000000001e00}",,9296,,"microsoft_update.exe","C:\Users\jolly\Downloads\microsoft_update.exe",,,"<_='://../////'><><_='--'_='{----}'/><></><></><><",,,,,,,,,,,,,,,,,,,,,,,,,"Process terminated",5,"XmlWinEventLog:Microsoft-Windows-Sysmon/Operational",xmlwineventlog,,Win10Demo,,,,,,,,,,,"process
report","process
report",,,,,,,,,,,,653,630,,,,,,,,,jolly,,,"Microsoft Sysmon",,,,,,"'http://schemas.microsoft.com/win/2004/08/events/event'"
,,,"C:\Windows\SYSTEM32\ntdll.dll+9da64|C:\Windows\System32\KERNELBASE.dll+28d3e|C:\Users\jolly\AppData\Local\Microsoft\OneDrive\26.051.0316.0004\FileSyncClient.dll+5e58e2|C:\Users\jolly\AppData\Local\Microsoft\OneDrive\26.051.0316.0004\FileSyncClient.dll+8711b|C:\Users\jolly\AppData\Local\Microsoft\OneDrive\26.051.0316.0004\FileSyncClient.dll+86f26|C:\Users\jolly\AppData\Local\Microsoft\OneDrive\26.051.0316.0004\FileSyncClient.dll+86e14|C:\Users\jolly\AppData\Local\Microsoft\OneDrive\26.051.0316.0004\FileSyncEvents.dll+e222|C:\Users\jolly\AppData\Local\Microsoft\OneDrive\26.051.0316.0004\FileSyncHost.DLL+d42a|C:\Users\jolly\AppData\Local\Microsoft\OneDrive\26.051.0316.0004\FileSyncHost.DLL+f325|C:\Windows\System32\ucrtbase.dll+21bb2|C:\Windows\System32\KERNEL32.DLL+17374|C:\Windows\SYSTEM32\ntdll.dll+4cc91",,,,,,Win10Demo,,,,,,,,,,,,,,,"Microsoft-Windows-Sysmon/Operational",10,ProcessAccess,10,,,,,0x101411,"'{5770385f-c22a-43e0-bf4c-06f5698ffbd9}'",,,,,,,,,,,0x8000000000000000,4,,,,,,,"'Microsoft-Windows-Sysmon'",,0,,,,,,,,,,,,,,,,,,"'3544'",,,,,,,,129090,,,,,,"technique_id=T1036,technique_name=Masquerading",,,"S-1-5-18",,,,,,,"C:\Users\jolly\AppData\Local\Microsoft\OneDrive\OneDrive.exe",,,,,,"{9172be70-f326-69ea-e500-000000001e00}",5360,6516,"WIN10DEMO\jolly","'2026-04-24T06:41:25.1093036Z'",,"C:\Users\jolly\Downloads\microsoft_update.exe",,"{9172be70-0fbf-69eb-0c1b-000000001e00}",9296,"WIN10DEMO\jolly",10,,,"'5812'","2026-04-24T06:41:25.1093036Z",,,,,"'S-1-5-18'","2026-04-24 06:41:25.108",3,,"<Event xmlns='http://schemas.microsoft.com/win/2004/08/events/event'><System><Provider Name='Microsoft-Windows-Sysmon' Guid='{5770385f-c22a-43e0-bf4c-06f5698ffbd9}'/><EventID>10</EventID><Version>3</Version><Level>4</Level><Task>10</Task><Opcode>0</Opcode><Keywords>0x8000000000000000</Keywords><TimeCreated SystemTime='2026-04-24T06:41:25.1093036Z'/><EventRecordID>129090</EventRecordID><Correlation/><Execution ProcessID='3544' ThreadID='5812'/><Channel>Microsoft-Windows-Sysmon/Operational</Channel><Computer>Win10Demo</Computer><Security UserID='S-1-5-18'/></System><EventData><Data Name='RuleName'>technique_id=T1036,technique_name=Masquerading</Data><Data Name='UtcTime'>2026-04-24 06:41:25.108</Data><Data Name='SourceProcessGUID'>{9172be70-f326-69ea-e500-000000001e00}</Data><Data Name='SourceProcessId'>5360</Data><Data Name='SourceThreadId'>6516</Data><Data Name='SourceImage'>C:\Users\jolly\AppData\Local\Microsoft\OneDrive\OneDrive.exe</Data><Data Name='TargetProcessGUID'>{9172be70-0fbf-69eb-0c1b-000000001e00}</Data><Data Name='TargetProcessId'>9296</Data><Data Name='TargetImage'>C:\Users\jolly\Downloads\microsoft_update.exe</Data><Data Name='GrantedAccess'>0x101411</Data><Data Name='CallTrace'>C:\Windows\SYSTEM32\ntdll.dll+9da64|C:\Windows\System32\KERNELBASE.dll+28d3e|C:\Users\jolly\AppData\Local\Microsoft\OneDrive\26.051.0316.0004\FileSyncClient.dll+5e58e2|C:\Users\jolly\AppData\Local\Microsoft\OneDrive\26.051.0316.0004\FileSyncClient.dll+8711b|C:\Users\jolly\AppData\Local\Microsoft\OneDrive\26.051.0316.0004\FileSyncClient.dll+86f26|C:\Users\jolly\AppData\Local\Microsoft\OneDrive\26.051.0316.0004\FileSyncClient.dll+86e14|C:\Users\jolly\AppData\Local\Microsoft\OneDrive\26.051.0316.0004\FileSyncEvents.dll+e222|C:\Users\jolly\AppData\Local\Microsoft\OneDrive\26.051.0316.0004\FileSyncHost.DLL+d42a|C:\Users\jolly\AppData\Local\Microsoft\OneDrive\26.051.0316.0004\FileSyncHost.DLL+f325|C:\Windows\System32\ucrtbase.dll+21bb2|C:\Windows\System32\KERNEL32.DLL+17374|C:\Windows\SYSTEM32\ntdll.dll+4cc91</Data><Data Name='SourceUser'>WIN10DEMO\jolly</Data><Data Name='TargetUser'>WIN10DEMO\jolly</Data></EventData></Event>","2026-04-24T16:41:25.108+1000",allowed,,,,,,6,24,41,april,25,friday,2026,0,,,Win10Demo,,,,,,,Win10Demo,,,,,"ms-sysmon-process",,,,,,,,,,,0x101411,"PROCESS_QUERY_LIMITED_INFORMATION
SYNCHRONIZE
PROCESS_QUERY_INFORMATION
PROCESS_TERMINATE
PROCESS_VM_READ",Win10Demo,,,endpoint,,1,,,,,,,,,,,"Microsoft Windows",,"OneDrive.exe","{9172be70-f326-69ea-e500-000000001e00}",5360,"OneDrive.exe","C:\Users\jolly\AppData\Local\Microsoft\OneDrive\OneDrive.exe",,,,"microsoft_update.exe","{9172be70-0fbf-69eb-0c1b-000000001e00}",,9296,,"microsoft_update.exe","C:\Users\jolly\Downloads\microsoft_update.exe",,,"<_='://../////'><><_='--'_='{----}'/><></><></><><",,,,,,,,,,,,,,,,,,,,,,,,,ProcessAccess,10,"XmlWinEventLog:Microsoft-Windows-Sysmon/Operational",xmlwineventlog,,Win10Demo,,,,,,,,,,,"process
report","process
report",T1036,"Masquerading</Data><Data Name='UtcTime'>2026-04-24 06:41:25.108</Data><Data Name='SourceProcessGUID'>{9172be70-f326-69ea-e500-000000001e00}</Data><Data Name='SourceProcessId'>5360</Data><Data Name='SourceThreadId'>6516</Data><Data Name='SourceImage'>C:\Users\jolly\AppData\Local\Microsoft\OneDrive\OneDrive.exe</Data><Data Name='TargetProcessGUID'>{9172be70-0fbf-69eb-0c1b-000000001e00}</Data><Data Name='TargetProcessId'>9296</Data><Data Name='TargetImage'>C:\Users\jolly\Downloads\microsoft_update.exe</Data><Data Name='GrantedAccess'>0x101411</Data><Data Name='CallTrace'>C:\Windows\SYSTEM32\ntdll.dll+9da64",,,,,,,,,,700,677,,,,,,,,,jolly,,,"Microsoft Sysmon",,,,,,"'http://schemas.microsoft.com/win/2004/08/events/event'"
,,,,,,,,,Win10Demo,,,,,,,,,,,,,,,"Microsoft-Windows-Sysmon/Operational",22,"DNSEvent (DNS query)",22,,,,,,"'{5770385f-c22a-43e0-bf4c-06f5698ffbd9}'",,,,,,"C:\Users\jolly\Downloads\microsoft_update.exe",,,,,0x8000000000000000,4,,,,,,,"'Microsoft-Windows-Sysmon'",,0,,,,,,,,,,,,,,,,,"{9172be70-0fbf-69eb-0c1b-000000001e00}","'3544'",9296,,,"192.168.20.11","192.168.20.11;",0,,129030,,,,,,"-",,,"S-1-5-18",,,,,,,,,,,,,,,,,"'2026-04-24T06:37:52.5923961Z'",,,,,,,22,,,"'5784'","2026-04-24T06:37:52.5923961Z",,,,"WIN10DEMO\jolly","'S-1-5-18'","2026-04-24 06:37:52.073",5,,"<Event xmlns='http://schemas.microsoft.com/win/2004/08/events/event'><System><Provider Name='Microsoft-Windows-Sysmon' Guid='{5770385f-c22a-43e0-bf4c-06f5698ffbd9}'/><EventID>22</EventID><Version>5</Version><Level>4</Level><Task>22</Task><Opcode>0</Opcode><Keywords>0x8000000000000000</Keywords><TimeCreated SystemTime='2026-04-24T06:37:52.5923961Z'/><EventRecordID>129030</EventRecordID><Correlation/><Execution ProcessID='3544' ThreadID='5784'/><Channel>Microsoft-Windows-Sysmon/Operational</Channel><Computer>Win10Demo</Computer><Security UserID='S-1-5-18'/></System><EventData><Data Name='RuleName'>-</Data><Data Name='UtcTime'>2026-04-24 06:37:52.073</Data><Data Name='ProcessGuid'>{9172be70-0fbf-69eb-0c1b-000000001e00}</Data><Data Name='ProcessId'>9296</Data><Data Name='QueryName'>192.168.20.11</Data><Data Name='QueryStatus'>0</Data><Data Name='QueryResults'>192.168.20.11;</Data><Data Name='Image'>C:\Users\jolly\Downloads\microsoft_update.exe</Data><Data Name='User'>WIN10DEMO\jolly</Data></EventData></Event>","2026-04-24T16:37:52.073+1000",,"192.168.20.11",1,,,,6,24,37,april,52,friday,2026,0,,,,,,,,,,Win10Demo,,,,,"ms-sysmon-dns",,,,,,,,,,,,,Win10Demo,,,endpoint,,1,,,,,,,,,,,,,,,,,,,,,"microsoft_update.exe","{9172be70-0fbf-69eb-0c1b-000000001e00}",,,,"microsoft_update.exe",,,,"<_='://../////'><><_='--'_='{----}'/><></><></><><","192.168.20.11",1,,,,,,,,,,,,,,0,,,,,,,,,"DNSEvent (DNS query)",22,"XmlWinEventLog:Microsoft-Windows-Sysmon/Operational",xmlwineventlog,,Win10Demo,,Win10Demo,,,,,,,,,"dns
network
resolution","dns
network
resolution",,,,,,,,,,,,655,632,,,,,,,,,jolly,,,"Microsoft Sysmon",,,,,,"'http://schemas.microsoft.com/win/2004/08/events/event'"
,,,,,,,,"-",Win10Demo,,,,,,"-",,,,,,,,,"Microsoft-Windows-Sysmon/Operational",7,"Image loaded",7,,,"-",,,"'{5770385f-c22a-43e0-bf4c-06f5698ffbd9}'",,,"SHA1=6F568FF7FD015DE2A73CDC4B91AFC3E38C5129A0,MD5=DB03ED06EECC8933E7A5B68E2833F01D,SHA256=018BC967152358C6E0FE850E31208553D821E27B550ED79E0B551188178ADE2B,IMPHASH=C2D02FC98F1D75D7B9457468EC75DA0E",,C2D02FC98F1D75D7B9457468EC75DA0E,"C:\Users\jolly\Downloads\microsoft_update.exe","C:\Users\jolly\Downloads\microsoft_update.exe",,,,0x8000000000000000,4,,,,DB03ED06EECC8933E7A5B68E2833F01D,,,"'Microsoft-Windows-Sysmon'",,0,"-",,,,,,,,,,,,,,,,"{9172be70-0fbf-69eb-0c1b-000000001e00}","'3544'",9296,"-",,,,,,129029,,,,,,"technique_id=T1574.002,technique_name=DLL Side-Loading",6F568FF7FD015DE2A73CDC4B91AFC3E38C5129A0,018BC967152358C6E0FE850E31208553D821E27B550ED79E0B551188178ADE2B,"S-1-5-18",,,"-",Unavailable,false,,,,,,,,,,,,"'2026-04-24T06:37:51.0563939Z'",,,,,,,7,,,"'5816'","2026-04-24T06:37:51.0563939Z",,,,"WIN10DEMO\jolly","'S-1-5-18'","2026-04-24 06:37:51.049",3,,"<Event xmlns='http://schemas.microsoft.com/win/2004/08/events/event'><System><Provider Name='Microsoft-Windows-Sysmon' Guid='{5770385f-c22a-43e0-bf4c-06f5698ffbd9}'/><EventID>7</EventID><Version>3</Version><Level>4</Level><Task>7</Task><Opcode>0</Opcode><Keywords>0x8000000000000000</Keywords><TimeCreated SystemTime='2026-04-24T06:37:51.0563939Z'/><EventRecordID>129029</EventRecordID><Correlation/><Execution ProcessID='3544' ThreadID='5816'/><Channel>Microsoft-Windows-Sysmon/Operational</Channel><Computer>Win10Demo</Computer><Security UserID='S-1-5-18'/></System><EventData><Data Name='RuleName'>technique_id=T1574.002,technique_name=DLL Side-Loading</Data><Data Name='UtcTime'>2026-04-24 06:37:51.049</Data><Data Name='ProcessGuid'>{9172be70-0fbf-69eb-0c1b-000000001e00}</Data><Data Name='ProcessId'>9296</Data><Data Name='Image'>C:\Users\jolly\Downloads\microsoft_update.exe</Data><Data Name='ImageLoaded'>C:\Users\jolly\Downloads\microsoft_update.exe</Data><Data Name='FileVersion'>-</Data><Data Name='Description'>-</Data><Data Name='Product'>-</Data><Data Name='Company'>-</Data><Data Name='OriginalFileName'>-</Data><Data Name='Hashes'>SHA1=6F568FF7FD015DE2A73CDC4B91AFC3E38C5129A0,MD5=DB03ED06EECC8933E7A5B68E2833F01D,SHA256=018BC967152358C6E0FE850E31208553D821E27B550ED79E0B551188178ADE2B,IMPHASH=C2D02FC98F1D75D7B9457468EC75DA0E</Data><Data Name='Signed'>false</Data><Data Name='Signature'>-</Data><Data Name='SignatureStatus'>Unavailable</Data><Data Name='User'>WIN10DEMO\jolly</Data></EventData></Event>","2026-04-24T16:37:51.049+1000",success,,,,,,6,24,37,april,51,friday,2026,0,,,Win10Demo,,,,,,,Win10Demo,,,,,"ms-sysmon-process",,,,,,,,,,,,,Win10Demo,,,endpoint,,1,,"microsoft_update.exe","C:\Users\jolly\Downloads\microsoft_update.exe",,,,,,,,"Microsoft Windows",,,,,,,,,,"microsoft_update.exe","{9172be70-0fbf-69eb-0c1b-000000001e00}","SHA1=6F568FF7FD015DE2A73CDC4B91AFC3E38C5129A0,MD5=DB03ED06EECC8933E7A5B68E2833F01D,SHA256=018BC967152358C6E0FE850E31208553D821E27B550ED79E0B551188178ADE2B,IMPHASH=C2D02FC98F1D75D7B9457468EC75DA0E",9296,,"microsoft_update.exe","C:\Users\jolly\Downloads\microsoft_update.exe",,,"<_='://../////'><><_='--'_='{----}'/><></><></><><",,,,,,,,,,,,,,,,,,,,false,false,,,,"Image loaded",7,"XmlWinEventLog:Microsoft-Windows-Sysmon/Operational",xmlwineventlog,,Win10Demo,,,,,,,,,,,"process
report","process
report","T1574.002",DLL,,,,,,,,,,706,683,,,,,,,,,jolly,,,"Microsoft Sysmon",,,,,,"'http://schemas.microsoft.com/win/2004/08/events/event'"
,,,,,,,"""C:\Users\jolly\Downloads\microsoft_update.exe""","-",Win10Demo,,,,,"C:\Users\jolly\Downloads\","-",,,,,,,,,"Microsoft-Windows-Sysmon/Operational",1,"Process creation",1,,,"-",,,"'{5770385f-c22a-43e0-bf4c-06f5698ffbd9}'",,,"SHA1=6F568FF7FD015DE2A73CDC4B91AFC3E38C5129A0,MD5=DB03ED06EECC8933E7A5B68E2833F01D,SHA256=018BC967152358C6E0FE850E31208553D821E27B550ED79E0B551188178ADE2B,IMPHASH=C2D02FC98F1D75D7B9457468EC75DA0E",,C2D02FC98F1D75D7B9457468EC75DA0E,"C:\Users\jolly\Downloads\microsoft_update.exe",,,Medium,,0x8000000000000000,4,,"{9172be70-f2d2-69ea-b645-060000000000}",0x645b6,DB03ED06EECC8933E7A5B68E2833F01D,,,"'Microsoft-Windows-Sysmon'",,0,"-",,,,,,,,,,,"C:\Windows\Explorer.EXE","C:\Windows\explorer.exe","{9172be70-f2e1-69ea-ac00-000000001e00}",5532,"WIN10DEMO\jolly","{9172be70-0fbf-69eb-0c1b-000000001e00}","'3544'",9296,"-",,,,,,129028,,,,,,"technique_id=T1204,technique_name=User Execution",6F568FF7FD015DE2A73CDC4B91AFC3E38C5129A0,018BC967152358C6E0FE850E31208553D821E27B550ED79E0B551188178ADE2B,"S-1-5-18",,,,,,,,,,,,,,,,,"'2026-04-24T06:37:51.0237845Z'",,,,,,,1,,1,"'5812'","2026-04-24T06:37:51.0237845Z",,,,"WIN10DEMO\jolly","'S-1-5-18'","2026-04-24 06:37:51.017",5,,"<Event xmlns='http://schemas.microsoft.com/win/2004/08/events/event'><System><Provider Name='Microsoft-Windows-Sysmon' Guid='{5770385f-c22a-43e0-bf4c-06f5698ffbd9}'/><EventID>1</EventID><Version>5</Version><Level>4</Level><Task>1</Task><Opcode>0</Opcode><Keywords>0x8000000000000000</Keywords><TimeCreated SystemTime='2026-04-24T06:37:51.0237845Z'/><EventRecordID>129028</EventRecordID><Correlation/><Execution ProcessID='3544' ThreadID='5812'/><Channel>Microsoft-Windows-Sysmon/Operational</Channel><Computer>Win10Demo</Computer><Security UserID='S-1-5-18'/></System><EventData><Data Name='RuleName'>technique_id=T1204,technique_name=User Execution</Data><Data Name='UtcTime'>2026-04-24 06:37:51.017</Data><Data Name='ProcessGuid'>{9172be70-0fbf-69eb-0c1b-000000001e00}</Data><Data Name='ProcessId'>9296</Data><Data Name='Image'>C:\Users\jolly\Downloads\microsoft_update.exe</Data><Data Name='FileVersion'>-</Data><Data Name='Description'>-</Data><Data Name='Product'>-</Data><Data Name='Company'>-</Data><Data Name='OriginalFileName'>-</Data><Data Name='CommandLine'>""C:\Users\jolly\Downloads\microsoft_update.exe"" </Data><Data Name='CurrentDirectory'>C:\Users\jolly\Downloads\</Data><Data Name='User'>WIN10DEMO\jolly</Data><Data Name='LogonGuid'>{9172be70-f2d2-69ea-b645-060000000000}</Data><Data Name='LogonId'>0x645b6</Data><Data Name='TerminalSessionId'>1</Data><Data Name='IntegrityLevel'>Medium</Data><Data Name='Hashes'>SHA1=6F568FF7FD015DE2A73CDC4B91AFC3E38C5129A0,MD5=DB03ED06EECC8933E7A5B68E2833F01D,SHA256=018BC967152358C6E0FE850E31208553D821E27B550ED79E0B551188178ADE2B,IMPHASH=C2D02FC98F1D75D7B9457468EC75DA0E</Data><Data Name='ParentProcessGuid'>{9172be70-f2e1-69ea-ac00-000000001e00}</Data><Data Name='ParentProcessId'>5532</Data><Data Name='ParentImage'>C:\Windows\explorer.exe</Data><Data Name='ParentCommandLine'>C:\Windows\Explorer.EXE</Data><Data Name='ParentUser'>WIN10DEMO\jolly</Data></EventData></Event>","2026-04-24T16:37:51.017+1000",allowed,,,,,,6,24,37,april,51,friday,2026,0,,,Win10Demo,,,,,,,Win10Demo,,,,,"ms-sysmon-process",,,,,,,,,,,,,Win10Demo,,,endpoint,,1,,,,,,,,,,,"Microsoft Windows","C:\Windows\Explorer.EXE","explorer.exe","{9172be70-f2e1-69ea-ac00-000000001e00}",5532,"explorer.exe","C:\Windows\explorer.exe",,"""C:\Users\jolly\Downloads\microsoft_update.exe""","C:\Users\jolly\Downloads\","microsoft_update.exe","{9172be70-0fbf-69eb-0c1b-000000001e00}","SHA1=6F568FF7FD015DE2A73CDC4B91AFC3E38C5129A0,MD5=DB03ED06EECC8933E7A5B68E2833F01D,SHA256=018BC967152358C6E0FE850E31208553D821E27B550ED79E0B551188178ADE2B,IMPHASH=C2D02FC98F1D75D7B9457468EC75DA0E",9296,Medium,"microsoft_update.exe","C:\Users\jolly\Downloads\microsoft_update.exe",,,"<_='://../////'><><_='--'_='{----}'/><></><></><><",,,,,,,,,,,,,,,,,,,,,,,,,"Process creation",1,"XmlWinEventLog:Microsoft-Windows-Sysmon/Operational",xmlwineventlog,,Win10Demo,,,,,,,,,,,"process
report","process
report",T1204,User,,,,,,,,,,700,677,,,,,,,,,jolly,,,"Microsoft Sysmon",,,,,,"'http://schemas.microsoft.com/win/2004/08/events/event'"
,,,,,,,,,Win10Demo,,,,,,,,,,,,,,,"Microsoft-Windows-Sysmon/Operational",26,"FileDeleteDetected (File Delete logged)",26,,,,,,"'{5770385f-c22a-43e0-bf4c-06f5698ffbd9}'",,,"SHA1=2809DE77949165790DF1123E704A415DA70AAFB8,MD5=9F276487CE1B071143CBDE81489C3F8B,SHA256=8167E720E4D98F2BACA5CE9F3C607BC794A668A2466BE516B09FC76AA4F2A2DD,IMPHASH=00000000000000000000000000000000",,00000000000000000000000000000000,"C:\Windows\Explorer.EXE",,,,false,0x8000000000000000,4,,,,9F276487CE1B071143CBDE81489C3F8B,,,"'Microsoft-Windows-Sysmon'",,0,,,,,,,,,,,,,,,,,"{9172be70-f2e1-69ea-ac00-000000001e00}","'3544'",5532,,,,,,,129026,,,,,,"-",2809DE77949165790DF1123E704A415DA70AAFB8,8167E720E4D98F2BACA5CE9F3C607BC794A668A2466BE516B09FC76AA4F2A2DD,"S-1-5-18",,,,,,,,,,,,,,,,,"'2026-04-24T06:37:50.0432336Z'","C:\Users\jolly\Downloads\microsoft_update.exe:Zone.Identifier",,,,,,26,,,"'5812'","2026-04-24T06:37:50.0432336Z",,,,"WIN10DEMO\jolly","'S-1-5-18'","2026-04-24 06:37:50.042",5,,"<Event xmlns='http://schemas.microsoft.com/win/2004/08/events/event'><System><Provider Name='Microsoft-Windows-Sysmon' Guid='{5770385f-c22a-43e0-bf4c-06f5698ffbd9}'/><EventID>26</EventID><Version>5</Version><Level>4</Level><Task>26</Task><Opcode>0</Opcode><Keywords>0x8000000000000000</Keywords><TimeCreated SystemTime='2026-04-24T06:37:50.0432336Z'/><EventRecordID>129026</EventRecordID><Correlation/><Execution ProcessID='3544' ThreadID='5812'/><Channel>Microsoft-Windows-Sysmon/Operational</Channel><Computer>Win10Demo</Computer><Security UserID='S-1-5-18'/></System><EventData><Data Name='RuleName'>-</Data><Data Name='UtcTime'>2026-04-24 06:37:50.042</Data><Data Name='ProcessGuid'>{9172be70-f2e1-69ea-ac00-000000001e00}</Data><Data Name='ProcessId'>5532</Data><Data Name='User'>WIN10DEMO\jolly</Data><Data Name='Image'>C:\Windows\Explorer.EXE</Data><Data Name='TargetFilename'>C:\Users\jolly\Downloads\microsoft_update.exe:Zone.Identifier</Data><Data Name='Hashes'>SHA1=2809DE77949165790DF1123E704A415DA70AAFB8,MD5=9F276487CE1B071143CBDE81489C3F8B,SHA256=8167E720E4D98F2BACA5CE9F3C607BC794A668A2466BE516B09FC76AA4F2A2DD,IMPHASH=00000000000000000000000000000000</Data><Data Name='IsExecutable'>false</Data></EventData></Event>","2026-