04-25T17:41:09.482+1000",modified,,,,,,7,25,41,april,9,saturday,2026,0,,,Win10Demo,,,,,,,Win10Demo,,,,,"ms-sysmon-filemod",,,"2026-04-25 07:41:08.137",,,"microsoft_update.exe","C:\Users\jolly\Downloads\microsoft_update.exe",,,,,,Win10Demo,,,endpoint,,1,,,,,,,,file,,,,,,,,,,,,,"msedge.exe","{9172be70-7015-69ec-f702-000000001f00}",,9412,,"msedge.exe","C:\Program Files (x86)\Microsoft\Edge\Application\msedge.exe",,,"<_='://../////'><><_='--'_='{----}'/><></><></><><",,,,,,,,,,,,,,,,,,,,,,,,,FileCreate,11,"XmlWinEventLog:Microsoft-Windows-Sysmon/Operational",xmlwineventlog,,Win10Demo,,,,,,,,,,,"endpoint
filesystem","endpoint
filesystem",,,,,,,,,,,,655,632,,,,,,,,,jolly,,,"Microsoft Sysmon",,,,,,"'http://schemas.microsoft.com/win/2004/08/events/event'"
,,,,,,,,,Win10Demo,,,"-","2026-04-25 07:41:08.137",,,,,,,,,,,"Microsoft-Windows-Sysmon/Operational",15,FileCreateStreamHash,15,,,,,,"'{5770385f-c22a-43e0-bf4c-06f5698ffbd9}'","SHA1=6F568FF7FD015DE2A73CDC4B91AFC3E38C5129A0,MD5=DB03ED06EECC8933E7A5B68E2833F01D,SHA256=018BC967152358C6E0FE850E31208553D821E27B550ED79E0B551188178ADE2B,IMPHASH=C2D02FC98F1D75D7B9457468EC75DA0E",,,,C2D02FC98F1D75D7B9457468EC75DA0E,"C:\Program Files (x86)\Microsoft\Edge\Application\msedge.exe",,,,,0x8000000000000000,4,,,,DB03ED06EECC8933E7A5B68E2833F01D,,,"'Microsoft-Windows-Sysmon'",,0,,,,,,,,,,,,,,,,,"{9172be70-7015-69ec-f702-000000001f00}","'3240'",9412,,,,,,,131363,,,,,,"-",6F568FF7FD015DE2A73CDC4B91AFC3E38C5129A0,018BC967152358C6E0FE850E31208553D821E27B550ED79E0B551188178ADE2B,"S-1-5-18",,,,,,,,,,,,,,,,,"'2026-04-25T07:41:09.4838543Z'","C:\Users\jolly\Downloads\microsoft_update.exe",,,,,,15,,,"'6616'","2026-04-25T07:41:09.4838543Z",,,,"WIN10DEMO\jolly","'S-1-5-18'","2026-04-25 07:41:09.478",2,,"<Event xmlns='http://schemas.microsoft.com/win/2004/08/events/event'><System><Provider Name='Microsoft-Windows-Sysmon' Guid='{5770385f-c22a-43e0-bf4c-06f5698ffbd9}'/><EventID>15</EventID><Version>2</Version><Level>4</Level><Task>15</Task><Opcode>0</Opcode><Keywords>0x8000000000000000</Keywords><TimeCreated SystemTime='2026-04-25T07:41:09.4838543Z'/><EventRecordID>131363</EventRecordID><Correlation/><Execution ProcessID='3240' ThreadID='6616'/><Channel>Microsoft-Windows-Sysmon/Operational</Channel><Computer>Win10Demo</Computer><Security UserID='S-1-5-18'/></System><EventData><Data Name='RuleName'>-</Data><Data Name='UtcTime'>2026-04-25 07:41:09.478</Data><Data Name='ProcessGuid'>{9172be70-7015-69ec-f702-000000001f00}</Data><Data Name='ProcessId'>9412</Data><Data Name='Image'>C:\Program Files (x86)\Microsoft\Edge\Application\msedge.exe</Data><Data Name='TargetFilename'>C:\Users\jolly\Downloads\microsoft_update.exe</Data><Data Name='CreationUtcTime'>2026-04-25 07:41:08.137</Data><Data Name='Hash'>SHA1=6F568FF7FD015DE2A73CDC4B91AFC3E38C5129A0,MD5=DB03ED06EECC8933E7A5B68E2833F01D,SHA256=018BC967152358C6E0FE850E31208553D821E27B550ED79E0B551188178ADE2B,IMPHASH=C2D02FC98F1D75D7B9457468EC75DA0E</Data><Data Name='Contents'>-</Data><Data Name='User'>WIN10DEMO\jolly</Data></EventData></Event>","2026-04-25T17:41:09.478+1000",allowed,,,,,,7,25,41,april,9,saturday,2026,0,,,Win10Demo,,,,,,,Win10Demo,,,,,"ms-sysmon-process",,,"2026-04-25 07:41:08.137","SHA1=6F568FF7FD015DE2A73CDC4B91AFC3E38C5129A0,MD5=DB03ED06EECC8933E7A5B68E2833F01D,SHA256=018BC967152358C6E0FE850E31208553D821E27B550ED79E0B551188178ADE2B,IMPHASH=C2D02FC98F1D75D7B9457468EC75DA0E",,"microsoft_update.exe","C:\Users\jolly\Downloads\microsoft_update.exe",,,,,,Win10Demo,,,endpoint,,1,,,,,,,,,,,"Microsoft Windows",,,,,,,,,,"msedge.exe","{9172be70-7015-69ec-f702-000000001f00}",,9412,,"msedge.exe","C:\Program Files (x86)\Microsoft\Edge\Application\msedge.exe",,,"<_='://../////'><><_='--'_='{----}'/><></><></><><",,,,,,,,,,,,,,,,,,,,,,,,,FileCreateStreamHash,15,"XmlWinEventLog:Microsoft-Windows-Sysmon/Operational",xmlwineventlog,,Win10Demo,,,,,,,,,,,"process
report","process
report",,,,,,,,,,,,655,632,,,,,,,,,jolly,,,"Microsoft Sysmon",,,,,,"'http://schemas.microsoft.com/win/2004/08/events/event'"
,,,,,,,,,Win10Demo,,,,,,,,,,,,,,,"Microsoft-Windows-Sysmon/Operational",22,"DNSEvent (DNS query)",22,,,,,,"'{5770385f-c22a-43e0-bf4c-06f5698ffbd9}'",,,,,,"C:\Users\jolly\Downloads\microsoft_update.exe",,,,,0x8000000000000000,4,,,,,,,"'Microsoft-Windows-Sysmon'",,0,,,,,,,,,,,,,,,,,"{9172be70-702a-69ec-1c03-000000001f00}","'3240'",4700,,,"192.168.20.11","192.168.20.11;",0,,131420,,,,,,"-",,,"S-1-5-18",,,,,,,,,,,,,,,,,"'2026-04-25T07:41:32.0881292Z'",,,,,,,22,,,"'6636'","2026-04-25T07:41:32.0881292Z",,,,"WIN10DEMO\jolly","'S-1-5-18'","2026-04-25 07:41:01.900",5,,"<Event xmlns='http://schemas.microsoft.com/win/2004/08/events/event'><System><Provider Name='Microsoft-Windows-Sysmon' Guid='{5770385f-c22a-43e0-bf4c-06f5698ffbd9}'/><EventID>22</EventID><Version>5</Version><Level>4</Level><Task>22</Task><Opcode>0</Opcode><Keywords>0x8000000000000000</Keywords><TimeCreated SystemTime='2026-04-25T07:41:32.0881292Z'/><EventRecordID>131420</EventRecordID><Correlation/><Execution ProcessID='3240' ThreadID='6636'/><Channel>Microsoft-Windows-Sysmon/Operational</Channel><Computer>Win10Demo</Computer><Security UserID='S-1-5-18'/></System><EventData><Data Name='RuleName'>-</Data><Data Name='UtcTime'>2026-04-25 07:41:01.900</Data><Data Name='ProcessGuid'>{9172be70-702a-69ec-1c03-000000001f00}</Data><Data Name='ProcessId'>4700</Data><Data Name='QueryName'>192.168.20.11</Data><Data Name='QueryStatus'>0</Data><Data Name='QueryResults'>192.168.20.11;</Data><Data Name='Image'>C:\Users\jolly\Downloads\microsoft_update.exe</Data><Data Name='User'>WIN10DEMO\jolly</Data></EventData></Event>","2026-04-25T17:41:01.900+1000",,"192.168.20.11",1,,,,7,25,41,april,1,saturday,2026,0,,,,,,,,,,Win10Demo,,,,,"ms-sysmon-dns",,,,,,,,,,,,,Win10Demo,,,endpoint,,1,,,,,,,,,,,,,,,,,,,,,"microsoft_update.exe","{9172be70-702a-69ec-1c03-000000001f00}",,,,"microsoft_update.exe",,,,"<_='://../////'><><_='--'_='{----}'/><></><></><><","192.168.20.11",1,,,,,,,,,,,,,,0,,,,,,,,,"DNSEvent (DNS query)",22,"XmlWinEventLog:Microsoft-Windows-Sysmon/Operational",xmlwineventlog,,Win10Demo,,Win10Demo,,,,,,,,,"dns
network
resolution","dns
network
resolution",,,,,,,,,,,,655,632,,,,,,,,,jolly,,,"Microsoft Sysmon",,,,,,"'http://schemas.microsoft.com/win/2004/08/events/event'"
,,,"C:\Windows\SYSTEM32\ntdll.dll+9da64|C:\Windows\System32\KERNELBASE.dll+28d3e|C:\Users\jolly\AppData\Local\Microsoft\OneDrive\26.051.0316.0004\FileSyncClient.dll+5e58e2|C:\Users\jolly\AppData\Local\Microsoft\OneDrive\26.051.0316.0004\FileSyncClient.dll+8711b|C:\Users\jolly\AppData\Local\Microsoft\OneDrive\26.051.0316.0004\FileSyncClient.dll+86f26|C:\Users\jolly\AppData\Local\Microsoft\OneDrive\26.051.0316.0004\FileSyncClient.dll+86e14|C:\Users\jolly\AppData\Local\Microsoft\OneDrive\26.051.0316.0004\FileSyncEvents.dll+e222|C:\Users\jolly\AppData\Local\Microsoft\OneDrive\26.051.0316.0004\FileSyncHost.DLL+d42a|C:\Users\jolly\AppData\Local\Microsoft\OneDrive\26.051.0316.0004\FileSyncHost.DLL+f325|C:\Windows\System32\ucrtbase.dll+21bb2|C:\Windows\System32\KERNEL32.DLL+17374|C:\Windows\SYSTEM32\ntdll.dll+4cc91",,,,,,Win10Demo,,,,,,,,,,,,,,,"Microsoft-Windows-Sysmon/Operational",10,ProcessAccess,10,,,,,0x101411,"'{5770385f-c22a-43e0-bf4c-06f5698ffbd9}'",,,,,,,,,,,0x8000000000000000,4,,,,,,,"'Microsoft-Windows-Sysmon'",,0,,,,,,,,,,,,,,,,,,"'3544'",,,,,,,,130069,,,,,,"technique_id=T1036,technique_name=Masquerading",,,"S-1-5-18",,,,,,,"C:\Users\jolly\AppData\Local\Microsoft\OneDrive\OneDrive.exe",,,,,,"{9172be70-f326-69ea-e500-000000001e00}",5360,9288,"WIN10DEMO\jolly","'2026-04-24T08:41:29.4845531Z'",,"C:\Users\jolly\Downloads\microsoft_update.exe",,"{9172be70-15d1-69eb-a420-000000001e00}",6908,"WIN10DEMO\jolly",10,,,"'5812'","2026-04-24T08:41:29.4845531Z",,,,,"'S-1-5-18'","2026-04-24 08:41:29.483",3,,"<Event xmlns='http://schemas.microsoft.com/win/2004/08/events/event'><System><Provider Name='Microsoft-Windows-Sysmon' Guid='{5770385f-c22a-43e0-bf4c-06f5698ffbd9}'/><EventID>10</EventID><Version>3</Version><Level>4</Level><Task>10</Task><Opcode>0</Opcode><Keywords>0x8000000000000000</Keywords><TimeCreated SystemTime='2026-04-24T08:41:29.4845531Z'/><EventRecordID>130069</EventRecordID><Correlation/><Execution ProcessID='3544' ThreadID='5812'/><Channel>Microsoft-Windows-Sysmon/Operational</Channel><Computer>Win10Demo</Computer><Security UserID='S-1-5-18'/></System><EventData><Data Name='RuleName'>technique_id=T1036,technique_name=Masquerading</Data><Data Name='UtcTime'>2026-04-24 08:41:29.483</Data><Data Name='SourceProcessGUID'>{9172be70-f326-69ea-e500-000000001e00}</Data><Data Name='SourceProcessId'>5360</Data><Data Name='SourceThreadId'>9288</Data><Data Name='SourceImage'>C:\Users\jolly\AppData\Local\Microsoft\OneDrive\OneDrive.exe</Data><Data Name='TargetProcessGUID'>{9172be70-15d1-69eb-a420-000000001e00}</Data><Data Name='TargetProcessId'>6908</Data><Data Name='TargetImage'>C:\Users\jolly\Downloads\microsoft_update.exe</Data><Data Name='GrantedAccess'>0x101411</Data><Data Name='CallTrace'>C:\Windows\SYSTEM32\ntdll.dll+9da64|C:\Windows\System32\KERNELBASE.dll+28d3e|C:\Users\jolly\AppData\Local\Microsoft\OneDrive\26.051.0316.0004\FileSyncClient.dll+5e58e2|C:\Users\jolly\AppData\Local\Microsoft\OneDrive\26.051.0316.0004\FileSyncClient.dll+8711b|C:\Users\jolly\AppData\Local\Microsoft\OneDrive\26.051.0316.0004\FileSyncClient.dll+86f26|C:\Users\jolly\AppData\Local\Microsoft\OneDrive\26.051.0316.0004\FileSyncClient.dll+86e14|C:\Users\jolly\AppData\Local\Microsoft\OneDrive\26.051.0316.0004\FileSyncEvents.dll+e222|C:\Users\jolly\AppData\Local\Microsoft\OneDrive\26.051.0316.0004\FileSyncHost.DLL+d42a|C:\Users\jolly\AppData\Local\Microsoft\OneDrive\26.051.0316.0004\FileSyncHost.DLL+f325|C:\Windows\System32\ucrtbase.dll+21bb2|C:\Windows\System32\KERNEL32.DLL+17374|C:\Windows\SYSTEM32\ntdll.dll+4cc91</Data><Data Name='SourceUser'>WIN10DEMO\jolly</Data><Data Name='TargetUser'>WIN10DEMO\jolly</Data></EventData></Event>","2026-04-24T18:41:29.483+1000",allowed,,,,,,8,24,41,april,29,friday,2026,0,,,Win10Demo,,,,,,,Win10Demo,,,,,"ms-sysmon-process",,,,,,,,,,,0x101411,"PROCESS_QUERY_LIMITED_INFORMATION
SYNCHRONIZE
PROCESS_QUERY_INFORMATION
PROCESS_TERMINATE
PROCESS_VM_READ",Win10Demo,,,endpoint,,1,,,,,,,,,,,"Microsoft Windows",,"OneDrive.exe","{9172be70-f326-69ea-e500-000000001e00}",5360,"OneDrive.exe","C:\Users\jolly\AppData\Local\Microsoft\OneDrive\OneDrive.exe",,,,"microsoft_update.exe","{9172be70-15d1-69eb-a420-000000001e00}",,6908,,"microsoft_update.exe","C:\Users\jolly\Downloads\microsoft_update.exe",,,"<_='://../////'><><_='--'_='{----}'/><></><></><><",,,,,,,,,,,,,,,,,,,,,,,,,ProcessAccess,10,"XmlWinEventLog:Microsoft-Windows-Sysmon/Operational",xmlwineventlog,,Win10Demo,,,,,,,,,,,"process
report","process
report",T1036,"Masquerading</Data><Data Name='UtcTime'>2026-04-24 08:41:29.483</Data><Data Name='SourceProcessGUID'>{9172be70-f326-69ea-e500-000000001e00}</Data><Data Name='SourceProcessId'>5360</Data><Data Name='SourceThreadId'>9288</Data><Data Name='SourceImage'>C:\Users\jolly\AppData\Local\Microsoft\OneDrive\OneDrive.exe</Data><Data Name='TargetProcessGUID'>{9172be70-15d1-69eb-a420-000000001e00}</Data><Data Name='TargetProcessId'>6908</Data><Data Name='TargetImage'>C:\Users\jolly\Downloads\microsoft_update.exe</Data><Data Name='GrantedAccess'>0x101411</Data><Data Name='CallTrace'>C:\Windows\SYSTEM32\ntdll.dll+9da64",,,,,,,,,,700,677,,,,,,,,,jolly,,,"Microsoft Sysmon",,,,,,"'http://schemas.microsoft.com/win/2004/08/events/event'"
,,,"C:\Windows\SYSTEM32\ntdll.dll+9da64|C:\Windows\System32\KERNELBASE.dll+28d3e|C:\Users\jolly\AppData\Local\Microsoft\OneDrive\26.051.0316.0004\FileSyncClient.dll+5e58e2|C:\Users\jolly\AppData\Local\Microsoft\OneDrive\26.051.0316.0004\FileSyncClient.dll+8711b|C:\Users\jolly\AppData\Local\Microsoft\OneDrive\26.051.0316.0004\FileSyncClient.dll+86f26|C:\Users\jolly\AppData\Local\Microsoft\OneDrive\26.051.0316.0004\FileSyncClient.dll+86e14|C:\Users\jolly\AppData\Local\Microsoft\OneDrive\26.051.0316.0004\FileSyncEvents.dll+e222|C:\Users\jolly\AppData\Local\Microsoft\OneDrive\26.051.0316.0004\FileSyncHost.DLL+d42a|C:\Users\jolly\AppData\Local\Microsoft\OneDrive\26.051.0316.0004\FileSyncHost.DLL+f325|C:\Windows\System32\ucrtbase.dll+21bb2|C:\Windows\System32\KERNEL32.DLL+17374|C:\Windows\SYSTEM32\ntdll.dll+4cc91",,,,,,Win10Demo,,,,,,,,,,,,,,,"Microsoft-Windows-Sysmon/Operational",10,ProcessAccess,10,,,,,0x101411,"'{5770385f-c22a-43e0-bf4c-06f5698ffbd9}'",,,,,,,,,,,0x8000000000000000,4,,,,,,,"'Microsoft-Windows-Sysmon'",,0,,,,,,,,,,,,,,,,,,"'3544'",,,,,,,,129895,,,,,,"technique_id=T1036,technique_name=Masquerading",,,"S-1-5-18",,,,,,,"C:\Users\jolly\AppData\Local\Microsoft\OneDrive\OneDrive.exe",,,,,,"{9172be70-f326-69ea-e500-000000001e00}",5360,9560,"WIN10DEMO\jolly","'2026-04-24T08:11:27.3894008Z'",,"C:\Users\jolly\Downloads\microsoft_update.exe",,"{9172be70-15d1-69eb-a420-000000001e00}",6908,"WIN10DEMO\jolly",10,,,"'5812'","2026-04-24T08:11:27.3894008Z",,,,,"'S-1-5-18'","2026-04-24 08:11:27.388",3,,"<Event xmlns='http://schemas.microsoft.com/win/2004/08/events/event'><System><Provider Name='Microsoft-Windows-Sysmon' Guid='{5770385f-c22a-43e0-bf4c-06f5698ffbd9}'/><EventID>10</EventID><Version>3</Version><Level>4</Level><Task>10</Task><Opcode>0</Opcode><Keywords>0x8000000000000000</Keywords><TimeCreated SystemTime='2026-04-24T08:11:27.3894008Z'/><EventRecordID>129895</EventRecordID><Correlation/><Execution ProcessID='3544' ThreadID='5812'/><Channel>Microsoft-Windows-Sysmon/Operational</Channel><Computer>Win10Demo</Computer><Security UserID='S-1-5-18'/></System><EventData><Data Name='RuleName'>technique_id=T1036,technique_name=Masquerading</Data><Data Name='UtcTime'>2026-04-24 08:11:27.388</Data><Data Name='SourceProcessGUID'>{9172be70-f326-69ea-e500-000000001e00}</Data><Data Name='SourceProcessId'>5360</Data><Data Name='SourceThreadId'>9560</Data><Data Name='SourceImage'>C:\Users\jolly\AppData\Local\Microsoft\OneDrive\OneDrive.exe</Data><Data Name='TargetProcessGUID'>{9172be70-15d1-69eb-a420-000000001e00}</Data><Data Name='TargetProcessId'>6908</Data><Data Name='TargetImage'>C:\Users\jolly\Downloads\microsoft_update.exe</Data><Data Name='GrantedAccess'>0x101411</Data><Data Name='CallTrace'>C:\Windows\SYSTEM32\ntdll.dll+9da64|C:\Windows\System32\KERNELBASE.dll+28d3e|C:\Users\jolly\AppData\Local\Microsoft\OneDrive\26.051.0316.0004\FileSyncClient.dll+5e58e2|C:\Users\jolly\AppData\Local\Microsoft\OneDrive\26.051.0316.0004\FileSyncClient.dll+8711b|C:\Users\jolly\AppData\Local\Microsoft\OneDrive\26.051.0316.0004\FileSyncClient.dll+86f26|C:\Users\jolly\AppData\Local\Microsoft\OneDrive\26.051.0316.0004\FileSyncClient.dll+86e14|C:\Users\jolly\AppData\Local\Microsoft\OneDrive\26.051.0316.0004\FileSyncEvents.dll+e222|C:\Users\jolly\AppData\Local\Microsoft\OneDrive\26.051.0316.0004\FileSyncHost.DLL+d42a|C:\Users\jolly\AppData\Local\Microsoft\OneDrive\26.051.0316.0004\FileSyncHost.DLL+f325|C:\Windows\System32\ucrtbase.dll+21bb2|C:\Windows\System32\KERNEL32.DLL+17374|C:\Windows\SYSTEM32\ntdll.dll+4cc91</Data><Data Name='SourceUser'>WIN10DEMO\jolly</Data><Data Name='TargetUser'>WIN10DEMO\jolly</Data></EventData></Event>","2026-04-24T18:11:27.388+1000",allowed,,,,,,8,24,11,april,27,friday,2026,0,,,Win10Demo,,,,,,,Win10Demo,,,,,"ms-sysmon-process",,,,,,,,,,,0x101411,"PROCESS_QUERY_LIMITED_INFORMATION
SYNCHRONIZE
PROCESS_QUERY_INFORMATION
PROCESS_TERMINATE
PROCESS_VM_READ",Win10Demo,,,endpoint,,1,,,,,,,,,,,"Microsoft Windows",,"OneDrive.exe","{9172be70-f326-69ea-e500-000000001e00}",5360,"OneDrive.exe","C:\Users\jolly\AppData\Local\Microsoft\OneDrive\OneDrive.exe",,,,"microsoft_update.exe","{9172be70-15d1-69eb-a420-000000001e00}",,6908,,"microsoft_update.exe","C:\Users\jolly\Downloads\microsoft_update.exe",,,"<_='://../////'><><_='--'_='{----}'/><></><></><><",,,,,,,,,,,,,,,,,,,,,,,,,ProcessAccess,10,"XmlWinEventLog:Microsoft-Windows-Sysmon/Operational",xmlwineventlog,,Win10Demo,,,,,,,,,,,"process
report","process
report",T1036,"Masquerading</Data><Data Name='UtcTime'>2026-04-24 08:11:27.388</Data><Data Name='SourceProcessGUID'>{9172be70-f326-69ea-e500-000000001e00}</Data><Data Name='SourceProcessId'>5360</Data><Data Name='SourceThreadId'>9560</Data><Data Name='SourceImage'>C:\Users\jolly\AppData\Local\Microsoft\OneDrive\OneDrive.exe</Data><Data Name='TargetProcessGUID'>{9172be70-15d1-69eb-a420-000000001e00}</Data><Data Name='TargetProcessId'>6908</Data><Data Name='TargetImage'>C:\Users\jolly\Downloads\microsoft_update.exe</Data><Data Name='GrantedAccess'>0x101411</Data><Data Name='CallTrace'>C:\Windows\SYSTEM32\ntdll.dll+9da64",,,,,,,,,,700,677,,,,,,,,,jolly,,,"Microsoft Sysmon",,,,,,"'http://schemas.microsoft.com/win/2004/08/events/event'"
,,,"C:\Windows\SYSTEM32\ntdll.dll+9da64|C:\Windows\System32\KERNELBASE.dll+28d3e|C:\Users\jolly\AppData\Local\Microsoft\OneDrive\26.051.0316.0004\FileSyncClient.dll+5e58e2|C:\Users\jolly\AppData\Local\Microsoft\OneDrive\26.051.0316.0004\FileSyncClient.dll+8711b|C:\Users\jolly\AppData\Local\Microsoft\OneDrive\26.051.0316.0004\FileSyncClient.dll+86f26|C:\Users\jolly\AppData\Local\Microsoft\OneDrive\26.051.0316.0004\FileSyncClient.dll+86e14|C:\Users\jolly\AppData\Local\Microsoft\OneDrive\26.051.0316.0004\FileSyncEvents.dll+e222|C:\Users\jolly\AppData\Local\Microsoft\OneDrive\26.051.0316.0004\FileSyncHost.DLL+d42a|C:\Users\jolly\AppData\Local\Microsoft\OneDrive\26.051.0316.0004\FileSyncHost.DLL+f325|C:\Windows\System32\ucrtbase.dll+21bb2|C:\Windows\System32\KERNEL32.DLL+17374|C:\Windows\SYSTEM32\ntdll.dll+4cc91",,,,,,Win10Demo,,,,,,,,,,,,,,,"Microsoft-Windows-Sysmon/Operational",10,ProcessAccess,10,,,,,0x101411,"'{5770385f-c22a-43e0-bf4c-06f5698ffbd9}'",,,,,,,,,,,0x8000000000000000,4,,,,,,,"'Microsoft-Windows-Sysmon'",,0,,,,,,,,,,,,,,,,,,"'3544'",,,,,,,,129617,,,,,,"technique_id=T1036,technique_name=Masquerading",,,"S-1-5-18",,,,,,,"C:\Users\jolly\AppData\Local\Microsoft\OneDrive\OneDrive.exe",,,,,,"{9172be70-f326-69ea-e500-000000001e00}",5360,4516,"WIN10DEMO\jolly","'2026-04-24T07:41:25.8782308Z'",,"C:\Users\jolly\Downloads\microsoft_update.exe",,"{9172be70-15d1-69eb-a420-000000001e00}",6908,"WIN10DEMO\jolly",10,,,"'5812'","2026-04-24T07:41:25.8782308Z",,,,,"'S-1-5-18'","2026-04-24 07:41:25.877",3,,"<Event xmlns='http://schemas.microsoft.com/win/2004/08/events/event'><System><Provider Name='Microsoft-Windows-Sysmon' Guid='{5770385f-c22a-43e0-bf4c-06f5698ffbd9}'/><EventID>10</EventID><Version>3</Version><Level>4</Level><Task>10</Task><Opcode>0</Opcode><Keywords>0x8000000000000000</Keywords><TimeCreated SystemTime='2026-04-24T07:41:25.8782308Z'/><EventRecordID>129617</EventRecordID><Correlation/><Execution ProcessID='3544' ThreadID='5812'/><Channel>Microsoft-Windows-Sysmon/Operational</Channel><Computer>Win10Demo</Computer><Security UserID='S-1-5-18'/></System><EventData><Data Name='RuleName'>technique_id=T1036,technique_name=Masquerading</Data><Data Name='UtcTime'>2026-04-24 07:41:25.877</Data><Data Name='SourceProcessGUID'>{9172be70-f326-69ea-e500-000000001e00}</Data><Data Name='SourceProcessId'>5360</Data><Data Name='SourceThreadId'>4516</Data><Data Name='SourceImage'>C:\Users\jolly\AppData\Local\Microsoft\OneDrive\OneDrive.exe</Data><Data Name='TargetProcessGUID'>{9172be70-15d1-69eb-a420-000000001e00}</Data><Data Name='TargetProcessId'>6908</Data><Data Name='TargetImage'>C:\Users\jolly\Downloads\microsoft_update.exe</Data><Data Name='GrantedAccess'>0x101411</Data><Data Name='CallTrace'>C:\Windows\SYSTEM32\ntdll.dll+9da64|C:\Windows\System32\KERNELBASE.dll+28d3e|C:\Users\jolly\AppData\Local\Microsoft\OneDrive\26.051.0316.0004\FileSyncClient.dll+5e58e2|C:\Users\jolly\AppData\Local\Microsoft\OneDrive\26.051.0316.0004\FileSyncClient.dll+8711b|C:\Users\jolly\AppData\Local\Microsoft\OneDrive\26.051.0316.0004\FileSyncClient.dll+86f26|C:\Users\jolly\AppData\Local\Microsoft\OneDrive\26.051.0316.0004\FileSyncClient.dll+86e14|C:\Users\jolly\AppData\Local\Microsoft\OneDrive\26.051.0316.0004\FileSyncEvents.dll+e222|C:\Users\jolly\AppData\Local\Microsoft\OneDrive\26.051.0316.0004\FileSyncHost.DLL+d42a|C:\Users\jolly\AppData\Local\Microsoft\OneDrive\26.051.0316.0004\FileSyncHost.DLL+f325|C:\Windows\System32\ucrtbase.dll+21bb2|C:\Windows\System32\KERNEL32.DLL+17374|C:\Windows\SYSTEM32\ntdll.dll+4cc91</Data><Data Name='SourceUser'>WIN10DEMO\jolly</Data><Data Name='TargetUser'>WIN10DEMO\jolly</Data></EventData></Event>","2026-04-24T17:41:25.877+1000",allowed,,,,,,7,24,41,april,25,friday,2026,0,,,Win10Demo,,,,,,,Win10Demo,,,,,"ms-sysmon-process",,,,,,,,,,,0x101411,"PROCESS_QUERY_LIMITED_INFORMATION
SYNCHRONIZE
PROCESS_QUERY_INFORMATION
PROCESS_TERMINATE
PROCESS_VM_READ",Win10Demo,,,endpoint,,1,,,,,,,,,,,"Microsoft Windows",,"OneDrive.exe","{9172be70-f326-69ea-e500-000000001e00}",5360,"OneDrive.exe","C:\Users\jolly\AppData\Local\Microsoft\OneDrive\OneDrive.exe",,,,"microsoft_update.exe","{9172be70-15d1-69eb-a420-000000001e00}",,6908,,"microsoft_update.exe","C:\Users\jolly\Downloads\microsoft_update.exe",,,"<_='://../////'><><_='--'_='{----}'/><></><></><><",,,,,,,,,,,,,,,,,,,,,,,,,ProcessAccess,10,"XmlWinEventLog:Microsoft-Windows-Sysmon/Operational",xmlwineventlog,,Win10Demo,,,,,,,,,,,"process
report","process
report",T1036,"Masquerading</Data><Data Name='UtcTime'>2026-04-24 07:41:25.877</Data><Data Name='SourceProcessGUID'>{9172be70-f326-69ea-e500-000000001e00}</Data><Data Name='SourceProcessId'>5360</Data><Data Name='SourceThreadId'>4516</Data><Data Name='SourceImage'>C:\Users\jolly\AppData\Local\Microsoft\OneDrive\OneDrive.exe</Data><Data Name='TargetProcessGUID'>{9172be70-15d1-69eb-a420-000000001e00}</Data><Data Name='TargetProcessId'>6908</Data><Data Name='TargetImage'>C:\Users\jolly\Downloads\microsoft_update.exe</Data><Data Name='GrantedAccess'>0x101411</Data><Data Name='CallTrace'>C:\Windows\SYSTEM32\ntdll.dll+9da64",,,,,,,,,,700,677,,,,,,,,,jolly,,,"Microsoft Sysmon",,,,,,"'http://schemas.microsoft.com/win/2004/08/events/event'"
,,,"C:\Windows\SYSTEM32\ntdll.dll+9da64|C:\Windows\System32\KERNELBASE.dll+28d3e|C:\Users\jolly\AppData\Local\Microsoft\OneDrive\26.051.0316.0004\FileSyncClient.dll+5e58e2|C:\Users\jolly\AppData\Local\Microsoft\OneDrive\26.051.0316.0004\FileSyncClient.dll+8711b|C:\Users\jolly\AppData\Local\Microsoft\OneDrive\26.051.0316.0004\FileSyncClient.dll+86f26|C:\Users\jolly\AppData\Local\Microsoft\OneDrive\26.051.0316.0004\FileSyncClient.dll+86e14|C:\Users\jolly\AppData\Local\Microsoft\OneDrive\26.051.0316.0004\FileSyncEvents.dll+e222|C:\Users\jolly\AppData\Local\Microsoft\OneDrive\26.051.0316.0004\FileSyncHost.DLL+d42a|C:\Users\jolly\AppData\Local\Microsoft\OneDrive\26.051.0316.0004\FileSyncHost.DLL+f325|C:\Windows\System32\ucrtbase.dll+21bb2|C:\Windows\System32\KERNEL32.DLL+17374|C:\Windows\SYSTEM32\ntdll.dll+4cc91",,,,,,Win10Demo,,,,,,,,,,,,,,,"Microsoft-Windows-Sysmon/Operational",10,ProcessAccess,10,,,,,0x101411,"'{5770385f-c22a-43e0-bf4c-06f5698ffbd9}'",,,,,,,,,,,0x8000000000000000,4,,,,,,,"'Microsoft-Windows-Sysmon'",,0,,,,,,,,,,,,,,,,,,"'3544'",,,,,,,,129462,,,,,,"technique_id=T1036,technique_name=Masquerading",,,"S-1-5-18",,,,,,,"C:\Users\jolly\AppData\Local\Microsoft\OneDrive\OneDrive.exe",,,,,,"{9172be70-f326-69ea-e500-000000001e00}",5360,10088,"WIN10DEMO\jolly","'2026-04-24T07:11:25.0999374Z'",,"C:\Users\jolly\Downloads\microsoft_update.exe",,"{9172be70-15d1-69eb-a420-000000001e00}",6908,"WIN10DEMO\jolly",10,,,"'5812'","2026-04-24T07:11:25.0999374Z",,,,,"'S-1-5-18'","2026-04-24 07:11:25.098",3,,"<Event xmlns='http://schemas.microsoft.com/win/2004/08/events/event'><System><Provider Name='Microsoft-Windows-Sysmon' Guid='{5770385f-c22a-43e0-bf4c-06f5698ffbd9}'/><EventID>10</EventID><Version>3</Version><Level>4</Level><Task>10</Task><Opcode>0</Opcode><Keywords>0x8000000000000000</Keywords><TimeCreated SystemTime='2026-04-24T07:11:25.0999374Z'/><EventRecordID>129462</EventRecordID><Correlation/><Execution ProcessID='3544' ThreadID='5812'/><Channel>Microsoft-Windows-Sysmon/Operational</Channel><Computer>Win10Demo</Computer><Security UserID='S-1-5-18'/></System><EventData><Data Name='RuleName'>technique_id=T1036,technique_name=Masquerading</Data><Data Name='UtcTime'>2026-04-24 07:11:25.098</Data><Data Name='SourceProcessGUID'>{9172be70-f326-69ea-e500-000000001e00}</Data><Data Name='SourceProcessId'>5360</Data><Data Name='SourceThreadId'>10088</Data><Data Name='SourceImage'>C:\Users\jolly\AppData\Local\Microsoft\OneDrive\OneDrive.exe</Data><Data Name='TargetProcessGUID'>{9172be70-15d1-69eb-a420-000000001e00}</Data><Data Name='TargetProcessId'>6908</Data><Data Name='TargetImage'>C:\Users\jolly\Downloads\microsoft_update.exe</Data><Data Name='GrantedAccess'>0x101411</Data><Data Name='CallTrace'>C:\Windows\SYSTEM32\ntdll.dll+9da64|C:\Windows\System32\KERNELBASE.dll+28d3e|C:\Users\jolly\AppData\Local\Microsoft\OneDrive\26.051.0316.0004\FileSyncClient.dll+5e58e2|C:\Users\jolly\AppData\Local\Microsoft\OneDrive\26.051.0316.0004\FileSyncClient.dll+8711b|C:\Users\jolly\AppData\Local\Microsoft\OneDrive\26.051.0316.0004\FileSyncClient.dll+86f26|C:\Users\jolly\AppData\Local\Microsoft\OneDrive\26.051.0316.0004\FileSyncClient.dll+86e14|C:\Users\jolly\AppData\Local\Microsoft\OneDrive\26.051.0316.0004\FileSyncEvents.dll+e222|C:\Users\jolly\AppData\Local\Microsoft\OneDrive\26.051.0316.0004\FileSyncHost.DLL+d42a|C:\Users\jolly\AppData\Local\Microsoft\OneDrive\26.051.0316.0004\FileSyncHost.DLL+f325|C:\Windows\System32\ucrtbase.dll+21bb2|C:\Windows\System32\KERNEL32.DLL+17374|C:\Windows\SYSTEM32\ntdll.dll+4cc91</Data><Data Name='SourceUser'>WIN10DEMO\jolly</Data><Data Name='TargetUser'>WIN10DEMO\jolly</Data></EventData></Event>","2026-04-24T17:11:25.098+1000",allowed,,,,,,7,24,11,april,25,friday,2026,0,,,Win10Demo,,,,,,,Win10Demo,,,,,"ms-sysmon-process",,,,,,,,,,,0x101411,"PROCESS_QUERY_LIMITED_INFORMATION
SYNCHRONIZE
PROCESS_QUERY_INFORMATION
PROCESS_TERMINATE
PROCESS_VM_READ",Win10Demo,,,endpoint,,1,,,,,,,,,,,"Microsoft Windows",,"OneDrive.exe","{9172be70-f326-69ea-e500-000000001e00}",5360,"OneDrive.exe","C:\Users\jolly\AppData\Local\Microsoft\OneDrive\OneDrive.exe",,,,"microsoft_update.exe","{9172be70-15d1-69eb-a420-000000001e00}",,6908,,"microsoft_update.exe","C:\Users\jolly\Downloads\microsoft_update.exe",,,"<_='://../////'><><_='--'_='{----}'/><></><></><><",,,,,,,,,,,,,,,,,,,,,,,,,ProcessAccess,10,"XmlWinEventLog:Microsoft-Windows-Sysmon/Operational",xmlwineventlog,,Win10Demo,,,,,,,,,,,"process
report","process
report",T1036,"Masquerading</Data><Data Name='UtcTime'>2026-04-24 07:11:25.098</Data><Data Name='SourceProcessGUID'>{9172be70-f326-69ea-e500-000000001e00}</Data><Data Name='SourceProcessId'>5360</Data><Data Name='SourceThreadId'>10088</Data><Data Name='SourceImage'>C:\Users\jolly\AppData\Local\Microsoft\OneDrive\OneDrive.exe</Data><Data Name='TargetProcessGUID'>{9172be70-15d1-69eb-a420-000000001e00}</Data><Data Name='TargetProcessId'>6908</Data><Data Name='TargetImage'>C:\Users\jolly\Downloads\microsoft_update.exe</Data><Data Name='GrantedAccess'>0x101411</Data><Data Name='CallTrace'>C:\Windows\SYSTEM32\ntdll.dll+9da64",,,,,,,,,,700,677,,,,,,,,,jolly,,,"Microsoft Sysmon",,,,,,"'http://schemas.microsoft.com/win/2004/08/events/event'"
,,,"C:\Windows\SYSTEM32\ntdll.dll+9eeb4|C:\Windows\System32\KERNELBASE.dll+43845|C:\Windows\System32\KERNELBASE.dll+3fc93|C:\Windows\System32\advapi32.dll+17d20|UNKNOWN(000000000264C6DE)",,,,,,Win10Demo,,,,,,,,,,,,,,,"Microsoft-Windows-Sysmon/Operational",10,ProcessAccess,10,,,,,0x1fffff,"'{5770385f-c22a-43e0-bf4c-06f5698ffbd9}'",,,,,,,,,,,0x8000000000000000,4,,,,,,,"'Microsoft-Windows-Sysmon'",,0,,,,,,,,,,,,,,,,,,"'3544'",,,,,,,,129422,,,,,,"technique_id=T1055.001,technique_name=Dynamic-link Library Injection",,,"S-1-5-18",,,,,,,"C:\Users\jolly\Downloads\microsoft_update.exe",,,,,,"{9172be70-15d1-69eb-a420-000000001e00}",6908,9048,"WIN10DEMO\jolly","'2026-04-24T07:10:47.2270473Z'",,"C:\Windows\system32\cmd.exe",,"{9172be70-1777-69eb-3422-000000001e00}",9576,"WIN10DEMO\jolly",10,,,"'5812'","2026-04-24T07:10:47.2270473Z",,,,,"'S-1-5-18'","2026-04-24 07:10:47.223",3,,"<Event xmlns='http://schemas.microsoft.com/win/2004/08/events/event'><System><Provider Name='Microsoft-Windows-Sysmon' Guid='{5770385f-c22a-43e0-bf4c-06f5698ffbd9}'/><EventID>10</EventID><Version>3</Version><Level>4</Level><Task>10</Task><Opcode>0</Opcode><Keywords>0x8000000000000000</Keywords><TimeCreated SystemTime='2026-04-24T07:10:47.2270473Z'/><EventRecordID>129422</EventRecordID><Correlation/><Execution ProcessID='3544' ThreadID='5812'/><Channel>Microsoft-Windows-Sysmon/Operational</Channel><Computer>Win10Demo</Computer><Security UserID='S-1-5-18'/></System><EventData><Data Name='RuleName'>technique_id=T1055.001,technique_name=Dynamic-link Library Injection</Data><Data Name='UtcTime'>2026-04-24 07:10:47.223</Data><Data Name='SourceProcessGUID'>{9172be70-15d1-69eb-a420-000000001e00}</Data><Data Name='SourceProcessId'>6908</Data><Data Name='SourceThreadId'>9048</Data><Data Name='SourceImage'>C:\Users\jolly\Downloads\microsoft_update.exe</Data><Data Name='TargetProcessGUID'>{9172be70-1777-69eb-3422-000000001e00}</Data><Data Name='TargetProcessId'>9576</Data><Data Name='TargetImage'>C:\Windows\system32\cmd.exe</Data><Data Name='GrantedAccess'>0x1fffff</Data><Data Name='CallTrace'>C:\Windows\SYSTEM32\ntdll.dll+9eeb4|C:\Windows\System32\KERNELBASE.dll+43845|C:\Windows\System32\KERNELBASE.dll+3fc93|C:\Windows\System32\advapi32.dll+17d20|UNKNOWN(000000000264C6DE)</Data><Data Name='SourceUser'>WIN10DEMO\jolly</Data><Data Name='TargetUser'>WIN10DEMO\jolly</Data></EventData></Event>","2026-04-24T17:10:47.223+1000",allowed,,,,,,7,24,10,april,47,friday,2026,0,,,Win10Demo,,,,,,,Win10Demo,,,,,"ms-sysmon-process",,,,,,,,,,,0x1fffff,"PROCESS_CREATE_PROCESS
PROCESS_CREATE_THREAD
PROCESS_DUP_HANDLE
PROCESS_SET_INFORMATION
PROCESS_SET_QUOTA
PROCESS_QUERY_LIMITED_INFORMATION
SYNCHRONIZE
PROCESS_QUERY_INFORMATION
PROCESS_SUSPEND_RESUME
PROCESS_TERMINATE
PROCESS_VM_OPERATION
PROCESS_VM_READ
PROCESS_VM_WRITE",Win10Demo,,,endpoint,,1,,,,,,,,,,,"Microsoft Windows",,"microsoft_update.exe","{9172be70-15d1-69eb-a420-000000001e00}",6908,"microsoft_update.exe","C:\Users\jolly\Downloads\microsoft_update.exe",,,,"cmd.exe","{9172be70-1777-69eb-3422-000000001e00}",,9576,,"cmd.exe","C:\Windows\system32\cmd.exe",,,"<_='://../////'><><_='--'_='{----}'/><></><></><><",,,,,,,,,,,,,,,,,,,,,,,,,ProcessAccess,10,"XmlWinEventLog:Microsoft-Windows-Sysmon/Operational",xmlwineventlog,,Win10Demo,,,,,,,,,,,"process
report","process
report","T1055.001","Dynamic-link Library Injection</Data><Data Name='UtcTime'>2026-04-24 07:10:47.223</Data><Data Name='SourceProcessGUID'>{9172be70-15d1-69eb-a420-000000001e00}</Data><Data Name='SourceProcessId'>6908</Data><Data Name='SourceThreadId'>9048</Data><Data Name='SourceImage'>C:\Users\jolly\Downloads\microsoft_update.exe</Data><Data Name='TargetProcessGUID'>{9172be70-1777-69eb-3422-000000001e00}</Data><Data Name='TargetProcessId'>9576</Data><Data Name='TargetImage'>C:\Windows\system32\cmd.exe</Data><Data Name='GrantedAccess'>0x1fffff</Data><Data Name='CallTrace'>C:\Windows\SYSTEM32\ntdll.dll+9eeb4",,,,,,,,,,722,699,,,,,,,,,jolly,,,"Microsoft Sysmon",,,,,,"'http://schemas.microsoft.com/win/2004/08/events/event'"
,,,,,,,,,Win10Demo,,,,,,,,,,,,,"Binary Data",,"Microsoft-Windows-Sysmon/Operational",13,"RegistryEvent (Value Set)",13,SetValue,,,,,"'{5770385f-c22a-43e0-bf4c-06f5698ffbd9}'",,,,,,"C:\Users\jolly\Downloads\microsoft_update.exe",,,,,0x8000000000000000,4,,,,,,,"'Microsoft-Windows-Sysmon'",,0,,,,,,,,,,,,,,,,,"{9172be70-15d1-69eb-a420-000000001e00}","'3544'",6908,,,,,,,129420,,,,,,"-",,,"S-1-5-18",,,,,,,,,,,,,,,,,"'2026-04-24T07:10:47.2239306Z'",,,"HKLM\System\CurrentControlSet\Services\bam\State\UserSettings\S-1-5-21-1156564983-231300539-2099510246-1000\\Device\HarddiskVolume1\Windows\System32\cmd.exe",,,,13,,,"'5812'","2026-04-24T07:10:47.2239306Z",,,,"WIN10DEMO\jolly","'S-1-5-18'","2026-04-24 07:10:47.223",2,,"<Event xmlns='http://schemas.microsoft.com/win/2004/08/events/event'><System><Provider Name='Microsoft-Windows-Sysmon' Guid='{5770385f-c22a-43e0-bf4c-06f5698ffbd9}'/><EventID>13</EventID><Version>2</Version><Level>4</Level><Task>13</Task><Opcode>0</Opcode><Keywords>0x8000000000000000</Keywords><TimeCreated SystemTime='2026-04-24T07:10:47.2239306Z'/><EventRecordID>129420</EventRecordID><Correlation/><Execution ProcessID='3544' ThreadID='5812'/><Channel>Microsoft-Windows-Sysmon/Operational</Channel><Computer>Win10Demo</Computer><Security UserID='S-1-5-18'/></System><EventData><Data Name='RuleName'>-</Data><Data Name='EventType'>SetValue</Data><Data Name='UtcTime'>2026-04-24 07:10:47.223</Data><Data Name='ProcessGuid'>{9172be70-15d1-69eb-a420-000000001e00}</Data><Data Name='ProcessId'>6908</Data><Data Name='Image'>C:\Users\jolly\Downloads\microsoft_update.exe</Data><Data Name='TargetObject'>HKLM\System\CurrentControlSet\Services\bam\State\UserSettings\S-1-5-21-1156564983-231300539-2099510246-1000\\Device\HarddiskVolume1\Windows\System32\cmd.exe</Data><Data Name='Details'>Binary Data</Data><Data Name='User'>WIN10DEMO\jolly</Data></EventData></Event>","2026-04-24T17:10:47.223+1000",modified,,,,,,7,24,10,april,47,friday,2026,0,,,Win10Demo,,,,,,,Win10Demo,,,,,"ms-sysmon-regmod",,,,,,,,,,,,,Win10Demo,,,endpoint,,1,,,,,,,,registry,"HKLM\System\CurrentControlSet\Services\bam\State\UserSettings\S-1-5-21-1156564983-231300539-2099510246-1000\\Device\HarddiskVolume1\Windows\System32\cmd.exe",,,,,,,,,,,,"microsoft_update.exe","{9172be70-15d1-69eb-a420-000000001e00}",,6908,,"microsoft_update.exe","C:\Users\jolly\Downloads\microsoft_update.exe",,,"<_='://../////'><><_='--'_='{----}'/><></><></><><",,,,,,,,,,"HKEY_LOCAL_MACHINE\\System",System32,"HKLM\System\CurrentControlSet\Services\bam\State\UserSettings\S-1-5-21-1156564983-231300539-2099510246-1000\\Device\HarddiskVolume1\Windows\System32\cmd.exe","Binary Data","cmd.exe",,,,,,,,,,,"RegistryEvent (Value Set)",13,"XmlWinEventLog:Microsoft-Windows-Sysmon/Operational",xmlwineventlog,,Win10Demo,,,,,,,,,,success,"endpoint
registry","endpoint
registry",,,,,,,,,,,,693,670,,,,,,,,,jolly,,,"Microsoft Sysmon",,,,,,"'http://schemas.microsoft.com/win/2004/08/events/event'"
,,,,,,,"C:\Windows\system32\cmd.exe","Microsoft Corporation",Win10Demo,,,,,"C:\Users\jolly\Downloads\","Windows Command Processor",,,,,,,,,"Microsoft-Windows-Sysmon/Operational",1,"Process creation",1,,,"10.0.19041.4355 (WinBuild.160101.0800)",,,"'{5770385f-c22a-43e0-bf4c-06f5698ffbd9}'",,,"SHA1=DF79C86FDD11B9CCB89148458E509F879C72566C,MD5=2B40C98ED0F7A1D3B091A3E8353132DC,SHA256=BADF4752413CB0CBDC03FB95820CA167F0CDC63B597CCDB5EF43111180E088B0,IMPHASH=272245E2988E1E430500B852C4FB5E18",,272245E2988E1E430500B852C4FB5E18,"C:\Windows\System32\cmd.exe",,,Medium,,0x8000000000000000,4,,"{9172be70-f2d2-69ea-b645-060000000000}",0x645b6,2B40C98ED0F7A1D3B091A3E8353132DC,,,"'Microsoft-Windows-Sysmon'",,0,"Cmd.Exe",,,,,,,,,,,"""C:\Users\jolly\Downloads\microsoft_update.exe""","C:\Users\jolly\Downloads\microsoft_update.exe","{9172be70-15d1-69eb-a420-000000001e00}",6908,"WIN10DEMO\jolly","{9172be70-1777-69eb-3422-000000001e00}","'3544'",9576,"Microsoft® Windows® Operating System",,,,,,129421,,,,,,"technique_id=T1059.003,technique_name=Windows Command Shell",DF79C86FDD11B9CCB89148458E509F879C72566C,BADF4752413CB0CBDC03FB95820CA167F0CDC63B597CCDB5EF43111180E088B0,"S-1-5-18",,,,,,,,,,,,,,,,,"'2026-04-24T07:10:47.2269843Z'",,,,,,,1,,1,"'5812'","2026-04-24T07:10:47.2269843Z",,,,"WIN10DEMO\jolly","'S-1-5-18'","2026-04-24 07:10:47.195",5,,"<Event xmlns='http://schemas.microsoft.com/win/2004/08/events/event'><System><Provider Name='Microsoft-Windows-Sysmon' Guid='{5770385f-c22a-43e0-bf4c-06f5698ffbd9}'/><EventID>1</EventID><Version>5</Version><Level>4</Level><Task>1</Task><Opcode>0</Opcode><Keywords>0x8000000000000000</Keywords><TimeCreated SystemTime='2026-04-24T07:10:47.2269843Z'/><EventRecordID>129421</EventRecordID><Correlation/><Execution ProcessID='3544' ThreadID='5812'/><Channel>Microsoft-Windows-Sysmon/Operational</Channel><Computer>Win10Demo</Computer><Security UserID='S-1-5-18'/></System><EventData><Data Name='RuleName'>technique_id=T1059.003,technique_name=Windows Command Shell</Data><Data Name='UtcTime'>2026-04-24 07:10:47.195</Data><Data Name='ProcessGuid'>{9172be70-1777-69eb-3422-000000001e00}</Data><Data Name='ProcessId'>9576</Data><Data Name='Image'>C:\Windows\System32\cmd.exe</Data><Data Name='FileVersion'>10.0.19041.4355 (WinBuild.160101.0800)</Data><Data Name='Description'>Windows Command Processor</Data><Data Name='Product'>Microsoft® Windows® Operating System</Data><Data Name='Company'>Microsoft Corporation</Data><Data Name='OriginalFileName'>Cmd.Exe</Data><Data Name='CommandLine'>C:\Windows\system32\cmd.exe </Data><Data Name='CurrentDirectory'>C:\Users\jolly\Downloads\</Data><Data Name='User'>WIN10DEMO\jolly</Data><Data Name='LogonGuid'>{9172be70-f2d2-69ea-b645-060000000000}</Data><Data Name='LogonId'>0x645b6</Data><Data Name='TerminalSessionId'>1</Data><Data Name='IntegrityLevel'>Medium</Data><Data Name='Hashes'>SHA1=DF79C86FDD11B9CCB89148458E509F879C72566C,MD5=2B40C98ED0F7A1D3B091A3E8353132DC,SHA256=BADF4752413CB0CBDC03FB95820CA167F0CDC63B597CCDB5EF43111180E088B0,IMPHASH=272245E2988E1E430500B852C4FB5E18</Data><Data Name='ParentProcessGuid'>{9172be70-15d1-69eb-a420-000000001e00}</Data><Data Name='ParentProcessId'>6908</Data><Data Name='ParentImage'>C:\Users\jolly\Downloads\microsoft_update.exe</Data><Data Name='ParentCommandLine'>""C:\Users\jolly\Downloads\microsoft_update.exe"" </Data><Data Name='ParentUser'>WIN10DEMO\jolly</Data></EventData></Event>","2026-04-24T17:10:47.195+1000",allowed,,,,,,7,24,10,april,47,friday,2026,0,,,Win10Demo,,,,,,,Win10Demo,,,,,"ms-sysmon-process",,,,,,,,,,,,,Win10Demo,,,endpoint,,1,,,,,,,,,,"Cmd.Exe","Microsoft Windows","""C:\Users\jolly\Downloads\microsoft_update.exe""","microsoft_update.exe","{9172be70-15d1-69eb-a420-000000001e00}",6908,"microsoft_update.exe","C:\Users\jolly\Downloads\microsoft_update.exe",,"C:\Windows\system32\cmd.exe","C:\Users\jolly\Downloads\","cmd.exe","{9172be70-1777-69eb-3422-000000001e00}","SHA1=DF79C86FDD11B9CCB89148458E509F879C72566C,MD5=2B40C98ED0F7A1D3B091A3E8353132DC,SHA256=BADF4752413CB0CBDC03FB95820CA167F0CDC63B597CCDB5EF43111180E088B0,IMPHASH=272245E2988E1E430500B852C4FB5E18",9576,Medium,"cmd.exe","C:\Windows\System32\cmd.exe",,,"<_='://../////'><><_='--'_='{----}'/><></><></><><",,,,,,,,,,,,,,,,,,,,,,,,,"Process creation",1,"XmlWinEventLog:Microsoft-Windows-Sysmon/Operational",xmlwineventlog,,Win10Demo,,,,,,,,,,,"process
report","process
report","T1059.003",Windows,,,,,,,,,,711,688,,,,,,,,,jolly,,,"Microsoft Sysmon",,,,,,"'http://schemas.microsoft.com/win/2004/08/events/event'"
,,,,,,,,,Win10Demo,,,,,,,,,,,,,,,"Microsoft-Windows-Sysmon/Operational",22,"DNSEvent (DNS query)",22,,,,,,"'{5770385f-c22a-43e0-bf4c-06f5698ffbd9}'",,,,,,"C:\Users\jolly\Downloads\microsoft_update.exe",,,,,0x8000000000000000,4,,,,,,,"'Microsoft-Windows-Sysmon'",,0,,,,,,,,,,,,,,,,,"{9172be70-15d1-69eb-a420-000000001e00}","'3544'",6908,,,"192.168.20.11","192.168.20.11;",0,,129354,,,,,,"-",,,"S-1-5-18",,,,,,,,,,,,,,,,,"'2026-04-24T07:03:45.9993540Z'",,,,,,,22,,,"'5784'","2026-04-24T07:03:45.9993540Z",,,,"WIN10DEMO\jolly","'S-1-5-18'","2026-04-24 07:03:46.172",5,,"<Event xmlns='http://schemas.microsoft.com/win/2004/08/events/event'><System><Provider Name='Microsoft-Windows-Sysmon' Guid='{5770385f-c22a-43e0-bf4c-06f5698ffbd9}'/><EventID>22</EventID><Version>5</Version><Level>4</Level><Task>22</Task><Opcode>0</Opcode><Keywords>0x8000000000000000</Keywords><TimeCreated SystemTime='2026-04-24T07:03:45.9993540Z'/><EventRecordID>129354</EventRecordID><Correlation/><Execution ProcessID='3544' ThreadID='5784'/><Channel>Microsoft-Windows-Sysmon/Operational</Channel><Computer>Win10Demo</Computer><Security UserID='S-1-5-18'/></System><EventData><Data Name='RuleName'>-</Data><Data Name='UtcTime'>2026-04-24 07:03:46.172</Data><Data Name='ProcessGuid'>{9172be70-15d1-69eb-a420-000000001e00}</Data><Data Name='ProcessId'>6908</Data><Data Name='QueryName'>192.168.20.11</Data><Data Name='QueryStatus'>0</Data><Data Name='QueryResults'>192.168.20.11;</Data><Data Name='Image'>C:\Users\jolly\Downloads\microsoft_update.exe</Data><Data Name='User'>WIN10DEMO\jolly</Data></EventData></Event>","2026-04-24T17:03:46.172+1000",,"192.168.20.11",1,,,,7,24,3,april,46,friday,2026,0,,,,,,,,,,Win10Demo,,,,,"ms-sysmon-dns",,,,,,,,,,,,,Win10Demo,,,endpoint,,1,,,,,,,,,,,,,,,,,,,,,"microsoft_update.exe","{9172be70-15d1-69eb-a420-000000001e00}",,,,"microsoft_update.exe",,,,"<_='://../////'><><_='--'_='{----}'/><></><></><><","192.168.20.11",1,,,,,,,,,,,,,,0,,,,,,,,,"DNSEvent (DNS query)",22,"XmlWinEventLog:Microsoft-Windows-Sysmon/Operational",xmlwineventlog,,Win10Demo,,Win10Demo,,,,,,,,,"dns
network
resolution","dns
network
resolution",,,,,,,,,,,,655,632,,,,,,,,,jolly,,,"Microsoft Sysmon",,,,,,"'http://schemas.microsoft.com/win/2004/08/events/event'"
,,,,,,,,"-",Win10Demo,,,,,,"-",,,,,,,,,"Microsoft-Windows-Sysmon/Operational",7,"Image loaded",7,,,"-",,,"'{5770385f-c22a-43e0-bf4c-06f5698ffbd9}'",,,"SHA1=6F568FF7FD015DE2A73CDC4B91AFC3E38C5129A0,MD5=DB03ED06EECC8933E7A5B68E2833F01D,SHA256=018BC967152358C6E0FE850E31208553D821E27B550ED79E0B551188178ADE2B,IMPHASH=C2D02FC98F1D75D7B9457468EC75DA0E",,C2D02FC98F1D75D7B9457468EC75DA0E,"C:\Users\jolly\Downloads\microsoft_update.exe","C:\Users\jolly\Downloads\microsoft_update.exe",,,,0x8000000000000000,4,,,,DB03ED06EECC8933E7A5B68E2833F01D,,,"'Microsoft-Windows-Sysmon'",,0,"-",,,,,,,,,,,,,,,,"{9172be70-15d1-69eb-a420-000000001e00}","'3544'",6908,"-",,,,,,129352,,,,,,"technique_id=T1574.002,technique_name=DLL Side-Loading",6F568FF7FD015DE2A73CDC4B91AFC3E38C5129A0,018BC967152358C6E0FE850E31208553D821E27B550ED79E0B551188178ADE2B,"S-1-5-18",,,"-",Unavailable,false,,,,,,,,,,,,"'2026-04-24T07:03:45.2733147Z'",,,,,,,7,,,"'5816'","2026-04-24T07:03:45.2733147Z",,,,"WIN10DEMO\jolly","'S-1-5-18'","2026-04-24 07:03:45.265",3,,"<Event xmlns='http://schemas.microsoft.com/win/2004/08/events/event'><System><Provider Name='Microsoft-Windows-Sysmon' Guid='{5770385f-c22a-43e0-bf4c-06f5698ffbd9}'/><EventID>7</EventID><Version>3</Version><Level>4</Level><Task>7</Task><Opcode>0</Opcode><Keywords>0x8000000000000000</Keywords><TimeCreated SystemTime='2026-04-24T07:03:45.2733147Z'/><EventRecordID>129352</EventRecordID><Correlation/><Execution ProcessID='3544' ThreadID='5816'/><Channel>Microsoft-Windows-Sysmon/Operational</Channel><Computer>Win10Demo</Computer><Security UserID='S-1-5-18'/></System><EventData><Data Name='RuleName'>technique_id=T1574.002,technique_name=DLL Side-Loading</Data><Data Name='UtcTime'>2026-04-24 07:03:45.265</Data><Data Name='ProcessGuid'>{9172be70-15d1-69eb-a420-000000001e00}</Data><Data Name='ProcessId'>6908</Data><Data Name='Image'>C:\Users\jolly\Downloads\microsoft_update.exe</Data><Data Name='ImageLoaded'>C:\Users\jolly\Downloads\microsoft_update.exe</Data><Data Name='FileVersion'>-</Data><Data Name='Description'>-</Data><Data Name='Product'>-</Data><Data Name='Company'>-</Data><Data Name='OriginalFileName'>-</Data><Data Name='Hashes'>SHA1=6F568FF7FD015DE2A73CDC4B91AFC3E38C5129A0,MD5=DB03ED06EECC8933E7A5B68E2833F01D,SHA256=018BC967152358C6E0FE850E31208553D821E27B550ED79E0B551188178ADE2B,IMPHASH=C2D02FC98F1D75D7B9457468EC75DA0E</Data><Data Name='Signed'>false</Data><Data Name='Signature'>-</Data><Data Name='SignatureStatus'>Unavailable</Data><Data Name='User'>WIN10DEMO\jolly</Data></EventData></Event>","2026-04-24T17:03:45.265+1000",success,,,,,,7,24,3,april,45,friday,2026,0,,,Win10Demo,,,,,,,Win10Demo,,,,,"ms-sysmon-process",,,,,,,,,,,,,Win10Demo,,,endpoint,,1,,"microsoft_update.exe","C:\Users\jolly\Downloads\microsoft_update.exe",,,,,,,,"Microsoft Windows",,,,,,,,,,"microsoft_update.exe","{9172be70-15d1-69eb-a420-000000001e00}","SHA1=6F568FF7FD015DE2A73CDC4B91AFC3E38C5129A0,MD5=DB03ED06EECC8933E7A5B68E2833F01D,SHA256=018BC967152358C6E0FE850E31208553D821E27B550ED79E0B551188178ADE2B,IMPHASH=C2D02FC98F1D75D7B9457468EC75DA0E",6908,,"microsoft_update.exe","C:\Users\jolly\Downloads\microsoft_update.exe",,,"<_='://../////'><><_='--'_='{----}'/><></><></><><",,,,,,,,,,,,,,,,,,,,false,false,,,,"Image loaded",7,"XmlWinEventLog:Microsoft-Windows-Sysmon/Operational",xmlwineventlog,,Win10Demo,,,,,,,,,,,"process
report","process
report","T1574.002",DLL,,,,,,,,,,706,683,,,,,,,,,jolly,,,"Microsoft Sysmon",,,,,,"'http://schemas.microsoft.com/win/2004/08/events/event'"
,,,,,,,"""C:\Users\jolly\Downloads\microsoft_update.exe""","-",Win10Demo,,,,,"C:\Users\jolly\Downloads\","-",,,,,,,,,"Microsoft-Windows-Sysmon/Operational",1,"Process creation",1,,,"-",,,"'{5770385f-c22a-43e0-bf4c-06f5698ffbd9}'",,,"SHA1=6F568FF7FD015DE2A73CDC4B91AFC3E38C5129A0,MD5=DB03ED06EECC8933E7A5B68E2833F01D,SHA256=018BC967152358C6E0FE850E31208553D821E27B550ED79E0B551188178ADE2B,IMPHASH=C2D02FC98F1D75D7B9457468EC75DA0E",,C2D02FC98F1D75D7B9457468EC75DA0E,"C:\Users\jolly\Downloads\microsoft_update.exe",,,Medium,,0x8000000000000000,4,,"{9172be70-f2d2-69ea-b645-060000000000}",0x645b6,DB03ED06EECC8933E7A5B68E2833F01D,,,"'Microsoft-Windows-Sysmon'",,0,"-",,,,,,,,,,,"""C:\Program Files (x86)\Microsoft\Edge\Application\msedge.exe"" --no-startup-window","C:\Program Files (x86)\Microsoft\Edge\Application\msedge.exe","{9172be70-157f-69eb-3620-000000001e00}",6660,"WIN10DEMO\jolly","{9172be70-15d1-69eb-a420-000000001e00}","'3544'",6908,"-",,,,,,129351,,,,,,"technique_id=T1036,technique_name=Masquerading",6F568FF7FD015DE2A73CDC4B91AFC3E38C5129A0,018BC967152358C6E0FE850E31208553D821E27B550ED79E0B551188178ADE2B,"S-1-5-18",,,,,,,,,,,,,,,,,"'2026-04-24T07:03:45.2147879Z'",,,,,,,1,,1,"'5812'","2026-04-24T07:03:45.2147879Z",,,,"WIN10DEMO\jolly","'S-1-5-18'","2026-04-24 07:03:45.206",5,,"<Event xmlns='http://schemas.microsoft.com/win/2004/08/events/event'><System><Provider Name='Microsoft-Windows-Sysmon' Guid='{5770385f-c22a-43e0-bf4c-06f5698ffbd9}'/><EventID>1</EventID><Version>5</Version><Level>4</Level><Task>1</Task><Opcode>0</Opcode><Keywords>0x8000000000000000</Keywords><TimeCreated SystemTime='2026-04-24T07:03:45.2147879Z'/><EventRecordID>129351</EventRecordID><Correlation/><Execution ProcessID='3544' ThreadID='5812'/><Channel>Microsoft-Windows-Sysmon/Operational</Channel><Computer>Win10Demo</Computer><Security UserID='S-1-5-18'/></System><EventData><Data Name='RuleName'>technique_id=T1036,technique_name=Masquerading</Data><Data Name='UtcTime'>2026-04-24 07:03:45.206</Data><Data Name='ProcessGuid'>{9172be70-15d1-69eb-a420-000000001e00}</Data><Data Name='ProcessId'>6908</Data><Data Name='Image'>C:\Users\jolly\Downloads\microsoft_update.exe</Data><Data Name='FileVersion'>-</Data><Data Name='Description'>-</Data><Data Name='Product'>-</Data><Data Name='Company'>-</Data><Data Name='OriginalFileName'>-</Data><Data Name='CommandLine'>""C:\Users\jolly\Downloads\microsoft_update.exe"" </Data><Data Name='CurrentDirectory'>C:\Users\jolly\Downloads\</Data><Data Name='User'>WIN10DEMO\jolly</Data><Data Name='LogonGuid'>{9172be70-f2d2-69ea-b645-060000000000}</Data><Data Name='LogonId'>0x645b6</Data><Data Name='TerminalSessionId'>1</Data><Data Name='IntegrityLevel'>Medium</Data><Data Name='Hashes'>SHA1=6F568FF7FD015DE2A73CDC4B91AFC3E38C5129A0,MD5=DB03ED06EECC8933E7A5B68E2833F01D,SHA256=018BC967152358C6E0FE850E31208553D821E27B550ED79E0B551188178ADE2B,IMPHASH=C2D02FC98F1D75D7B9457468EC75DA0E</Data><Data Name='ParentProcessGuid'>{9172be70-157f-69eb-3620-000000001e00}</Data><Data Name='ParentProcessId'>6660</Data><Data Name='ParentImage'>C:\Program Files (x86)\Microsoft\Edge\Application\msedge.exe</Data><Data Name='ParentCommandLine'>""C:\Program Files (x86)\Microsoft\Edge\Application\msedge.exe"" --no-startup-window</Data><Data Name='ParentUser'>WIN10DEMO\jolly</Data></EventData></Event>","2026-