Information,4/25/2026 5:32:32 PM,Microsoft-Windows-Sysmon,7,Image loaded (rule: ImageLoad),"Image loaded:
RuleName: technique_id=T1574.002,technique_name=DLL Side-Loading
UtcTime: 2026-04-25 07:32:15.229
ProcessGuid: {9172be70-6df6-69ec-e300-000000001f00}
ProcessId: 5776
Image: C:\Users\jolly\AppData\Local\Microsoft\OneDrive\OneDrive.exe
ImageLoaded: C:\Users\jolly\AppData\Local\Microsoft\OneDrive\26.051.0316.0004\FileSyncHost.dll
FileVersion: 26.051.0316.0004
Description: Microsoft OneDriveFile Sync Host
Product: Microsoft OneDrive
Company: Microsoft Corporation
OriginalFileName: FileSyncHost.dll
Hashes: SHA1=DA42BE439E1730B24774E1213F7740C262A53155,MD5=1F6530DCAF2E9ADD93D501E4E593BE7E,SHA256=CDEECDD37C82DBE21A702C850B51C147EF961BD1ED12ACBAF74D145859F79B04,IMPHASH=B8BF81A154070E2901F769994B05609D
Signed: true
Signature: Microsoft Corporation
SignatureStatus: Valid
User: WIN10DEMO\jolly"
Information,4/25/2026 5:32:32 PM,Microsoft-Windows-Sysmon,7,Image loaded (rule: ImageLoad),"Image loaded:
RuleName: -
UtcTime: 2026-04-25 07:32:15.229
ProcessGuid: {9172be70-6dfb-69ec-e800-000000001f00}
ProcessId: 5040
Image: C:\Program Files\WindowsApps\Microsoft.MicrosoftOfficeHub_19.2604.38251.0_x64__8wekyb3d8bbwe\m365copilot_autostarter.exe
ImageLoaded: C:\Windows\System32\urlmon.dll
FileVersion: 11.00.19041.6456 (WinBuild.160101.0800)
Description: OLE32 Extensions for Win32
Product: Internet Explorer
Company: Microsoft Corporation
OriginalFileName: UrlMon.dll
Hashes: SHA1=E20F47594B506E7F66451F86DC3D27ACFBE50690,MD5=4F65F3E866588D1F98279B80D79073D8,SHA256=BA66D852C1EE342E2863FFD42B01E1041CE099EADE6CCCBBB8E64C6475B8958E,IMPHASH=4572A0DE6D775598EF7BE4A1A20049FB
Signed: true
Signature: Microsoft Windows
SignatureStatus: Valid
User: WIN10DEMO\jolly"
Information,4/25/2026 5:32:32 PM,Microsoft-Windows-Sysmon,7,Image loaded (rule: ImageLoad),"Image loaded:
RuleName: -
UtcTime: 2026-04-25 07:32:18.689
ProcessGuid: {9172be70-6df6-69ec-e300-000000001f00}
ProcessId: 5776
Image: C:\Users\jolly\AppData\Local\Microsoft\OneDrive\OneDrive.exe
ImageLoaded: C:\Windows\System32\urlmon.dll
FileVersion: 11.00.19041.6456 (WinBuild.160101.0800)
Description: OLE32 Extensions for Win32
Product: Internet Explorer
Company: Microsoft Corporation
OriginalFileName: UrlMon.dll
Hashes: SHA1=E20F47594B506E7F66451F86DC3D27ACFBE50690,MD5=4F65F3E866588D1F98279B80D79073D8,SHA256=BA66D852C1EE342E2863FFD42B01E1041CE099EADE6CCCBBB8E64C6475B8958E,IMPHASH=4572A0DE6D775598EF7BE4A1A20049FB
Signed: true
Signature: Microsoft Windows
SignatureStatus: Valid
User: WIN10DEMO\jolly"
Information,4/25/2026 5:32:32 PM,Microsoft-Windows-Sysmon,7,Image loaded (rule: ImageLoad),"Image loaded:
RuleName: -
UtcTime: 2026-04-25 07:32:23.698
ProcessGuid: {9172be70-6e03-69ec-ea00-000000001f00}
ProcessId: 2408
Image: C:\Program Files\WindowsApps\Microsoft.MicrosoftOfficeHub_19.2604.38251.0_x64__8wekyb3d8bbwe\M365Copilot.exe
ImageLoaded: C:\Windows\System32\urlmon.dll
FileVersion: 11.00.19041.6456 (WinBuild.160101.0800)
Description: OLE32 Extensions for Win32
Product: Internet Explorer
Company: Microsoft Corporation
OriginalFileName: UrlMon.dll
Hashes: SHA1=E20F47594B506E7F66451F86DC3D27ACFBE50690,MD5=4F65F3E866588D1F98279B80D79073D8,SHA256=BA66D852C1EE342E2863FFD42B01E1041CE099EADE6CCCBBB8E64C6475B8958E,IMPHASH=4572A0DE6D775598EF7BE4A1A20049FB
Signed: true
Signature: Microsoft Windows
SignatureStatus: Valid
User: WIN10DEMO\jolly"
Information,4/25/2026 5:32:32 PM,Microsoft-Windows-Sysmon,7,Image loaded (rule: ImageLoad),"Image loaded:
RuleName: technique_id=T1574.002,technique_name=DLL Side-Loading
UtcTime: 2026-04-25 07:32:15.148
ProcessGuid: {9172be70-6df6-69ec-e300-000000001f00}
ProcessId: 5776
Image: C:\Users\jolly\AppData\Local\Microsoft\OneDrive\OneDrive.exe
ImageLoaded: C:\Users\jolly\AppData\Local\Microsoft\OneDrive\26.051.0316.0004\msvcp140_atomic_wait.dll
FileVersion: 14.50.35717.0
Description: Microsoft® C Runtime Library _atomic_wait
Product: Microsoft® Visual Studio®
Company: Microsoft Corporation
OriginalFileName: msvcp140_atomic_wait.dll
Hashes: SHA1=FB4D0FAA38BD85B2EC8D29C1DFD39F3899450854,MD5=C50BE8658D68666426CEB9383C5A7D07,SHA256=3915C8830EC638203282B2EAFA3AB0378A2D8C617A05322ABF0D42CDA973ACB6,IMPHASH=2DD8B33E8D0AE15111EDCC5FE4982D9D
Signed: true
Signature: Microsoft Corporation
SignatureStatus: Valid
User: WIN10DEMO\jolly"
Information,4/25/2026 5:32:32 PM,Microsoft-Windows-Sysmon,7,Image loaded (rule: ImageLoad),"Image loaded:
RuleName: technique_id=T1574.002,technique_name=DLL Side-Loading
UtcTime: 2026-04-25 07:32:14.926
ProcessGuid: {9172be70-6df6-69ec-e300-000000001f00}
ProcessId: 5776
Image: C:\Users\jolly\AppData\Local\Microsoft\OneDrive\OneDrive.exe
ImageLoaded: C:\Users\jolly\AppData\Local\Microsoft\OneDrive\26.051.0316.0004\FileSyncClient.dll
FileVersion: 26.051.0316.0004
Description: Microsoft OneDrive Client
Product: Microsoft OneDrive
Company: Microsoft Corporation
OriginalFileName: FileSyncClient.dll
Hashes: SHA1=4F69C89084BD94C20860A15D09228805D0EA4198,MD5=B083304F1B5A978373AFA81797512E2D,SHA256=2C1E6BB31B6EE2C345E608A6C2570B1EBFAEFE7633E852C4880B7F7B64E41C2D,IMPHASH=5BF177DC43B8E0AB42DF5C1CB02FD9AF
Signed: true
Signature: Microsoft Corporation
SignatureStatus: Valid
User: WIN10DEMO\jolly"
Information,4/25/2026 5:32:31 PM,Microsoft-Windows-Sysmon,7,Image loaded (rule: ImageLoad),"Image loaded:
RuleName: technique_id=T1574.002,technique_name=DLL Side-Loading
UtcTime: 2026-04-25 07:32:13.803
ProcessGuid: {9172be70-6df6-69ec-e300-000000001f00}
ProcessId: 5776
Image: C:\Users\jolly\AppData\Local\Microsoft\OneDrive\OneDrive.exe
ImageLoaded: C:\Users\jolly\AppData\Local\Microsoft\OneDrive\26.051.0316.0004\FileSyncTelemetryExtensions.dll
FileVersion: 26.051.0316.0004
Description: TelemetryExtensions Library
Product: Microsoft OneDrive
Company: Microsoft Corporation
OriginalFileName: FileSyncTelemetryExtensions.dll
Hashes: SHA1=44D1D0A10A7BC51693A9BF5C911C3B3F1681A46B,MD5=FAC85E21D8F15071AE4B41199DDD9FF5,SHA256=63CDD43C02898D4ADCC948552593A5BC54FF927CD1F221F1BA3FD876307026A5,IMPHASH=0E57CE21412F6C9093DE90251D95F1A0
Signed: true
Signature: Microsoft Corporation
SignatureStatus: Valid
User: WIN10DEMO\jolly"
Information,4/25/2026 5:32:31 PM,Microsoft-Windows-Sysmon,7,Image loaded (rule: ImageLoad),"Image loaded:
RuleName: technique_id=T1574.002,technique_name=DLL Side-Loading
UtcTime: 2026-04-25 07:32:12.634
ProcessGuid: {9172be70-6df6-69ec-e300-000000001f00}
ProcessId: 5776
Image: C:\Users\jolly\AppData\Local\Microsoft\OneDrive\OneDrive.exe
ImageLoaded: C:\Users\jolly\AppData\Local\Microsoft\OneDrive\26.051.0316.0004\OneDriveTelemetryStable.dll
FileVersion: 26.051.0316.0004
Description: OneDriveTelemetry Stable DLL
Product: Microsoft OneDrive
Company: Microsoft Corporation
OriginalFileName: OneDriveTelemetryStable.dll
Hashes: SHA1=70148DDC5D5F166F200C1F5FDD0C017648F54A01,MD5=327202EEBA471C0B87F3FC17B6F44244,SHA256=4159397E2166A7EB7EBF279EEA549417E7DF9F35DA34EFD212D553708FE4E1E9,IMPHASH=060C58E24ADA6DF05900343230BF49C0
Signed: true
Signature: Microsoft Corporation
SignatureStatus: Valid
User: WIN10DEMO\jolly"
Information,4/25/2026 5:32:31 PM,Microsoft-Windows-Sysmon,7,Image loaded (rule: ImageLoad),"Image loaded:
RuleName: technique_id=T1574.002,technique_name=DLL Side-Loading
UtcTime: 2026-04-25 07:32:11.457
ProcessGuid: {9172be70-6df6-69ec-e300-000000001f00}
ProcessId: 5776
Image: C:\Users\jolly\AppData\Local\Microsoft\OneDrive\OneDrive.exe
ImageLoaded: C:\Users\jolly\AppData\Local\Microsoft\OneDrive\26.051.0316.0004\LoggingPlatform.dll
FileVersion: 26.051.0316.0004
Description: Logging Platform
Product: Microsoft OneDrive
Company: Microsoft Corporation
OriginalFileName: LoggingPlatform.dll
Hashes: SHA1=88A441015F95734952B6D0107B0CCDE85BFBCD99,MD5=A32AEBCC07025CEE4987BFF195B07F72,SHA256=4DE36F8AC27F1F97D52B456D48F262202A5854E644561E3AD6A066EF3617D63D,IMPHASH=10CFE69683EAAD778CB745A8A2141D1F
Signed: true
Signature: Microsoft Corporation
SignatureStatus: Valid
User: WIN10DEMO\jolly"
Information,4/25/2026 5:32:31 PM,Microsoft-Windows-Sysmon,22,Dns query (rule: DnsQuery),"Dns query:
RuleName: -
UtcTime: 2026-04-25 07:32:44.682
ProcessGuid: {9172be70-6df6-69ec-e300-000000001f00}
ProcessId: 5776
QueryName: ecs.office.com
QueryStatus: 1460
QueryResults: -
Image: C:\Users\jolly\AppData\Local\Microsoft\OneDrive\OneDrive.exe
User: WIN10DEMO\jolly"
Information,4/25/2026 5:32:31 PM,Microsoft-Windows-Sysmon,7,Image loaded (rule: ImageLoad),"Image loaded:
RuleName: technique_id=T1574.002,technique_name=DLL Side-Loading
UtcTime: 2026-04-25 07:32:11.156
ProcessGuid: {9172be70-6df6-69ec-e300-000000001f00}
ProcessId: 5776
Image: C:\Users\jolly\AppData\Local\Microsoft\OneDrive\OneDrive.exe
ImageLoaded: C:\Users\jolly\AppData\Local\Microsoft\OneDrive\26.051.0316.0004\msvcp140.dll
FileVersion: 14.50.35717.0
Description: Microsoft® C Runtime Library
Product: Microsoft® Visual Studio®
Company: Microsoft Corporation
OriginalFileName: msvcp140.dll
Hashes: SHA1=314A46D95C284B3EC16D63011A155EF14F8DA5A7,MD5=AC8C6C8F84A01C45A02CC59075CC8636,SHA256=FBC76265FE94360770149B2EE010A083BD41610092A48D331E4A50ADE40B2972,IMPHASH=98261F6662FEE22446967EAA5226EE3A
Signed: true
Signature: Microsoft Corporation
SignatureStatus: Valid
User: WIN10DEMO\jolly"
Information,4/25/2026 5:32:31 PM,Microsoft-Windows-Sysmon,7,Image loaded (rule: ImageLoad),"Image loaded:
RuleName: technique_id=T1574.002,technique_name=DLL Side-Loading
UtcTime: 2026-04-25 07:32:10.915
ProcessGuid: {9172be70-6df6-69ec-e300-000000001f00}
ProcessId: 5776
Image: C:\Users\jolly\AppData\Local\Microsoft\OneDrive\OneDrive.exe
ImageLoaded: C:\Users\jolly\AppData\Local\Microsoft\OneDrive\26.051.0316.0004\vcruntime140.dll
FileVersion: 14.50.35717.0
Description: Microsoft® C Runtime Library
Product: Microsoft® Visual Studio®
Company: Microsoft Corporation
OriginalFileName: vcruntime140.dll
Hashes: SHA1=762B45DB20290A54E83861456D3E40AC6C9601B9,MD5=1756E382708D39AD4C216B468F91DB11,SHA256=911E0D4A1754B1D9F8F7A577729D2BA74DD405B8027FCF4DF5841626F270D19D,IMPHASH=CFD5D6CB7ECDAFFF3769E90C815D91D2
Signed: true
Signature: Microsoft Corporation
SignatureStatus: Valid
User: WIN10DEMO\jolly"
Information,4/25/2026 5:32:31 PM,Microsoft-Windows-Sysmon,7,Image loaded (rule: ImageLoad),"Image loaded:
RuleName: technique_id=T1574.002,technique_name=DLL Side-Loading
UtcTime: 2026-04-25 07:32:10.915
ProcessGuid: {9172be70-6df6-69ec-e300-000000001f00}
ProcessId: 5776
Image: C:\Users\jolly\AppData\Local\Microsoft\OneDrive\OneDrive.exe
ImageLoaded: C:\Users\jolly\AppData\Local\Microsoft\OneDrive\26.051.0316.0004\vcruntime140.dll
FileVersion: 14.50.35717.0
Description: Microsoft® C Runtime Library
Product: Microsoft® Visual Studio®
Company: Microsoft Corporation
OriginalFileName: vcruntime140.dll
Hashes: SHA1=762B45DB20290A54E83861456D3E40AC6C9601B9,MD5=1756E382708D39AD4C216B468F91DB11,SHA256=911E0D4A1754B1D9F8F7A577729D2BA74DD405B8027FCF4DF5841626F270D19D,IMPHASH=CFD5D6CB7ECDAFFF3769E90C815D91D2
Signed: true
Signature: Microsoft Corporation
SignatureStatus: Valid
User: WIN10DEMO\jolly"
Information,4/25/2026 5:32:31 PM,Microsoft-Windows-Sysmon,7,Image loaded (rule: ImageLoad),"Image loaded:
RuleName: technique_id=T1574.002,technique_name=DLL Side-Loading
UtcTime: 2026-04-25 07:32:10.840
ProcessGuid: {9172be70-6df6-69ec-e300-000000001f00}
ProcessId: 5776
Image: C:\Users\jolly\AppData\Local\Microsoft\OneDrive\OneDrive.exe
ImageLoaded: C:\Users\jolly\AppData\Local\Microsoft\OneDrive\26.051.0316.0004\vcruntime140_1.dll
FileVersion: 14.50.35717.0
Description: Microsoft® C Runtime Library
Product: Microsoft® Visual Studio®
Company: Microsoft Corporation
OriginalFileName: vcruntime140_1.dll
Hashes: SHA1=8F80898D75E7C84977BBFDE2D4EE5CCE284D0CE0,MD5=70DCBDA25747DC5A10EFB5465DE4E9ED,SHA256=6CE58E7B441FB7ADC7FFFEB14C73502365EA13905EB2DCE2520154D45E58F570,IMPHASH=F40F99423FB23779E530408661A19260
Signed: true
Signature: Microsoft Corporation
SignatureStatus: Valid
User: WIN10DEMO\jolly"
Information,4/25/2026 5:32:31 PM,Microsoft-Windows-Sysmon,7,Image loaded (rule: ImageLoad),"Image loaded:
RuleName: technique_id=T1574.002,technique_name=DLL Side-Loading
UtcTime: 2026-04-25 07:32:10.785
ProcessGuid: {9172be70-6df6-69ec-e300-000000001f00}
ProcessId: 5776
Image: C:\Users\jolly\AppData\Local\Microsoft\OneDrive\OneDrive.exe
ImageLoaded: C:\Users\jolly\AppData\Local\Microsoft\OneDrive\26.051.0316.0004\FileSyncRNWin32Lib.dll
FileVersion: 0.71.35.25304
Description: Microsoft OneDrive React Native Windows Win32 Library
Product: Microsoft OneDrive
Company: Microsoft Corporation
OriginalFileName: FileSyncRNWin32Lib.dll
Hashes: SHA1=EEE9EA4D28D93641DA1CBCDD2A905414705100F3,MD5=A3B7A78241A76B8262A5557F161462EA,SHA256=C07F782768BE5D5FE921D990AE9164A9CF8E1A0FFAA34BEEDDF1024E52818C8B,IMPHASH=46525AB40014E334ADD7D1E2F85C5BBA
Signed: true
Signature: Microsoft Corporation
SignatureStatus: Valid
User: WIN10DEMO\jolly"
Information,4/25/2026 5:32:31 PM,Microsoft-Windows-Sysmon,7,Image loaded (rule: ImageLoad),"Image loaded:
RuleName: technique_id=T1574.002,technique_name=DLL Side-Loading
UtcTime: 2026-04-25 07:32:10.577
ProcessGuid: {9172be70-6df6-69ec-e300-000000001f00}
ProcessId: 5776
Image: C:\Users\jolly\AppData\Local\Microsoft\OneDrive\OneDrive.exe
ImageLoaded: C:\Users\jolly\AppData\Local\Microsoft\OneDrive\26.051.0316.0004\ucrtbase.dll
FileVersion: 10.0.22621.2428 (WinBuild.160101.0800)
Description: Microsoft® C Runtime Library
Product: Microsoft® Windows® Operating System
Company: Microsoft Corporation
OriginalFileName: ucrtbase.dll
Hashes: SHA1=F122594B2FF1E4E6E90D3F1B09E259810FA240EA,MD5=B95303E2025034C9776C299F5643F6DA,SHA256=AAE189DF96B16DF89D04F34F7C76E47194329DB7DD8104E7B448527E33048936,IMPHASH=1D85FB9CE80726BDA08CAF2946EF5F93
Signed: true
Signature: Microsoft Corporation
SignatureStatus: Valid
User: WIN10DEMO\jolly"
Information,4/25/2026 5:32:30 PM,Microsoft-Windows-Sysmon,7,Image loaded (rule: ImageLoad),"Image loaded:
RuleName: technique_id=T1574.002,technique_name=DLL Side-Loading
UtcTime: 2026-04-25 07:32:07.447
ProcessGuid: {9172be70-6df6-69ec-e300-000000001f00}
ProcessId: 5776
Image: C:\Users\jolly\AppData\Local\Microsoft\OneDrive\OneDrive.exe
ImageLoaded: C:\Users\jolly\AppData\Local\Microsoft\OneDrive\OneDrive.exe
FileVersion: 26.051.0316.0004
Description: Microsoft OneDrive
Product: Microsoft OneDrive
Company: Microsoft Corporation
OriginalFileName: OneDrive.exe
Hashes: SHA1=FAAAD343C8EAE68B8CA825820DD1109BCA08EF77,MD5=D2F114F3DA8EE37EB898F30D53C2101D,SHA256=09A30932338A6FD5DFF6E676918691C2F06C96B80F610A65F57A7C1D2D884FCF,IMPHASH=1B89F770392FFF4CD342F4FA67A66DF4
Signed: true
Signature: Microsoft Corporation
SignatureStatus: Valid
User: WIN10DEMO\jolly"
Information,4/25/2026 5:32:30 PM,Microsoft-Windows-Sysmon,1,Process Create (rule: ProcessCreate),"Process Create:
RuleName: technique_id=T1083,technique_name=File and Directory Discovery
UtcTime: 2026-04-25 07:32:30.295
ProcessGuid: {9172be70-6e0e-69ec-f000-000000001f00}
ProcessId: 4800
Image: C:\Program Files (x86)\Microsoft\EdgeWebView\Application\146.0.3856.109\msedgewebview2.exe
FileVersion: 146.0.3856.109
Description: Microsoft Edge WebView2
Product: Microsoft Edge WebView2
Company: Microsoft Corporation
OriginalFileName: msedgewebview2.exe
CommandLine: ""C:\Program Files (x86)\Microsoft\EdgeWebView\Application\146.0.3856.109\msedgewebview2.exe"" --type=crashpad-handler --user-data-dir=C:\Users\jolly\AppData\Local\Packages\Microsoft.MicrosoftOfficeHub_8wekyb3d8bbwe\LocalState\EBWebView /prefetch:4 --monitor-self-annotation=ptype=crashpad-handler --database=C:\Users\jolly\AppData\Local\Packages\Microsoft.MicrosoftOfficeHub_8wekyb3d8bbwe\LocalState\EBWebView\Crashpad --annotation=IsOfficialBuild=1 --annotation=channel= --annotation=chromium-version=146.0.7680.179 ""--annotation=exe=C:\Program Files (x86)\Microsoft\EdgeWebView\Application\146.0.3856.109\msedgewebview2.exe"" --annotation=plat=Win64 ""--annotation=prod=Edge WebView2"" --annotation=ver=146.0.3856.109 --initial-client-data=0x178,0x17c,0x180,0x154,0x188,0x7ff83bd334d8,0x7ff83bd334e4,0x7ff83bd334f0
CurrentDirectory: C:\Program Files (x86)\Microsoft\EdgeWebView\Application\146.0.3856.109\
User: WIN10DEMO\jolly
LogonGuid: {9172be70-6dc0-69ec-2306-040000000000}
LogonId: 0x40623
TerminalSessionId: 1
IntegrityLevel: Medium
Hashes: SHA1=516E5FF797C1E3424E641F74BC0A95CE21C11710,MD5=4D01E2CFBA75938D82A4AA45FFFEB291,SHA256=29CE36EA7A746028BC637095F1068BC29FAC83FC677716FF052B56E913DCE6B7,IMPHASH=82DA08246FA01D20B9DB5C9DDBE8B38C
ParentProcessGuid: {9172be70-6e0d-69ec-ef00-000000001f00}
ParentProcessId: 6348
ParentImage: C:\Program Files (x86)\Microsoft\EdgeWebView\Application\146.0.3856.109\msedgewebview2.exe
ParentCommandLine: ""C:\Program Files (x86)\Microsoft\EdgeWebView\Application\146.0.3856.109\msedgewebview2.exe"" --embedded-browser-webview=1 --webview-exe-name=M365Copilot.exe --webview-exe-version=19.2604.38251.0 --user-data-dir=""C:\Users\jolly\AppData\Local\Packages\Microsoft.MicrosoftOfficeHub_8wekyb3d8bbwe\LocalState\EBWebView"" --noerrdialogs --embedded-browser-webview-dpi-awareness=2 --disable-features=msEnhancedTrackingPreventionEnabled --enable-features=msSingleSignOnOSForPrimaryAccountIsShared --mojo-named-platform-channel-pipe=2408.3868.7952138114952833211
ParentUser: WIN10DEMO\jolly"
Information,4/25/2026 5:32:30 PM,Microsoft-Windows-Sysmon,17,Pipe Created (rule: PipeEvent),"Pipe Created:
RuleName: -
EventType: CreatePipe
UtcTime: 2026-04-25 07:32:30.274
ProcessGuid: {9172be70-6e0d-69ec-ef00-000000001f00}
ProcessId: 6348
PipeName: \crashpad_6348_CQTJORESRNCPEGWF
Image: C:\Program Files (x86)\Microsoft\EdgeWebView\Application\146.0.3856.109\msedgewebview2.exe
User: WIN10DEMO\jolly"
Information,4/25/2026 5:32:29 PM,Microsoft-Windows-Sysmon,1,Process Create (rule: ProcessCreate),"Process Create:
RuleName: technique_id=T1083,technique_name=File and Directory Discovery
UtcTime: 2026-04-25 07:32:29.413
ProcessGuid: {9172be70-6e0d-69ec-ef00-000000001f00}
ProcessId: 6348
Image: C:\Program Files (x86)\Microsoft\EdgeWebView\Application\146.0.3856.109\msedgewebview2.exe
FileVersion: 146.0.3856.109
Description: Microsoft Edge WebView2
Product: Microsoft Edge WebView2
Company: Microsoft Corporation
OriginalFileName: msedgewebview2.exe
CommandLine: ""C:\Program Files (x86)\Microsoft\EdgeWebView\Application\146.0.3856.109\msedgewebview2.exe"" --embedded-browser-webview=1 --webview-exe-name=M365Copilot.exe --webview-exe-version=19.2604.38251.0 --user-data-dir=""C:\Users\jolly\AppData\Local\Packages\Microsoft.MicrosoftOfficeHub_8wekyb3d8bbwe\LocalState\EBWebView"" --noerrdialogs --embedded-browser-webview-dpi-awareness=2 --disable-features=msEnhancedTrackingPreventionEnabled --enable-features=msSingleSignOnOSForPrimaryAccountIsShared --mojo-named-platform-channel-pipe=2408.3868.7952138114952833211
CurrentDirectory: C:\Windows\system32\
User: WIN10DEMO\jolly
LogonGuid: {9172be70-6dc0-69ec-2306-040000000000}
LogonId: 0x40623
TerminalSessionId: 1
IntegrityLevel: Medium
Hashes: SHA1=516E5FF797C1E3424E641F74BC0A95CE21C11710,MD5=4D01E2CFBA75938D82A4AA45FFFEB291,SHA256=29CE36EA7A746028BC637095F1068BC29FAC83FC677716FF052B56E913DCE6B7,IMPHASH=82DA08246FA01D20B9DB5C9DDBE8B38C
ParentProcessGuid: {9172be70-6e03-69ec-ea00-000000001f00}
ParentProcessId: 2408
ParentImage: C:\Program Files\WindowsApps\Microsoft.MicrosoftOfficeHub_19.2604.38251.0_x64__8wekyb3d8bbwe\M365Copilot.exe
ParentCommandLine: ""C:\Program Files\WindowsApps\Microsoft.MicrosoftOfficeHub_19.2604.38251.0_x64__8wekyb3d8bbwe\M365Copilot.exe"" ms-getoffice: autostart reason=AutoStarter
ParentUser: WIN10DEMO\jolly"
Information,4/25/2026 5:32:29 PM,Microsoft-Windows-Sysmon,10,Process accessed (rule: ProcessAccess),"Process accessed:
RuleName: technique_id=T1055.001,technique_name=Dynamic-link Library Injection
UtcTime: 2026-04-25 07:32:29.408
SourceProcessGUID: {9172be70-6dcd-69ec-a300-000000001f00}
SourceProcessId: 5648
SourceThreadId: 5916
SourceImage: C:\Windows\Explorer.EXE
TargetProcessGUID: {9172be70-6df6-69ec-e300-000000001f00}
TargetProcessId: 5776
TargetImage: C:\Users\jolly\AppData\Local\Microsoft\OneDrive\OneDrive.exe
GrantedAccess: 0x1410
CallTrace: C:\Windows\SYSTEM32\ntdll.dll+9da64|C:\Windows\System32\KERNELBASE.dll+28d3e|C:\Windows\System32\appresolver.dll+26801|C:\Windows\System32\appresolver.dll+237c7|C:\Windows\System32\appresolver.dll+23506|C:\Windows\Explorer.EXE+75c0d|C:\Windows\Explorer.EXE+5ab8f|C:\Windows\Explorer.EXE+4518b|C:\Windows\Explorer.EXE+43d10|C:\Windows\Explorer.EXE+57323|C:\Windows\Explorer.EXE+56f54|C:\Windows\Explorer.EXE+6478a|C:\Windows\Explorer.EXE+7ddf8|C:\Windows\System32\user32.dll+ef5c|C:\Windows\System32\user32.dll+e8cc|C:\Windows\System32\user32.dll+22d80|C:\Windows\SYSTEM32\ntdll.dll+a1424|UNKNOWN(FFFFF8052723D935)|UNKNOWN(FFFFFE8D90B1403B)|UNKNOWN(FFFFFE8D90B49F84)|UNKNOWN(FFFFFE8D90B49314)|UNKNOWN(FFFFFE8D90B45C18)|UNKNOWN(FFFFFE8D90B45618)|UNKNOWN(FFFFFE8D8FFA71AE)
SourceUser: WIN10DEMO\jolly
TargetUser: WIN10DEMO\jolly"
Information,4/25/2026 5:32:29 PM,Microsoft-Windows-Sysmon,17,Pipe Created (rule: PipeEvent),"Pipe Created:
RuleName: -
EventType: CreatePipe
UtcTime: 2026-04-25 07:32:29.391
ProcessGuid: {9172be70-6e03-69ec-ea00-000000001f00}
ProcessId: 2408
PipeName: \LOCAL\mojo.2408.3868.7952138114952833211
Image: C:\Program Files\WindowsApps\Microsoft.MicrosoftOfficeHub_19.2604.38251.0_x64__8wekyb3d8bbwe\M365Copilot.exe
User: WIN10DEMO\jolly"
Information,4/25/2026 5:32:27 PM,Microsoft-Windows-Sysmon,1,Process Create (rule: ProcessCreate),"Process Create:
RuleName: technique_id=T1083,technique_name=File and Directory Discovery
UtcTime: 2026-04-25 07:32:27.922
ProcessGuid: {9172be70-6e0b-69ec-ec00-000000001f00}
ProcessId: 4596
Image: C:\Windows\System32\svchost.exe
FileVersion: 10.0.19041.5794 (WinBuild.160101.0800)
Description: Host Process for Windows Services
Product: Microsoft® Windows® Operating System
Company: Microsoft Corporation
OriginalFileName: svchost.exe
CommandLine: C:\Windows\system32\svchost.exe -k LocalService -p -s CaptureService
CurrentDirectory: C:\Windows\system32\
User: WIN10DEMO\jolly
LogonGuid: {9172be70-6dc0-69ec-2306-040000000000}
LogonId: 0x40623
TerminalSessionId: 1
IntegrityLevel: Medium
Hashes: SHA1=BD4068A70BEEAE18195EDBDCD2837F2F43D254E6,MD5=3D1034D6ED3DAED60816A25C561E8C83,SHA256=B0B36BFF7AE4057F687D839CD4B3D81159AB646F1EE1B22106A927E93DECBB61,IMPHASH=F9BBD96FAE53B7A31264A703CAFA0666
ParentProcessGuid: {9172be70-6da8-69ec-0b00-000000001f00}
ParentProcessId: 696
ParentImage: C:\Windows\System32\services.exe
ParentCommandLine: C:\Windows\system32\services.exe
ParentUser: NT AUTHORITY\SYSTEM"
Information,4/25/2026 5:32:27 PM,Microsoft-Windows-Sysmon,13,Registry value set (rule: RegistryEvent),"Registry value set:
RuleName: -
EventType: SetValue
UtcTime: 2026-04-25 07:32:27.616
ProcessGuid: {9172be70-6da9-69ec-0d00-000000001f00}
ProcessId: 844
Image: C:\Windows\system32\svchost.exe
TargetObject: HKLM\System\CurrentControlSet\Services\bam\State\UserSettings\S-1-5-21-1156564983-231300539-2099510246-1000\Microsoft.MicrosoftOfficeHub_8wekyb3d8bbwe
Details: Binary Data
User: NT AUTHORITY\SYSTEM"
Information,4/25/2026 5:32:26 PM,Microsoft-Windows-Sysmon,11,File created (rule: FileCreate),"File created:
RuleName: technique_id=T1574.010,technique_name=Services File Permissions Weakness
UtcTime: 2026-04-25 07:32:26.621
ProcessGuid: {9172be70-6db3-69ec-3f00-000000001f00}
ProcessId: 2004
Image: C:\Windows\System32\svchost.exe
TargetFilename: C:\Windows\System32\WDI\{86432a0b-3c7d-4ddf-a89c-172faa90485d}\{0aaa5718-2051-45c1-9c0f-f7b864d1a816}\snapshot.etl
CreationUtcTime: 2026-04-25 07:32:26.621
User: NT AUTHORITY\LOCAL SERVICE"
Information,4/25/2026 5:32:26 PM,Microsoft-Windows-Sysmon,11,File created (rule: FileCreate),"File created:
RuleName: technique_id=T1574.010,technique_name=Services File Permissions Weakness
UtcTime: 2026-04-25 07:32:26.509
ProcessGuid: {9172be70-6db3-69ec-3f00-000000001f00}
ProcessId: 2004
Image: C:\Windows\System32\svchost.exe
TargetFilename: C:\Windows\System32\WDI\{86432a0b-3c7d-4ddf-a89c-172faa90485d}\{0aaa5718-2051-45c1-9c0f-f7b864d1a816}
CreationUtcTime: 2026-04-25 07:32:26.509
User: NT AUTHORITY\LOCAL SERVICE"
Information,4/25/2026 5:32:25 PM,Microsoft-Windows-Sysmon,13,Registry value set (rule: RegistryEvent),"Registry value set:
RuleName: -
EventType: SetValue
UtcTime: 2026-04-25 07:32:25.554
ProcessGuid: {9172be70-6df6-69ec-e300-000000001f00}
ProcessId: 5776
Image: C:\Users\jolly\AppData\Local\Microsoft\OneDrive\OneDrive.exe
TargetObject: HKU\S-1-5-21-1156564983-231300539-2099510246-1000_Classes\grvopen\shell\open\command\(Default)
Details: ""C:\Users\jolly\AppData\Local\Microsoft\OneDrive\OneDrive.exe"" /url:""Incorrect function.""
User: WIN10DEMO\jolly"
Information,4/25/2026 5:32:25 PM,Microsoft-Windows-Sysmon,13,Registry value set (rule: RegistryEvent),"Registry value set:
RuleName: -
EventType: SetValue
UtcTime: 2026-04-25 07:32:25.554
ProcessGuid: {9172be70-6df6-69ec-e300-000000001f00}
ProcessId: 5776
Image: C:\Users\jolly\AppData\Local\Microsoft\OneDrive\OneDrive.exe
TargetObject: HKU\S-1-5-21-1156564983-231300539-2099510246-1000_Classes\grvopen\shell\open\command\(Default)
Details: ""C:\Users\jolly\AppData\Local\Microsoft\OneDrive\OneDrive.exe"" /url:""Incorrect function.""
User: WIN10DEMO\jolly"
Information,4/25/2026 5:32:25 PM,Microsoft-Windows-Sysmon,13,Registry value set (rule: RegistryEvent),"Registry value set:
RuleName: -
EventType: SetValue
UtcTime: 2026-04-25 07:32:25.554
ProcessGuid: {9172be70-6df6-69ec-e300-000000001f00}
ProcessId: 5776
Image: C:\Users\jolly\AppData\Local\Microsoft\OneDrive\OneDrive.exe
TargetObject: HKU\S-1-5-21-1156564983-231300539-2099510246-1000_Classes\odopen\shell\open\command\(Default)
Details: ""C:\Users\jolly\AppData\Local\Microsoft\OneDrive\OneDrive.exe"" /url:""Incorrect function.""
User: WIN10DEMO\jolly"
Information,4/25/2026 5:32:25 PM,Microsoft-Windows-Sysmon,13,Registry value set (rule: RegistryEvent),"Registry value set:
RuleName: -
EventType: SetValue
UtcTime: 2026-04-25 07:32:25.554
ProcessGuid: {9172be70-6df6-69ec-e300-000000001f00}
ProcessId: 5776
Image: C:\Users\jolly\AppData\Local\Microsoft\OneDrive\OneDrive.exe
TargetObject: HKU\S-1-5-21-1156564983-231300539-2099510246-1000_Classes\odopen\shell\open\command\(Default)
Details: ""C:\Users\jolly\AppData\Local\Microsoft\OneDrive\OneDrive.exe"" /url:""Incorrect function.""
User: WIN10DEMO\jolly"
Information,4/25/2026 5:32:25 PM,Microsoft-Windows-Sysmon,12,Registry object added or deleted (rule: RegistryEvent),"Registry object added or deleted:
RuleName: -
EventType: DeleteKey
UtcTime: 2026-04-25 07:32:25.554
ProcessGuid: {9172be70-6df6-69ec-e300-000000001f00}
ProcessId: 5776
Image: C:\Users\jolly\AppData\Local\Microsoft\OneDrive\OneDrive.exe
TargetObject: HKU\S-1-5-21-1156564983-231300539-2099510246-1000_Classes\odopen\shell\open\command
User: WIN10DEMO\jolly"
Information,4/25/2026 5:32:25 PM,Microsoft-Windows-Sysmon,13,Registry value set (rule: RegistryEvent),"Registry value set:
RuleName: -
EventType: SetValue
UtcTime: 2026-04-25 07:32:25.554
ProcessGuid: {9172be70-6df6-69ec-e300-000000001f00}
ProcessId: 5776
Image: C:\Users\jolly\AppData\Local\Microsoft\OneDrive\OneDrive.exe
TargetObject: HKU\S-1-5-21-1156564983-231300539-2099510246-1000_Classes\lnkfile\shellex\ContextMenuHandlers\ FileSyncEx\(Default)
Details: {CB3D0F55-BC2C-4C1A-85ED-23ED75B5106B}
User: WIN10DEMO\jolly"
Information,4/25/2026 5:32:25 PM,Microsoft-Windows-Sysmon,13,Registry value set (rule: RegistryEvent),"Registry value set:
RuleName: -
EventType: SetValue
UtcTime: 2026-04-25 07:32:25.554
ProcessGuid: {9172be70-6df6-69ec-e300-000000001f00}
ProcessId: 5776
Image: C:\Users\jolly\AppData\Local\Microsoft\OneDrive\OneDrive.exe
TargetObject: HKU\S-1-5-21-1156564983-231300539-2099510246-1000_Classes\lnkfile\shellex\ContextMenuHandlers\ FileSyncEx\(Default)
Details: {CB3D0F55-BC2C-4C1A-85ED-23ED75B5106B}
User: WIN10DEMO\jolly"
Information,4/25/2026 5:32:25 PM,Microsoft-Windows-Sysmon,13,Registry value set (rule: RegistryEvent),"Registry value set:
RuleName: -
EventType: SetValue
UtcTime: 2026-04-25 07:32:25.554
ProcessGuid: {9172be70-6df6-69ec-e300-000000001f00}
ProcessId: 5776
Image: C:\Users\jolly\AppData\Local\Microsoft\OneDrive\OneDrive.exe
TargetObject: HKU\S-1-5-21-1156564983-231300539-2099510246-1000_Classes\IE.AssocFile.URL\shellex\ContextMenuHandlers\ FileSyncEx\(Default)
Details: {CB3D0F55-BC2C-4C1A-85ED-23ED75B5106B}
User: WIN10DEMO\jolly"
Information,4/25/2026 5:32:25 PM,Microsoft-Windows-Sysmon,13,Registry value set (rule: RegistryEvent),"Registry value set:
RuleName: -
EventType: SetValue
UtcTime: 2026-04-25 07:32:25.554
ProcessGuid: {9172be70-6df6-69ec-e300-000000001f00}
ProcessId: 5776
Image: C:\Users\jolly\AppData\Local\Microsoft\OneDrive\OneDrive.exe
TargetObject: HKU\S-1-5-21-1156564983-231300539-2099510246-1000_Classes\IE.AssocFile.URL\shellex\ContextMenuHandlers\ FileSyncEx\(Default)
Details: {CB3D0F55-BC2C-4C1A-85ED-23ED75B5106B}
User: WIN10DEMO\jolly"
Information,4/25/2026 5:32:25 PM,Microsoft-Windows-Sysmon,13,Registry value set (rule: RegistryEvent),"Registry value set:
RuleName: -
EventType: SetValue
UtcTime: 2026-04-25 07:32:25.554
ProcessGuid: {9172be70-6df6-69ec-e300-000000001f00}
ProcessId: 5776
Image: C:\Users\jolly\AppData\Local\Microsoft\OneDrive\OneDrive.exe
TargetObject: HKU\S-1-5-21-1156564983-231300539-2099510246-1000_Classes\Directory\shellex\ContextMenuHandlers\ FileSyncEx\(Default)
Details: {CB3D0F55-BC2C-4C1A-85ED-23ED75B5106B}
User: WIN10DEMO\jolly"
Information,4/25/2026 5:32:25 PM,Microsoft-Windows-Sysmon,13,Registry value set (rule: RegistryEvent),"Registry value set:
RuleName: -
EventType: SetValue
UtcTime: 2026-04-25 07:32:25.554
ProcessGuid: {9172be70-6df6-69ec-e300-000000001f00}
ProcessId: 5776
Image: C:\Users\jolly\AppData\Local\Microsoft\OneDrive\OneDrive.exe
TargetObject: HKU\S-1-5-21-1156564983-231300539-2099510246-1000_Classes\Directory\shellex\ContextMenuHandlers\ FileSyncEx\(Default)
Details: {CB3D0F55-BC2C-4C1A-85ED-23ED75B5106B}
User: WIN10DEMO\jolly"
Information,4/25/2026 5:32:25 PM,Microsoft-Windows-Sysmon,13,Registry value set (rule: RegistryEvent),"Registry value set:
RuleName: -
EventType: SetValue
UtcTime: 2026-04-25 07:32:25.554
ProcessGuid: {9172be70-6df6-69ec-e300-000000001f00}
ProcessId: 5776
Image: C:\Users\jolly\AppData\Local\Microsoft\OneDrive\OneDrive.exe
TargetObject: HKU\S-1-5-21-1156564983-231300539-2099510246-1000_Classes\Directory\Background\shellex\ContextMenuHandlers\ FileSyncEx\(Default)
Details: {CB3D0F55-BC2C-4C1A-85ED-23ED75B5106B}
User: WIN10DEMO\jolly"
Information,4/25/2026 5:32:25 PM,Microsoft-Windows-Sysmon,13,Registry value set (rule: RegistryEvent),"Registry value set:
RuleName: -
EventType: SetValue
UtcTime: 2026-04-25 07:32:25.554
ProcessGuid: {9172be70-6df6-69ec-e300-000000001f00}
ProcessId: 5776
Image: C:\Users\jolly\AppData\Local\Microsoft\OneDrive\OneDrive.exe
TargetObject: HKU\S-1-5-21-1156564983-231300539-2099510246-1000_Classes\Directory\Background\shellex\ContextMenuHandlers\ FileSyncEx\(Default)
Details: {CB3D0F55-BC2C-4C1A-85ED-23ED75B5106B}
User: WIN10DEMO\jolly"
Information,4/25/2026 5:32:25 PM,Microsoft-Windows-Sysmon,13,Registry value set (rule: RegistryEvent),"Registry value set:
RuleName: -
EventType: SetValue
UtcTime: 2026-04-25 07:32:25.554
ProcessGuid: {9172be70-6df6-69ec-e300-000000001f00}
ProcessId: 5776
Image: C:\Users\jolly\AppData\Local\Microsoft\OneDrive\OneDrive.exe
TargetObject: HKU\S-1-5-21-1156564983-231300539-2099510246-1000_Classes\*\shellex\ContextMenuHandlers\ FileSyncEx\(Default)
Details: {CB3D0F55-BC2C-4C1A-85ED-23ED75B5106B}
User: WIN10DEMO\jolly"
Information,4/25/2026 5:32:25 PM,Microsoft-Windows-Sysmon,13,Registry value set (rule: RegistryEvent),"Registry value set:
RuleName: -
EventType: SetValue
UtcTime: 2026-04-25 07:32:25.554
ProcessGuid: {9172be70-6df6-69ec-e300-000000001f00}
ProcessId: 5776
Image: C:\Users\jolly\AppData\Local\Microsoft\OneDrive\OneDrive.exe
TargetObject: HKU\S-1-5-21-1156564983-231300539-2099510246-1000_Classes\*\shellex\ContextMenuHandlers\ FileSyncEx\(Default)
Details: {CB3D0F55-BC2C-4C1A-85ED-23ED75B5106B}
User: WIN10DEMO\jolly"
Information,4/25/2026 5:32:24 PM,Microsoft-Windows-Sysmon,7,Image loaded (rule: ImageLoad),"Image loaded:
RuleName: technique_id=T1574.002,technique_name=DLL Side-Loading
UtcTime: 2026-04-25 07:31:41.526
ProcessGuid: {9172be70-6db3-69ec-4100-000000001f00}
ProcessId: 2012
Image: C:\Windows\System32\svchost.exe
ImageLoaded: C:\ProgramData\Microsoft\Windows Defender\Platform\4.18.26020.6-0\MpOAV.dll
FileVersion: 4.18.26020.6 (cd0aebd7c18a68cd2e3af14a117b45b178d088f4)
Description: IOfficeAntiVirus Module
Product: Microsoft® Windows® Operating System
Company: Microsoft Corporation
OriginalFileName: MpOAV.dll
Hashes: SHA1=8350F492FC8773C7AD990D4218D9AD1E0C7A3130,MD5=55DCD381DFBB9B84092E09B8D3A7A4CD,SHA256=4FE2F89B85BEE4455BECEF8450A6459B2F9AF50E991A86A8A863FA86AAC3F69E,IMPHASH=876F81A277BF4C5C958E4D3BDB07CFEB
Signed: true
Signature: Microsoft Windows
SignatureStatus: Valid
User: NT AUTHORITY\SYSTEM"
Information,4/25/2026 5:32:24 PM,Microsoft-Windows-Sysmon,7,Image loaded (rule: ImageLoad),"Image loaded:
RuleName: technique_id=T1574.002,technique_name=DLL Side-Loading
UtcTime: 2026-04-25 07:31:42.463
ProcessGuid: {9172be70-6db4-69ec-4700-000000001f00}
ProcessId: 3240
Image: C:\Windows\Sysmon64.exe
ImageLoaded: C:\ProgramData\Microsoft\Windows Defender\Platform\4.18.26020.6-0\MpOAV.dll
FileVersion: 4.18.26020.6 (cd0aebd7c18a68cd2e3af14a117b45b178d088f4)
Description: IOfficeAntiVirus Module
Product: Microsoft® Windows® Operating System
Company: Microsoft Corporation
OriginalFileName: MpOAV.dll
Hashes: SHA1=8350F492FC8773C7AD990D4218D9AD1E0C7A3130,MD5=55DCD381DFBB9B84092E09B8D3A7A4CD,SHA256=4FE2F89B85BEE4455BECEF8450A6459B2F9AF50E991A86A8A863FA86AAC3F69E,IMPHASH=876F81A277BF4C5C958E4D3BDB07CFEB
Signed: true
Signature: Microsoft Windows
SignatureStatus: Valid
User: NT AUTHORITY\SYSTEM"
Information,4/25/2026 5:32:24 PM,Microsoft-Windows-Sysmon,7,Image loaded (rule: ImageLoad),"Image loaded:
RuleName: technique_id=T1574.002,technique_name=DLL Side-Loading
UtcTime: 2026-04-25 07:31:42.463
ProcessGuid: {9172be70-6dd7-69ec-b100-000000001f00}
ProcessId: 5400
Image: C:\ProgramData\Microsoft\Windows Defender\Platform\4.18.26020.6-0\MpCmdRun.exe
ImageLoaded: C:\ProgramData\Microsoft\Windows Defender\Platform\4.18.26020.6-0\MpOAV.dll
FileVersion: 4.18.26020.6 (cd0aebd7c18a68cd2e3af14a117b45b178d088f4)
Description: IOfficeAntiVirus Module
Product: Microsoft® Windows® Operating System
Company: Microsoft Corporation
OriginalFileName: MpOAV.dll
Hashes: SHA1=8350F492FC8773C7AD990D4218D9AD1E0C7A3130,MD5=55DCD381DFBB9B84092E09B8D3A7A4CD,SHA256=4FE2F89B85BEE4455BECEF8450A6459B2F9AF50E991A86A8A863FA86AAC3F69E,IMPHASH=876F81A277BF4C5C958E4D3BDB07CFEB
Signed: true
Signature: Microsoft Windows
SignatureStatus: Valid
User: NT AUTHORITY\SYSTEM"
Information,4/25/2026 5:32:24 PM,Microsoft-Windows-Sysmon,7,Image loaded (rule: ImageLoad),"Image loaded:
RuleName: technique_id=T1574.002,technique_name=DLL Side-Loading
UtcTime: 2026-04-25 07:31:42.471
ProcessGuid: {9172be70-6dd8-69ec-b700-000000001f00}
ProcessId: 1080
Image: C:\Windows\System32\svchost.exe
ImageLoaded: C:\ProgramData\Microsoft\Windows Defender\Platform\4.18.26020.6-0\MpOAV.dll
FileVersion: 4.18.26020.6 (cd0aebd7c18a68cd2e3af14a117b45b178d088f4)
Description: IOfficeAntiVirus Module
Product: Microsoft® Windows® Operating System
Company: Microsoft Corporation
OriginalFileName: MpOAV.dll
Hashes: SHA1=8350F492FC8773C7AD990D4218D9AD1E0C7A3130,MD5=55DCD381DFBB9B84092E09B8D3A7A4CD,SHA256=4FE2F89B85BEE4455BECEF8450A6459B2F9AF50E991A86A8A863FA86AAC3F69E,IMPHASH=876F81A277BF4C5C958E4D3BDB07CFEB
Signed: true
Signature: Microsoft Windows
SignatureStatus: Valid
User: NT AUTHORITY\SYSTEM"
Information,4/25/2026 5:32:24 PM,Microsoft-Windows-Sysmon,7,Image loaded (rule: ImageLoad),"Image loaded:
RuleName: technique_id=T1574.002,technique_name=DLL Side-Loading
UtcTime: 2026-04-25 07:31:53.987
ProcessGuid: {9172be70-6de8-69ec-cc00-000000001f00}
ProcessId: 6848
Image: C:\Windows\System32\svchost.exe
ImageLoaded: C:\ProgramData\Microsoft\Windows Defender\Platform\4.18.26020.6-0\MpOAV.dll
FileVersion: 4.18.26020.6 (cd0aebd7c18a68cd2e3af14a117b45b178d088f4)
Description: IOfficeAntiVirus Module
Product: Microsoft® Windows® Operating System
Company: Microsoft Corporation
OriginalFileName: MpOAV.dll
Hashes: SHA1=8350F492FC8773C7AD990D4218D9AD1E0C7A3130,MD5=55DCD381DFBB9B84092E09B8D3A7A4CD,SHA256=4FE2F89B85BEE4455BECEF8450A6459B2F9AF50E991A86A8A863FA86AAC3F69E,IMPHASH=876F81A277BF4C5C958E4D3BDB07CFEB
Signed: true
Signature: Microsoft Windows
SignatureStatus: Valid
User: NT AUTHORITY\NETWORK SERVICE"
Information,4/25/2026 5:32:24 PM,Microsoft-Windows-Sysmon,7,Image loaded (rule: ImageLoad),"Image loaded:
RuleName: technique_id=T1574.002,technique_name=DLL Side-Loading
UtcTime: 2026-04-25 07:31:38.237
ProcessGuid: {9172be70-6dda-69ec-ba00-000000001f00}
ProcessId: 6244
Image: C:\ProgramData\Microsoft\Windows Defender\Platform\4.18.26020.6-0\NisSrv.exe
ImageLoaded: C:\ProgramData\Microsoft\Windows Defender\Platform\4.18.26020.6-0\NisSrv.exe
FileVersion: 4.18.26020.6 (cd0aebd7c18a68cd2e3af14a117b45b178d088f4)
Description: Microsoft Network Realtime Inspection Service
Product: Microsoft® Windows® Operating System
Company: Microsoft Corporation
OriginalFileName: NisSrv.exe
Hashes: SHA1=4228F9225C9660B8B8DCA5E5AA352EE3A8B4C218,MD5=4F24611BD06BC2F1B8149DCB14D6B846,SHA256=28825CAFBD9B10716201DCC272E986309F130BEE4759DD11AA3812448AB0907F,IMPHASH=66F5E1CF50A18CDA3AF997287F7A5204
Signed: true
Signature: Microsoft Windows Publisher
SignatureStatus: Valid
User: NT AUTHORITY\LOCAL SERVICE"
Information,4/25/2026 5:32:23 PM,Microsoft-Windows-Sysmon,7,Image loaded (rule: ImageLoad),"Image loaded:
RuleName: technique_id=T1059.001,technique_name=PowerShell
UtcTime: 2026-04-25 07:31:37.191
ProcessGuid: {9172be70-6db3-69ec-4100-000000001f00}
ProcessId: 2012
Image: C:\Windows\System32\svchost.exe
ImageLoaded: C:\Windows\System32\amsi.dll
FileVersion: 10.0.19041.4355 (WinBuild.160101.0800)
Description: Anti-Malware Scan Interface
Product: Microsoft® Windows® Operating System
Company: Microsoft Corporation
OriginalFileName: amsi.dll
Hashes: SHA1=347368018E1DAAF4F52C9A4119526313A82ECEEC,MD5=4933108BD5B3219F74AD807DFE8835AD,SHA256=66F7A134F6A4D9FE63DD7D6FF88DDED5796E4D5C7E33BA606DFF4D87D9258C0D,IMPHASH=C414C6B76EBCEEF67B5B752A7E51D4D2
Signed: true
Signature: Microsoft Windows
SignatureStatus: Valid
User: NT AUTHORITY\SYSTEM"
Information,4/25/2026 5:32:23 PM,Microsoft-Windows-Sysmon,7,Image loaded (rule: ImageLoad),"Image loaded:
RuleName: technique_id=T1059.001,technique_name=PowerShell
UtcTime: 2026-04-25 07:31:42.463
ProcessGuid: {9172be70-6db4-69ec-4700-000000001f00}
ProcessId: 3240
Image: C:\Windows\Sysmon64.exe
ImageLoaded: C:\Windows\System32\amsi.dll
FileVersion: 10.0.19041.4355 (WinBuild.160101.0800)
Description: Anti-Malware Scan Interface
Product: Microsoft® Windows® Operating System
Company: Microsoft Corporation
OriginalFileName: amsi.dll
Hashes: SHA1=347368018E1DAAF4F52C9A4119526313A82ECEEC,MD5=4933108BD5B3219F74AD807DFE8835AD,SHA256=66F7A134F6A4D9FE63DD7D6FF88DDED5796E4D5C7E33BA606DFF4D87D9258C0D,IMPHASH=C414C6B76EBCEEF67B5B752A7E51D4D2
Signed: true
Signature: Microsoft Windows
SignatureStatus: Valid
User: NT AUTHORITY\SYSTEM"
Information,4/25/2026 5:32:23 PM,Microsoft-Windows-Sysmon,7,Image loaded (rule: ImageLoad),"Image loaded:
RuleName: technique_id=T1059.001,technique_name=PowerShell
UtcTime: 2026-04-25 07:31:42.463
ProcessGuid: {9172be70-6dd7-69ec-b100-000000001f00}
ProcessId: 5400
Image: C:\ProgramData\Microsoft\Windows Defender\Platform\4.18.26020.6-0\MpCmdRun.exe
ImageLoaded: C:\Windows\System32\amsi.dll
FileVersion: 10.0.19041.4355 (WinBuild.160101.0800)
Description: Anti-Malware Scan Interface
Product: Microsoft® Windows® Operating System
Company: Microsoft Corporation
OriginalFileName: amsi.dll
Hashes: SHA1=347368018E1DAAF4F52C9A4119526313A82ECEEC,MD5=4933108BD5B3219F74AD807DFE8835AD,SHA256=66F7A134F6A4D9FE63DD7D6FF88DDED5796E4D5C7E33BA606DFF4D87D9258C0D,IMPHASH=C414C6B76EBCEEF67B5B752A7E51D4D2
Signed: true
Signature: Microsoft Windows
SignatureStatus: Valid
User: NT AUTHORITY\SYSTEM"
Information,4/25/2026 5:32:23 PM,Microsoft-Windows-Sysmon,7,Image loaded (rule: ImageLoad),"Image loaded:
RuleName: technique_id=T1059.001,technique_name=PowerShell
UtcTime: 2026-04-25 07:31:42.463
ProcessGuid: {9172be70-6dd8-69ec-b700-000000001f00}
ProcessId: 1080
Image: C:\Windows\System32\svchost.exe
ImageLoaded: C:\Windows\System32\amsi.dll
FileVersion: 10.0.19041.4355 (WinBuild.160101.0800)
Description: Anti-Malware Scan Interface
Product: Microsoft® Windows® Operating System
Company: Microsoft Corporation
OriginalFileName: amsi.dll
Hashes: SHA1=347368018E1DAAF4F52C9A4119526313A82ECEEC,MD5=4933108BD5B3219F74AD807DFE8835AD,SHA256=66F7A134F6A4D9FE63DD7D6FF88DDED5796E4D5C7E33BA606DFF4D87D9258C0D,IMPHASH=C414C6B76EBCEEF67B5B752A7E51D4D2
Signed: true
Signature: Microsoft Windows
SignatureStatus: Valid
User: NT AUTHORITY\SYSTEM"
Information,4/25/2026 5:32:23 PM,Microsoft-Windows-Sysmon,7,Image loaded (rule: ImageLoad),"Image loaded:
RuleName: technique_id=T1059.001,technique_name=PowerShell
UtcTime: 2026-04-25 07:31:53.953
ProcessGuid: {9172be70-6de8-69ec-cc00-000000001f00}
ProcessId: 6848
Image: C:\Windows\System32\svchost.exe
ImageLoaded: C:\Windows\System32\amsi.dll
FileVersion: 10.0.19041.4355 (WinBuild.160101.0800)
Description: Anti-Malware Scan Interface
Product: Microsoft® Windows® Operating System
Company: Microsoft Corporation
OriginalFileName: amsi.dll
Hashes: SHA1=347368018E1DAAF4F52C9A4119526313A82ECEEC,MD5=4933108BD5B3219F74AD807DFE8835AD,SHA256=66F7A134F6A4D9FE63DD7D6FF88DDED5796E4D5C7E33BA606DFF4D87D9258C0D,IMPHASH=C414C6B76EBCEEF67B5B752A7E51D4D2
Signed: true
Signature: Microsoft Windows
SignatureStatus: Valid
User: NT AUTHORITY\NETWORK SERVICE"
Information,4/25/2026 5:32:21 PM,Microsoft-Windows-Sysmon,7,Image loaded (rule: ImageLoad),"Image loaded:
RuleName: technique_id=T1053,technique_name=Scheduled Task
UtcTime: 2026-04-25 07:31:36.338
ProcessGuid: {9172be70-6dc7-69ec-8100-000000001f00}
ProcessId: 3248
Image: C:\Program Files (x86)\Microsoft\EdgeUpdate\MicrosoftEdgeUpdate.exe
ImageLoaded: C:\Windows\SysWOW64\taskschd.dll
FileVersion: 10.0.19041.3636 (WinBuild.160101.0800)
Description: Task Scheduler COM API
Product: Microsoft® Windows® Operating System
Company: Microsoft Corporation
OriginalFileName: taskschd.dll
Hashes: SHA1=C94CEC3A6F102EF38EB1D913D61A03B2100983FE,MD5=FF11E73B7D8A3A0822E95DD68DA10B13,SHA256=0F15534DC00A65E980CAA2E11F5D5251518D528F2F28165E9881B598BF64BDD1,IMPHASH=59BF7D0FAD0B5B7F706EA9250167BD5B
Signed: true
Signature: Microsoft Windows
SignatureStatus: Valid
User: NT AUTHORITY\SYSTEM"
Information,4/25/2026 5:32:21 PM,Microsoft-Windows-Sysmon,7,Image loaded (rule: ImageLoad),"Image loaded:
RuleName: technique_id=T1053,technique_name=Scheduled Task
UtcTime: 2026-04-25 07:31:59.914
ProcessGuid: {9172be70-6dd8-69ec-b600-000000001f00}
ProcessId: 680
Image: C:\Program Files (x86)\Microsoft\EdgeUpdate\MicrosoftEdgeUpdate.exe
ImageLoaded: C:\Windows\SysWOW64\taskschd.dll
FileVersion: 10.0.19041.3636 (WinBuild.160101.0800)
Description: Task Scheduler COM API
Product: Microsoft® Windows® Operating System
Company: Microsoft Corporation
OriginalFileName: taskschd.dll
Hashes: SHA1=C94CEC3A6F102EF38EB1D913D61A03B2100983FE,MD5=FF11E73B7D8A3A0822E95DD68DA10B13,SHA256=0F15534DC00A65E980CAA2E11F5D5251518D528F2F28165E9881B598BF64BDD1,IMPHASH=59BF7D0FAD0B5B7F706EA9250167BD5B
Signed: true
Signature: Microsoft Windows
SignatureStatus: Valid
User: NT AUTHORITY\SYSTEM"
Information,4/25/2026 5:32:21 PM,Microsoft-Windows-Sysmon,7,Image loaded (rule: ImageLoad),"Image loaded:
RuleName: technique_id=T1574.002,technique_name=DLL Side-Loading
UtcTime: 2026-04-25 07:31:35.112
ProcessGuid: {9172be70-6dd7-69ec-b000-000000001f00}
ProcessId: 5440
Image: C:\ProgramData\Microsoft\Windows Defender\Platform\4.18.26020.6-0\MpCmdRun.exe
ImageLoaded: C:\ProgramData\Microsoft\Windows Defender\Platform\4.18.26020.6-0\MpCmdRun.exe
FileVersion: 4.18.26020.6 (cd0aebd7c18a68cd2e3af14a117b45b178d088f4)
Description: Microsoft Malware Protection Command Line Utility
Product: Microsoft® Windows® Operating System
Company: Microsoft Corporation
OriginalFileName: MpCmdRun.exe
Hashes: SHA1=19055ED5BC5696D2633E0B08D1B11F9F3390AB76,MD5=08DCF3821C3A4CB3BD7C8D70C854417A,SHA256=3B5B209292376581B6EFFA0037A37CD5F431C9626F079D385761454C039A9912,IMPHASH=89F7FEA336DD2A0A8925B65181B71EB1
Signed: true
Signature: Microsoft Windows Publisher
SignatureStatus: Valid
User: NT AUTHORITY\SYSTEM"
Information,4/25/2026 5:32:21 PM,Microsoft-Windows-Sysmon,7,Image loaded (rule: ImageLoad),"Image loaded:
RuleName: technique_id=T1574.002,technique_name=DLL Side-Loading
UtcTime: 2026-04-25 07:31:35.199
ProcessGuid: {00000000-0000-0000-0000-000000000000}
ProcessId: 5400
Image: C:\ProgramData\Microsoft\Windows Defender\Platform\4.18.26020.6-0\MpCmdRun.exe
ImageLoaded: C:\ProgramData\Microsoft\Windows Defender\Platform\4.18.26020.6-0\MpCmdRun.exe
FileVersion: 4.18.26020.6 (cd0aebd7c18a68cd2e3af14a117b45b178d088f4)
Description: Microsoft Malware Protection Command Line Utility
Product: Microsoft® Windows® Operating System
Company: Microsoft Corporation
OriginalFileName: MpCmdRun.exe
Hashes: SHA1=19055ED5BC5696D2633E0B08D1B11F9F3390AB76,MD5=08DCF3821C3A4CB3BD7C8D70C854417A,SHA256=3B5B209292376581B6EFFA0037A37CD5F431C9626F079D385761454C039A9912,IMPHASH=89F7FEA336DD2A0A8925B65181B71EB1
Signed: true
Signature: Microsoft Windows Publisher
SignatureStatus: Valid
User: NT AUTHORITY\SYSTEM"
Information,4/25/2026 5:32:21 PM,Microsoft-Windows-Sysmon,7,Image loaded (rule: ImageLoad),"Image loaded:
RuleName: technique_id=T1574.002,technique_name=DLL Side-Loading
UtcTime: 2026-04-25 07:31:36.041
ProcessGuid: {9172be70-6dd7-69ec-b400-000000001f00}
ProcessId: 5364
Image: C:\ProgramData\Microsoft\Windows Defender\Platform\4.18.26020.6-0\MpCmdRun.exe
ImageLoaded: C:\ProgramData\Microsoft\Windows Defender\Platform\4.18.26020.6-0\MpCmdRun.exe
FileVersion: 4.18.26020.6 (cd0aebd7c18a68cd2e3af14a117b45b178d088f4)
Description: Microsoft Malware Protection Command Line Utility
Product: Microsoft® Windows® Operating System
Company: Microsoft Corporation
OriginalFileName: MpCmdRun.exe
Hashes: SHA1=19055ED5BC5696D2633E0B08D1B11F9F3390AB76,MD5=08DCF3821C3A4CB3BD7C8D70C854417A,SHA256=3B5B209292376581B6EFFA0037A37CD5F431C9626F079D385761454C039A9912,IMPHASH=89F7FEA336DD2A0A8925B65181B71EB1
Signed: true
Signature: Microsoft Windows Publisher
SignatureStatus: Valid
User: NT AUTHORITY\SYSTEM"
Information,4/25/2026 5:32:21 PM,Microsoft-Windows-Sysmon,7,Image loaded (rule: ImageLoad),"Image loaded:
RuleName: technique_id=T1574.002,technique_name=DLL Side-Loading
UtcTime: 2026-04-25 07:32:02.735
ProcessGuid: {9172be70-6df2-69ec-da00-000000001f00}
ProcessId: 5040
Image: C:\ProgramData\Microsoft\Windows Defender\Platform\4.18.26020.6-0\MpCmdRun.exe
ImageLoaded: C:\ProgramData\Microsoft\Windows Defender\Platform\4.18.26020.6-0\MpCmdRun.exe
FileVersion: 4.18.26020.6 (cd0aebd7c18a68cd2e3af14a117b45b178d088f4)
Description: Microsoft Malware Protection Command Line Utility
Product: Microsoft® Windows® Operating System
Company: Microsoft Corporation
OriginalFileName: MpCmdRun.exe
Hashes: SHA1=19055ED5BC5696D2633E0B08D1B11F9F3390AB76,MD5=08DCF3821C3A4CB3BD7C8D70C854417A,SHA256=3B5B209292376581B6EFFA0037A37CD5F431C9626F079D385761454C039A9912,IMPHASH=89F7FEA336DD2A0A8925B65181B71EB1
Signed: true
Signature: Microsoft Windows Publisher
SignatureStatus: Valid
User: NT AUTHORITY\SYSTEM"
Information,4/25/2026 5:32:20 PM,Microsoft-Windows-Sysmon,7,Image loaded (rule: ImageLoad),"Image loaded:
RuleName: technique_id=T1574.002,technique_name=DLL Side-Loading
UtcTime: 2026-04-25 07:31:34.531
ProcessGuid: {9172be70-6dcd-69ec-a300-000000001f00}
ProcessId: 5648
Image: C:\Windows\explorer.exe
ImageLoaded: C:\Users\jolly\AppData\Local\Microsoft\OneDrive\26.051.0316.0004\FileSyncShell64.dll
FileVersion: 26.051.0316.0004
Description: Microsoft OneDrive Shell Extension
Product: Microsoft OneDrive
Company: Microsoft Corporation
OriginalFileName: FileSyncShell64.dll
Hashes: SHA1=E2B72C7E3CDEC676C3523BC7BC62BF5102333920,MD5=B5822C647EBF3B17700FF29B6793B8D0,SHA256=53EC8BD373681ACD0D1D7D689089B44B294F0EAC9610BC620F9A0196E94FBA89,IMPHASH=A29C5DB3649D78A98A94638251A9BCB7
Signed: true
Signature: Microsoft Corporation
SignatureStatus: Valid
User: WIN10DEMO\jolly"
Information,4/25/2026 5:32:20 PM,Microsoft-Windows-Sysmon,13,Registry value set (rule: RegistryEvent),"Registry value set:
RuleName: -
EventType: SetValue
UtcTime: 2026-04-25 07:32:20.696
ProcessGuid: {9172be70-6dfb-69ec-e800-000000001f00}
ProcessId: 5040
Image: C:\Program Files\WindowsApps\Microsoft.MicrosoftOfficeHub_19.2604.38251.0_x64__8wekyb3d8bbwe\m365copilot_autostarter.exe
TargetObject: HKLM\System\CurrentControlSet\Services\bam\State\UserSettings\S-1-5-21-1156564983-231300539-2099510246-1000\Microsoft.MicrosoftOfficeHub_8wekyb3d8bbwe
Details: Binary Data
User: WIN10DEMO\jolly"
Information,4/25/2026 5:32:19 PM,Microsoft-Windows-Sysmon,13,Registry value set (rule: RegistryEvent),"Registry value set:
RuleName: -
EventType: SetValue
UtcTime: 2026-04-25 07:32:19.161
ProcessGuid: {9172be70-6df9-69ec-e700-000000001f00}
ProcessId: 4640
Image: C:\Windows\system32\svchost.exe
TargetObject: HKLM\System\CurrentControlSet\Services\bam\State\UserSettings\S-1-5-21-1156564983-231300539-2099510246-1000\Microsoft.MicrosoftOfficeHub_8wekyb3d8bbwe
Details: Binary Data
User: NT AUTHORITY\SYSTEM"
