Information,4/25/2026 5:36:52 PM,Microsoft-Windows-Sysmon,7,Image loaded (rule: ImageLoad),"Image loaded:
RuleName: -
UtcTime: 2026-04-25 07:36:52.044
ProcessGuid: {9172be70-6efa-69ec-c201-000000001f00}
ProcessId: 8252
Image: C:\Windows\System32\backgroundTaskHost.exe
ImageLoaded: C:\Windows\System32\urlmon.dll
FileVersion: 11.00.19041.6456 (WinBuild.160101.0800)
Description: OLE32 Extensions for Win32
Product: Internet Explorer
Company: Microsoft Corporation
OriginalFileName: UrlMon.dll
Hashes: SHA1=E20F47594B506E7F66451F86DC3D27ACFBE50690,MD5=4F65F3E866588D1F98279B80D79073D8,SHA256=BA66D852C1EE342E2863FFD42B01E1041CE099EADE6CCCBBB8E64C6475B8958E,IMPHASH=4572A0DE6D775598EF7BE4A1A20049FB
Signed: true
Signature: Microsoft Windows
SignatureStatus: Valid
User: WIN10DEMO\jolly"
Information,4/25/2026 5:36:49 PM,Microsoft-Windows-Sysmon,1,Process Create (rule: ProcessCreate),"Process Create:
RuleName: technique_id=T1083,technique_name=File and Directory Discovery
UtcTime: 2026-04-25 07:36:49.305
ProcessGuid: {9172be70-6f11-69ec-da01-000000001f00}
ProcessId: 5316
Image: C:\Program Files (x86)\Microsoft\EdgeWebView\Application\146.0.3856.109\msedgewebview2.exe
FileVersion: 146.0.3856.109
Description: Microsoft Edge WebView2
Product: Microsoft Edge WebView2
Company: Microsoft Corporation
OriginalFileName: msedgewebview2.exe
CommandLine: ""C:\Program Files (x86)\Microsoft\EdgeWebView\Application\146.0.3856.109\msedgewebview2.exe"" --type=renderer --noerrdialogs --user-data-dir=""C:\Users\jolly\AppData\Local\Packages\Microsoft.MicrosoftOfficeHub_8wekyb3d8bbwe\LocalState\EBWebView"" --webview-exe-name=M365Copilot.exe --webview-exe-version=19.2604.38251.0 --embedded-browser-webview=1 --embedded-browser-webview-dpi-awareness=2 --disable-gpu-compositing --video-capture-use-gpu-memory-buffer --lang=en-US --js-flags=--expose-gc --device-scale-factor=1 --num-raster-threads=2 --enable-main-frame-before-activation --renderer-client-id=33 --time-ticks-at-unix-epoch=-1777102076221678 --launch-time-ticks=499678446 --always-read-main-dll --metrics-shmem-handle=3696,i,10245592417594131505,2916926291482142561,2097152 --field-trial-handle=1868,i,15514434203381647951,17821807702279388689,262144 --enable-features=msSingleSignOnOSForPrimaryAccountIsShared --disable-features=msEnhancedTrackingPreventionEnabled --variations-seed-version --pseudonymization-salt-handle=1884,i,14477360231411206170,9314674685075851636,4 --trace-process-track-uuid=3190709017234252511 --mojo-platform-channel-handle=1096 /prefetch:1
CurrentDirectory: C:\Program Files (x86)\Microsoft\EdgeWebView\Application\146.0.3856.109\
User: WIN10DEMO\jolly
LogonGuid: {9172be70-6dc0-69ec-2306-040000000000}
LogonId: 0x40623
TerminalSessionId: 1
IntegrityLevel: Low
Hashes: SHA1=516E5FF797C1E3424E641F74BC0A95CE21C11710,MD5=4D01E2CFBA75938D82A4AA45FFFEB291,SHA256=29CE36EA7A746028BC637095F1068BC29FAC83FC677716FF052B56E913DCE6B7,IMPHASH=82DA08246FA01D20B9DB5C9DDBE8B38C
ParentProcessGuid: {9172be70-6e0d-69ec-ef00-000000001f00}
ParentProcessId: 6348
ParentImage: C:\Program Files (x86)\Microsoft\EdgeWebView\Application\146.0.3856.109\msedgewebview2.exe
ParentCommandLine: ""C:\Program Files (x86)\Microsoft\EdgeWebView\Application\146.0.3856.109\msedgewebview2.exe"" --embedded-browser-webview=1 --webview-exe-name=M365Copilot.exe --webview-exe-version=19.2604.38251.0 --user-data-dir=""C:\Users\jolly\AppData\Local\Packages\Microsoft.MicrosoftOfficeHub_8wekyb3d8bbwe\LocalState\EBWebView"" --noerrdialogs --embedded-browser-webview-dpi-awareness=2 --disable-features=msEnhancedTrackingPreventionEnabled --enable-features=msSingleSignOnOSForPrimaryAccountIsShared --mojo-named-platform-channel-pipe=2408.3868.7952138114952833211
ParentUser: WIN10DEMO\jolly"
Information,4/25/2026 5:36:49 PM,Microsoft-Windows-Sysmon,1,Process Create (rule: ProcessCreate),"Process Create:
RuleName: technique_id=T1083,technique_name=File and Directory Discovery
UtcTime: 2026-04-25 07:36:49.332
ProcessGuid: {9172be70-6f11-69ec-db01-000000001f00}
ProcessId: 8508
Image: C:\Program Files (x86)\Microsoft\EdgeWebView\Application\146.0.3856.109\msedgewebview2.exe
FileVersion: 146.0.3856.109
Description: Microsoft Edge WebView2
Product: Microsoft Edge WebView2
Company: Microsoft Corporation
OriginalFileName: msedgewebview2.exe
CommandLine: ""C:\Program Files (x86)\Microsoft\EdgeWebView\Application\146.0.3856.109\msedgewebview2.exe"" --type=renderer --noerrdialogs --user-data-dir=""C:\Users\jolly\AppData\Local\Packages\Microsoft.MicrosoftOfficeHub_8wekyb3d8bbwe\LocalState\EBWebView"" --webview-exe-name=M365Copilot.exe --webview-exe-version=19.2604.38251.0 --embedded-browser-webview=1 --embedded-browser-webview-dpi-awareness=2 --disable-gpu-compositing --video-capture-use-gpu-memory-buffer --lang=en-US --js-flags=--expose-gc --device-scale-factor=1 --num-raster-threads=2 --enable-main-frame-before-activation --renderer-client-id=34 --time-ticks-at-unix-epoch=-1777102076221678 --launch-time-ticks=499706756 --always-read-main-dll --metrics-shmem-handle=5108,i,12635281770772552424,7153842450918277345,2097152 --field-trial-handle=1868,i,15514434203381647951,17821807702279388689,262144 --enable-features=msSingleSignOnOSForPrimaryAccountIsShared --disable-features=msEnhancedTrackingPreventionEnabled --variations-seed-version --pseudonymization-salt-handle=1884,i,14477360231411206170,9314674685075851636,4 --trace-process-track-uuid=3190709018171294360 --mojo-platform-channel-handle=4708 /prefetch:1
CurrentDirectory: C:\Program Files (x86)\Microsoft\EdgeWebView\Application\146.0.3856.109\
User: WIN10DEMO\jolly
LogonGuid: {9172be70-6dc0-69ec-2306-040000000000}
LogonId: 0x40623
TerminalSessionId: 1
IntegrityLevel: Low
Hashes: SHA1=516E5FF797C1E3424E641F74BC0A95CE21C11710,MD5=4D01E2CFBA75938D82A4AA45FFFEB291,SHA256=29CE36EA7A746028BC637095F1068BC29FAC83FC677716FF052B56E913DCE6B7,IMPHASH=82DA08246FA01D20B9DB5C9DDBE8B38C
ParentProcessGuid: {9172be70-6e0d-69ec-ef00-000000001f00}
ParentProcessId: 6348
ParentImage: C:\Program Files (x86)\Microsoft\EdgeWebView\Application\146.0.3856.109\msedgewebview2.exe
ParentCommandLine: ""C:\Program Files (x86)\Microsoft\EdgeWebView\Application\146.0.3856.109\msedgewebview2.exe"" --embedded-browser-webview=1 --webview-exe-name=M365Copilot.exe --webview-exe-version=19.2604.38251.0 --user-data-dir=""C:\Users\jolly\AppData\Local\Packages\Microsoft.MicrosoftOfficeHub_8wekyb3d8bbwe\LocalState\EBWebView"" --noerrdialogs --embedded-browser-webview-dpi-awareness=2 --disable-features=msEnhancedTrackingPreventionEnabled --enable-features=msSingleSignOnOSForPrimaryAccountIsShared --mojo-named-platform-channel-pipe=2408.3868.7952138114952833211
ParentUser: WIN10DEMO\jolly"
Information,4/25/2026 5:36:49 PM,Microsoft-Windows-Sysmon,17,Pipe Created (rule: PipeEvent),"Pipe Created:
RuleName: -
EventType: CreatePipe
UtcTime: 2026-04-25 07:36:49.330
ProcessGuid: {9172be70-6e0d-69ec-ef00-000000001f00}
ProcessId: 6348
PipeName: \LOCAL\mojo.6348.6428.10692805128836859176
Image: C:\Program Files (x86)\Microsoft\EdgeWebView\Application\146.0.3856.109\msedgewebview2.exe
User: WIN10DEMO\jolly"
Information,4/25/2026 5:36:49 PM,Microsoft-Windows-Sysmon,17,Pipe Created (rule: PipeEvent),"Pipe Created:
RuleName: -
EventType: CreatePipe
UtcTime: 2026-04-25 07:36:49.303
ProcessGuid: {9172be70-6e0d-69ec-ef00-000000001f00}
ProcessId: 6348
PipeName: \LOCAL\mojo.6348.6428.12438975875270049866
Image: C:\Program Files (x86)\Microsoft\EdgeWebView\Application\146.0.3856.109\msedgewebview2.exe
User: WIN10DEMO\jolly"
Information,4/25/2026 5:36:46 PM,Microsoft-Windows-Sysmon,7,Image loaded (rule: ImageLoad),"Image loaded:
RuleName: -
UtcTime: 2026-04-25 07:36:46.075
ProcessGuid: {9172be70-6ee2-69ec-8901-000000001f00}
ProcessId: 5176
Image: C:\Windows\System32\DeviceCensus.exe
ImageLoaded: C:\Windows\System32\urlmon.dll
FileVersion: 11.00.19041.6456 (WinBuild.160101.0800)
Description: OLE32 Extensions for Win32
Product: Internet Explorer
Company: Microsoft Corporation
OriginalFileName: UrlMon.dll
Hashes: SHA1=E20F47594B506E7F66451F86DC3D27ACFBE50690,MD5=4F65F3E866588D1F98279B80D79073D8,SHA256=BA66D852C1EE342E2863FFD42B01E1041CE099EADE6CCCBBB8E64C6475B8958E,IMPHASH=4572A0DE6D775598EF7BE4A1A20049FB
Signed: true
Signature: Microsoft Windows
SignatureStatus: Valid
User: NT AUTHORITY\SYSTEM"
Information,4/25/2026 5:36:46 PM,Microsoft-Windows-Sysmon,13,Registry value set (rule: RegistryEvent),"Registry value set:
RuleName: technique_id=T1053,technique_name=Scheduled Task
EventType: SetValue
UtcTime: 2026-04-25 07:36:46.045
ProcessGuid: {9172be70-6dab-69ec-1d00-000000001f00}
ProcessId: 1300
Image: C:\Windows\system32\svchost.exe
TargetObject: HKLM\SOFTWARE\Microsoft\Windows NT\CurrentVersion\Schedule\TaskCache\Tree\Microsoft\Windows\UpdateOrchestrator\Schedule Maintenance Work\Index
Details: DWORD (0x00000003)
User: NT AUTHORITY\SYSTEM"
Information,4/25/2026 5:36:45 PM,Microsoft-Windows-Sysmon,13,Registry value set (rule: RegistryEvent),"Registry value set:
RuleName: technique_id=T1053,technique_name=Scheduled Task
EventType: SetValue
UtcTime: 2026-04-25 07:36:45.970
ProcessGuid: {9172be70-6dab-69ec-1d00-000000001f00}
ProcessId: 1300
Image: C:\Windows\system32\svchost.exe
TargetObject: HKLM\SOFTWARE\Microsoft\Windows NT\CurrentVersion\Schedule\TaskCache\Tree\Microsoft\Windows\UpdateOrchestrator\Schedule Maintenance Work\Index
Details: DWORD (0x00000003)
User: NT AUTHORITY\SYSTEM"
Information,4/25/2026 5:36:45 PM,Microsoft-Windows-Sysmon,13,Registry value set (rule: RegistryEvent),"Registry value set:
RuleName: technique_id=T1053,technique_name=Scheduled Task
EventType: SetValue
UtcTime: 2026-04-25 07:36:45.916
ProcessGuid: {9172be70-6dab-69ec-1d00-000000001f00}
ProcessId: 1300
Image: C:\Windows\system32\svchost.exe
TargetObject: HKLM\SOFTWARE\Microsoft\Windows NT\CurrentVersion\Schedule\TaskCache\Tree\Microsoft\Windows\UpdateOrchestrator\Schedule Wake To Work\Index
Details: DWORD (0x00000003)
User: NT AUTHORITY\SYSTEM"
Information,4/25/2026 5:36:45 PM,Microsoft-Windows-Sysmon,13,Registry value set (rule: RegistryEvent),"Registry value set:
RuleName: technique_id=T1053,technique_name=Scheduled Task
EventType: SetValue
UtcTime: 2026-04-25 07:36:45.866
ProcessGuid: {9172be70-6dab-69ec-1d00-000000001f00}
ProcessId: 1300
Image: C:\Windows\system32\svchost.exe
TargetObject: HKLM\SOFTWARE\Microsoft\Windows NT\CurrentVersion\Schedule\TaskCache\Tree\Microsoft\Windows\UpdateOrchestrator\Schedule Wake To Work\Index
Details: DWORD (0x00000003)
User: NT AUTHORITY\SYSTEM"
Information,4/25/2026 5:36:45 PM,Microsoft-Windows-Sysmon,13,Registry value set (rule: RegistryEvent),"Registry value set:
RuleName: technique_id=T1053,technique_name=Scheduled Task
EventType: SetValue
UtcTime: 2026-04-25 07:36:45.826
ProcessGuid: {9172be70-6dab-69ec-1d00-000000001f00}
ProcessId: 1300
Image: C:\Windows\system32\svchost.exe
TargetObject: HKLM\SOFTWARE\Microsoft\Windows NT\CurrentVersion\Schedule\TaskCache\Tree\Microsoft\Windows\UpdateOrchestrator\Schedule Work\Index
Details: DWORD (0x00000003)
User: NT AUTHORITY\SYSTEM"
Information,4/25/2026 5:36:45 PM,Microsoft-Windows-Sysmon,13,Registry value set (rule: RegistryEvent),"Registry value set:
RuleName: technique_id=T1053,technique_name=Scheduled Task
EventType: SetValue
UtcTime: 2026-04-25 07:36:45.168
ProcessGuid: {9172be70-6dab-69ec-1d00-000000001f00}
ProcessId: 1300
Image: C:\Windows\system32\svchost.exe
TargetObject: HKLM\SOFTWARE\Microsoft\Windows NT\CurrentVersion\Schedule\TaskCache\Tree\Microsoft\Windows\UpdateOrchestrator\Schedule Work\Index
Details: DWORD (0x00000003)
User: NT AUTHORITY\SYSTEM"
Information,4/25/2026 5:36:44 PM,Microsoft-Windows-Sysmon,13,Registry value set (rule: RegistryEvent),"Registry value set:
RuleName: technique_id=T1053,technique_name=Scheduled Task
EventType: SetValue
UtcTime: 2026-04-25 07:36:44.619
ProcessGuid: {9172be70-6dab-69ec-1d00-000000001f00}
ProcessId: 1300
Image: C:\Windows\system32\svchost.exe
TargetObject: HKLM\SOFTWARE\Microsoft\Windows NT\CurrentVersion\Schedule\TaskCache\Tree\Microsoft\Windows\UpdateOrchestrator\Schedule Maintenance Work\Index
Details: DWORD (0x00000003)
User: NT AUTHORITY\SYSTEM"
Information,4/25/2026 5:36:44 PM,Microsoft-Windows-Sysmon,13,Registry value set (rule: RegistryEvent),"Registry value set:
RuleName: technique_id=T1053,technique_name=Scheduled Task
EventType: SetValue
UtcTime: 2026-04-25 07:36:44.494
ProcessGuid: {9172be70-6dab-69ec-1d00-000000001f00}
ProcessId: 1300
Image: C:\Windows\system32\svchost.exe
TargetObject: HKLM\SOFTWARE\Microsoft\Windows NT\CurrentVersion\Schedule\TaskCache\Tree\Microsoft\Windows\UpdateOrchestrator\Schedule Maintenance Work\Index
Details: DWORD (0x00000003)
User: NT AUTHORITY\SYSTEM"
Information,4/25/2026 5:36:43 PM,Microsoft-Windows-Sysmon,13,Registry value set (rule: RegistryEvent),"Registry value set:
RuleName: technique_id=T1053,technique_name=Scheduled Task
EventType: SetValue
UtcTime: 2026-04-25 07:36:43.850
ProcessGuid: {9172be70-6dab-69ec-1d00-000000001f00}
ProcessId: 1300
Image: C:\Windows\system32\svchost.exe
TargetObject: HKLM\SOFTWARE\Microsoft\Windows NT\CurrentVersion\Schedule\TaskCache\Tree\Microsoft\Windows\UpdateOrchestrator\Schedule Wake To Work\Index
Details: DWORD (0x00000003)
User: NT AUTHORITY\SYSTEM"
Information,4/25/2026 5:36:43 PM,Microsoft-Windows-Sysmon,13,Registry value set (rule: RegistryEvent),"Registry value set:
RuleName: technique_id=T1053,technique_name=Scheduled Task
EventType: SetValue
UtcTime: 2026-04-25 07:36:43.636
ProcessGuid: {9172be70-6dab-69ec-1d00-000000001f00}
ProcessId: 1300
Image: C:\Windows\system32\svchost.exe
TargetObject: HKLM\SOFTWARE\Microsoft\Windows NT\CurrentVersion\Schedule\TaskCache\Tree\Microsoft\Windows\UpdateOrchestrator\Schedule Wake To Work\Index
Details: DWORD (0x00000003)
User: NT AUTHORITY\SYSTEM"
Information,4/25/2026 5:36:43 PM,Microsoft-Windows-Sysmon,13,Registry value set (rule: RegistryEvent),"Registry value set:
RuleName: technique_id=T1053,technique_name=Scheduled Task
EventType: SetValue
UtcTime: 2026-04-25 07:36:43.529
ProcessGuid: {9172be70-6dab-69ec-1d00-000000001f00}
ProcessId: 1300
Image: C:\Windows\system32\svchost.exe
TargetObject: HKLM\SOFTWARE\Microsoft\Windows NT\CurrentVersion\Schedule\TaskCache\Tree\Microsoft\Windows\UpdateOrchestrator\Schedule Work\Index
Details: DWORD (0x00000003)
User: NT AUTHORITY\SYSTEM"
Information,4/25/2026 5:36:43 PM,Microsoft-Windows-Sysmon,13,Registry value set (rule: RegistryEvent),"Registry value set:
RuleName: technique_id=T1053,technique_name=Scheduled Task
EventType: SetValue
UtcTime: 2026-04-25 07:36:43.445
ProcessGuid: {9172be70-6dab-69ec-1d00-000000001f00}
ProcessId: 1300
Image: C:\Windows\system32\svchost.exe
TargetObject: HKLM\SOFTWARE\Microsoft\Windows NT\CurrentVersion\Schedule\TaskCache\Tree\Microsoft\Windows\UpdateOrchestrator\Schedule Work\Index
Details: DWORD (0x00000003)
User: NT AUTHORITY\SYSTEM"
Information,4/25/2026 5:36:42 PM,Microsoft-Windows-Sysmon,11,File created (rule: FileCreate),"File created:
RuleName: technique_id=T1574.010,technique_name=Services File Permissions Weakness
UtcTime: 2026-04-25 07:36:42.469
ProcessGuid: {9172be70-6dd8-69ec-b700-000000001f00}
ProcessId: 1080
Image: C:\Windows\system32\svchost.exe
TargetFilename: C:\Windows\SoftwareDistribution\Download\0e81198876b8eb725cd93d1816536732\Metadata\fvereseal.dll
CreationUtcTime: 2025-11-05 08:00:44.000
User: NT AUTHORITY\SYSTEM"
Information,4/25/2026 5:36:42 PM,Microsoft-Windows-Sysmon,11,File created (rule: FileCreate),"File created:
RuleName: technique_id=T1574.010,technique_name=Services File Permissions Weakness
UtcTime: 2026-04-25 07:36:42.453
ProcessGuid: {9172be70-6dd8-69ec-b700-000000001f00}
ProcessId: 1080
Image: C:\Windows\system32\svchost.exe
TargetFilename: C:\Windows\SoftwareDistribution\Download\0e81198876b8eb725cd93d1816536732\Metadata\WinREAgent.dll
CreationUtcTime: 2025-11-05 08:00:42.000
User: NT AUTHORITY\SYSTEM"
Information,4/25/2026 5:36:42 PM,Microsoft-Windows-Sysmon,11,File created (rule: FileCreate),"File created:
RuleName: technique_id=T1574.010,technique_name=Services File Permissions Weakness
UtcTime: 2026-04-25 07:36:42.446
ProcessGuid: {9172be70-6dd8-69ec-b700-000000001f00}
ProcessId: 1080
Image: C:\Windows\system32\svchost.exe
TargetFilename: C:\Windows\SoftwareDistribution\Download\0e81198876b8eb725cd93d1816536732\Metadata\ReserveManager.dll
CreationUtcTime: 2025-11-05 08:00:42.000
User: NT AUTHORITY\SYSTEM"
Information,4/25/2026 5:36:42 PM,Microsoft-Windows-Sysmon,11,File created (rule: FileCreate),"File created:
RuleName: technique_id=T1574.010,technique_name=Services File Permissions Weakness
UtcTime: 2026-04-25 07:36:42.434
ProcessGuid: {9172be70-6dd8-69ec-b700-000000001f00}
ProcessId: 1080
Image: C:\Windows\system32\svchost.exe
TargetFilename: C:\Windows\SoftwareDistribution\Download\0e81198876b8eb725cd93d1816536732\Metadata\TurboStack.dll
CreationUtcTime: 2025-11-05 08:00:42.000
User: NT AUTHORITY\SYSTEM"
Information,4/25/2026 5:36:42 PM,Microsoft-Windows-Sysmon,11,File created (rule: FileCreate),"File created:
RuleName: technique_id=T1574.010,technique_name=Services File Permissions Weakness
UtcTime: 2026-04-25 07:36:42.313
ProcessGuid: {9172be70-6dd8-69ec-b700-000000001f00}
ProcessId: 1080
Image: C:\Windows\system32\svchost.exe
TargetFilename: C:\Windows\SoftwareDistribution\Download\0e81198876b8eb725cd93d1816536732\Metadata\wcp.dll
CreationUtcTime: 2025-11-05 08:00:44.000
User: NT AUTHORITY\SYSTEM"
Information,4/25/2026 5:36:42 PM,Microsoft-Windows-Sysmon,11,File created (rule: FileCreate),"File created:
RuleName: technique_id=T1574.010,technique_name=Services File Permissions Weakness
UtcTime: 2026-04-25 07:36:42.305
ProcessGuid: {9172be70-6dd8-69ec-b700-000000001f00}
ProcessId: 1080
Image: C:\Windows\system32\svchost.exe
TargetFilename: C:\Windows\SoftwareDistribution\Download\0e81198876b8eb725cd93d1816536732\Metadata\UAOneSettings.dll
CreationUtcTime: 2025-11-05 08:00:42.000
User: NT AUTHORITY\SYSTEM"
Information,4/25/2026 5:36:42 PM,Microsoft-Windows-Sysmon,11,File created (rule: FileCreate),"File created:
RuleName: technique_id=T1574.010,technique_name=Services File Permissions Weakness
UtcTime: 2026-04-25 07:36:42.291
ProcessGuid: {9172be70-6dd8-69ec-b700-000000001f00}
ProcessId: 1080
Image: C:\Windows\system32\svchost.exe
TargetFilename: C:\Windows\SoftwareDistribution\Download\0e81198876b8eb725cd93d1816536732\Metadata\Mitigation.dll
CreationUtcTime: 2025-11-05 08:00:42.000
User: NT AUTHORITY\SYSTEM"
Information,4/25/2026 5:36:42 PM,Microsoft-Windows-Sysmon,11,File created (rule: FileCreate),"File created:
RuleName: technique_id=T1574.010,technique_name=Services File Permissions Weakness
UtcTime: 2026-04-25 07:36:42.275
ProcessGuid: {9172be70-6dd8-69ec-b700-000000001f00}
ProcessId: 1080
Image: C:\Windows\system32\svchost.exe
TargetFilename: C:\Windows\SoftwareDistribution\Download\0e81198876b8eb725cd93d1816536732\Metadata\dpx.dll
CreationUtcTime: 2025-11-05 08:00:42.000
User: NT AUTHORITY\SYSTEM"
Information,4/25/2026 5:36:42 PM,Microsoft-Windows-Sysmon,11,File created (rule: FileCreate),"File created:
RuleName: technique_id=T1574.010,technique_name=Services File Permissions Weakness
UtcTime: 2026-04-25 07:36:42.216
ProcessGuid: {9172be70-6dd8-69ec-b700-000000001f00}
ProcessId: 1080
Image: C:\Windows\system32\svchost.exe
TargetFilename: C:\Windows\SoftwareDistribution\Download\0e81198876b8eb725cd93d1816536732\Metadata\UpdateAgent.dll
CreationUtcTime: 2025-11-05 08:00:44.000
User: NT AUTHORITY\SYSTEM"
Information,4/25/2026 5:36:41 PM,Microsoft-Windows-Sysmon,7,Image loaded (rule: ImageLoad),"Image loaded:
RuleName: technique_id=T1053,technique_name=Scheduled Task
UtcTime: 2026-04-25 07:36:41.684
ProcessGuid: {9172be70-6ee2-69ec-8a01-000000001f00}
ProcessId: 9068
Image: C:\Program Files (x86)\Microsoft\EdgeUpdate\MicrosoftEdgeUpdate.exe
ImageLoaded: C:\Windows\SysWOW64\taskschd.dll
FileVersion: 10.0.19041.3636 (WinBuild.160101.0800)
Description: Task Scheduler COM API
Product: Microsoft® Windows® Operating System
Company: Microsoft Corporation
OriginalFileName: taskschd.dll
Hashes: SHA1=C94CEC3A6F102EF38EB1D913D61A03B2100983FE,MD5=FF11E73B7D8A3A0822E95DD68DA10B13,SHA256=0F15534DC00A65E980CAA2E11F5D5251518D528F2F28165E9881B598BF64BDD1,IMPHASH=59BF7D0FAD0B5B7F706EA9250167BD5B
Signed: true
Signature: Microsoft Windows
SignatureStatus: Valid
User: NT AUTHORITY\SYSTEM"
Information,4/25/2026 5:36:41 PM,Microsoft-Windows-Sysmon,7,Image loaded (rule: ImageLoad),"Image loaded:
RuleName: technique_id=T1574.002,technique_name=DLL Side-Loading
UtcTime: 2026-04-25 07:36:41.617
ProcessGuid: {9172be70-6f09-69ec-d401-000000001f00}
ProcessId: 9920
Image: C:\Windows\System32\oobe\UserOOBEBroker.exe
ImageLoaded: C:\Users\jolly\AppData\Local\Microsoft\OneDrive\26.051.0316.0004\FileCoAuthLib64.dll
FileVersion: 26.051.0316.0004
Description: Microsoft OneDriveFile Co-Authoring Library
Product: Microsoft OneDrive
Company: Microsoft Corporation
OriginalFileName: FileCoAuthLib64.dll
Hashes: SHA1=E94C4C00DB1BF5BD8225EEE82635FF6694048594,MD5=D56BBCB6B8419719F16E281A1CCD27FC,SHA256=AD66C725A935DDB5FA9190AF80117F3EE174A4669783A71E47446A9611F33FBD,IMPHASH=D677682FF9CE507203B6C007CAE4B0FD
Signed: true
Signature: Microsoft Corporation
SignatureStatus: Valid
User: WIN10DEMO\jolly"
Information,4/25/2026 5:36:41 PM,Microsoft-Windows-Sysmon,7,Image loaded (rule: ImageLoad),"Image loaded:
RuleName: technique_id=T1574.002,technique_name=DLL Side-Loading
UtcTime: 2026-04-25 07:36:41.615
ProcessGuid: {9172be70-6e53-69ec-2c01-000000001f00}
ProcessId: 5820
Image: C:\Users\jolly\AppData\Local\Microsoft\OneDrive\26.051.0316.0004\FileCoAuth.exe
ImageLoaded: C:\Users\jolly\AppData\Local\Microsoft\OneDrive\26.051.0316.0004\FileCoAuthLib64.dll
FileVersion: 26.051.0316.0004
Description: Microsoft OneDriveFile Co-Authoring Library
Product: Microsoft OneDrive
Company: Microsoft Corporation
OriginalFileName: FileCoAuthLib64.dll
Hashes: SHA1=E94C4C00DB1BF5BD8225EEE82635FF6694048594,MD5=D56BBCB6B8419719F16E281A1CCD27FC,SHA256=AD66C725A935DDB5FA9190AF80117F3EE174A4669783A71E47446A9611F33FBD,IMPHASH=D677682FF9CE507203B6C007CAE4B0FD
Signed: true
Signature: Microsoft Corporation
SignatureStatus: Valid
User: WIN10DEMO\jolly"
Information,4/25/2026 5:36:37 PM,Microsoft-Windows-Sysmon,13,Registry value set (rule: RegistryEvent),"Registry value set:
RuleName: technique_id=T1053,technique_name=Scheduled Task
EventType: SetValue
UtcTime: 2026-04-25 07:36:37.779
ProcessGuid: {9172be70-6dab-69ec-1d00-000000001f00}
ProcessId: 1300
Image: C:\Windows\system32\svchost.exe
TargetObject: HKLM\SOFTWARE\Microsoft\Windows NT\CurrentVersion\Schedule\TaskCache\Tree\Microsoft\Windows\SoftwareProtectionPlatform\SvcRestartTask\Index
Details: DWORD (0x00000003)
User: NT AUTHORITY\SYSTEM"
Information,4/25/2026 5:36:37 PM,Microsoft-Windows-Sysmon,7,Image loaded (rule: ImageLoad),"Image loaded:
RuleName: technique_id=T1053,technique_name=Scheduled Task
UtcTime: 2026-04-25 07:36:37.769
ProcessGuid: {9172be70-6eef-69ec-a901-000000001f00}
ProcessId: 10020
Image: C:\Windows\System32\sppsvc.exe
ImageLoaded: C:\Windows\System32\taskschd.dll
FileVersion: 10.0.19041.3636 (WinBuild.160101.0800)
Description: Task Scheduler COM API
Product: Microsoft® Windows® Operating System
Company: Microsoft Corporation
OriginalFileName: taskschd.dll
Hashes: SHA1=633C92F5A5000CDE3235C7FDC306B2B04C501C48,MD5=84F942C1A4BD60C94EBEC6643E0216C9,SHA256=BBE733452E6CE871D5D2064948847AAB2A71F7FEDA2C962BA4002F64E2D198F2,IMPHASH=B7A4477FA36E2E5287EE76AC4AFCB05B
Signed: true
Signature: Microsoft Windows
SignatureStatus: Valid
User: NT AUTHORITY\NETWORK SERVICE"
Information,4/25/2026 5:36:28 PM,Microsoft-Windows-Sysmon,7,Image loaded (rule: ImageLoad),"Image loaded:
RuleName: technique_id=T1574.002,technique_name=DLL Side-Loading
UtcTime: 2026-04-25 07:36:28.070
ProcessGuid: {9172be70-6efb-69ec-c501-000000001f00}
ProcessId: 5316
Image: C:\Program Files\Splunk\bin\python3.13.exe
ImageLoaded: C:\ProgramData\Microsoft\Windows Defender\Platform\4.18.26020.6-0\MpOAV.dll
FileVersion: 4.18.26020.6 (cd0aebd7c18a68cd2e3af14a117b45b178d088f4)
Description: IOfficeAntiVirus Module
Product: Microsoft® Windows® Operating System
Company: Microsoft Corporation
OriginalFileName: MpOAV.dll
Hashes: SHA1=8350F492FC8773C7AD990D4218D9AD1E0C7A3130,MD5=55DCD381DFBB9B84092E09B8D3A7A4CD,SHA256=4FE2F89B85BEE4455BECEF8450A6459B2F9AF50E991A86A8A863FA86AAC3F69E,IMPHASH=876F81A277BF4C5C958E4D3BDB07CFEB
Signed: true
Signature: Microsoft Windows
SignatureStatus: Valid
User: NT AUTHORITY\SYSTEM"
Information,4/25/2026 5:36:28 PM,Microsoft-Windows-Sysmon,7,Image loaded (rule: ImageLoad),"Image loaded:
RuleName: technique_id=T1059.001,technique_name=PowerShell
UtcTime: 2026-04-25 07:36:28.067
ProcessGuid: {9172be70-6efb-69ec-c501-000000001f00}
ProcessId: 5316
Image: C:\Program Files\Splunk\bin\python3.13.exe
ImageLoaded: C:\Windows\System32\amsi.dll
FileVersion: 10.0.19041.4355 (WinBuild.160101.0800)
Description: Anti-Malware Scan Interface
Product: Microsoft® Windows® Operating System
Company: Microsoft Corporation
OriginalFileName: amsi.dll
Hashes: SHA1=347368018E1DAAF4F52C9A4119526313A82ECEEC,MD5=4933108BD5B3219F74AD807DFE8835AD,SHA256=66F7A134F6A4D9FE63DD7D6FF88DDED5796E4D5C7E33BA606DFF4D87D9258C0D,IMPHASH=C414C6B76EBCEEF67B5B752A7E51D4D2
Signed: true
Signature: Microsoft Windows
SignatureStatus: Valid
User: NT AUTHORITY\SYSTEM"
Information,4/25/2026 5:36:26 PM,Microsoft-Windows-Sysmon,13,Registry value set (rule: RegistryEvent),"Registry value set:
RuleName: -
EventType: SetValue
UtcTime: 2026-04-25 07:36:26.699
ProcessGuid: {9172be70-6da9-69ec-0d00-000000001f00}
ProcessId: 844
Image: C:\Windows\system32\svchost.exe
TargetObject: HKLM\System\CurrentControlSet\Services\bam\State\UserSettings\S-1-5-21-1156564983-231300539-2099510246-1000\MicrosoftWindows.Client.CBS_cw5n1h2txyewy
Details: Binary Data
User: NT AUTHORITY\SYSTEM"
Information,4/25/2026 5:36:26 PM,Microsoft-Windows-Sysmon,22,Dns query (rule: DnsQuery),"Dns query:
RuleName: -
UtcTime: 2026-04-25 07:35:58.869
ProcessGuid: {9172be70-6ed2-69ec-6d01-000000001f00}
ProcessId: 8764
QueryName: Win10Demo
QueryStatus: 0
QueryResults: fe80::d509:4724:aa38:8272;::ffff:192.168.20.12;
Image: C:\Program Files\Splunk\bin\splunkd.exe
User: NT AUTHORITY\SYSTEM"
Information,4/25/2026 5:36:17 PM,Microsoft-Windows-Sysmon,13,Registry value set (rule: RegistryEvent),"Registry value set:
RuleName: technique_id=T1053,technique_name=Scheduled Task
EventType: SetValue
UtcTime: 2026-04-25 07:36:17.047
ProcessGuid: {9172be70-6dab-69ec-1d00-000000001f00}
ProcessId: 1300
Image: C:\Windows\system32\svchost.exe
TargetObject: HKLM\SOFTWARE\Microsoft\Windows NT\CurrentVersion\Schedule\TaskCache\Tree\Microsoft\Windows\WindowsUpdate\RUXIM\PLUGScheduler\Index
Details: DWORD (0x00000002)
User: NT AUTHORITY\SYSTEM"
Information,4/25/2026 5:36:16 PM,Microsoft-Windows-Sysmon,13,Registry value set (rule: RegistryEvent),"Registry value set:
RuleName: technique_id=T1053,technique_name=Scheduled Task
EventType: SetValue
UtcTime: 2026-04-25 07:36:16.840
ProcessGuid: {9172be70-6dab-69ec-1d00-000000001f00}
ProcessId: 1300
Image: C:\Windows\system32\svchost.exe
TargetObject: HKLM\SOFTWARE\Microsoft\Windows NT\CurrentVersion\Schedule\TaskCache\Tree\Microsoft\Windows\WindowsUpdate\RUXIM\PLUGScheduler\Index
Details: DWORD (0x00000002)
User: NT AUTHORITY\SYSTEM"
Information,4/25/2026 5:36:16 PM,Microsoft-Windows-Sysmon,7,Image loaded (rule: ImageLoad),"Image loaded:
RuleName: technique_id=T1574.002,technique_name=DLL Side-Loading
UtcTime: 2026-04-25 07:36:16.802
ProcessGuid: {9172be70-6edc-69ec-7301-000000001f00}
ProcessId: 9184
Image: C:\Program Files\Splunk\bin\python3.13.exe
ImageLoaded: C:\ProgramData\Microsoft\Windows Defender\Platform\4.18.26020.6-0\MpOAV.dll
FileVersion: 4.18.26020.6 (cd0aebd7c18a68cd2e3af14a117b45b178d088f4)
Description: IOfficeAntiVirus Module
Product: Microsoft® Windows® Operating System
Company: Microsoft Corporation
OriginalFileName: MpOAV.dll
Hashes: SHA1=8350F492FC8773C7AD990D4218D9AD1E0C7A3130,MD5=55DCD381DFBB9B84092E09B8D3A7A4CD,SHA256=4FE2F89B85BEE4455BECEF8450A6459B2F9AF50E991A86A8A863FA86AAC3F69E,IMPHASH=876F81A277BF4C5C958E4D3BDB07CFEB
Signed: true
Signature: Microsoft Windows
SignatureStatus: Valid
User: NT AUTHORITY\SYSTEM"
Information,4/25/2026 5:36:16 PM,Microsoft-Windows-Sysmon,7,Image loaded (rule: ImageLoad),"Image loaded:
RuleName: technique_id=T1059.001,technique_name=PowerShell
UtcTime: 2026-04-25 07:36:16.794
ProcessGuid: {9172be70-6edc-69ec-7301-000000001f00}
ProcessId: 9184
Image: C:\Program Files\Splunk\bin\python3.13.exe
ImageLoaded: C:\Windows\System32\amsi.dll
FileVersion: 10.0.19041.4355 (WinBuild.160101.0800)
Description: Anti-Malware Scan Interface
Product: Microsoft® Windows® Operating System
Company: Microsoft Corporation
OriginalFileName: amsi.dll
Hashes: SHA1=347368018E1DAAF4F52C9A4119526313A82ECEEC,MD5=4933108BD5B3219F74AD807DFE8835AD,SHA256=66F7A134F6A4D9FE63DD7D6FF88DDED5796E4D5C7E33BA606DFF4D87D9258C0D,IMPHASH=C414C6B76EBCEEF67B5B752A7E51D4D2
Signed: true
Signature: Microsoft Windows
SignatureStatus: Valid
User: NT AUTHORITY\SYSTEM"
Information,4/25/2026 5:36:16 PM,Microsoft-Windows-Sysmon,7,Image loaded (rule: ImageLoad),"Image loaded:
RuleName: technique_id=T1053,technique_name=Scheduled Task
UtcTime: 2026-04-25 07:36:16.772
ProcessGuid: {9172be70-6ee2-69ec-7e01-000000001f00}
ProcessId: 8252
Image: C:\Program Files\RUXIM\PLUGScheduler.exe
ImageLoaded: C:\Windows\System32\taskschd.dll
FileVersion: 10.0.19041.3636 (WinBuild.160101.0800)
Description: Task Scheduler COM API
Product: Microsoft® Windows® Operating System
Company: Microsoft Corporation
OriginalFileName: taskschd.dll
Hashes: SHA1=633C92F5A5000CDE3235C7FDC306B2B04C501C48,MD5=84F942C1A4BD60C94EBEC6643E0216C9,SHA256=BBE733452E6CE871D5D2064948847AAB2A71F7FEDA2C962BA4002F64E2D198F2,IMPHASH=B7A4477FA36E2E5287EE76AC4AFCB05B
Signed: true
Signature: Microsoft Windows
SignatureStatus: Valid
User: NT AUTHORITY\SYSTEM"
Information,4/25/2026 5:36:16 PM,Microsoft-Windows-Sysmon,11,File created (rule: FileCreate),"File created:
RuleName: technique_id=T1574.010,technique_name=Services File Permissions Weakness
UtcTime: 2026-04-25 07:36:16.725
ProcessGuid: {9172be70-6ef0-69ec-aa01-000000001f00}
ProcessId: 10108
Image: C:\Program Files\RUXIM\RUXIMICS.EXE
TargetFilename: C:\Windows\Logs\PLUG\RUXIMLog.001.etl
CreationUtcTime: 2026-04-11 06:22:28.369
User: NT AUTHORITY\SYSTEM"
Information,4/25/2026 5:36:15 PM,Microsoft-Windows-Sysmon,7,Image loaded (rule: ImageLoad),"Image loaded:
RuleName: technique_id=T1197,technique_name=BITS
UtcTime: 2026-04-25 07:36:15.665
ProcessGuid: {9172be70-6ee3-69ec-8c01-000000001f00}
ProcessId: 9108
Image: C:\Users\jolly\AppData\Local\Microsoft\OneDrive\OneDriveStandaloneUpdater.exe
ImageLoaded: C:\Windows\System32\BitsProxy.dll
FileVersion: 7.8.19041.1 (WinBuild.160101.0800)
Description: Background Intelligent Transfer Service Proxy
Product: Microsoft® Windows® Operating System
Company: Microsoft Corporation
OriginalFileName: qmgrprxy.dll
Hashes: SHA1=F76CEB9DA1BD2F4E9C02E49758C654630518A066,MD5=B3E2BAEAD079C29BC16CAA7830A17FA6,SHA256=E72BF2ADCE95F764BD880A458B04BA0BEBB0EBA7EB3473A29FDBE3A98F1A86D5,IMPHASH=44BEE37A834D6E66277D9ADD2D131FC2
Signed: true
Signature: Microsoft Windows
SignatureStatus: Valid
User: WIN10DEMO\jolly"
Information,4/25/2026 5:36:15 PM,Microsoft-Windows-Sysmon,7,Image loaded (rule: ImageLoad),"Image loaded:
RuleName: technique_id=T1197,technique_name=BITS
UtcTime: 2026-04-25 07:36:15.520
ProcessGuid: {9172be70-6ee2-69ec-8101-000000001f00}
ProcessId: 8240
Image: C:\Users\jolly\AppData\Local\Microsoft\OneDrive\OneDriveStandaloneUpdater.exe
ImageLoaded: C:\Windows\System32\BitsProxy.dll
FileVersion: 7.8.19041.1 (WinBuild.160101.0800)
Description: Background Intelligent Transfer Service Proxy
Product: Microsoft® Windows® Operating System
Company: Microsoft Corporation
OriginalFileName: qmgrprxy.dll
Hashes: SHA1=F76CEB9DA1BD2F4E9C02E49758C654630518A066,MD5=B3E2BAEAD079C29BC16CAA7830A17FA6,SHA256=E72BF2ADCE95F764BD880A458B04BA0BEBB0EBA7EB3473A29FDBE3A98F1A86D5,IMPHASH=44BEE37A834D6E66277D9ADD2D131FC2
Signed: true
Signature: Microsoft Windows
SignatureStatus: Valid
User: WIN10DEMO\jolly"
Information,4/25/2026 5:36:14 PM,Microsoft-Windows-Sysmon,13,Registry value set (rule: RegistryEvent),"Registry value set:
RuleName: -
EventType: SetValue
UtcTime: 2026-04-25 07:36:14.858
ProcessGuid: {9172be70-6ea3-69ec-4e01-000000001f00}
ProcessId: 5336
Image: C:\Windows\system32\taskmgr.exe
TargetObject: HKLM\System\CurrentControlSet\Services\bam\State\UserSettings\S-1-5-21-1156564983-231300539-2099510246-1000\\Device\HarddiskVolume1\Windows\System32\Taskmgr.exe
Details: Binary Data
User: WIN10DEMO\jolly"
Information,4/25/2026 5:36:13 PM,Microsoft-Windows-Sysmon,11,File created (rule: FileCreate),"File created:
RuleName: -
UtcTime: 2026-04-25 07:36:13.118
ProcessGuid: {9172be70-6e98-69ec-4801-000000001f00}
ProcessId: 6164
Image: C:\Program Files\Splunk\bin\splunk-supervisor.exe
TargetFilename: C:\Program Files\Splunk\var\run\supervisor\pkg-run\pkg-spotlight-collector1455356456\splunk-spotlight.exe
CreationUtcTime: 2026-04-25 07:36:13.118
User: NT AUTHORITY\SYSTEM"
Information,4/25/2026 5:36:10 PM,Microsoft-Windows-Sysmon,7,Image loaded (rule: ImageLoad),"Image loaded:
RuleName: technique_id=T1053,technique_name=Scheduled Task
UtcTime: 2026-04-25 07:36:09.988
ProcessGuid: {9172be70-6ee4-69ec-9601-000000001f00}
ProcessId: 3872
Image: C:\Windows\System32\svchost.exe
ImageLoaded: C:\Windows\System32\taskschd.dll
FileVersion: 10.0.19041.3636 (WinBuild.160101.0800)
Description: Task Scheduler COM API
Product: Microsoft® Windows® Operating System
Company: Microsoft Corporation
OriginalFileName: taskschd.dll
Hashes: SHA1=633C92F5A5000CDE3235C7FDC306B2B04C501C48,MD5=84F942C1A4BD60C94EBEC6643E0216C9,SHA256=BBE733452E6CE871D5D2064948847AAB2A71F7FEDA2C962BA4002F64E2D198F2,IMPHASH=B7A4477FA36E2E5287EE76AC4AFCB05B
Signed: true
Signature: Microsoft Windows
SignatureStatus: Valid
User: NT AUTHORITY\SYSTEM"
Information,4/25/2026 5:36:10 PM,Microsoft-Windows-Sysmon,11,File created (rule: FileCreate),"File created:
RuleName: technique_id=T1574.010,technique_name=Services File Permissions Weakness
UtcTime: 2026-04-25 07:36:10.098
ProcessGuid: {9172be70-6ee2-69ec-7e01-000000001f00}
ProcessId: 8252
Image: C:\Program Files\RUXIM\PLUGscheduler.exe
TargetFilename: C:\Windows\Logs\PLUG\RUXIMLog.001.etl
CreationUtcTime: 2026-04-11 06:22:28.369
User: NT AUTHORITY\SYSTEM"
Information,4/25/2026 5:36:10 PM,Microsoft-Windows-Sysmon,13,Registry value set (rule: RegistryEvent),"Registry value set:
RuleName: technique_id=T1053,technique_name=Scheduled Task
EventType: SetValue
UtcTime: 2026-04-25 07:36:09.999
ProcessGuid: {9172be70-6dab-69ec-1d00-000000001f00}
ProcessId: 1300
Image: C:\Windows\system32\svchost.exe
TargetObject: HKLM\SOFTWARE\Microsoft\Windows NT\CurrentVersion\Schedule\TaskCache\Tree\Microsoft\Windows\PushToInstall\Registration\Index
Details: DWORD (0x00000003)
User: NT AUTHORITY\SYSTEM"
Information,4/25/2026 5:36:07 PM,Microsoft-Windows-Sysmon,13,Registry value set (rule: RegistryEvent),"Registry value set:
RuleName: technique_id=T1053,technique_name=Scheduled Task
EventType: SetValue
UtcTime: 2026-04-25 07:36:07.587
ProcessGuid: {9172be70-6dab-69ec-1d00-000000001f00}
ProcessId: 1300
Image: C:\Windows\system32\svchost.exe
TargetObject: HKLM\SOFTWARE\Microsoft\Windows NT\CurrentVersion\Schedule\TaskCache\Tree\Microsoft\Windows\UpdateOrchestrator\Schedule Maintenance Work\Index
Details: DWORD (0x00000003)
User: NT AUTHORITY\SYSTEM"
Information,4/25/2026 5:36:07 PM,Microsoft-Windows-Sysmon,11,File created (rule: FileCreate),"File created:
RuleName: technique_id=T1574.010,technique_name=Services File Permissions Weakness
UtcTime: 2026-04-25 07:36:07.446
ProcessGuid: {9172be70-6db3-69ec-4400-000000001f00}
ProcessId: 2788
Image: C:\Windows\system32\svchost.exe
TargetFilename: C:\Windows\System32\config\systemprofile\AppData\Local\Microsoft\Windows\Notifications\WPNPRMRY.tmp
CreationUtcTime: 2026-03-15 23:56:33.503
User: NT AUTHORITY\SYSTEM"
Information,4/25/2026 5:36:07 PM,Microsoft-Windows-Sysmon,13,Registry value set (rule: RegistryEvent),"Registry value set:
RuleName: technique_id=T1053,technique_name=Scheduled Task
EventType: SetValue
UtcTime: 2026-04-25 07:36:07.314
ProcessGuid: {9172be70-6dab-69ec-1d00-000000001f00}
ProcessId: 1300
Image: C:\Windows\system32\svchost.exe
TargetObject: HKLM\SOFTWARE\Microsoft\Windows NT\CurrentVersion\Schedule\TaskCache\Tree\Microsoft\Windows\UpdateOrchestrator\Schedule Maintenance Work\Index
Details: DWORD (0x00000003)
User: NT AUTHORITY\SYSTEM"
Information,4/25/2026 5:36:06 PM,Microsoft-Windows-Sysmon,13,Registry value set (rule: RegistryEvent),"Registry value set:
RuleName: technique_id=T1053,technique_name=Scheduled Task
EventType: SetValue
UtcTime: 2026-04-25 07:36:06.738
ProcessGuid: {9172be70-6dab-69ec-1d00-000000001f00}
ProcessId: 1300
Image: C:\Windows\system32\svchost.exe
TargetObject: HKLM\SOFTWARE\Microsoft\Windows NT\CurrentVersion\Schedule\TaskCache\Tree\Microsoft\Windows\UpdateOrchestrator\Schedule Wake To Work\Index
Details: DWORD (0x00000003)
User: NT AUTHORITY\SYSTEM"
Information,4/25/2026 5:36:06 PM,Microsoft-Windows-Sysmon,13,Registry value set (rule: RegistryEvent),"Registry value set:
RuleName: technique_id=T1053,technique_name=Scheduled Task
EventType: SetValue
UtcTime: 2026-04-25 07:36:06.188
ProcessGuid: {9172be70-6dab-69ec-1d00-000000001f00}
ProcessId: 1300
Image: C:\Windows\system32\svchost.exe
TargetObject: HKLM\SOFTWARE\Microsoft\Windows NT\CurrentVersion\Schedule\TaskCache\Tree\Microsoft\Windows\UpdateOrchestrator\Schedule Wake To Work\Index
Details: DWORD (0x00000003)
User: NT AUTHORITY\SYSTEM"
Information,4/25/2026 5:36:06 PM,Microsoft-Windows-Sysmon,13,Registry value set (rule: RegistryEvent),"Registry value set:
RuleName: technique_id=T1053,technique_name=Scheduled Task
EventType: SetValue
UtcTime: 2026-04-25 07:36:06.046
ProcessGuid: {9172be70-6dab-69ec-1d00-000000001f00}
ProcessId: 1300
Image: C:\Windows\system32\svchost.exe
TargetObject: HKLM\SOFTWARE\Microsoft\Windows NT\CurrentVersion\Schedule\TaskCache\Tree\Microsoft\Windows\UpdateOrchestrator\Schedule Work\Index
Details: DWORD (0x00000003)
User: NT AUTHORITY\SYSTEM"
Information,4/25/2026 5:36:05 PM,Microsoft-Windows-Sysmon,13,Registry value set (rule: RegistryEvent),"Registry value set:
RuleName: technique_id=T1053,technique_name=Scheduled Task
EventType: SetValue
UtcTime: 2026-04-25 07:36:05.895
ProcessGuid: {9172be70-6dab-69ec-1d00-000000001f00}
ProcessId: 1300
Image: C:\Windows\system32\svchost.exe
TargetObject: HKLM\SOFTWARE\Microsoft\Windows NT\CurrentVersion\Schedule\TaskCache\Tree\Microsoft\Windows\UpdateOrchestrator\Schedule Work\Index
Details: DWORD (0x00000003)
User: NT AUTHORITY\SYSTEM"
Information,4/25/2026 5:36:04 PM,Microsoft-Windows-Sysmon,7,Image loaded (rule: ImageLoad),"Image loaded:
RuleName: technique_id=T1053,technique_name=Scheduled Task
UtcTime: 2026-04-25 07:36:04.919
ProcessGuid: {9172be70-6ee2-69ec-8701-000000001f00}
ProcessId: 7784
Image: C:\Windows\System32\taskhostw.exe
ImageLoaded: C:\Windows\System32\taskschd.dll
FileVersion: 10.0.19041.3636 (WinBuild.160101.0800)
Description: Task Scheduler COM API
Product: Microsoft® Windows® Operating System
Company: Microsoft Corporation
OriginalFileName: taskschd.dll
Hashes: SHA1=633C92F5A5000CDE3235C7FDC306B2B04C501C48,MD5=84F942C1A4BD60C94EBEC6643E0216C9,SHA256=BBE733452E6CE871D5D2064948847AAB2A71F7FEDA2C962BA4002F64E2D198F2,IMPHASH=B7A4477FA36E2E5287EE76AC4AFCB05B
Signed: true
Signature: Microsoft Windows
SignatureStatus: Valid
User: NT AUTHORITY\SYSTEM"
Information,4/25/2026 5:36:04 PM,Microsoft-Windows-Sysmon,7,Image loaded (rule: ImageLoad),"Image loaded:
RuleName: technique_id=T1053,technique_name=Scheduled Task
UtcTime: 2026-04-25 07:36:04.911
ProcessGuid: {9172be70-6ee2-69ec-8301-000000001f00}
ProcessId: 8920
Image: C:\Windows\System32\clipesu.exe
ImageLoaded: C:\Windows\System32\taskschd.dll
FileVersion: 10.0.19041.3636 (WinBuild.160101.0800)
Description: Task Scheduler COM API
Product: Microsoft® Windows® Operating System
Company: Microsoft Corporation
OriginalFileName: taskschd.dll
Hashes: SHA1=633C92F5A5000CDE3235C7FDC306B2B04C501C48,MD5=84F942C1A4BD60C94EBEC6643E0216C9,SHA256=BBE733452E6CE871D5D2064948847AAB2A71F7FEDA2C962BA4002F64E2D198F2,IMPHASH=B7A4477FA36E2E5287EE76AC4AFCB05B
Signed: true
Signature: Microsoft Windows
SignatureStatus: Valid
User: NT AUTHORITY\SYSTEM"
Information,4/25/2026 5:36:04 PM,Microsoft-Windows-Sysmon,7,Image loaded (rule: ImageLoad),"Image loaded:
RuleName: technique_id=T1574.002,technique_name=DLL Side-Loading
UtcTime: 2026-04-25 07:36:04.843
ProcessGuid: {9172be70-6ee2-69ec-8901-000000001f00}
ProcessId: 5176
Image: C:\Windows\System32\DeviceCensus.exe
ImageLoaded: C:\ProgramData\Microsoft\Windows Defender\Platform\4.18.26020.6-0\MpOAV.dll
FileVersion: 4.18.26020.6 (cd0aebd7c18a68cd2e3af14a117b45b178d088f4)
Description: IOfficeAntiVirus Module
Product: Microsoft® Windows® Operating System
Company: Microsoft Corporation
OriginalFileName: MpOAV.dll
Hashes: SHA1=8350F492FC8773C7AD990D4218D9AD1E0C7A3130,MD5=55DCD381DFBB9B84092E09B8D3A7A4CD,SHA256=4FE2F89B85BEE4455BECEF8450A6459B2F9AF50E991A86A8A863FA86AAC3F69E,IMPHASH=876F81A277BF4C5C958E4D3BDB07CFEB
Signed: true
Signature: Microsoft Windows
SignatureStatus: Valid
User: NT AUTHORITY\SYSTEM"
Information,4/25/2026 5:36:04 PM,Microsoft-Windows-Sysmon,7,Image loaded (rule: ImageLoad),"Image loaded:
RuleName: technique_id=T1059.001,technique_name=PowerShell
UtcTime: 2026-04-25 07:36:04.839
ProcessGuid: {9172be70-6ee2-69ec-8901-000000001f00}
ProcessId: 5176
Image: C:\Windows\System32\DeviceCensus.exe
ImageLoaded: C:\Windows\System32\amsi.dll
FileVersion: 10.0.19041.4355 (WinBuild.160101.0800)
Description: Anti-Malware Scan Interface
Product: Microsoft® Windows® Operating System
Company: Microsoft Corporation
OriginalFileName: amsi.dll
Hashes: SHA1=347368018E1DAAF4F52C9A4119526313A82ECEEC,MD5=4933108BD5B3219F74AD807DFE8835AD,SHA256=66F7A134F6A4D9FE63DD7D6FF88DDED5796E4D5C7E33BA606DFF4D87D9258C0D,IMPHASH=C414C6B76EBCEEF67B5B752A7E51D4D2
Signed: true
Signature: Microsoft Windows
SignatureStatus: Valid
User: NT AUTHORITY\SYSTEM"
Information,4/25/2026 5:36:04 PM,Microsoft-Windows-Sysmon,13,Registry value set (rule: RegistryEvent),"Registry value set:
RuleName: -
EventType: SetValue
UtcTime: 2026-04-25 07:36:04.745
ProcessGuid: {9172be70-6ee3-69ec-8b01-000000001f00}
ProcessId: 9080
Image: C:\Windows\system32\rundll32.exe
TargetObject: HKLM\System\CurrentControlSet\Services\bam\State\UserSettings\S-1-5-18\\Device\HarddiskVolume1\Windows\System32\rundll32.exe
Details: Binary Data
User: NT AUTHORITY\SYSTEM"
Information,4/25/2026 5:36:04 PM,Microsoft-Windows-Sysmon,11,File created (rule: FileCreate),"File created:
RuleName: technique_id=T1574.010,technique_name=Services File Permissions Weakness
UtcTime: 2026-04-25 07:36:04.628
ProcessGuid: {9172be70-6dd8-69ec-b700-000000001f00}
ProcessId: 1080
Image: C:\Windows\system32\svchost.exe
TargetFilename: C:\Windows\SoftwareDistribution\Download\0e81198876b8eb725cd93d1816536732\Metadata\fvereseal.dll
CreationUtcTime: 2025-11-05 08:00:44.000
User: NT AUTHORITY\SYSTEM"
Information,4/25/2026 5:36:04 PM,Microsoft-Windows-Sysmon,7,Image loaded (rule: ImageLoad),"Image loaded:
RuleName: technique_id=T1053,technique_name=Scheduled Task
UtcTime: 2026-04-25 07:36:04.620
ProcessGuid: {9172be70-6ee2-69ec-8901-000000001f00}
ProcessId: 5176
Image: C:\Windows\System32\DeviceCensus.exe
ImageLoaded: C:\Windows\System32\taskschd.dll
FileVersion: 10.0.19041.3636 (WinBuild.160101.0800)
Description: Task Scheduler COM API
Product: Microsoft® Windows® Operating System
Company: Microsoft Corporation
OriginalFileName: taskschd.dll
Hashes: SHA1=633C92F5A5000CDE3235C7FDC306B2B04C501C48,MD5=84F942C1A4BD60C94EBEC6643E0216C9,SHA256=BBE733452E6CE871D5D2064948847AAB2A71F7FEDA2C962BA4002F64E2D198F2,IMPHASH=B7A4477FA36E2E5287EE76AC4AFCB05B
Signed: true
Signature: Microsoft Windows
SignatureStatus: Valid
User: NT AUTHORITY\SYSTEM"
Information,4/25/2026 5:36:04 PM,Microsoft-Windows-Sysmon,11,File created (rule: FileCreate),"File created:
RuleName: technique_id=T1574.010,technique_name=Services File Permissions Weakness
UtcTime: 2026-04-25 07:36:04.618
ProcessGuid: {9172be70-6dd8-69ec-b700-000000001f00}
ProcessId: 1080
Image: C:\Windows\system32\svchost.exe
TargetFilename: C:\Windows\SoftwareDistribution\Download\0e81198876b8eb725cd93d1816536732\Metadata\WinREAgent.dll
CreationUtcTime: 2025-11-05 08:00:42.000
User: NT AUTHORITY\SYSTEM"
Information,4/25/2026 5:36:04 PM,Microsoft-Windows-Sysmon,11,File created (rule: FileCreate),"File created:
RuleName: technique_id=T1574.010,technique_name=Services File Permissions Weakness
UtcTime: 2026-04-25 07:36:04.607
ProcessGuid: {9172be70-6dd8-69ec-b700-000000001f00}
ProcessId: 1080
Image: C:\Windows\system32\svchost.exe
TargetFilename: C:\Windows\SoftwareDistribution\Download\0e81198876b8eb725cd93d1816536732\Metadata\ReserveManager.dll
CreationUtcTime: 2025-11-05 08:00:42.000
User: NT AUTHORITY\SYSTEM"
Information,4/25/2026 5:36:04 PM,Microsoft-Windows-Sysmon,11,File created (rule: FileCreate),"File created:
RuleName: technique_id=T1574.010,technique_name=Services File Permissions Weakness
UtcTime: 2026-04-25 07:36:04.593
ProcessGuid: {9172be70-6dd8-69ec-b700-000000001f00}
ProcessId: 1080
Image: C:\Windows\system32\svchost.exe
TargetFilename: C:\Windows\SoftwareDistribution\Download\0e81198876b8eb725cd93d1816536732\Metadata\TurboStack.dll
CreationUtcTime: 2025-11-05 08:00:42.000
User: NT AUTHORITY\SYSTEM"
Information,4/25/2026 5:36:04 PM,Microsoft-Windows-Sysmon,7,Image loaded (rule: ImageLoad),"Image loaded:
RuleName: -
UtcTime: 2026-04-25 07:36:04.564
ProcessGuid: {9172be70-6ee2-69ec-8101-000000001f00}
ProcessId: 8240
Image: C:\Users\jolly\AppData\Local\Microsoft\OneDrive\OneDriveStandaloneUpdater.exe
ImageLoaded: C:\Windows\System32\urlmon.dll
FileVersion: 11.00.19041.6456 (WinBuild.160101.0800)
Description: OLE32 Extensions for Win32
Product: Internet Explorer
Company: Microsoft Corporation
OriginalFileName: UrlMon.dll
Hashes: SHA1=E20F47594B506E7F66451F86DC3D27ACFBE50690,MD5=4F65F3E866588D1F98279B80D79073D8,SHA256=BA66D852C1EE342E2863FFD42B01E1041CE099EADE6CCCBBB8E64C6475B8958E,IMPHASH=4572A0DE6D775598EF7BE4A1A20049FB
Signed: true
Signature: Microsoft Windows
SignatureStatus: Valid
User: WIN10DEMO\jolly"
Information,4/25/2026 5:36:04 PM,Microsoft-Windows-Sysmon,7,Image loaded (rule: ImageLoad),"Image loaded:
RuleName: -
UtcTime: 2026-04-25 07:36:04.536
ProcessGuid: {9172be70-6ee3-69ec-8c01-000000001f00}
ProcessId: 9108
Image: C:\Users\jolly\AppData\Local\Microsoft\OneDrive\OneDriveStandaloneUpdater.exe
ImageLoaded: C:\Windows\System32\urlmon.dll
FileVersion: 11.00.19041.6456 (WinBuild.160101.0800)
Description: OLE32 Extensions for Win32
Product: Internet Explorer
Company: Microsoft Corporation
OriginalFileName: UrlMon.dll
Hashes: SHA1=E20F47594B506E7F66451F86DC3D27ACFBE50690,MD5=4F65F3E866588D1F98279B80D79073D8,SHA256=BA66D852C1EE342E2863FFD42B01E1041CE099EADE6CCCBBB8E64C6475B8958E,IMPHASH=4572A0DE6D775598EF7BE4A1A20049FB
Signed: true
Signature: Microsoft Windows
SignatureStatus: Valid
User: WIN10DEMO\jolly"
Information,4/25/2026 5:36:04 PM,Microsoft-Windows-Sysmon,11,File created (rule: FileCreate),"File created:
RuleName: technique_id=T1574.010,technique_name=Services File Permissions Weakness
UtcTime: 2026-04-25 07:36:04.539
ProcessGuid: {9172be70-6dd8-69ec-b700-000000001f00}
ProcessId: 1080
Image: C:\Windows\system32\svchost.exe
TargetFilename: C:\Windows\SoftwareDistribution\Download\0e81198876b8eb725cd93d1816536732\Metadata\wcp.dll
CreationUtcTime: 2025-11-05 08:00:44.000
User: NT AUTHORITY\SYSTEM"
Information,4/25/2026 5:36:04 PM,Microsoft-Windows-Sysmon,11,File created (rule: FileCreate),"File created:
RuleName: technique_id=T1574.010,technique_name=Services File Permissions Weakness
UtcTime: 2026-04-25 07:36:04.535
ProcessGuid: {9172be70-6dd8-69ec-b700-000000001f00}
ProcessId: 1080
Image: C:\Windows\system32\svchost.exe
TargetFilename: C:\Windows\SoftwareDistribution\Download\0e81198876b8eb725cd93d1816536732\Metadata\UAOneSettings.dll
CreationUtcTime: 2025-11-05 08:00:42.000
User: NT AUTHORITY\SYSTEM"
Information,4/25/2026 5:36:04 PM,Microsoft-Windows-Sysmon,11,File created (rule: FileCreate),"File created:
RuleName: technique_id=T1574.010,technique_name=Services File Permissions Weakness
UtcTime: 2026-04-25 07:36:04.527
ProcessGuid: {9172be70-6dd8-69ec-b700-000000001f00}
ProcessId: 1080
Image: C:\Windows\system32\svchost.exe
TargetFilename: C:\Windows\SoftwareDistribution\Download\0e81198876b8eb725cd93d1816536732\Metadata\Mitigation.dll
CreationUtcTime: 2025-11-05 08:00:42.000
User: NT AUTHORITY\SYSTEM"
Information,4/25/2026 5:36:04 PM,Microsoft-Windows-Sysmon,11,File created (rule: FileCreate),"File created:
RuleName: technique_id=T1574.010,technique_name=Services File Permissions Weakness
UtcTime: 2026-04-25 07:36:04.513
ProcessGuid: {9172be70-6dd8-69ec-b700-000000001f00}
ProcessId: 1080
Image: C:\Windows\system32\svchost.exe
TargetFilename: C:\Windows\SoftwareDistribution\Download\0e81198876b8eb725cd93d1816536732\Metadata\dpx.dll
CreationUtcTime: 2025-11-05 08:00:42.000
User: NT AUTHORITY\SYSTEM"
Information,4/25/2026 5:36:04 PM,Microsoft-Windows-Sysmon,11,File created (rule: FileCreate),"File created:
RuleName: technique_id=T1574.010,technique_name=Services File Permissions Weakness
UtcTime: 2026-04-25 07:36:04.473
ProcessGuid: {9172be70-6dd8-69ec-b700-000000001f00}
ProcessId: 1080
Image: C:\Windows\system32\svchost.exe
TargetFilename: C:\Windows\SoftwareDistribution\Download\0e81198876b8eb725cd93d1816536732\Metadata\UpdateAgent.dll
CreationUtcTime: 2025-11-05 08:00:44.000
User: NT AUTHORITY\SYSTEM"
