Information,4/25/2026 5:42:08 PM,Microsoft-Windows-Sysmon,1,Process Create (rule: ProcessCreate),"Process Create:
RuleName: technique_id=T1083,technique_name=File and Directory Discovery
UtcTime: 2026-04-25 07:42:08.798
ProcessGuid: {9172be70-7050-69ec-4e03-000000001f00}
ProcessId: 10400
Image: C:\Program Files (x86)\Microsoft\EdgeWebView\Application\146.0.3856.109\msedgewebview2.exe
FileVersion: 146.0.3856.109
Description: Microsoft Edge WebView2
Product: Microsoft Edge WebView2
Company: Microsoft Corporation
OriginalFileName: msedgewebview2.exe
CommandLine: ""C:\Program Files (x86)\Microsoft\EdgeWebView\Application\146.0.3856.109\msedgewebview2.exe"" --type=renderer --noerrdialogs --user-data-dir=""C:\Users\jolly\AppData\Local\Packages\Microsoft.MicrosoftOfficeHub_8wekyb3d8bbwe\LocalState\EBWebView"" --webview-exe-name=M365Copilot.exe --webview-exe-version=19.2604.38251.0 --embedded-browser-webview=1 --embedded-browser-webview-dpi-awareness=2 --disable-gpu-compositing --video-capture-use-gpu-memory-buffer --lang=en-US --js-flags=--expose-gc --device-scale-factor=1 --num-raster-threads=2 --enable-main-frame-before-activation --renderer-client-id=48 --time-ticks-at-unix-epoch=-1777102076221678 --launch-time-ticks=812953924 --always-read-main-dll --metrics-shmem-handle=3568,i,665788897139687580,7115177664921744365,2097152 --field-trial-handle=1868,i,15514434203381647951,17821807702279388689,262144 --enable-features=msSingleSignOnOSForPrimaryAccountIsShared --disable-features=msEnhancedTrackingPreventionEnabled --variations-seed-version --pseudonymization-salt-handle=1884,i,14477360231411206170,9314674685075851636,4 --trace-process-track-uuid=3190709031289880246 --mojo-platform-channel-handle=4948 /prefetch:1
CurrentDirectory: C:\Program Files (x86)\Microsoft\EdgeWebView\Application\146.0.3856.109\
User: WIN10DEMO\jolly
LogonGuid: {9172be70-6dc0-69ec-2306-040000000000}
LogonId: 0x40623
TerminalSessionId: 1
IntegrityLevel: Low
Hashes: SHA1=516E5FF797C1E3424E641F74BC0A95CE21C11710,MD5=4D01E2CFBA75938D82A4AA45FFFEB291,SHA256=29CE36EA7A746028BC637095F1068BC29FAC83FC677716FF052B56E913DCE6B7,IMPHASH=82DA08246FA01D20B9DB5C9DDBE8B38C
ParentProcessGuid: {9172be70-6e0d-69ec-ef00-000000001f00}
ParentProcessId: 6348
ParentImage: C:\Program Files (x86)\Microsoft\EdgeWebView\Application\146.0.3856.109\msedgewebview2.exe
ParentCommandLine: ""C:\Program Files (x86)\Microsoft\EdgeWebView\Application\146.0.3856.109\msedgewebview2.exe"" --embedded-browser-webview=1 --webview-exe-name=M365Copilot.exe --webview-exe-version=19.2604.38251.0 --user-data-dir=""C:\Users\jolly\AppData\Local\Packages\Microsoft.MicrosoftOfficeHub_8wekyb3d8bbwe\LocalState\EBWebView"" --noerrdialogs --embedded-browser-webview-dpi-awareness=2 --disable-features=msEnhancedTrackingPreventionEnabled --enable-features=msSingleSignOnOSForPrimaryAccountIsShared --mojo-named-platform-channel-pipe=2408.3868.7952138114952833211
ParentUser: WIN10DEMO\jolly"
Information,4/25/2026 5:42:08 PM,Microsoft-Windows-Sysmon,17,Pipe Created (rule: PipeEvent),"Pipe Created:
RuleName: -
EventType: CreatePipe
UtcTime: 2026-04-25 07:42:08.796
ProcessGuid: {9172be70-6e0d-69ec-ef00-000000001f00}
ProcessId: 6348
PipeName: \LOCAL\mojo.6348.6428.11998391851236378637
Image: C:\Program Files (x86)\Microsoft\EdgeWebView\Application\146.0.3856.109\msedgewebview2.exe
User: WIN10DEMO\jolly"
Information,4/25/2026 5:41:59 PM,Microsoft-Windows-Sysmon,1,Process Create (rule: ProcessCreate),"Process Create:
RuleName: technique_id=T1033,technique_name=System Owner/User Discovery
UtcTime: 2026-04-25 07:41:59.191
ProcessGuid: {9172be70-7047-69ec-4403-000000001f00}
ProcessId: 7804
Image: C:\Windows\System32\whoami.exe
FileVersion: 10.0.19041.1 (WinBuild.160101.0800)
Description: whoami - displays logged on user information
Product: Microsoft® Windows® Operating System
Company: Microsoft Corporation
OriginalFileName: whoami.exe
CommandLine: whoami
CurrentDirectory: C:\Users\jolly\Downloads\
User: WIN10DEMO\jolly
LogonGuid: {9172be70-6dc0-69ec-2306-040000000000}
LogonId: 0x40623
TerminalSessionId: 1
IntegrityLevel: Medium
Hashes: SHA1=1915FBFDB73FDD200C47880247ACDDE5442431A9,MD5=A4A6924F3EAF97981323703D38FD99C4,SHA256=1D4902A04D99E8CCBFE7085E63155955FEE397449D386453F6C452AE407B8743,IMPHASH=7FF0758B766F747CE57DFAC70743FB88
ParentProcessGuid: {9172be70-7038-69ec-2e03-000000001f00}
ParentProcessId: 5348
ParentImage: C:\Windows\System32\cmd.exe
ParentCommandLine: C:\Windows\system32\cmd.exe 
ParentUser: WIN10DEMO\jolly"
Information,4/25/2026 5:41:57 PM,Microsoft-Windows-Sysmon,11,File created (rule: FileCreate),"File created:
RuleName: -
UtcTime: 2026-04-25 07:41:57.525
ProcessGuid: {9172be70-7045-69ec-4003-000000001f00}
ProcessId: 5828
Image: C:\ProgramData\Microsoft\Windows Defender\Platform\4.18.26020.6-0\MpCmdRun.exe
TargetFilename: C:\Windows\Temp\3396C5B1-775F-4CF5-8EA0-DB2F77CA73B8MpCommU\UpdatePlatform.exe
CreationUtcTime: 2026-04-25 07:41:57.524
User: NT AUTHORITY\SYSTEM"
Information,4/25/2026 5:41:57 PM,Microsoft-Windows-Sysmon,11,File created (rule: FileCreate),"File created:
RuleName: technique_id=T1574.010,technique_name=Services File Permissions Weakness
UtcTime: 2026-04-25 07:41:57.524
ProcessGuid: {9172be70-7045-69ec-4003-000000001f00}
ProcessId: 5828
Image: C:\ProgramData\Microsoft\Windows Defender\Platform\4.18.26020.6-0\MpCmdRun.exe
TargetFilename: C:\Windows\Temp\3396C5B1-775F-4CF5-8EA0-DB2F77CA73B8MpCommU\99555042-1000-46D1-B312-CC14FC7FC745
CreationUtcTime: 2026-04-25 07:41:57.524
User: NT AUTHORITY\SYSTEM"
Information,4/25/2026 5:41:57 PM,Microsoft-Windows-Sysmon,11,File created (rule: FileCreate),"File created:
RuleName: technique_id=T1574.010,technique_name=Services File Permissions Weakness
UtcTime: 2026-04-25 07:41:57.523
ProcessGuid: {9172be70-7045-69ec-4003-000000001f00}
ProcessId: 5828
Image: C:\ProgramData\Microsoft\Windows Defender\Platform\4.18.26020.6-0\MpCmdRun.exe
TargetFilename: C:\Windows\Temp\3396C5B1-775F-4CF5-8EA0-DB2F77CA73B8MpCommU
CreationUtcTime: 2026-04-25 07:41:57.523
User: NT AUTHORITY\SYSTEM"
Information,4/25/2026 5:41:57 PM,Microsoft-Windows-Sysmon,11,File created (rule: FileCreate),"File created:
RuleName: -
UtcTime: 2026-04-25 07:41:57.469
ProcessGuid: {9172be70-7045-69ec-4003-000000001f00}
ProcessId: 5828
Image: C:\ProgramData\Microsoft\Windows Defender\Platform\4.18.26020.6-0\MpCmdRun.exe
TargetFilename: C:\Windows\Temp\6C744FFA-723A-4990-9289-298930BC7318MpCommU\mpam-70b6cae9.exe
CreationUtcTime: 2026-04-25 07:41:57.469
User: NT AUTHORITY\SYSTEM"
Information,4/25/2026 5:41:57 PM,Microsoft-Windows-Sysmon,11,File created (rule: FileCreate),"File created:
RuleName: technique_id=T1574.010,technique_name=Services File Permissions Weakness
UtcTime: 2026-04-25 07:41:57.469
ProcessGuid: {9172be70-7045-69ec-4003-000000001f00}
ProcessId: 5828
Image: C:\ProgramData\Microsoft\Windows Defender\Platform\4.18.26020.6-0\MpCmdRun.exe
TargetFilename: C:\Windows\Temp\6C744FFA-723A-4990-9289-298930BC7318MpCommU\F8664B7C-519E-4F80-A537-4D2C3733D8D6
CreationUtcTime: 2026-04-25 07:41:57.469
User: NT AUTHORITY\SYSTEM"
Information,4/25/2026 5:41:57 PM,Microsoft-Windows-Sysmon,11,File created (rule: FileCreate),"File created:
RuleName: technique_id=T1574.010,technique_name=Services File Permissions Weakness
UtcTime: 2026-04-25 07:41:57.468
ProcessGuid: {9172be70-7045-69ec-4003-000000001f00}
ProcessId: 5828
Image: C:\ProgramData\Microsoft\Windows Defender\Platform\4.18.26020.6-0\MpCmdRun.exe
TargetFilename: C:\Windows\Temp\6C744FFA-723A-4990-9289-298930BC7318MpCommU
CreationUtcTime: 2026-04-25 07:41:57.468
User: NT AUTHORITY\SYSTEM"
Information,4/25/2026 5:41:57 PM,Microsoft-Windows-Sysmon,7,Image loaded (rule: ImageLoad),"Image loaded:
RuleName: technique_id=T1574.002,technique_name=DLL Side-Loading
UtcTime: 2026-04-25 07:41:57.435
ProcessGuid: {9172be70-7045-69ec-4003-000000001f00}
ProcessId: 5828
Image: C:\ProgramData\Microsoft\Windows Defender\Platform\4.18.26020.6-0\MpCmdRun.exe
ImageLoaded: C:\ProgramData\Microsoft\Windows Defender\Platform\4.18.26020.6-0\MpCommu.dll
FileVersion: 4.18.26020.6 (cd0aebd7c18a68cd2e3af14a117b45b178d088f4)
Description: Communication Module
Product: Microsoft® Windows® Operating System
Company: Microsoft Corporation
OriginalFileName: MpCommu.dll
Hashes: SHA1=289B2AB700F604AE22D640990C16FDD652E6951C,MD5=79B546EFE967B160666D8FC535F50927,SHA256=55C44DCD70CFD86C2588EB85932F0B70EA8FE21BEF89420CDFE5D423B3A26515,IMPHASH=23C185F8BAB650FF97BDDD5F49814D93
Signed: true
Signature: Microsoft Windows
SignatureStatus: Valid
User: NT AUTHORITY\SYSTEM"
Information,4/25/2026 5:41:57 PM,Microsoft-Windows-Sysmon,7,Image loaded (rule: ImageLoad),"Image loaded:
RuleName: technique_id=T1574.002,technique_name=DLL Side-Loading
UtcTime: 2026-04-25 07:41:57.405
ProcessGuid: {9172be70-7045-69ec-4003-000000001f00}
ProcessId: 5828
Image: C:\ProgramData\Microsoft\Windows Defender\Platform\4.18.26020.6-0\MpCmdRun.exe
ImageLoaded: C:\ProgramData\Microsoft\Windows Defender\Platform\4.18.26020.6-0\MpClient.dll
FileVersion: 4.18.26020.6 (cd0aebd7c18a68cd2e3af14a117b45b178d088f4)
Description: Client Interface
Product: Microsoft® Windows® Operating System
Company: Microsoft Corporation
OriginalFileName: mpclient.dll
Hashes: SHA1=29B7422450545201D4BFBD858E49C88B891768DB,MD5=4611F23F47E48782D6719BFC23F0D1B5,SHA256=94C025D51A74E961E30B4BC3D0CA4799E268F5150FCFDBA371701036D621C2F9,IMPHASH=BD14C65B8E87D3F1F2F5188307337110
Signed: true
Signature: Microsoft Windows
SignatureStatus: Valid
User: NT AUTHORITY\SYSTEM"
Information,4/25/2026 5:41:57 PM,Microsoft-Windows-Sysmon,7,Image loaded (rule: ImageLoad),"Image loaded:
RuleName: technique_id=T1574.002,technique_name=DLL Side-Loading
UtcTime: 2026-04-25 07:41:57.331
ProcessGuid: {9172be70-7045-69ec-4003-000000001f00}
ProcessId: 5828
Image: C:\ProgramData\Microsoft\Windows Defender\Platform\4.18.26020.6-0\MpCmdRun.exe
ImageLoaded: C:\ProgramData\Microsoft\Windows Defender\Platform\4.18.26020.6-0\MpCmdRun.exe
FileVersion: 4.18.26020.6 (cd0aebd7c18a68cd2e3af14a117b45b178d088f4)
Description: Microsoft Malware Protection Command Line Utility
Product: Microsoft® Windows® Operating System
Company: Microsoft Corporation
OriginalFileName: MpCmdRun.exe
Hashes: SHA1=19055ED5BC5696D2633E0B08D1B11F9F3390AB76,MD5=08DCF3821C3A4CB3BD7C8D70C854417A,SHA256=3B5B209292376581B6EFFA0037A37CD5F431C9626F079D385761454C039A9912,IMPHASH=89F7FEA336DD2A0A8925B65181B71EB1
Signed: true
Signature: Microsoft Windows Publisher
SignatureStatus: Valid
User: NT AUTHORITY\SYSTEM"
Information,4/25/2026 5:41:57 PM,Microsoft-Windows-Sysmon,1,Process Create (rule: ProcessCreate),"Process Create:
RuleName: technique_id=T1027,technique_name=Obfuscated Files or Information
UtcTime: 2026-04-25 07:41:57.329
ProcessGuid: {9172be70-7045-69ec-4003-000000001f00}
ProcessId: 5828
Image: C:\ProgramData\Microsoft\Windows Defender\Platform\4.18.26020.6-0\MpCmdRun.exe
FileVersion: 4.18.26020.6 (cd0aebd7c18a68cd2e3af14a117b45b178d088f4)
Description: Microsoft Malware Protection Command Line Utility
Product: Microsoft® Windows® Operating System
Company: Microsoft Corporation
OriginalFileName: MpCmdRun.exe
CommandLine: ""C:\ProgramData\Microsoft\Windows Defender\Platform\4.18.26020.6-0\MpCmdRun.exe"" SignaturesUpdateService -ScheduleJob -HttpDownload -RestrictPrivileges
CurrentDirectory: C:\Windows\system32\
User: NT AUTHORITY\SYSTEM
LogonGuid: {9172be70-6da8-69ec-e703-000000000000}
LogonId: 0x3E7
TerminalSessionId: 0
IntegrityLevel: System
Hashes: SHA1=19055ED5BC5696D2633E0B08D1B11F9F3390AB76,MD5=08DCF3821C3A4CB3BD7C8D70C854417A,SHA256=3B5B209292376581B6EFFA0037A37CD5F431C9626F079D385761454C039A9912,IMPHASH=89F7FEA336DD2A0A8925B65181B71EB1
ParentProcessGuid: {9172be70-6db4-69ec-4900-000000001f00}
ParentProcessId: 3368
ParentImage: C:\ProgramData\Microsoft\Windows Defender\Platform\4.18.26020.6-0\MsMpEng.exe
ParentCommandLine: ""C:\ProgramData\Microsoft\Windows Defender\Platform\4.18.26020.6-0\MsMpEng.exe""
ParentUser: NT AUTHORITY\SYSTEM"
Information,4/25/2026 5:41:57 PM,Microsoft-Windows-Sysmon,7,Image loaded (rule: ImageLoad),"Image loaded:
RuleName: technique_id=T1574.002,technique_name=DLL Side-Loading
UtcTime: 2026-04-25 07:41:57.033
ProcessGuid: {9172be70-7044-69ec-3d03-000000001f00}
ProcessId: 3480
Image: C:\ProgramData\Microsoft\Windows Defender\Platform\4.18.26020.6-0\MpCmdRun.exe
ImageLoaded: C:\ProgramData\Microsoft\Windows Defender\Platform\4.18.26020.6-0\MpCommu.dll
FileVersion: 4.18.26020.6 (cd0aebd7c18a68cd2e3af14a117b45b178d088f4)
Description: Communication Module
Product: Microsoft® Windows® Operating System
Company: Microsoft Corporation
OriginalFileName: MpCommu.dll
Hashes: SHA1=289B2AB700F604AE22D640990C16FDD652E6951C,MD5=79B546EFE967B160666D8FC535F50927,SHA256=55C44DCD70CFD86C2588EB85932F0B70EA8FE21BEF89420CDFE5D423B3A26515,IMPHASH=23C185F8BAB650FF97BDDD5F49814D93
Signed: true
Signature: Microsoft Windows
SignatureStatus: Valid
User: NT AUTHORITY\SYSTEM"
Information,4/25/2026 5:41:57 PM,Microsoft-Windows-Sysmon,7,Image loaded (rule: ImageLoad),"Image loaded:
RuleName: technique_id=T1574.002,technique_name=DLL Side-Loading
UtcTime: 2026-04-25 07:41:56.999
ProcessGuid: {9172be70-7044-69ec-3d03-000000001f00}
ProcessId: 3480
Image: C:\ProgramData\Microsoft\Windows Defender\Platform\4.18.26020.6-0\MpCmdRun.exe
ImageLoaded: C:\ProgramData\Microsoft\Windows Defender\Platform\4.18.26020.6-0\MpClient.dll
FileVersion: 4.18.26020.6 (cd0aebd7c18a68cd2e3af14a117b45b178d088f4)
Description: Client Interface
Product: Microsoft® Windows® Operating System
Company: Microsoft Corporation
OriginalFileName: mpclient.dll
Hashes: SHA1=29B7422450545201D4BFBD858E49C88B891768DB,MD5=4611F23F47E48782D6719BFC23F0D1B5,SHA256=94C025D51A74E961E30B4BC3D0CA4799E268F5150FCFDBA371701036D621C2F9,IMPHASH=BD14C65B8E87D3F1F2F5188307337110
Signed: true
Signature: Microsoft Windows
SignatureStatus: Valid
User: NT AUTHORITY\SYSTEM"
Information,4/25/2026 5:41:56 PM,Microsoft-Windows-Sysmon,7,Image loaded (rule: ImageLoad),"Image loaded:
RuleName: technique_id=T1574.002,technique_name=DLL Side-Loading
UtcTime: 2026-04-25 07:41:56.959
ProcessGuid: {9172be70-7044-69ec-3f03-000000001f00}
ProcessId: 7596
Image: C:\ProgramData\Microsoft\Windows Defender\Platform\4.18.26020.6-0\MpCmdRun.exe
ImageLoaded: C:\ProgramData\Microsoft\Windows Defender\Platform\4.18.26020.6-0\MpClient.dll
FileVersion: 4.18.26020.6 (cd0aebd7c18a68cd2e3af14a117b45b178d088f4)
Description: Client Interface
Product: Microsoft® Windows® Operating System
Company: Microsoft Corporation
OriginalFileName: mpclient.dll
Hashes: SHA1=29B7422450545201D4BFBD858E49C88B891768DB,MD5=4611F23F47E48782D6719BFC23F0D1B5,SHA256=94C025D51A74E961E30B4BC3D0CA4799E268F5150FCFDBA371701036D621C2F9,IMPHASH=BD14C65B8E87D3F1F2F5188307337110
Signed: true
Signature: Microsoft Windows
SignatureStatus: Valid
User: NT AUTHORITY\NETWORK SERVICE"
Information,4/25/2026 5:41:56 PM,Microsoft-Windows-Sysmon,7,Image loaded (rule: ImageLoad),"Image loaded:
RuleName: technique_id=T1574.002,technique_name=DLL Side-Loading
UtcTime: 2026-04-25 07:41:56.942
ProcessGuid: {9172be70-7044-69ec-3f03-000000001f00}
ProcessId: 7596
Image: C:\ProgramData\Microsoft\Windows Defender\Platform\4.18.26020.6-0\MpCmdRun.exe
ImageLoaded: C:\ProgramData\Microsoft\Windows Defender\Platform\4.18.26020.6-0\MpCmdRun.exe
FileVersion: 4.18.26020.6 (cd0aebd7c18a68cd2e3af14a117b45b178d088f4)
Description: Microsoft Malware Protection Command Line Utility
Product: Microsoft® Windows® Operating System
Company: Microsoft Corporation
OriginalFileName: MpCmdRun.exe
Hashes: SHA1=19055ED5BC5696D2633E0B08D1B11F9F3390AB76,MD5=08DCF3821C3A4CB3BD7C8D70C854417A,SHA256=3B5B209292376581B6EFFA0037A37CD5F431C9626F079D385761454C039A9912,IMPHASH=89F7FEA336DD2A0A8925B65181B71EB1
Signed: true
Signature: Microsoft Windows Publisher
SignatureStatus: Valid
User: NT AUTHORITY\NETWORK SERVICE"
Information,4/25/2026 5:41:56 PM,Microsoft-Windows-Sysmon,7,Image loaded (rule: ImageLoad),"Image loaded:
RuleName: technique_id=T1574.002,technique_name=DLL Side-Loading
UtcTime: 2026-04-25 07:41:56.914
ProcessGuid: {9172be70-7044-69ec-3d03-000000001f00}
ProcessId: 3480
Image: C:\ProgramData\Microsoft\Windows Defender\Platform\4.18.26020.6-0\MpCmdRun.exe
ImageLoaded: C:\ProgramData\Microsoft\Windows Defender\Platform\4.18.26020.6-0\MpCmdRun.exe
FileVersion: 4.18.26020.6 (cd0aebd7c18a68cd2e3af14a117b45b178d088f4)
Description: Microsoft Malware Protection Command Line Utility
Product: Microsoft® Windows® Operating System
Company: Microsoft Corporation
OriginalFileName: MpCmdRun.exe
Hashes: SHA1=19055ED5BC5696D2633E0B08D1B11F9F3390AB76,MD5=08DCF3821C3A4CB3BD7C8D70C854417A,SHA256=3B5B209292376581B6EFFA0037A37CD5F431C9626F079D385761454C039A9912,IMPHASH=89F7FEA336DD2A0A8925B65181B71EB1
Signed: true
Signature: Microsoft Windows Publisher
SignatureStatus: Valid
User: NT AUTHORITY\SYSTEM"
Information,4/25/2026 5:41:56 PM,Microsoft-Windows-Sysmon,11,File created (rule: FileCreate),"File created:
RuleName: technique_id=T1574.010,technique_name=Services File Permissions Weakness
UtcTime: 2026-04-25 07:41:56.817
ProcessGuid: {9172be70-7044-69ec-3903-000000001f00}
ProcessId: 10988
Image: C:\ProgramData\Microsoft\Windows Defender\Platform\4.18.26020.6-0\MpCmdRun.exe
TargetFilename: C:\Windows\Temp\MpCmdRun-9-53C9D589-6B66-4F30-9BAB-9A0193B0BAFC.lock
CreationUtcTime: 2026-04-25 07:41:56.817
User: NT AUTHORITY\SYSTEM"
Information,4/25/2026 5:41:56 PM,Microsoft-Windows-Sysmon,7,Image loaded (rule: ImageLoad),"Image loaded:
RuleName: technique_id=T1574.002,technique_name=DLL Side-Loading
UtcTime: 2026-04-25 07:41:56.803
ProcessGuid: {9172be70-7044-69ec-3b03-000000001f00}
ProcessId: 11128
Image: C:\ProgramData\Microsoft\Windows Defender\Platform\4.18.26020.6-0\MpCmdRun.exe
ImageLoaded: C:\ProgramData\Microsoft\Windows Defender\Platform\4.18.26020.6-0\MpClient.dll
FileVersion: 4.18.26020.6 (cd0aebd7c18a68cd2e3af14a117b45b178d088f4)
Description: Client Interface
Product: Microsoft® Windows® Operating System
Company: Microsoft Corporation
OriginalFileName: mpclient.dll
Hashes: SHA1=29B7422450545201D4BFBD858E49C88B891768DB,MD5=4611F23F47E48782D6719BFC23F0D1B5,SHA256=94C025D51A74E961E30B4BC3D0CA4799E268F5150FCFDBA371701036D621C2F9,IMPHASH=BD14C65B8E87D3F1F2F5188307337110
Signed: true
Signature: Microsoft Windows
SignatureStatus: Valid
User: NT AUTHORITY\SYSTEM"
Information,4/25/2026 5:41:56 PM,Microsoft-Windows-Sysmon,7,Image loaded (rule: ImageLoad),"Image loaded:
RuleName: technique_id=T1574.002,technique_name=DLL Side-Loading
UtcTime: 2026-04-25 07:41:56.782
ProcessGuid: {9172be70-7044-69ec-3903-000000001f00}
ProcessId: 10988
Image: C:\ProgramData\Microsoft\Windows Defender\Platform\4.18.26020.6-0\MpCmdRun.exe
ImageLoaded: C:\ProgramData\Microsoft\Windows Defender\Platform\4.18.26020.6-0\MpClient.dll
FileVersion: 4.18.26020.6 (cd0aebd7c18a68cd2e3af14a117b45b178d088f4)
Description: Client Interface
Product: Microsoft® Windows® Operating System
Company: Microsoft Corporation
OriginalFileName: mpclient.dll
Hashes: SHA1=29B7422450545201D4BFBD858E49C88B891768DB,MD5=4611F23F47E48782D6719BFC23F0D1B5,SHA256=94C025D51A74E961E30B4BC3D0CA4799E268F5150FCFDBA371701036D621C2F9,IMPHASH=BD14C65B8E87D3F1F2F5188307337110
Signed: true
Signature: Microsoft Windows
SignatureStatus: Valid
User: NT AUTHORITY\SYSTEM"
Information,4/25/2026 5:41:56 PM,Microsoft-Windows-Sysmon,7,Image loaded (rule: ImageLoad),"Image loaded:
RuleName: technique_id=T1574.002,technique_name=DLL Side-Loading
UtcTime: 2026-04-25 07:41:56.729
ProcessGuid: {9172be70-7044-69ec-3b03-000000001f00}
ProcessId: 11128
Image: C:\ProgramData\Microsoft\Windows Defender\Platform\4.18.26020.6-0\MpCmdRun.exe
ImageLoaded: C:\ProgramData\Microsoft\Windows Defender\Platform\4.18.26020.6-0\MpCmdRun.exe
FileVersion: 4.18.26020.6 (cd0aebd7c18a68cd2e3af14a117b45b178d088f4)
Description: Microsoft Malware Protection Command Line Utility
Product: Microsoft® Windows® Operating System
Company: Microsoft Corporation
OriginalFileName: MpCmdRun.exe
Hashes: SHA1=19055ED5BC5696D2633E0B08D1B11F9F3390AB76,MD5=08DCF3821C3A4CB3BD7C8D70C854417A,SHA256=3B5B209292376581B6EFFA0037A37CD5F431C9626F079D385761454C039A9912,IMPHASH=89F7FEA336DD2A0A8925B65181B71EB1
Signed: true
Signature: Microsoft Windows Publisher
SignatureStatus: Valid
User: NT AUTHORITY\SYSTEM"
Information,4/25/2026 5:41:56 PM,Microsoft-Windows-Sysmon,7,Image loaded (rule: ImageLoad),"Image loaded:
RuleName: technique_id=T1053,technique_name=Scheduled Task
UtcTime: 2026-04-25 07:41:56.686
ProcessGuid: {9172be70-6db4-69ec-4900-000000001f00}
ProcessId: 3368
Image: C:\ProgramData\Microsoft\Windows Defender\Platform\4.18.26020.6-0\MsMpEng.exe
ImageLoaded: C:\Windows\System32\taskschd.dll
FileVersion: 10.0.19041.3636 (WinBuild.160101.0800)
Description: Task Scheduler COM API
Product: Microsoft® Windows® Operating System
Company: Microsoft Corporation
OriginalFileName: taskschd.dll
Hashes: SHA1=633C92F5A5000CDE3235C7FDC306B2B04C501C48,MD5=84F942C1A4BD60C94EBEC6643E0216C9,SHA256=BBE733452E6CE871D5D2064948847AAB2A71F7FEDA2C962BA4002F64E2D198F2,IMPHASH=B7A4477FA36E2E5287EE76AC4AFCB05B
Signed: true
Signature: Microsoft Windows
SignatureStatus: Valid
User: NT AUTHORITY\SYSTEM"
Information,4/25/2026 5:41:56 PM,Microsoft-Windows-Sysmon,7,Image loaded (rule: ImageLoad),"Image loaded:
RuleName: technique_id=T1574.002,technique_name=DLL Side-Loading
UtcTime: 2026-04-25 07:41:56.699
ProcessGuid: {9172be70-7044-69ec-3903-000000001f00}
ProcessId: 10988
Image: C:\ProgramData\Microsoft\Windows Defender\Platform\4.18.26020.6-0\MpCmdRun.exe
ImageLoaded: C:\ProgramData\Microsoft\Windows Defender\Platform\4.18.26020.6-0\MpCmdRun.exe
FileVersion: 4.18.26020.6 (cd0aebd7c18a68cd2e3af14a117b45b178d088f4)
Description: Microsoft Malware Protection Command Line Utility
Product: Microsoft® Windows® Operating System
Company: Microsoft Corporation
OriginalFileName: MpCmdRun.exe
Hashes: SHA1=19055ED5BC5696D2633E0B08D1B11F9F3390AB76,MD5=08DCF3821C3A4CB3BD7C8D70C854417A,SHA256=3B5B209292376581B6EFFA0037A37CD5F431C9626F079D385761454C039A9912,IMPHASH=89F7FEA336DD2A0A8925B65181B71EB1
Signed: true
Signature: Microsoft Windows Publisher
SignatureStatus: Valid
User: NT AUTHORITY\SYSTEM"
Information,4/25/2026 5:41:50 PM,Microsoft-Windows-Sysmon,13,Registry value set (rule: RegistryEvent),"Registry value set:
RuleName: -
EventType: SetValue
UtcTime: 2026-04-25 07:41:50.257
ProcessGuid: {9172be70-701d-69ec-0c03-000000001f00}
ProcessId: 3284
Image: C:\Program Files (x86)\Microsoft\Edge\Application\msedge.exe
TargetObject: HKLM\System\CurrentControlSet\Services\bam\State\UserSettings\S-1-5-21-1156564983-231300539-2099510246-1000\\Device\HarddiskVolume1\Program Files (x86)\Microsoft\Edge\Application\msedge.exe
Details: Binary Data
User: WIN10DEMO\jolly"
Information,4/25/2026 5:41:50 PM,Microsoft-Windows-Sysmon,13,Registry value set (rule: RegistryEvent),"Registry value set:
RuleName: -
EventType: SetValue
UtcTime: 2026-04-25 07:41:50.150
ProcessGuid: {9172be70-701d-69ec-0e03-000000001f00}
ProcessId: 1588
Image: C:\Program Files (x86)\Microsoft\Edge\Application\msedge.exe
TargetObject: HKLM\System\CurrentControlSet\Services\bam\State\UserSettings\S-1-5-21-1156564983-231300539-2099510246-1000\\Device\HarddiskVolume1\Program Files (x86)\Microsoft\Edge\Application\msedge.exe
Details: Binary Data
User: WIN10DEMO\jolly"
Information,4/25/2026 5:41:49 PM,Microsoft-Windows-Sysmon,13,Registry value set (rule: RegistryEvent),"Registry value set:
RuleName: -
EventType: SetValue
UtcTime: 2026-04-25 07:41:49.974
ProcessGuid: {9172be70-701d-69ec-0d03-000000001f00}
ProcessId: 1168
Image: C:\Program Files (x86)\Microsoft\Edge\Application\msedge.exe
TargetObject: HKLM\System\CurrentControlSet\Services\bam\State\UserSettings\S-1-5-21-1156564983-231300539-2099510246-1000\\Device\HarddiskVolume1\Program Files (x86)\Microsoft\Edge\Application\msedge.exe
Details: Binary Data
User: WIN10DEMO\jolly"
Information,4/25/2026 5:41:46 PM,Microsoft-Windows-Sysmon,22,Dns query (rule: DnsQuery),"Dns query:
RuleName: -
UtcTime: 2026-04-25 07:41:16.724
ProcessGuid: {9172be70-7018-69ec-fd02-000000001f00}
ProcessId: 9080
QueryName: edge-consumer-static.azureedge.net
QueryStatus: 1460
QueryResults: -
Image: C:\Program Files (x86)\Microsoft\Edge\Application\msedge.exe
User: WIN10DEMO\jolly"
Information,4/25/2026 5:41:46 PM,Microsoft-Windows-Sysmon,13,Registry value set (rule: RegistryEvent),"Registry value set:
RuleName: -
EventType: SetValue
UtcTime: 2026-04-25 07:41:46.446
ProcessGuid: {9172be70-703a-69ec-3103-000000001f00}
ProcessId: 10264
Image: C:\Program Files (x86)\Microsoft\Edge\Application\msedge.exe
TargetObject: HKLM\System\CurrentControlSet\Services\bam\State\UserSettings\S-1-5-21-1156564983-231300539-2099510246-1000\\Device\HarddiskVolume1\Program Files (x86)\Microsoft\Edge\Application\msedge.exe
Details: Binary Data
User: WIN10DEMO\jolly"
Information,4/25/2026 5:41:46 PM,Microsoft-Windows-Sysmon,7,Image loaded (rule: ImageLoad),"Image loaded:
RuleName: -
UtcTime: 2026-04-25 07:41:46.347
ProcessGuid: {9172be70-703a-69ec-3103-000000001f00}
ProcessId: 10264
Image: C:\Program Files (x86)\Microsoft\Edge\Application\msedge.exe
ImageLoaded: C:\Windows\System32\urlmon.dll
FileVersion: 11.00.19041.6456 (WinBuild.160101.0800)
Description: OLE32 Extensions for Win32
Product: Internet Explorer
Company: Microsoft Corporation
OriginalFileName: UrlMon.dll
Hashes: SHA1=E20F47594B506E7F66451F86DC3D27ACFBE50690,MD5=4F65F3E866588D1F98279B80D79073D8,SHA256=BA66D852C1EE342E2863FFD42B01E1041CE099EADE6CCCBBB8E64C6475B8958E,IMPHASH=4572A0DE6D775598EF7BE4A1A20049FB
Signed: true
Signature: Microsoft Windows
SignatureStatus: Valid
User: WIN10DEMO\jolly"
Information,4/25/2026 5:41:46 PM,Microsoft-Windows-Sysmon,13,Registry value set (rule: RegistryEvent),"Registry value set:
RuleName: -
EventType: SetValue
UtcTime: 2026-04-25 07:41:46.193
ProcessGuid: {9172be70-7018-69ec-fa02-000000001f00}
ProcessId: 10596
Image: C:\Program Files (x86)\Microsoft\Edge\Application\msedge.exe
TargetObject: HKLM\System\CurrentControlSet\Services\bam\State\UserSettings\S-1-5-21-1156564983-231300539-2099510246-1000\\Device\HarddiskVolume1\Program Files (x86)\Microsoft\Edge\Application\msedge.exe
Details: Binary Data
User: WIN10DEMO\jolly"
Information,4/25/2026 5:41:44 PM,Microsoft-Windows-Sysmon,10,Process accessed (rule: ProcessAccess),"Process accessed:
RuleName: technique_id=T1055.001,technique_name=Dynamic-link Library Injection
UtcTime: 2026-04-25 07:41:44.915
SourceProcessGUID: {9172be70-702a-69ec-1c03-000000001f00}
SourceProcessId: 4700
SourceThreadId: 2236
SourceImage: C:\Users\jolly\Downloads\microsoft_update.exe
TargetProcessGUID: {9172be70-7038-69ec-2e03-000000001f00}
TargetProcessId: 5348
TargetImage: C:\Windows\system32\cmd.exe
GrantedAccess: 0x1FFFFF
CallTrace: C:\Windows\SYSTEM32\ntdll.dll+9eeb4|C:\Windows\System32\KERNELBASE.dll+43845|C:\Windows\System32\KERNELBASE.dll+3fc93|C:\Windows\System32\advapi32.dll+17d20|UNKNOWN(000000000265C6DE)
SourceUser: WIN10DEMO\jolly
TargetUser: WIN10DEMO\jolly"
Information,4/25/2026 5:41:44 PM,Microsoft-Windows-Sysmon,1,Process Create (rule: ProcessCreate),"Process Create:
RuleName: technique_id=T1059.003,technique_name=Windows Command Shell
UtcTime: 2026-04-25 07:41:44.903
ProcessGuid: {9172be70-7038-69ec-2e03-000000001f00}
ProcessId: 5348
Image: C:\Windows\System32\cmd.exe
FileVersion: 10.0.19041.4355 (WinBuild.160101.0800)
Description: Windows Command Processor
Product: Microsoft® Windows® Operating System
Company: Microsoft Corporation
OriginalFileName: Cmd.Exe
CommandLine: C:\Windows\system32\cmd.exe 
CurrentDirectory: C:\Users\jolly\Downloads\
User: WIN10DEMO\jolly
LogonGuid: {9172be70-6dc0-69ec-2306-040000000000}
LogonId: 0x40623
TerminalSessionId: 1
IntegrityLevel: Medium
Hashes: SHA1=DF79C86FDD11B9CCB89148458E509F879C72566C,MD5=2B40C98ED0F7A1D3B091A3E8353132DC,SHA256=BADF4752413CB0CBDC03FB95820CA167F0CDC63B597CCDB5EF43111180E088B0,IMPHASH=272245E2988E1E430500B852C4FB5E18
ParentProcessGuid: {9172be70-702a-69ec-1c03-000000001f00}
ParentProcessId: 4700
ParentImage: C:\Users\jolly\Downloads\microsoft_update.exe
ParentCommandLine: ""C:\Users\jolly\Downloads\microsoft_update.exe"" 
ParentUser: WIN10DEMO\jolly"
Information,4/25/2026 5:41:44 PM,Microsoft-Windows-Sysmon,13,Registry value set (rule: RegistryEvent),"Registry value set:
RuleName: -
EventType: SetValue
UtcTime: 2026-04-25 07:41:44.906
ProcessGuid: {9172be70-702a-69ec-1c03-000000001f00}
ProcessId: 4700
Image: C:\Users\jolly\Downloads\microsoft_update.exe
TargetObject: HKLM\System\CurrentControlSet\Services\bam\State\UserSettings\S-1-5-21-1156564983-231300539-2099510246-1000\\Device\HarddiskVolume1\Windows\System32\cmd.exe
Details: Binary Data
User: WIN10DEMO\jolly"
Information,4/25/2026 5:41:32 PM,Microsoft-Windows-Sysmon,7,Image loaded (rule: ImageLoad),"Image loaded:
RuleName: technique_id=T1574.002,technique_name=DLL Side-Loading
UtcTime: 2026-04-25 07:41:32.563
ProcessGuid: {9172be70-702b-69ec-1e03-000000001f00}
ProcessId: 9304
Image: C:\Program Files\Splunk\bin\python3.13.exe
ImageLoaded: C:\ProgramData\Microsoft\Windows Defender\Platform\4.18.26020.6-0\MpOAV.dll
FileVersion: 4.18.26020.6 (cd0aebd7c18a68cd2e3af14a117b45b178d088f4)
Description: IOfficeAntiVirus Module
Product: Microsoft® Windows® Operating System
Company: Microsoft Corporation
OriginalFileName: MpOAV.dll
Hashes: SHA1=8350F492FC8773C7AD990D4218D9AD1E0C7A3130,MD5=55DCD381DFBB9B84092E09B8D3A7A4CD,SHA256=4FE2F89B85BEE4455BECEF8450A6459B2F9AF50E991A86A8A863FA86AAC3F69E,IMPHASH=876F81A277BF4C5C958E4D3BDB07CFEB
Signed: true
Signature: Microsoft Windows
SignatureStatus: Valid
User: NT AUTHORITY\SYSTEM"
Information,4/25/2026 5:41:32 PM,Microsoft-Windows-Sysmon,7,Image loaded (rule: ImageLoad),"Image loaded:
RuleName: technique_id=T1059.001,technique_name=PowerShell
UtcTime: 2026-04-25 07:41:32.545
ProcessGuid: {9172be70-702b-69ec-1e03-000000001f00}
ProcessId: 9304
Image: C:\Program Files\Splunk\bin\python3.13.exe
ImageLoaded: C:\Windows\System32\amsi.dll
FileVersion: 10.0.19041.4355 (WinBuild.160101.0800)
Description: Anti-Malware Scan Interface
Product: Microsoft® Windows® Operating System
Company: Microsoft Corporation
OriginalFileName: amsi.dll
Hashes: SHA1=347368018E1DAAF4F52C9A4119526313A82ECEEC,MD5=4933108BD5B3219F74AD807DFE8835AD,SHA256=66F7A134F6A4D9FE63DD7D6FF88DDED5796E4D5C7E33BA606DFF4D87D9258C0D,IMPHASH=C414C6B76EBCEEF67B5B752A7E51D4D2
Signed: true
Signature: Microsoft Windows
SignatureStatus: Valid
User: NT AUTHORITY\SYSTEM"
Information,4/25/2026 5:41:32 PM,Microsoft-Windows-Sysmon,22,Dns query (rule: DnsQuery),"Dns query:
RuleName: -
UtcTime: 2026-04-25 07:41:01.900
ProcessGuid: {9172be70-702a-69ec-1c03-000000001f00}
ProcessId: 4700
QueryName: 192.168.20.11
QueryStatus: 0
QueryResults: 192.168.20.11;
Image: C:\Users\jolly\Downloads\microsoft_update.exe
User: WIN10DEMO\jolly"
Information,4/25/2026 5:41:31 PM,Microsoft-Windows-Sysmon,3,Network connection detected (rule: NetworkConnect),"Network connection detected:
RuleName: technique_id=T1036,technique_name=Masquerading
UtcTime: 2026-04-25 07:41:26.272
ProcessGuid: {9172be70-702a-69ec-1c03-000000001f00}
ProcessId: 4700
Image: C:\Users\jolly\Downloads\microsoft_update.exe
User: WIN10DEMO\jolly
Protocol: tcp
Initiated: true
SourceIsIpv6: false
SourceIp: 192.168.20.12
SourceHostname: -
SourcePort: 49924
SourcePortName: -
DestinationIsIpv6: false
DestinationIp: 192.168.20.11
DestinationHostname: -
DestinationPort: 3344
DestinationPortName: -"
Information,4/25/2026 5:41:30 PM,Microsoft-Windows-Sysmon,7,Image loaded (rule: ImageLoad),"Image loaded:
RuleName: technique_id=T1574.002,technique_name=DLL Side-Loading
UtcTime: 2026-04-25 07:41:30.353
ProcessGuid: {9172be70-702a-69ec-1c03-000000001f00}
ProcessId: 4700
Image: C:\Users\jolly\Downloads\microsoft_update.exe
ImageLoaded: C:\Users\jolly\Downloads\microsoft_update.exe
FileVersion: -
Description: -
Product: -
Company: -
OriginalFileName: -
Hashes: SHA1=6F568FF7FD015DE2A73CDC4B91AFC3E38C5129A0,MD5=DB03ED06EECC8933E7A5B68E2833F01D,SHA256=018BC967152358C6E0FE850E31208553D821E27B550ED79E0B551188178ADE2B,IMPHASH=C2D02FC98F1D75D7B9457468EC75DA0E
Signed: false
Signature: -
SignatureStatus: Unavailable
User: WIN10DEMO\jolly"
Information,4/25/2026 5:41:30 PM,Microsoft-Windows-Sysmon,1,Process Create (rule: ProcessCreate),"Process Create:
RuleName: technique_id=T1204,technique_name=User Execution
UtcTime: 2026-04-25 07:41:30.325
ProcessGuid: {9172be70-702a-69ec-1c03-000000001f00}
ProcessId: 4700
Image: C:\Users\jolly\Downloads\microsoft_update.exe
FileVersion: -
Description: -
Product: -
Company: -
OriginalFileName: -
CommandLine: ""C:\Users\jolly\Downloads\microsoft_update.exe"" 
CurrentDirectory: C:\Users\jolly\Downloads\
User: WIN10DEMO\jolly
LogonGuid: {9172be70-6dc0-69ec-2306-040000000000}
LogonId: 0x40623
TerminalSessionId: 1
IntegrityLevel: Medium
Hashes: SHA1=6F568FF7FD015DE2A73CDC4B91AFC3E38C5129A0,MD5=DB03ED06EECC8933E7A5B68E2833F01D,SHA256=018BC967152358C6E0FE850E31208553D821E27B550ED79E0B551188178ADE2B,IMPHASH=C2D02FC98F1D75D7B9457468EC75DA0E
ParentProcessGuid: {9172be70-6dcd-69ec-a300-000000001f00}
ParentProcessId: 5648
ParentImage: C:\Windows\explorer.exe
ParentCommandLine: C:\Windows\Explorer.EXE
ParentUser: WIN10DEMO\jolly"
Information,4/25/2026 5:41:30 PM,Microsoft-Windows-Sysmon,13,Registry value set (rule: RegistryEvent),"Registry value set:
RuleName: -
EventType: SetValue
UtcTime: 2026-04-25 07:41:30.089
ProcessGuid: {9172be70-7024-69ec-1603-000000001f00}
ProcessId: 8572
Image: C:\Windows\SystemApps\Microsoft.Windows.AppRep.ChxApp_cw5n1h2txyewy\CHXSmartScreen.exe
TargetObject: HKLM\System\CurrentControlSet\Services\bam\State\UserSettings\S-1-5-21-1156564983-231300539-2099510246-1000\Microsoft.Windows.Apprep.ChxApp_cw5n1h2txyewy
Details: Binary Data
User: WIN10DEMO\jolly"
Information,4/25/2026 5:41:29 PM,Microsoft-Windows-Sysmon,26,File Delete logged (rule: FileDeleteDetected),"File Delete logged:
RuleName: -
UtcTime: 2026-04-25 07:41:29.430
ProcessGuid: {9172be70-6dcd-69ec-a300-000000001f00}
ProcessId: 5648
User: WIN10DEMO\jolly
Image: C:\Windows\Explorer.EXE
TargetFilename: C:\Users\jolly\Downloads\microsoft_update.exe:Zone.Identifier
Hashes: SHA1=2809DE77949165790DF1123E704A415DA70AAFB8,MD5=9F276487CE1B071143CBDE81489C3F8B,SHA256=8167E720E4D98F2BACA5CE9F3C607BC794A668A2466BE516B09FC76AA4F2A2DD,IMPHASH=00000000000000000000000000000000
IsExecutable: false"
Information,4/25/2026 5:41:27 PM,Microsoft-Windows-Sysmon,22,Dns query (rule: DnsQuery),"Dns query:
RuleName: -
UtcTime: 2026-04-25 07:40:58.104
ProcessGuid: {9172be70-7018-69ec-fd02-000000001f00}
ProcessId: 9080
QueryName: wpad
QueryStatus: 123
QueryResults: -
Image: C:\Program Files (x86)\Microsoft\Edge\Application\msedge.exe
User: WIN10DEMO\jolly"
Information,4/25/2026 5:41:27 PM,Microsoft-Windows-Sysmon,22,Dns query (rule: DnsQuery),"Dns query:
RuleName: -
UtcTime: 2026-04-25 07:40:58.104
ProcessGuid: {9172be70-7018-69ec-fd02-000000001f00}
ProcessId: 9080
QueryName: wpad
QueryStatus: 123
QueryResults: -
Image: C:\Program Files (x86)\Microsoft\Edge\Application\msedge.exe
User: WIN10DEMO\jolly"
Information,4/25/2026 5:41:27 PM,Microsoft-Windows-Sysmon,22,Dns query (rule: DnsQuery),"Dns query:
RuleName: -
UtcTime: 2026-04-25 07:40:58.103
ProcessGuid: {9172be70-7018-69ec-fd02-000000001f00}
ProcessId: 9080
QueryName: wpad
QueryStatus: 123
QueryResults: -
Image: C:\Program Files (x86)\Microsoft\Edge\Application\msedge.exe
User: WIN10DEMO\jolly"
Information,4/25/2026 5:41:25 PM,Microsoft-Windows-Sysmon,7,Image loaded (rule: ImageLoad),"Image loaded:
RuleName: -
UtcTime: 2026-04-25 07:41:25.276
ProcessGuid: {9172be70-7024-69ec-1603-000000001f00}
ProcessId: 8572
Image: C:\Windows\SystemApps\Microsoft.Windows.AppRep.ChxApp_cw5n1h2txyewy\CHXSmartScreen.exe
ImageLoaded: C:\Windows\System32\urlmon.dll
FileVersion: 11.00.19041.6456 (WinBuild.160101.0800)
Description: OLE32 Extensions for Win32
Product: Internet Explorer
Company: Microsoft Corporation
OriginalFileName: UrlMon.dll
Hashes: SHA1=E20F47594B506E7F66451F86DC3D27ACFBE50690,MD5=4F65F3E866588D1F98279B80D79073D8,SHA256=BA66D852C1EE342E2863FFD42B01E1041CE099EADE6CCCBBB8E64C6475B8958E,IMPHASH=4572A0DE6D775598EF7BE4A1A20049FB
Signed: true
Signature: Microsoft Windows
SignatureStatus: Valid
User: WIN10DEMO\jolly"
Information,4/25/2026 5:41:24 PM,Microsoft-Windows-Sysmon,13,Registry value set (rule: RegistryEvent),"Registry value set:
RuleName: -
EventType: SetValue
UtcTime: 2026-04-25 07:41:24.391
ProcessGuid: {9172be70-6da9-69ec-0d00-000000001f00}
ProcessId: 844
Image: C:\Windows\system32\svchost.exe
TargetObject: HKLM\System\CurrentControlSet\Services\bam\State\UserSettings\S-1-5-21-1156564983-231300539-2099510246-1000\Microsoft.Windows.Apprep.ChxApp_cw5n1h2txyewy
Details: Binary Data
User: NT AUTHORITY\SYSTEM"
Information,4/25/2026 5:41:22 PM,Microsoft-Windows-Sysmon,13,Registry value set (rule: RegistryEvent),"Registry value set:
RuleName: -
EventType: SetValue
UtcTime: 2026-04-25 07:41:22.927
ProcessGuid: {9172be70-701c-69ec-0503-000000001f00}
ProcessId: 10884
Image: C:\Windows\system32\DllHost.exe
TargetObject: HKLM\System\CurrentControlSet\Services\bam\State\UserSettings\S-1-5-21-1156564983-231300539-2099510246-1000\\Device\HarddiskVolume1\Windows\System32\dllhost.exe
Details: Binary Data
User: WIN10DEMO\jolly"
Information,4/25/2026 5:41:19 PM,Microsoft-Windows-Sysmon,5,Process terminated (rule: ProcessTerminate),"Process terminated:
RuleName: -
UtcTime: 2026-04-25 07:41:19.389
ProcessGuid: {9172be70-6ee3-69ec-8c01-000000001f00}
ProcessId: 9108
Image: C:\Users\jolly\AppData\Local\Microsoft\OneDrive\OneDriveStandaloneUpdater.exe
User: WIN10DEMO\jolly"
Information,4/25/2026 5:41:17 PM,Microsoft-Windows-Sysmon,13,Registry value set (rule: RegistryEvent),"Registry value set:
RuleName: -
EventType: SetValue
UtcTime: 2026-04-25 07:41:17.758
ProcessGuid: {9172be70-7018-69ec-fa02-000000001f00}
ProcessId: 10596
Image: C:\Program Files (x86)\Microsoft\Edge\Application\msedge.exe
TargetObject: HKLM\System\CurrentControlSet\Services\bam\State\UserSettings\S-1-5-21-1156564983-231300539-2099510246-1000\\Device\HarddiskVolume1\Program Files (x86)\Microsoft\Edge\Application\msedge.exe
Details: Binary Data
User: WIN10DEMO\jolly"
Information,4/25/2026 5:41:17 PM,Microsoft-Windows-Sysmon,13,Registry value set (rule: RegistryEvent),"Registry value set:
RuleName: -
EventType: SetValue
UtcTime: 2026-04-25 07:41:17.738
ProcessGuid: {9172be70-7018-69ec-fa02-000000001f00}
ProcessId: 10596
Image: C:\Program Files (x86)\Microsoft\Edge\Application\msedge.exe
TargetObject: HKLM\System\CurrentControlSet\Services\bam\State\UserSettings\S-1-5-21-1156564983-231300539-2099510246-1000\\Device\HarddiskVolume1\Program Files (x86)\Microsoft\Edge\Application\msedge.exe
Details: Binary Data
User: WIN10DEMO\jolly"
Information,4/25/2026 5:41:17 PM,Microsoft-Windows-Sysmon,13,Registry value set (rule: RegistryEvent),"Registry value set:
RuleName: -
EventType: SetValue
UtcTime: 2026-04-25 07:41:17.738
ProcessGuid: {9172be70-701d-69ec-0f03-000000001f00}
ProcessId: 8032
Image: C:\Program Files (x86)\Microsoft\Edge\Application\msedge.exe
TargetObject: HKLM\System\CurrentControlSet\Services\bam\State\UserSettings\S-1-5-21-1156564983-231300539-2099510246-1000\\Device\HarddiskVolume1\Program Files (x86)\Microsoft\Edge\Application\msedge.exe
Details: Binary Data
User: WIN10DEMO\jolly"
Information,4/25/2026 5:41:17 PM,Microsoft-Windows-Sysmon,13,Registry value set (rule: RegistryEvent),"Registry value set:
RuleName: -
EventType: SetValue
UtcTime: 2026-04-25 07:41:17.725
ProcessGuid: {9172be70-7018-69ec-fa02-000000001f00}
ProcessId: 10596
Image: C:\Program Files (x86)\Microsoft\Edge\Application\msedge.exe
TargetObject: HKLM\System\CurrentControlSet\Services\bam\State\UserSettings\S-1-5-21-1156564983-231300539-2099510246-1000\\Device\HarddiskVolume1\Program Files (x86)\Microsoft\Edge\Application\msedge.exe
Details: Binary Data
User: WIN10DEMO\jolly"
Information,4/25/2026 5:41:17 PM,Microsoft-Windows-Sysmon,22,Dns query (rule: DnsQuery),"Dns query:
RuleName: -
UtcTime: 2026-04-25 07:40:50.098
ProcessGuid: {9172be70-7018-69ec-fd02-000000001f00}
ProcessId: 9080
QueryName: wpad
QueryStatus: 123
QueryResults: -
Image: C:\Program Files (x86)\Microsoft\Edge\Application\msedge.exe
User: WIN10DEMO\jolly"
Information,4/25/2026 5:41:17 PM,Microsoft-Windows-Sysmon,22,Dns query (rule: DnsQuery),"Dns query:
RuleName: -
UtcTime: 2026-04-25 07:40:50.097
ProcessGuid: {9172be70-7018-69ec-fd02-000000001f00}
ProcessId: 9080
QueryName: wpad
QueryStatus: 123
QueryResults: -
Image: C:\Program Files (x86)\Microsoft\Edge\Application\msedge.exe
User: WIN10DEMO\jolly"
Information,4/25/2026 5:41:17 PM,Microsoft-Windows-Sysmon,22,Dns query (rule: DnsQuery),"Dns query:
RuleName: -
UtcTime: 2026-04-25 07:40:50.089
ProcessGuid: {9172be70-7018-69ec-fd02-000000001f00}
ProcessId: 9080
QueryName: wpad
QueryStatus: 123
QueryResults: -
Image: C:\Program Files (x86)\Microsoft\Edge\Application\msedge.exe
User: WIN10DEMO\jolly"
Information,4/25/2026 5:41:17 PM,Microsoft-Windows-Sysmon,13,Registry value set (rule: RegistryEvent),"Registry value set:
RuleName: -
EventType: SetValue
UtcTime: 2026-04-25 07:41:17.376
ProcessGuid: {9172be70-7018-69ec-fa02-000000001f00}
ProcessId: 10596
Image: C:\Program Files (x86)\Microsoft\Edge\Application\msedge.exe
TargetObject: HKLM\System\CurrentControlSet\Services\bam\State\UserSettings\S-1-5-21-1156564983-231300539-2099510246-1000\\Device\HarddiskVolume1\Program Files (x86)\Microsoft\Edge\Application\msedge.exe
Details: Binary Data
User: WIN10DEMO\jolly"
Information,4/25/2026 5:41:17 PM,Microsoft-Windows-Sysmon,13,Registry value set (rule: RegistryEvent),"Registry value set:
RuleName: -
EventType: SetValue
UtcTime: 2026-04-25 07:41:17.370
ProcessGuid: {9172be70-7018-69ec-fa02-000000001f00}
ProcessId: 10596
Image: C:\Program Files (x86)\Microsoft\Edge\Application\msedge.exe
TargetObject: HKLM\System\CurrentControlSet\Services\bam\State\UserSettings\S-1-5-21-1156564983-231300539-2099510246-1000\\Device\HarddiskVolume1\Program Files (x86)\Microsoft\Edge\Application\msedge.exe
Details: Binary Data
User: WIN10DEMO\jolly"
Information,4/25/2026 5:41:17 PM,Microsoft-Windows-Sysmon,13,Registry value set (rule: RegistryEvent),"Registry value set:
RuleName: -
EventType: SetValue
UtcTime: 2026-04-25 07:41:17.360
ProcessGuid: {9172be70-7018-69ec-fa02-000000001f00}
ProcessId: 10596
Image: C:\Program Files (x86)\Microsoft\Edge\Application\msedge.exe
TargetObject: HKLM\System\CurrentControlSet\Services\bam\State\UserSettings\S-1-5-21-1156564983-231300539-2099510246-1000\\Device\HarddiskVolume1\Program Files (x86)\Microsoft\Edge\Application\msedge.exe
Details: Binary Data
User: WIN10DEMO\jolly"
Information,4/25/2026 5:41:16 PM,Microsoft-Windows-Sysmon,13,Registry value set (rule: RegistryEvent),"Registry value set:
RuleName: -
EventType: SetValue
UtcTime: 2026-04-25 07:41:16.370
ProcessGuid: {9172be70-6da9-69ec-0d00-000000001f00}
ProcessId: 844
Image: C:\Windows\system32\svchost.exe
TargetObject: HKLM\System\CurrentControlSet\Services\bam\State\UserSettings\S-1-5-21-1156564983-231300539-2099510246-1000\\Device\HarddiskVolume1\Windows\System32\dllhost.exe
Details: Binary Data
User: NT AUTHORITY\SYSTEM"
Information,4/25/2026 5:41:12 PM,Microsoft-Windows-Sysmon,7,Image loaded (rule: ImageLoad),"Image loaded:
RuleName: technique_id=T1574.002,technique_name=DLL Side-Loading
UtcTime: 2026-04-25 07:41:12.809
ProcessGuid: {9172be70-7018-69ec-fa02-000000001f00}
ProcessId: 10596
Image: C:\Program Files (x86)\Microsoft\Edge\Application\msedge.exe
ImageLoaded: C:\Users\jolly\AppData\Local\Microsoft\Edge\User Data\Well Known Domains\1.2.0.0\well_known_domains.dll
FileVersion: 135.0.3164.0
Description: Microsoft Edge
Product: Microsoft Edge
Company: Microsoft Corporation
OriginalFileName: well_known_domains.dll
Hashes: SHA1=8D5ED434173FD77FEB33CB6CB0FAD5E2388D97C6,MD5=F5F5B37FD514776F455864502C852773,SHA256=2778063E5DED354D852004E80492EDB3A0F731B838BB27BA3A233BC937592F6E,IMPHASH=61A2C7EFDFA4D74AD568D69F41135C6B
Signed: true
Signature: Microsoft Corporation
SignatureStatus: Valid
User: WIN10DEMO\jolly"
Information,4/25/2026 5:41:12 PM,Microsoft-Windows-Sysmon,7,Image loaded (rule: ImageLoad),"Image loaded:
RuleName: technique_id=T1574.002,technique_name=DLL Side-Loading
UtcTime: 2026-04-25 07:41:12.796
ProcessGuid: {9172be70-7018-69ec-fa02-000000001f00}
ProcessId: 10596
Image: C:\Program Files (x86)\Microsoft\Edge\Application\msedge.exe
ImageLoaded: C:\Users\jolly\AppData\Local\Microsoft\Edge\User Data\Domain Actions\3.0.0.16\domain_actions.dll
FileVersion: 3.0.0.16
Description: Microsoft Edge Domain Actions Component
Product: Microsoft Edge Domain Actions Component
Company: Microsoft Corporation
OriginalFileName: domain_actions.dll
Hashes: SHA1=A70A993AD81EE36D5F719F2F046D30B397FB5191,MD5=4EF0AD12FFC81A3570D19817265B7197,SHA256=CD4E81FF9DB4C6B086B70B09919B9426CA1F2C05EC43C477E9CE99156BE66399,IMPHASH=9C486A9BCC50A29C17754BC1C5AA3B01
Signed: true
Signature: Microsoft Corporation
SignatureStatus: Valid
User: WIN10DEMO\jolly"
Information,4/25/2026 5:41:12 PM,Microsoft-Windows-Sysmon,7,Image loaded (rule: ImageLoad),"Image loaded:
RuleName: technique_id=T1574.002,technique_name=DLL Side-Loading
UtcTime: 2026-04-25 07:41:12.798
ProcessGuid: {9172be70-7018-69ec-fa02-000000001f00}
ProcessId: 10596
Image: C:\Program Files (x86)\Microsoft\Edge\Application\msedge.exe
ImageLoaded: C:\Users\jolly\AppData\Local\Microsoft\Edge\User Data\Domain Actions\3.0.0.16\domain_actions.dll
FileVersion: 3.0.0.16
Description: Microsoft Edge Domain Actions Component
Product: Microsoft Edge Domain Actions Component
Company: Microsoft Corporation
OriginalFileName: domain_actions.dll
Hashes: SHA1=A70A993AD81EE36D5F719F2F046D30B397FB5191,MD5=4EF0AD12FFC81A3570D19817265B7197,SHA256=CD4E81FF9DB4C6B086B70B09919B9426CA1F2C05EC43C477E9CE99156BE66399,IMPHASH=9C486A9BCC50A29C17754BC1C5AA3B01
Signed: true
Signature: Microsoft Corporation
SignatureStatus: Valid
User: WIN10DEMO\jolly"
Information,4/25/2026 5:41:12 PM,Microsoft-Windows-Sysmon,13,Registry value set (rule: RegistryEvent),"Registry value set:
RuleName: -
EventType: SetValue
UtcTime: 2026-04-25 07:41:12.599
ProcessGuid: {9172be70-7018-69ec-fa02-000000001f00}
ProcessId: 10596
Image: C:\Program Files (x86)\Microsoft\Edge\Application\msedge.exe
TargetObject: HKLM\System\CurrentControlSet\Services\bam\State\UserSettings\S-1-5-21-1156564983-231300539-2099510246-1000\\Device\HarddiskVolume1\Program Files (x86)\Microsoft\Edge\Application\msedge.exe
Details: Binary Data
User: WIN10DEMO\jolly"
Information,4/25/2026 5:41:12 PM,Microsoft-Windows-Sysmon,13,Registry value set (rule: RegistryEvent),"Registry value set:
RuleName: -
EventType: SetValue
UtcTime: 2026-04-25 07:41:12.511
ProcessGuid: {9172be70-7018-69ec-fa02-000000001f00}
ProcessId: 10596
Image: C:\Program Files (x86)\Microsoft\Edge\Application\msedge.exe
TargetObject: HKLM\System\CurrentControlSet\Services\bam\State\UserSettings\S-1-5-21-1156564983-231300539-2099510246-1000\\Device\HarddiskVolume1\Program Files (x86)\Microsoft\Edge\Application\msedge.exe
Details: Binary Data
User: WIN10DEMO\jolly"
Information,4/25/2026 5:41:12 PM,Microsoft-Windows-Sysmon,13,Registry value set (rule: RegistryEvent),"Registry value set:
RuleName: -
EventType: SetValue
UtcTime: 2026-04-25 07:41:12.503
ProcessGuid: {9172be70-7018-69ec-fa02-000000001f00}
ProcessId: 10596
Image: C:\Program Files (x86)\Microsoft\Edge\Application\msedge.exe
TargetObject: HKLM\System\CurrentControlSet\Services\bam\State\UserSettings\S-1-5-21-1156564983-231300539-2099510246-1000\\Device\HarddiskVolume1\Program Files (x86)\Microsoft\Edge\Application\msedge.exe
Details: Binary Data
User: WIN10DEMO\jolly"
Information,4/25/2026 5:41:12 PM,Microsoft-Windows-Sysmon,13,Registry value set (rule: RegistryEvent),"Registry value set:
RuleName: -
EventType: SetValue
UtcTime: 2026-04-25 07:41:12.372
ProcessGuid: {9172be70-6e1a-69ec-f600-000000001f00}
ProcessId: 500
Image: C:\Program Files (x86)\Microsoft\Edge\Application\msedge.exe
TargetObject: HKLM\System\CurrentControlSet\Services\bam\State\UserSettings\S-1-5-21-1156564983-231300539-2099510246-1000\\Device\HarddiskVolume1\Program Files (x86)\Microsoft\Edge\Application\msedge.exe
Details: Binary Data
User: WIN10DEMO\jolly"
Information,4/25/2026 5:41:12 PM,Microsoft-Windows-Sysmon,13,Registry value set (rule: RegistryEvent),"Registry value set:
RuleName: -
EventType: SetValue
UtcTime: 2026-04-25 07:41:12.334
ProcessGuid: {9172be70-6df7-69ec-e500-000000001f00}
ProcessId: 6412
Image: C:\Program Files (x86)\Microsoft\Edge\Application\msedge.exe
TargetObject: HKLM\System\CurrentControlSet\Services\bam\State\UserSettings\S-1-5-21-1156564983-231300539-2099510246-1000\\Device\HarddiskVolume1\Program Files (x86)\Microsoft\Edge\Application\msedge.exe
Details: Binary Data
User: WIN10DEMO\jolly"
