Information,4/25/2026 5:31:55 PM,Microsoft-Windows-Sysmon,13,Registry value set (rule: RegistryEvent),"Registry value set:
RuleName: technique_id=T1547.010,technique_name=Boot or Logon Autostart Execution - Port Monitors
EventType: SetValue
UtcTime: 2026-04-25 07:31:28.735
ProcessGuid: {9172be70-6dae-69ec-3800-000000001f00}
ProcessId: 2700
Image: C:\Windows\System32\spoolsv.exe
TargetObject: HKLM\SOFTWARE\Microsoft\Windows NT\CurrentVersion\Ports\Ne02:
Details: (Empty)
User: NT AUTHORITY\SYSTEM"
Information,4/25/2026 5:31:55 PM,Microsoft-Windows-Sysmon,13,Registry value set (rule: RegistryEvent),"Registry value set:
RuleName: technique_id=T1547.010,technique_name=Boot or Logon Autostart Execution - Port Monitors
EventType: SetValue
UtcTime: 2026-04-25 07:31:28.735
ProcessGuid: {9172be70-6dae-69ec-3800-000000001f00}
ProcessId: 2700
Image: C:\Windows\System32\spoolsv.exe
TargetObject: HKLM\SOFTWARE\Microsoft\Windows NT\CurrentVersion\Ports\Ne01:
Details: (Empty)
User: NT AUTHORITY\SYSTEM"
Information,4/25/2026 5:31:55 PM,Microsoft-Windows-Sysmon,13,Registry value set (rule: RegistryEvent),"Registry value set:
RuleName: technique_id=T1547.010,technique_name=Boot or Logon Autostart Execution - Port Monitors
EventType: SetValue
UtcTime: 2026-04-25 07:31:28.735
ProcessGuid: {9172be70-6dae-69ec-3800-000000001f00}
ProcessId: 2700
Image: C:\Windows\System32\spoolsv.exe
TargetObject: HKLM\SOFTWARE\Microsoft\Windows NT\CurrentVersion\Ports\Ne00:
Details: (Empty)
User: NT AUTHORITY\SYSTEM"
Information,4/25/2026 5:31:55 PM,Microsoft-Windows-Sysmon,13,Registry value set (rule: RegistryEvent),"Registry value set:
RuleName: technique_id=T1547.010,technique_name=Boot or Logon Autostart Execution - Port Monitors
EventType: SetValue
UtcTime: 2026-04-25 07:31:28.735
ProcessGuid: {9172be70-6dae-69ec-3800-000000001f00}
ProcessId: 2700
Image: C:\Windows\System32\spoolsv.exe
TargetObject: HKLM\SOFTWARE\Microsoft\Windows NT\CurrentVersion\Ports\Ne02:
Details: (Empty)
User: NT AUTHORITY\SYSTEM"
Information,4/25/2026 5:31:55 PM,Microsoft-Windows-Sysmon,13,Registry value set (rule: RegistryEvent),"Registry value set:
RuleName: technique_id=T1547.010,technique_name=Boot or Logon Autostart Execution - Port Monitors
EventType: SetValue
UtcTime: 2026-04-25 07:31:28.735
ProcessGuid: {9172be70-6dae-69ec-3800-000000001f00}
ProcessId: 2700
Image: C:\Windows\System32\spoolsv.exe
TargetObject: HKLM\SOFTWARE\Microsoft\Windows NT\CurrentVersion\Ports\Ne01:
Details: (Empty)
User: NT AUTHORITY\SYSTEM"
Information,4/25/2026 5:31:55 PM,Microsoft-Windows-Sysmon,13,Registry value set (rule: RegistryEvent),"Registry value set:
RuleName: technique_id=T1547.010,technique_name=Boot or Logon Autostart Execution - Port Monitors
EventType: SetValue
UtcTime: 2026-04-25 07:31:28.735
ProcessGuid: {9172be70-6dae-69ec-3800-000000001f00}
ProcessId: 2700
Image: C:\Windows\System32\spoolsv.exe
TargetObject: HKLM\SOFTWARE\Microsoft\Windows NT\CurrentVersion\Ports\Ne00:
Details: (Empty)
User: NT AUTHORITY\SYSTEM"
Information,4/25/2026 5:31:55 PM,Microsoft-Windows-Sysmon,13,Registry value set (rule: RegistryEvent),"Registry value set:
RuleName: -
EventType: SetValue
UtcTime: 2026-04-25 07:31:28.025
ProcessGuid: {9172be70-6dac-69ec-2600-000000001f00}
ProcessId: 1728
Image: C:\Windows\system32\svchost.exe
TargetObject: HKLM\System\CurrentControlSet\Services\rdyboost\AttachState\1B~4~~
Details: DWORD (0x00000000)
User: NT AUTHORITY\SYSTEM"
Information,4/25/2026 5:31:55 PM,Microsoft-Windows-Sysmon,11,File created (rule: FileCreate),"File created:
RuleName: technique_id=T1574.010,technique_name=Services File Permissions Weakness
UtcTime: 2026-04-25 07:31:27.650
ProcessGuid: {9172be70-6dc2-69ec-6f00-000000001f00}
ProcessId: 4144
Image: C:\Windows\system32\sppsvc.exe
TargetFilename: C:\Windows\System32\spp\store\2.0\data.dat.tmp
CreationUtcTime: 2026-04-25 07:31:17.457
User: NT AUTHORITY\NETWORK SERVICE"
Information,4/25/2026 5:31:55 PM,Microsoft-Windows-Sysmon,11,File created (rule: FileCreate),"File created:
RuleName: technique_id=T1574.010,technique_name=Services File Permissions Weakness
UtcTime: 2026-04-25 07:31:27.510
ProcessGuid: {9172be70-6dc2-69ec-6f00-000000001f00}
ProcessId: 4144
Image: C:\Windows\system32\sppsvc.exe
TargetFilename: C:\Windows\System32\spp\store\2.0\data.dat.tmp
CreationUtcTime: 2026-04-25 07:31:17.457
User: NT AUTHORITY\NETWORK SERVICE"
Information,4/25/2026 5:31:55 PM,Microsoft-Windows-Sysmon,13,Registry value set (rule: RegistryEvent),"Registry value set:
RuleName: -
EventType: SetValue
UtcTime: 2026-04-25 07:31:26.495
ProcessGuid: {9172be70-6dac-69ec-2600-000000001f00}
ProcessId: 1728
Image: C:\Windows\system32\svchost.exe
TargetObject: HKLM\System\CurrentControlSet\Services\rdyboost\Parameters\ReadyBootVolumeUniqueId
Details: Binary Data
User: NT AUTHORITY\SYSTEM"
Information,4/25/2026 5:31:55 PM,Microsoft-Windows-Sysmon,13,Registry value set (rule: RegistryEvent),"Registry value set:
RuleName: -
EventType: SetValue
UtcTime: 2026-04-25 07:31:25.442
ProcessGuid: {9172be70-6dcc-69ec-a000-000000001f00}
ProcessId: 5560
Image: C:\Windows\system32\userinit.exe
TargetObject: HKLM\System\CurrentControlSet\Services\bam\State\UserSettings\S-1-5-21-1156564983-231300539-2099510246-1000\\Device\HarddiskVolume1\Windows\explorer.exe
Details: Binary Data
User: WIN10DEMO\jolly"
Information,4/25/2026 5:31:55 PM,Microsoft-Windows-Sysmon,13,Registry value set (rule: RegistryEvent),"Registry value set:
RuleName: -
EventType: SetValue
UtcTime: 2026-04-25 07:31:25.118
ProcessGuid: {9172be70-6da8-69ec-0b00-000000001f00}
ProcessId: 696
Image: C:\Windows\system32\services.exe
TargetObject: HKLM\System\CurrentControlSet\Services\WSearch\FailureActionsOnNonCrashFailures
Details: DWORD (0x00000001)
User: NT AUTHORITY\SYSTEM"
Information,4/25/2026 5:31:55 PM,Microsoft-Windows-Sysmon,17,Pipe Created (rule: PipeEvent),"Pipe Created:
RuleName: -
EventType: CreatePipe
UtcTime: 2026-04-25 07:31:25.063
ProcessGuid: {9172be70-6dc7-69ec-8200-000000001f00}
ProcessId: 880
PipeName: \SearchTextHarvester
Image: C:\Windows\system32\SearchIndexer.exe
User: NT AUTHORITY\SYSTEM"
Information,4/25/2026 5:31:55 PM,Microsoft-Windows-Sysmon,17,Pipe Created (rule: PipeEvent),"Pipe Created:
RuleName: -
EventType: CreatePipe
UtcTime: 2026-04-25 07:31:24.048
ProcessGuid: {9172be70-6dc7-69ec-8200-000000001f00}
ProcessId: 880
PipeName: \MsFteWds
Image: C:\Windows\system32\SearchIndexer.exe
User: NT AUTHORITY\SYSTEM"
Information,4/25/2026 5:31:55 PM,Microsoft-Windows-Sysmon,11,File created (rule: FileCreate),"File created:
RuleName: technique_id=T1574.010,technique_name=Services File Permissions Weakness
UtcTime: 2026-04-25 07:31:23.642
ProcessGuid: {9172be70-6dc2-69ec-6f00-000000001f00}
ProcessId: 4144
Image: C:\Windows\system32\sppsvc.exe
TargetFilename: C:\Windows\System32\spp\store\2.0\data.dat.tmp
CreationUtcTime: 2026-04-25 07:31:17.457
User: NT AUTHORITY\NETWORK SERVICE"
Information,4/25/2026 5:31:55 PM,Microsoft-Windows-Sysmon,1,Process Create (rule: ProcessCreate),"Process Create:
RuleName: technique_id=T1083,technique_name=File and Directory Discovery
UtcTime: 2026-04-25 07:31:22.849
ProcessGuid: {9172be70-6dca-69ec-9400-000000001f00}
ProcessId: 4368
Image: C:\Windows\System32\svchost.exe
FileVersion: 10.0.19041.5794 (WinBuild.160101.0800)
Description: Host Process for Windows Services
Product: Microsoft® Windows® Operating System
Company: Microsoft Corporation
OriginalFileName: svchost.exe
CommandLine: C:\Windows\system32\svchost.exe -k LocalService -p -s CDPSvc
CurrentDirectory: C:\Windows\system32\
User: NT AUTHORITY\LOCAL SERVICE
LogonGuid: {9172be70-6daa-69ec-e503-000000000000}
LogonId: 0x3E5
TerminalSessionId: 0
IntegrityLevel: System
Hashes: SHA1=BD4068A70BEEAE18195EDBDCD2837F2F43D254E6,MD5=3D1034D6ED3DAED60816A25C561E8C83,SHA256=B0B36BFF7AE4057F687D839CD4B3D81159AB646F1EE1B22106A927E93DECBB61,IMPHASH=F9BBD96FAE53B7A31264A703CAFA0666
ParentProcessGuid: {9172be70-6da8-69ec-0b00-000000001f00}
ParentProcessId: 696
ParentImage: C:\Windows\System32\services.exe
ParentCommandLine: C:\Windows\system32\services.exe
ParentUser: NT AUTHORITY\SYSTEM"
Information,4/25/2026 5:31:55 PM,Microsoft-Windows-Sysmon,13,Registry value set (rule: RegistryEvent),"Registry value set:
RuleName: -
EventType: SetValue
UtcTime: 2026-04-25 07:31:22.164
ProcessGuid: {9172be70-6dc8-69ec-8500-000000001f00}
ProcessId: 1160
Image: C:\Windows\System32\svchost.exe
TargetObject: HKLM\System\CurrentControlSet\Services\ClipSVC\Parameters\ProcessBiosKey
Details: DWORD (0x00000001)
User: NT AUTHORITY\SYSTEM"
Information,4/25/2026 5:31:54 PM,Microsoft-Windows-Sysmon,13,Registry value set (rule: RegistryEvent),"Registry value set:
RuleName: -
EventType: SetValue
UtcTime: 2026-04-25 07:31:20.744
ProcessGuid: {9172be70-6da8-69ec-0b00-000000001f00}
ProcessId: 696
Image: C:\Windows\system32\services.exe
TargetObject: HKLM\System\CurrentControlSet\Services\TabletInputService\TriggerInfo\0\DataType3
Details: DWORD (0x00000002)
User: NT AUTHORITY\SYSTEM"
Information,4/25/2026 5:31:54 PM,Microsoft-Windows-Sysmon,13,Registry value set (rule: RegistryEvent),"Registry value set:
RuleName: -
EventType: SetValue
UtcTime: 2026-04-25 07:31:20.744
ProcessGuid: {9172be70-6da8-69ec-0b00-000000001f00}
ProcessId: 696
Image: C:\Windows\system32\services.exe
TargetObject: HKLM\System\CurrentControlSet\Services\TabletInputService\TriggerInfo\0\Data3
Details: Binary Data
User: NT AUTHORITY\SYSTEM"
Information,4/25/2026 5:31:54 PM,Microsoft-Windows-Sysmon,13,Registry value set (rule: RegistryEvent),"Registry value set:
RuleName: -
EventType: SetValue
UtcTime: 2026-04-25 07:31:20.744
ProcessGuid: {9172be70-6da8-69ec-0b00-000000001f00}
ProcessId: 696
Image: C:\Windows\system32\services.exe
TargetObject: HKLM\System\CurrentControlSet\Services\TabletInputService\TriggerInfo\0\DataType2
Details: DWORD (0x00000002)
User: NT AUTHORITY\SYSTEM"
Information,4/25/2026 5:31:54 PM,Microsoft-Windows-Sysmon,13,Registry value set (rule: RegistryEvent),"Registry value set:
RuleName: -
EventType: SetValue
UtcTime: 2026-04-25 07:31:20.744
ProcessGuid: {9172be70-6da8-69ec-0b00-000000001f00}
ProcessId: 696
Image: C:\Windows\system32\services.exe
TargetObject: HKLM\System\CurrentControlSet\Services\TabletInputService\TriggerInfo\0\Data2
Details: Binary Data
User: NT AUTHORITY\SYSTEM"
Information,4/25/2026 5:31:54 PM,Microsoft-Windows-Sysmon,13,Registry value set (rule: RegistryEvent),"Registry value set:
RuleName: -
EventType: SetValue
UtcTime: 2026-04-25 07:31:20.744
ProcessGuid: {9172be70-6da8-69ec-0b00-000000001f00}
ProcessId: 696
Image: C:\Windows\system32\services.exe
TargetObject: HKLM\System\CurrentControlSet\Services\TabletInputService\TriggerInfo\0\DataType1
Details: DWORD (0x00000002)
User: NT AUTHORITY\SYSTEM"
Information,4/25/2026 5:31:54 PM,Microsoft-Windows-Sysmon,13,Registry value set (rule: RegistryEvent),"Registry value set:
RuleName: -
EventType: SetValue
UtcTime: 2026-04-25 07:31:20.744
ProcessGuid: {9172be70-6da8-69ec-0b00-000000001f00}
ProcessId: 696
Image: C:\Windows\system32\services.exe
TargetObject: HKLM\System\CurrentControlSet\Services\TabletInputService\TriggerInfo\0\Data1
Details: Binary Data
User: NT AUTHORITY\SYSTEM"
Information,4/25/2026 5:31:54 PM,Microsoft-Windows-Sysmon,13,Registry value set (rule: RegistryEvent),"Registry value set:
RuleName: -
EventType: SetValue
UtcTime: 2026-04-25 07:31:20.744
ProcessGuid: {9172be70-6da8-69ec-0b00-000000001f00}
ProcessId: 696
Image: C:\Windows\system32\services.exe
TargetObject: HKLM\System\CurrentControlSet\Services\TabletInputService\TriggerInfo\0\DataType0
Details: DWORD (0x00000002)
User: NT AUTHORITY\SYSTEM"
Information,4/25/2026 5:31:54 PM,Microsoft-Windows-Sysmon,13,Registry value set (rule: RegistryEvent),"Registry value set:
RuleName: -
EventType: SetValue
UtcTime: 2026-04-25 07:31:20.744
ProcessGuid: {9172be70-6da8-69ec-0b00-000000001f00}
ProcessId: 696
Image: C:\Windows\system32\services.exe
TargetObject: HKLM\System\CurrentControlSet\Services\TabletInputService\TriggerInfo\0\Data0
Details: Binary Data
User: NT AUTHORITY\SYSTEM"
Information,4/25/2026 5:31:54 PM,Microsoft-Windows-Sysmon,13,Registry value set (rule: RegistryEvent),"Registry value set:
RuleName: -
EventType: SetValue
UtcTime: 2026-04-25 07:31:20.744
ProcessGuid: {9172be70-6da8-69ec-0b00-000000001f00}
ProcessId: 696
Image: C:\Windows\system32\services.exe
TargetObject: HKLM\System\CurrentControlSet\Services\TabletInputService\TriggerInfo\0\Guid
Details: Binary Data
User: NT AUTHORITY\SYSTEM"
Information,4/25/2026 5:31:54 PM,Microsoft-Windows-Sysmon,13,Registry value set (rule: RegistryEvent),"Registry value set:
RuleName: -
EventType: SetValue
UtcTime: 2026-04-25 07:31:20.744
ProcessGuid: {9172be70-6da8-69ec-0b00-000000001f00}
ProcessId: 696
Image: C:\Windows\system32\services.exe
TargetObject: HKLM\System\CurrentControlSet\Services\TabletInputService\TriggerInfo\0\Action
Details: DWORD (0x00000001)
User: NT AUTHORITY\SYSTEM"
Information,4/25/2026 5:31:54 PM,Microsoft-Windows-Sysmon,13,Registry value set (rule: RegistryEvent),"Registry value set:
RuleName: -
EventType: SetValue
UtcTime: 2026-04-25 07:31:20.744
ProcessGuid: {9172be70-6da8-69ec-0b00-000000001f00}
ProcessId: 696
Image: C:\Windows\system32\services.exe
TargetObject: HKLM\System\CurrentControlSet\Services\TabletInputService\TriggerInfo\0\Type
Details: DWORD (0x00000001)
User: NT AUTHORITY\SYSTEM"
Information,4/25/2026 5:31:54 PM,Microsoft-Windows-Sysmon,12,Registry object added or deleted (rule: RegistryEvent),"Registry object added or deleted:
RuleName: -
EventType: DeleteKey
UtcTime: 2026-04-25 07:31:20.744
ProcessGuid: {9172be70-6da8-69ec-0b00-000000001f00}
ProcessId: 696
Image: C:\Windows\system32\services.exe
TargetObject: HKLM\System\CurrentControlSet\Services\TabletInputService\TriggerInfo\0
User: NT AUTHORITY\SYSTEM"
Information,4/25/2026 5:31:54 PM,Microsoft-Windows-Sysmon,13,Registry value set (rule: RegistryEvent),"Registry value set:
RuleName: -
EventType: SetValue
UtcTime: 2026-04-25 07:31:20.744
ProcessGuid: {9172be70-6da8-69ec-0b00-000000001f00}
ProcessId: 696
Image: C:\Windows\system32\services.exe
TargetObject: HKLM\System\CurrentControlSet\Services\TabletInputService\Start
Details: DWORD (0x00000003)
User: NT AUTHORITY\SYSTEM"
Information,4/25/2026 5:31:54 PM,Microsoft-Windows-Sysmon,1,Process Create (rule: ProcessCreate),"Process Create:
RuleName: technique_id=T1083,technique_name=File and Directory Discovery
UtcTime: 2026-04-25 07:31:19.757
ProcessGuid: {9172be70-6dc7-69ec-8300-000000001f00}
ProcessId: 3328
Image: C:\Windows\System32\svchost.exe
FileVersion: 10.0.19041.5794 (WinBuild.160101.0800)
Description: Host Process for Windows Services
Product: Microsoft® Windows® Operating System
Company: Microsoft Corporation
OriginalFileName: svchost.exe
CommandLine: C:\Windows\System32\svchost.exe -k LocalSystemNetworkRestricted -p -s TabletInputService
CurrentDirectory: C:\Windows\system32\
User: NT AUTHORITY\SYSTEM
LogonGuid: {9172be70-6da8-69ec-e703-000000000000}
LogonId: 0x3E7
TerminalSessionId: 0
IntegrityLevel: System
Hashes: SHA1=BD4068A70BEEAE18195EDBDCD2837F2F43D254E6,MD5=3D1034D6ED3DAED60816A25C561E8C83,SHA256=B0B36BFF7AE4057F687D839CD4B3D81159AB646F1EE1B22106A927E93DECBB61,IMPHASH=F9BBD96FAE53B7A31264A703CAFA0666
ParentProcessGuid: {9172be70-6da8-69ec-0b00-000000001f00}
ParentProcessId: 696
ParentImage: C:\Windows\System32\services.exe
ParentCommandLine: C:\Windows\system32\services.exe
ParentUser: NT AUTHORITY\SYSTEM"
Information,4/25/2026 5:31:54 PM,Microsoft-Windows-Sysmon,13,Registry value set (rule: RegistryEvent),"Registry value set:
RuleName: -
EventType: SetValue
UtcTime: 2026-04-25 07:31:19.056
ProcessGuid: {9172be70-6da8-69ec-0b00-000000001f00}
ProcessId: 696
Image: C:\Windows\system32\services.exe
TargetObject: HKLM\System\CurrentControlSet\Services\WpnUserService_67abc\Description
Details: @%%SystemRoot%%\system32\WpnUserService.dll,-2
User: NT AUTHORITY\SYSTEM"
Information,4/25/2026 5:31:54 PM,Microsoft-Windows-Sysmon,13,Registry value set (rule: RegistryEvent),"Registry value set:
RuleName: -
EventType: SetValue
UtcTime: 2026-04-25 07:31:19.056
ProcessGuid: {9172be70-6da8-69ec-0b00-000000001f00}
ProcessId: 696
Image: C:\Windows\system32\services.exe
TargetObject: HKLM\System\CurrentControlSet\Services\WpnUserService_67abc\FailureActions
Details: Binary Data
User: NT AUTHORITY\SYSTEM"
Information,4/25/2026 5:31:54 PM,Microsoft-Windows-Sysmon,13,Registry value set (rule: RegistryEvent),"Registry value set:
RuleName: -
EventType: SetValue
UtcTime: 2026-04-25 07:31:19.056
ProcessGuid: {9172be70-6da8-69ec-0b00-000000001f00}
ProcessId: 696
Image: C:\Windows\system32\services.exe
TargetObject: HKLM\System\CurrentControlSet\Services\WpnUserService_67abc\Security\Security
Details: Binary Data
User: NT AUTHORITY\SYSTEM"
Information,4/25/2026 5:31:54 PM,Microsoft-Windows-Sysmon,13,Registry value set (rule: RegistryEvent),"Registry value set:
RuleName: -
EventType: SetValue
UtcTime: 2026-04-25 07:31:19.056
ProcessGuid: {9172be70-6da8-69ec-0b00-000000001f00}
ProcessId: 696
Image: C:\Windows\system32\services.exe
TargetObject: HKLM\System\CurrentControlSet\Services\WpnUserService_67abc\DisplayName
Details: Windows Push Notifications User Service_67abc
User: NT AUTHORITY\SYSTEM"
Information,4/25/2026 5:31:54 PM,Microsoft-Windows-Sysmon,13,Registry value set (rule: RegistryEvent),"Registry value set:
RuleName: -
EventType: SetValue
UtcTime: 2026-04-25 07:31:19.056
ProcessGuid: {9172be70-6da8-69ec-0b00-000000001f00}
ProcessId: 696
Image: C:\Windows\system32\services.exe
TargetObject: HKLM\System\CurrentControlSet\Services\WpnUserService_67abc\ImagePath
Details: C:\Windows\system32\svchost.exe -k UnistackSvcGroup
User: NT AUTHORITY\SYSTEM"
Information,4/25/2026 5:31:54 PM,Microsoft-Windows-Sysmon,13,Registry value set (rule: RegistryEvent),"Registry value set:
RuleName: -
EventType: SetValue
UtcTime: 2026-04-25 07:31:19.056
ProcessGuid: {9172be70-6da8-69ec-0b00-000000001f00}
ProcessId: 696
Image: C:\Windows\system32\services.exe
TargetObject: HKLM\System\CurrentControlSet\Services\WpnUserService_67abc\ErrorControl
Details: DWORD (0x00000000)
User: NT AUTHORITY\SYSTEM"
Information,4/25/2026 5:31:54 PM,Microsoft-Windows-Sysmon,13,Registry value set (rule: RegistryEvent),"Registry value set:
RuleName: -
EventType: SetValue
UtcTime: 2026-04-25 07:31:19.056
ProcessGuid: {9172be70-6da8-69ec-0b00-000000001f00}
ProcessId: 696
Image: C:\Windows\system32\services.exe
TargetObject: HKLM\System\CurrentControlSet\Services\WpnUserService_67abc\Start
Details: DWORD (0x00000002)
User: NT AUTHORITY\SYSTEM"
Information,4/25/2026 5:31:54 PM,Microsoft-Windows-Sysmon,13,Registry value set (rule: RegistryEvent),"Registry value set:
RuleName: -
EventType: SetValue
UtcTime: 2026-04-25 07:31:19.056
ProcessGuid: {9172be70-6da8-69ec-0b00-000000001f00}
ProcessId: 696
Image: C:\Windows\system32\services.exe
TargetObject: HKLM\System\CurrentControlSet\Services\WpnUserService_67abc\Type
Details: DWORD (0x000000e0)
User: NT AUTHORITY\SYSTEM"
Information,4/25/2026 5:31:54 PM,Microsoft-Windows-Sysmon,13,Registry value set (rule: RegistryEvent),"Registry value set:
RuleName: -
EventType: SetValue
UtcTime: 2026-04-25 07:31:19.056
ProcessGuid: {9172be70-6da8-69ec-0b00-000000001f00}
ProcessId: 696
Image: C:\Windows\system32\services.exe
TargetObject: HKLM\System\CurrentControlSet\Services\UserDataSvc_67abc\Description
Details: @%%SystemRoot%%\system32\UserDataAccessRes.dll,-14000
User: NT AUTHORITY\SYSTEM"
Information,4/25/2026 5:31:54 PM,Microsoft-Windows-Sysmon,13,Registry value set (rule: RegistryEvent),"Registry value set:
RuleName: -
EventType: SetValue
UtcTime: 2026-04-25 07:31:19.056
ProcessGuid: {9172be70-6da8-69ec-0b00-000000001f00}
ProcessId: 696
Image: C:\Windows\system32\services.exe
TargetObject: HKLM\System\CurrentControlSet\Services\UserDataSvc_67abc\FailureActions
Details: Binary Data
User: NT AUTHORITY\SYSTEM"
Information,4/25/2026 5:31:54 PM,Microsoft-Windows-Sysmon,13,Registry value set (rule: RegistryEvent),"Registry value set:
RuleName: -
EventType: SetValue
UtcTime: 2026-04-25 07:31:19.056
ProcessGuid: {9172be70-6da8-69ec-0b00-000000001f00}
ProcessId: 696
Image: C:\Windows\system32\services.exe
TargetObject: HKLM\System\CurrentControlSet\Services\UserDataSvc_67abc\Security\Security
Details: Binary Data
User: NT AUTHORITY\SYSTEM"
Information,4/25/2026 5:31:54 PM,Microsoft-Windows-Sysmon,13,Registry value set (rule: RegistryEvent),"Registry value set:
RuleName: -
EventType: SetValue
UtcTime: 2026-04-25 07:31:19.056
ProcessGuid: {9172be70-6da8-69ec-0b00-000000001f00}
ProcessId: 696
Image: C:\Windows\system32\services.exe
TargetObject: HKLM\System\CurrentControlSet\Services\UserDataSvc_67abc\DisplayName
Details: User Data Access_67abc
User: NT AUTHORITY\SYSTEM"
Information,4/25/2026 5:31:54 PM,Microsoft-Windows-Sysmon,13,Registry value set (rule: RegistryEvent),"Registry value set:
RuleName: -
EventType: SetValue
UtcTime: 2026-04-25 07:31:19.056
ProcessGuid: {9172be70-6da8-69ec-0b00-000000001f00}
ProcessId: 696
Image: C:\Windows\system32\services.exe
TargetObject: HKLM\System\CurrentControlSet\Services\UserDataSvc_67abc\ImagePath
Details: C:\Windows\system32\svchost.exe -k UnistackSvcGroup
User: NT AUTHORITY\SYSTEM"
Information,4/25/2026 5:31:54 PM,Microsoft-Windows-Sysmon,13,Registry value set (rule: RegistryEvent),"Registry value set:
RuleName: -
EventType: SetValue
UtcTime: 2026-04-25 07:31:19.056
ProcessGuid: {9172be70-6da8-69ec-0b00-000000001f00}
ProcessId: 696
Image: C:\Windows\system32\services.exe
TargetObject: HKLM\System\CurrentControlSet\Services\UserDataSvc_67abc\ErrorControl
Details: DWORD (0x00000000)
User: NT AUTHORITY\SYSTEM"
Information,4/25/2026 5:31:54 PM,Microsoft-Windows-Sysmon,13,Registry value set (rule: RegistryEvent),"Registry value set:
RuleName: -
EventType: SetValue
UtcTime: 2026-04-25 07:31:19.056
ProcessGuid: {9172be70-6da8-69ec-0b00-000000001f00}
ProcessId: 696
Image: C:\Windows\system32\services.exe
TargetObject: HKLM\System\CurrentControlSet\Services\UserDataSvc_67abc\Start
Details: DWORD (0x00000003)
User: NT AUTHORITY\SYSTEM"
Information,4/25/2026 5:31:54 PM,Microsoft-Windows-Sysmon,13,Registry value set (rule: RegistryEvent),"Registry value set:
RuleName: -
EventType: SetValue
UtcTime: 2026-04-25 07:31:19.056
ProcessGuid: {9172be70-6da8-69ec-0b00-000000001f00}
ProcessId: 696
Image: C:\Windows\system32\services.exe
TargetObject: HKLM\System\CurrentControlSet\Services\UserDataSvc_67abc\Type
Details: DWORD (0x000000e0)
User: NT AUTHORITY\SYSTEM"
Information,4/25/2026 5:31:54 PM,Microsoft-Windows-Sysmon,13,Registry value set (rule: RegistryEvent),"Registry value set:
RuleName: -
EventType: SetValue
UtcTime: 2026-04-25 07:31:19.056
ProcessGuid: {9172be70-6da8-69ec-0b00-000000001f00}
ProcessId: 696
Image: C:\Windows\system32\services.exe
TargetObject: HKLM\System\CurrentControlSet\Services\UnistoreSvc_67abc\Description
Details: @%%SystemRoot%%\system32\UserDataAccessRes.dll,-10002
User: NT AUTHORITY\SYSTEM"
Information,4/25/2026 5:31:54 PM,Microsoft-Windows-Sysmon,13,Registry value set (rule: RegistryEvent),"Registry value set:
RuleName: -
EventType: SetValue
UtcTime: 2026-04-25 07:31:19.056
ProcessGuid: {9172be70-6da8-69ec-0b00-000000001f00}
ProcessId: 696
Image: C:\Windows\system32\services.exe
TargetObject: HKLM\System\CurrentControlSet\Services\UnistoreSvc_67abc\FailureActions
Details: Binary Data
User: NT AUTHORITY\SYSTEM"
Information,4/25/2026 5:31:54 PM,Microsoft-Windows-Sysmon,13,Registry value set (rule: RegistryEvent),"Registry value set:
RuleName: -
EventType: SetValue
UtcTime: 2026-04-25 07:31:19.056
ProcessGuid: {9172be70-6da8-69ec-0b00-000000001f00}
ProcessId: 696
Image: C:\Windows\system32\services.exe
TargetObject: HKLM\System\CurrentControlSet\Services\UnistoreSvc_67abc\Security\Security
Details: Binary Data
User: NT AUTHORITY\SYSTEM"
Information,4/25/2026 5:31:54 PM,Microsoft-Windows-Sysmon,13,Registry value set (rule: RegistryEvent),"Registry value set:
RuleName: -
EventType: SetValue
UtcTime: 2026-04-25 07:31:19.056
ProcessGuid: {9172be70-6da8-69ec-0b00-000000001f00}
ProcessId: 696
Image: C:\Windows\system32\services.exe
TargetObject: HKLM\System\CurrentControlSet\Services\UnistoreSvc_67abc\DisplayName
Details: User Data Storage_67abc
User: NT AUTHORITY\SYSTEM"
Information,4/25/2026 5:31:54 PM,Microsoft-Windows-Sysmon,13,Registry value set (rule: RegistryEvent),"Registry value set:
RuleName: -
EventType: SetValue
UtcTime: 2026-04-25 07:31:19.056
ProcessGuid: {9172be70-6da8-69ec-0b00-000000001f00}
ProcessId: 696
Image: C:\Windows\system32\services.exe
TargetObject: HKLM\System\CurrentControlSet\Services\UnistoreSvc_67abc\ImagePath
Details: C:\Windows\System32\svchost.exe -k UnistackSvcGroup
User: NT AUTHORITY\SYSTEM"
Information,4/25/2026 5:31:54 PM,Microsoft-Windows-Sysmon,13,Registry value set (rule: RegistryEvent),"Registry value set:
RuleName: -
EventType: SetValue
UtcTime: 2026-04-25 07:31:19.056
ProcessGuid: {9172be70-6da8-69ec-0b00-000000001f00}
ProcessId: 696
Image: C:\Windows\system32\services.exe
TargetObject: HKLM\System\CurrentControlSet\Services\UnistoreSvc_67abc\ErrorControl
Details: DWORD (0x00000000)
User: NT AUTHORITY\SYSTEM"
Information,4/25/2026 5:31:54 PM,Microsoft-Windows-Sysmon,13,Registry value set (rule: RegistryEvent),"Registry value set:
RuleName: -
EventType: SetValue
UtcTime: 2026-04-25 07:31:19.056
ProcessGuid: {9172be70-6da8-69ec-0b00-000000001f00}
ProcessId: 696
Image: C:\Windows\system32\services.exe
TargetObject: HKLM\System\CurrentControlSet\Services\UnistoreSvc_67abc\Start
Details: DWORD (0x00000003)
User: NT AUTHORITY\SYSTEM"
Information,4/25/2026 5:31:54 PM,Microsoft-Windows-Sysmon,13,Registry value set (rule: RegistryEvent),"Registry value set:
RuleName: -
EventType: SetValue
UtcTime: 2026-04-25 07:31:19.056
ProcessGuid: {9172be70-6da8-69ec-0b00-000000001f00}
ProcessId: 696
Image: C:\Windows\system32\services.exe
TargetObject: HKLM\System\CurrentControlSet\Services\UnistoreSvc_67abc\Type
Details: DWORD (0x000000e0)
User: NT AUTHORITY\SYSTEM"
Information,4/25/2026 5:31:54 PM,Microsoft-Windows-Sysmon,13,Registry value set (rule: RegistryEvent),"Registry value set:
RuleName: -
EventType: SetValue
UtcTime: 2026-04-25 07:31:19.056
ProcessGuid: {9172be70-6da8-69ec-0b00-000000001f00}
ProcessId: 696
Image: C:\Windows\system32\services.exe
TargetObject: HKLM\System\CurrentControlSet\Services\UdkUserSvc_67abc\Description
Details: @%%SystemRoot%%\system32\windowsudk.shellcommon.dll,-101
User: NT AUTHORITY\SYSTEM"
Information,4/25/2026 5:31:54 PM,Microsoft-Windows-Sysmon,13,Registry value set (rule: RegistryEvent),"Registry value set:
RuleName: -
EventType: SetValue
UtcTime: 2026-04-25 07:31:19.056
ProcessGuid: {9172be70-6da8-69ec-0b00-000000001f00}
ProcessId: 696
Image: C:\Windows\system32\services.exe
TargetObject: HKLM\System\CurrentControlSet\Services\UdkUserSvc_67abc\FailureActions
Details: Binary Data
User: NT AUTHORITY\SYSTEM"
Information,4/25/2026 5:31:54 PM,Microsoft-Windows-Sysmon,13,Registry value set (rule: RegistryEvent),"Registry value set:
RuleName: -
EventType: SetValue
UtcTime: 2026-04-25 07:31:19.056
ProcessGuid: {9172be70-6da8-69ec-0b00-000000001f00}
ProcessId: 696
Image: C:\Windows\system32\services.exe
TargetObject: HKLM\System\CurrentControlSet\Services\UdkUserSvc_67abc\Security\Security
Details: Binary Data
User: NT AUTHORITY\SYSTEM"
Information,4/25/2026 5:31:54 PM,Microsoft-Windows-Sysmon,13,Registry value set (rule: RegistryEvent),"Registry value set:
RuleName: -
EventType: SetValue
UtcTime: 2026-04-25 07:31:19.056
ProcessGuid: {9172be70-6da8-69ec-0b00-000000001f00}
ProcessId: 696
Image: C:\Windows\system32\services.exe
TargetObject: HKLM\System\CurrentControlSet\Services\UdkUserSvc_67abc\DisplayName
Details: Udk User Service_67abc
User: NT AUTHORITY\SYSTEM"
Information,4/25/2026 5:31:54 PM,Microsoft-Windows-Sysmon,13,Registry value set (rule: RegistryEvent),"Registry value set:
RuleName: -
EventType: SetValue
UtcTime: 2026-04-25 07:31:19.056
ProcessGuid: {9172be70-6da8-69ec-0b00-000000001f00}
ProcessId: 696
Image: C:\Windows\system32\services.exe
TargetObject: HKLM\System\CurrentControlSet\Services\UdkUserSvc_67abc\ImagePath
Details: C:\Windows\system32\svchost.exe -k UdkSvcGroup
User: NT AUTHORITY\SYSTEM"
Information,4/25/2026 5:31:54 PM,Microsoft-Windows-Sysmon,13,Registry value set (rule: RegistryEvent),"Registry value set:
RuleName: -
EventType: SetValue
UtcTime: 2026-04-25 07:31:19.056
ProcessGuid: {9172be70-6da8-69ec-0b00-000000001f00}
ProcessId: 696
Image: C:\Windows\system32\services.exe
TargetObject: HKLM\System\CurrentControlSet\Services\UdkUserSvc_67abc\ErrorControl
Details: DWORD (0x00000001)
User: NT AUTHORITY\SYSTEM"
Information,4/25/2026 5:31:54 PM,Microsoft-Windows-Sysmon,13,Registry value set (rule: RegistryEvent),"Registry value set:
RuleName: -
EventType: SetValue
UtcTime: 2026-04-25 07:31:19.056
ProcessGuid: {9172be70-6da8-69ec-0b00-000000001f00}
ProcessId: 696
Image: C:\Windows\system32\services.exe
TargetObject: HKLM\System\CurrentControlSet\Services\UdkUserSvc_67abc\Start
Details: DWORD (0x00000003)
User: NT AUTHORITY\SYSTEM"
Information,4/25/2026 5:31:54 PM,Microsoft-Windows-Sysmon,13,Registry value set (rule: RegistryEvent),"Registry value set:
RuleName: -
EventType: SetValue
UtcTime: 2026-04-25 07:31:19.056
ProcessGuid: {9172be70-6da8-69ec-0b00-000000001f00}
ProcessId: 696
Image: C:\Windows\system32\services.exe
TargetObject: HKLM\System\CurrentControlSet\Services\UdkUserSvc_67abc\Type
Details: DWORD (0x000000e0)
User: NT AUTHORITY\SYSTEM"
Information,4/25/2026 5:31:54 PM,Microsoft-Windows-Sysmon,13,Registry value set (rule: RegistryEvent),"Registry value set:
RuleName: -
EventType: SetValue
UtcTime: 2026-04-25 07:31:19.056
ProcessGuid: {9172be70-6da8-69ec-0b00-000000001f00}
ProcessId: 696
Image: C:\Windows\system32\services.exe
TargetObject: HKLM\System\CurrentControlSet\Services\PrintWorkflowUserSvc_67abc\Description
Details: @%%SystemRoot%%\system32\PrintWorkflowService.dll,-101
User: NT AUTHORITY\SYSTEM"
Information,4/25/2026 5:31:54 PM,Microsoft-Windows-Sysmon,13,Registry value set (rule: RegistryEvent),"Registry value set:
RuleName: -
EventType: SetValue
UtcTime: 2026-04-25 07:31:19.056
ProcessGuid: {9172be70-6da8-69ec-0b00-000000001f00}
ProcessId: 696
Image: C:\Windows\system32\services.exe
TargetObject: HKLM\System\CurrentControlSet\Services\PrintWorkflowUserSvc_67abc\FailureActions
Details: Binary Data
User: NT AUTHORITY\SYSTEM"
Information,4/25/2026 5:31:54 PM,Microsoft-Windows-Sysmon,13,Registry value set (rule: RegistryEvent),"Registry value set:
RuleName: -
EventType: SetValue
UtcTime: 2026-04-25 07:31:19.056
ProcessGuid: {9172be70-6da8-69ec-0b00-000000001f00}
ProcessId: 696
Image: C:\Windows\system32\services.exe
TargetObject: HKLM\System\CurrentControlSet\Services\PrintWorkflowUserSvc_67abc\TriggerInfo\0\DataType0
Details: DWORD (0x00000001)
User: NT AUTHORITY\SYSTEM"
Information,4/25/2026 5:31:54 PM,Microsoft-Windows-Sysmon,13,Registry value set (rule: RegistryEvent),"Registry value set:
RuleName: -
EventType: SetValue
UtcTime: 2026-04-25 07:31:19.056
ProcessGuid: {9172be70-6da8-69ec-0b00-000000001f00}
ProcessId: 696
Image: C:\Windows\system32\services.exe
TargetObject: HKLM\System\CurrentControlSet\Services\PrintWorkflowUserSvc_67abc\TriggerInfo\0\Data0
Details: Binary Data
User: NT AUTHORITY\SYSTEM"
Information,4/25/2026 5:31:54 PM,Microsoft-Windows-Sysmon,13,Registry value set (rule: RegistryEvent),"Registry value set:
RuleName: -
EventType: SetValue
UtcTime: 2026-04-25 07:31:19.056
ProcessGuid: {9172be70-6da8-69ec-0b00-000000001f00}
ProcessId: 696
Image: C:\Windows\system32\services.exe
TargetObject: HKLM\System\CurrentControlSet\Services\PrintWorkflowUserSvc_67abc\TriggerInfo\0\Guid
Details: Binary Data
User: NT AUTHORITY\SYSTEM"
Information,4/25/2026 5:31:54 PM,Microsoft-Windows-Sysmon,13,Registry value set (rule: RegistryEvent),"Registry value set:
RuleName: -
EventType: SetValue
UtcTime: 2026-04-25 07:31:19.056
ProcessGuid: {9172be70-6da8-69ec-0b00-000000001f00}
ProcessId: 696
Image: C:\Windows\system32\services.exe
TargetObject: HKLM\System\CurrentControlSet\Services\PrintWorkflowUserSvc_67abc\TriggerInfo\0\Action
Details: DWORD (0x00000001)
User: NT AUTHORITY\SYSTEM"
Information,4/25/2026 5:31:54 PM,Microsoft-Windows-Sysmon,13,Registry value set (rule: RegistryEvent),"Registry value set:
RuleName: -
EventType: SetValue
UtcTime: 2026-04-25 07:31:19.056
ProcessGuid: {9172be70-6da8-69ec-0b00-000000001f00}
ProcessId: 696
Image: C:\Windows\system32\services.exe
TargetObject: HKLM\System\CurrentControlSet\Services\PrintWorkflowUserSvc_67abc\TriggerInfo\0\Type
Details: DWORD (0x00000007)
User: NT AUTHORITY\SYSTEM"
Information,4/25/2026 5:31:54 PM,Microsoft-Windows-Sysmon,13,Registry value set (rule: RegistryEvent),"Registry value set:
RuleName: -
EventType: SetValue
UtcTime: 2026-04-25 07:31:19.056
ProcessGuid: {9172be70-6da8-69ec-0b00-000000001f00}
ProcessId: 696
Image: C:\Windows\system32\services.exe
TargetObject: HKLM\System\CurrentControlSet\Services\PrintWorkflowUserSvc_67abc\Security\Security
Details: Binary Data
User: NT AUTHORITY\SYSTEM"
Information,4/25/2026 5:31:54 PM,Microsoft-Windows-Sysmon,13,Registry value set (rule: RegistryEvent),"Registry value set:
RuleName: -
EventType: SetValue
UtcTime: 2026-04-25 07:31:19.056
ProcessGuid: {9172be70-6da8-69ec-0b00-000000001f00}
ProcessId: 696
Image: C:\Windows\system32\services.exe
TargetObject: HKLM\System\CurrentControlSet\Services\PrintWorkflowUserSvc_67abc\DisplayName
Details: PrintWorkflow_67abc
User: NT AUTHORITY\SYSTEM"
Information,4/25/2026 5:31:54 PM,Microsoft-Windows-Sysmon,13,Registry value set (rule: RegistryEvent),"Registry value set:
RuleName: -
EventType: SetValue
UtcTime: 2026-04-25 07:31:19.056
ProcessGuid: {9172be70-6da8-69ec-0b00-000000001f00}
ProcessId: 696
Image: C:\Windows\system32\services.exe
TargetObject: HKLM\System\CurrentControlSet\Services\PrintWorkflowUserSvc_67abc\ImagePath
Details: C:\Windows\system32\svchost.exe -k PrintWorkflow
User: NT AUTHORITY\SYSTEM"
Information,4/25/2026 5:31:54 PM,Microsoft-Windows-Sysmon,13,Registry value set (rule: RegistryEvent),"Registry value set:
RuleName: -
EventType: SetValue
UtcTime: 2026-04-25 07:31:19.056
ProcessGuid: {9172be70-6da8-69ec-0b00-000000001f00}
ProcessId: 696
Image: C:\Windows\system32\services.exe
TargetObject: HKLM\System\CurrentControlSet\Services\PrintWorkflowUserSvc_67abc\ErrorControl
Details: DWORD (0x00000001)
User: NT AUTHORITY\SYSTEM"
Information,4/25/2026 5:31:54 PM,Microsoft-Windows-Sysmon,13,Registry value set (rule: RegistryEvent),"Registry value set:
RuleName: -
EventType: SetValue
UtcTime: 2026-04-25 07:31:19.056
ProcessGuid: {9172be70-6da8-69ec-0b00-000000001f00}
ProcessId: 696
Image: C:\Windows\system32\services.exe
TargetObject: HKLM\System\CurrentControlSet\Services\PrintWorkflowUserSvc_67abc\Start
Details: DWORD (0x00000003)
User: NT AUTHORITY\SYSTEM"
Information,4/25/2026 5:31:54 PM,Microsoft-Windows-Sysmon,13,Registry value set (rule: RegistryEvent),"Registry value set:
RuleName: -
EventType: SetValue
UtcTime: 2026-04-25 07:31:19.056
ProcessGuid: {9172be70-6da8-69ec-0b00-000000001f00}
ProcessId: 696
Image: C:\Windows\system32\services.exe
TargetObject: HKLM\System\CurrentControlSet\Services\PrintWorkflowUserSvc_67abc\Type
Details: DWORD (0x000000e0)
User: NT AUTHORITY\SYSTEM"
Information,4/25/2026 5:31:54 PM,Microsoft-Windows-Sysmon,13,Registry value set (rule: RegistryEvent),"Registry value set:
RuleName: -
EventType: SetValue
UtcTime: 2026-04-25 07:31:19.056
ProcessGuid: {9172be70-6da8-69ec-0b00-000000001f00}
ProcessId: 696
Image: C:\Windows\system32\services.exe
TargetObject: HKLM\System\CurrentControlSet\Services\PimIndexMaintenanceSvc_67abc\Description
Details: @%%SystemRoot%%\system32\UserDataAccessRes.dll,-15000
User: NT AUTHORITY\SYSTEM"
Information,4/25/2026 5:31:54 PM,Microsoft-Windows-Sysmon,13,Registry value set (rule: RegistryEvent),"Registry value set:
RuleName: -
EventType: SetValue
UtcTime: 2026-04-25 07:31:19.056
ProcessGuid: {9172be70-6da8-69ec-0b00-000000001f00}
ProcessId: 696
Image: C:\Windows\system32\services.exe
TargetObject: HKLM\System\CurrentControlSet\Services\PimIndexMaintenanceSvc_67abc\FailureActions
Details: Binary Data
User: NT AUTHORITY\SYSTEM"
Information,4/25/2026 5:31:54 PM,Microsoft-Windows-Sysmon,13,Registry value set (rule: RegistryEvent),"Registry value set:
RuleName: -
EventType: SetValue
UtcTime: 2026-04-25 07:31:19.056
ProcessGuid: {9172be70-6da8-69ec-0b00-000000001f00}
ProcessId: 696
Image: C:\Windows\system32\services.exe
TargetObject: HKLM\System\CurrentControlSet\Services\PimIndexMaintenanceSvc_67abc\Security\Security
Details: Binary Data
User: NT AUTHORITY\SYSTEM"
Information,4/25/2026 5:31:54 PM,Microsoft-Windows-Sysmon,13,Registry value set (rule: RegistryEvent),"Registry value set:
RuleName: -
EventType: SetValue
UtcTime: 2026-04-25 07:31:19.056
ProcessGuid: {9172be70-6da8-69ec-0b00-000000001f00}
ProcessId: 696
Image: C:\Windows\system32\services.exe
TargetObject: HKLM\System\CurrentControlSet\Services\PimIndexMaintenanceSvc_67abc\DisplayName
Details: Contact Data_67abc
User: NT AUTHORITY\SYSTEM"
Information,4/25/2026 5:31:54 PM,Microsoft-Windows-Sysmon,13,Registry value set (rule: RegistryEvent),"Registry value set:
RuleName: -
EventType: SetValue
UtcTime: 2026-04-25 07:31:19.056
ProcessGuid: {9172be70-6da8-69ec-0b00-000000001f00}
ProcessId: 696
Image: C:\Windows\system32\services.exe
TargetObject: HKLM\System\CurrentControlSet\Services\PimIndexMaintenanceSvc_67abc\ImagePath
Details: C:\Windows\system32\svchost.exe -k UnistackSvcGroup
User: NT AUTHORITY\SYSTEM"
Information,4/25/2026 5:31:54 PM,Microsoft-Windows-Sysmon,13,Registry value set (rule: RegistryEvent),"Registry value set:
RuleName: -
EventType: SetValue
UtcTime: 2026-04-25 07:31:19.056
ProcessGuid: {9172be70-6da8-69ec-0b00-000000001f00}
ProcessId: 696
Image: C:\Windows\system32\services.exe
TargetObject: HKLM\System\CurrentControlSet\Services\PimIndexMaintenanceSvc_67abc\ErrorControl
Details: DWORD (0x00000000)
User: NT AUTHORITY\SYSTEM"
Information,4/25/2026 5:31:54 PM,Microsoft-Windows-Sysmon,13,Registry value set (rule: RegistryEvent),"Registry value set:
RuleName: -
EventType: SetValue
UtcTime: 2026-04-25 07:31:19.056
ProcessGuid: {9172be70-6da8-69ec-0b00-000000001f00}
ProcessId: 696
Image: C:\Windows\system32\services.exe
TargetObject: HKLM\System\CurrentControlSet\Services\PimIndexMaintenanceSvc_67abc\Start
Details: DWORD (0x00000003)
User: NT AUTHORITY\SYSTEM"
Information,4/25/2026 5:31:54 PM,Microsoft-Windows-Sysmon,13,Registry value set (rule: RegistryEvent),"Registry value set:
RuleName: -
EventType: SetValue
UtcTime: 2026-04-25 07:31:19.056
ProcessGuid: {9172be70-6da8-69ec-0b00-000000001f00}
ProcessId: 696
Image: C:\Windows\system32\services.exe
TargetObject: HKLM\System\CurrentControlSet\Services\PimIndexMaintenanceSvc_67abc\Type
Details: DWORD (0x000000e0)
User: NT AUTHORITY\SYSTEM"
Information,4/25/2026 5:31:54 PM,Microsoft-Windows-Sysmon,13,Registry value set (rule: RegistryEvent),"Registry value set:
RuleName: -
EventType: SetValue
UtcTime: 2026-04-25 07:31:19.056
ProcessGuid: {9172be70-6da8-69ec-0b00-000000001f00}
ProcessId: 696
Image: C:\Windows\system32\services.exe
TargetObject: HKLM\System\CurrentControlSet\Services\OneSyncSvc_67abc\Description
Details: @%%SystemRoot%%\system32\APHostRes.dll,-10001
User: NT AUTHORITY\SYSTEM"
Information,4/25/2026 5:31:54 PM,Microsoft-Windows-Sysmon,13,Registry value set (rule: RegistryEvent),"Registry value set:
RuleName: -
EventType: SetValue
UtcTime: 2026-04-25 07:31:19.056
ProcessGuid: {9172be70-6da8-69ec-0b00-000000001f00}
ProcessId: 696
Image: C:\Windows\system32\services.exe
TargetObject: HKLM\System\CurrentControlSet\Services\OneSyncSvc_67abc\FailureActions
Details: Binary Data
User: NT AUTHORITY\SYSTEM"
Information,4/25/2026 5:31:54 PM,Microsoft-Windows-Sysmon,13,Registry value set (rule: RegistryEvent),"Registry value set:
RuleName: -
EventType: SetValue
UtcTime: 2026-04-25 07:31:19.056
ProcessGuid: {9172be70-6da8-69ec-0b00-000000001f00}
ProcessId: 696
Image: C:\Windows\system32\services.exe
TargetObject: HKLM\System\CurrentControlSet\Services\OneSyncSvc_67abc\Security\Security
Details: Binary Data
User: NT AUTHORITY\SYSTEM"
Information,4/25/2026 5:31:54 PM,Microsoft-Windows-Sysmon,13,Registry value set (rule: RegistryEvent),"Registry value set:
RuleName: -
EventType: SetValue
UtcTime: 2026-04-25 07:31:19.056
ProcessGuid: {9172be70-6da8-69ec-0b00-000000001f00}
ProcessId: 696
Image: C:\Windows\system32\services.exe
TargetObject: HKLM\System\CurrentControlSet\Services\OneSyncSvc_67abc\DisplayName
Details: Sync Host_67abc
User: NT AUTHORITY\SYSTEM"
Information,4/25/2026 5:31:54 PM,Microsoft-Windows-Sysmon,13,Registry value set (rule: RegistryEvent),"Registry value set:
RuleName: -
EventType: SetValue
UtcTime: 2026-04-25 07:31:19.056
ProcessGuid: {9172be70-6da8-69ec-0b00-000000001f00}
ProcessId: 696
Image: C:\Windows\system32\services.exe
TargetObject: HKLM\System\CurrentControlSet\Services\OneSyncSvc_67abc\ImagePath
Details: C:\Windows\system32\svchost.exe -k UnistackSvcGroup
User: NT AUTHORITY\SYSTEM"
Information,4/25/2026 5:31:54 PM,Microsoft-Windows-Sysmon,13,Registry value set (rule: RegistryEvent),"Registry value set:
RuleName: -
EventType: SetValue
UtcTime: 2026-04-25 07:31:19.056
ProcessGuid: {9172be70-6da8-69ec-0b00-000000001f00}
ProcessId: 696
Image: C:\Windows\system32\services.exe
TargetObject: HKLM\System\CurrentControlSet\Services\OneSyncSvc_67abc\ErrorControl
Details: DWORD (0x00000000)
User: NT AUTHORITY\SYSTEM"
Information,4/25/2026 5:31:54 PM,Microsoft-Windows-Sysmon,13,Registry value set (rule: RegistryEvent),"Registry value set:
RuleName: -
EventType: SetValue
UtcTime: 2026-04-25 07:31:19.056
ProcessGuid: {9172be70-6da8-69ec-0b00-000000001f00}
ProcessId: 696
Image: C:\Windows\system32\services.exe
TargetObject: HKLM\System\CurrentControlSet\Services\OneSyncSvc_67abc\Start
Details: DWORD (0x00000002)
User: NT AUTHORITY\SYSTEM"
Information,4/25/2026 5:31:54 PM,Microsoft-Windows-Sysmon,13,Registry value set (rule: RegistryEvent),"Registry value set:
RuleName: -
EventType: SetValue
UtcTime: 2026-04-25 07:31:19.056
ProcessGuid: {9172be70-6da8-69ec-0b00-000000001f00}
ProcessId: 696
Image: C:\Windows\system32\services.exe
TargetObject: HKLM\System\CurrentControlSet\Services\OneSyncSvc_67abc\Type
Details: DWORD (0x000000e0)
User: NT AUTHORITY\SYSTEM"
Information,4/25/2026 5:31:54 PM,Microsoft-Windows-Sysmon,13,Registry value set (rule: RegistryEvent),"Registry value set:
RuleName: -
EventType: SetValue
UtcTime: 2026-04-25 07:31:19.046
ProcessGuid: {9172be70-6da8-69ec-0b00-000000001f00}
ProcessId: 696
Image: C:\Windows\system32\services.exe
TargetObject: HKLM\System\CurrentControlSet\Services\MessagingService_67abc\Description
Details: @%%SystemRoot%%\system32\MessagingService.dll,-101
User: NT AUTHORITY\SYSTEM"
Information,4/25/2026 5:31:54 PM,Microsoft-Windows-Sysmon,13,Registry value set (rule: RegistryEvent),"Registry value set:
RuleName: -
EventType: SetValue
UtcTime: 2026-04-25 07:31:19.046
ProcessGuid: {9172be70-6da8-69ec-0b00-000000001f00}
ProcessId: 696
Image: C:\Windows\system32\services.exe
TargetObject: HKLM\System\CurrentControlSet\Services\MessagingService_67abc\FailureActions
Details: Binary Data
User: NT AUTHORITY\SYSTEM"
Information,4/25/2026 5:31:54 PM,Microsoft-Windows-Sysmon,13,Registry value set (rule: RegistryEvent),"Registry value set:
RuleName: -
EventType: SetValue
UtcTime: 2026-04-25 07:31:19.046
ProcessGuid: {9172be70-6da8-69ec-0b00-000000001f00}
ProcessId: 696
Image: C:\Windows\system32\services.exe
TargetObject: HKLM\System\CurrentControlSet\Services\MessagingService_67abc\TriggerInfo\0\DataType0
Details: DWORD (0x00000001)
User: NT AUTHORITY\SYSTEM"
Information,4/25/2026 5:31:54 PM,Microsoft-Windows-Sysmon,13,Registry value set (rule: RegistryEvent),"Registry value set:
RuleName: -
EventType: SetValue
UtcTime: 2026-04-25 07:31:19.046
ProcessGuid: {9172be70-6da8-69ec-0b00-000000001f00}
ProcessId: 696
Image: C:\Windows\system32\services.exe
TargetObject: HKLM\System\CurrentControlSet\Services\MessagingService_67abc\TriggerInfo\0\Data0
Details: Binary Data
User: NT AUTHORITY\SYSTEM"
Information,4/25/2026 5:31:54 PM,Microsoft-Windows-Sysmon,13,Registry value set (rule: RegistryEvent),"Registry value set:
RuleName: -
EventType: SetValue
UtcTime: 2026-04-25 07:31:19.046
ProcessGuid: {9172be70-6da8-69ec-0b00-000000001f00}
ProcessId: 696
Image: C:\Windows\system32\services.exe
TargetObject: HKLM\System\CurrentControlSet\Services\MessagingService_67abc\TriggerInfo\0\Guid
Details: Binary Data
User: NT AUTHORITY\SYSTEM"
Information,4/25/2026 5:31:54 PM,Microsoft-Windows-Sysmon,13,Registry value set (rule: RegistryEvent),"Registry value set:
RuleName: -
EventType: SetValue
UtcTime: 2026-04-25 07:31:19.046
ProcessGuid: {9172be70-6da8-69ec-0b00-000000001f00}
ProcessId: 696
Image: C:\Windows\system32\services.exe
TargetObject: HKLM\System\CurrentControlSet\Services\MessagingService_67abc\TriggerInfo\0\Action
Details: DWORD (0x00000001)
User: NT AUTHORITY\SYSTEM"
Information,4/25/2026 5:31:54 PM,Microsoft-Windows-Sysmon,13,Registry value set (rule: RegistryEvent),"Registry value set:
RuleName: -
EventType: SetValue
UtcTime: 2026-04-25 07:31:19.046
ProcessGuid: {9172be70-6da8-69ec-0b00-000000001f00}
ProcessId: 696
Image: C:\Windows\system32\services.exe
TargetObject: HKLM\System\CurrentControlSet\Services\MessagingService_67abc\TriggerInfo\0\Type
Details: DWORD (0x00000007)
User: NT AUTHORITY\SYSTEM"
Information,4/25/2026 5:31:54 PM,Microsoft-Windows-Sysmon,13,Registry value set (rule: RegistryEvent),"Registry value set:
RuleName: -
EventType: SetValue
UtcTime: 2026-04-25 07:31:19.046
ProcessGuid: {9172be70-6da8-69ec-0b00-000000001f00}
ProcessId: 696
Image: C:\Windows\system32\services.exe
TargetObject: HKLM\System\CurrentControlSet\Services\MessagingService_67abc\Security\Security
Details: Binary Data
User: NT AUTHORITY\SYSTEM"
Information,4/25/2026 5:31:54 PM,Microsoft-Windows-Sysmon,13,Registry value set (rule: RegistryEvent),"Registry value set:
RuleName: -
EventType: SetValue
UtcTime: 2026-04-25 07:31:19.046
ProcessGuid: {9172be70-6da8-69ec-0b00-000000001f00}
ProcessId: 696
Image: C:\Windows\system32\services.exe
TargetObject: HKLM\System\CurrentControlSet\Services\MessagingService_67abc\DisplayName
Details: MessagingService_67abc
User: NT AUTHORITY\SYSTEM"
Information,4/25/2026 5:31:54 PM,Microsoft-Windows-Sysmon,13,Registry value set (rule: RegistryEvent),"Registry value set:
RuleName: -
EventType: SetValue
UtcTime: 2026-04-25 07:31:19.046
ProcessGuid: {9172be70-6da8-69ec-0b00-000000001f00}
ProcessId: 696
Image: C:\Windows\system32\services.exe
TargetObject: HKLM\System\CurrentControlSet\Services\MessagingService_67abc\ImagePath
Details: C:\Windows\system32\svchost.exe -k UnistackSvcGroup
User: NT AUTHORITY\SYSTEM"
Information,4/25/2026 5:31:54 PM,Microsoft-Windows-Sysmon,13,Registry value set (rule: RegistryEvent),"Registry value set:
RuleName: -
EventType: SetValue
UtcTime: 2026-04-25 07:31:19.046
ProcessGuid: {9172be70-6da8-69ec-0b00-000000001f00}
ProcessId: 696
Image: C:\Windows\system32\services.exe
TargetObject: HKLM\System\CurrentControlSet\Services\MessagingService_67abc\ErrorControl
Details: DWORD (0x00000000)
User: NT AUTHORITY\SYSTEM"
Information,4/25/2026 5:31:54 PM,Microsoft-Windows-Sysmon,13,Registry value set (rule: RegistryEvent),"Registry value set:
RuleName: -
EventType: SetValue
UtcTime: 2026-04-25 07:31:19.046
ProcessGuid: {9172be70-6da8-69ec-0b00-000000001f00}
ProcessId: 696
Image: C:\Windows\system32\services.exe
TargetObject: HKLM\System\CurrentControlSet\Services\MessagingService_67abc\Start
Details: DWORD (0x00000003)
User: NT AUTHORITY\SYSTEM"
Information,4/25/2026 5:31:54 PM,Microsoft-Windows-Sysmon,13,Registry value set (rule: RegistryEvent),"Registry value set:
RuleName: -
EventType: SetValue
UtcTime: 2026-04-25 07:31:19.046
ProcessGuid: {9172be70-6da8-69ec-0b00-000000001f00}
ProcessId: 696
Image: C:\Windows\system32\services.exe
TargetObject: HKLM\System\CurrentControlSet\Services\MessagingService_67abc\Type
Details: DWORD (0x000000e0)
User: NT AUTHORITY\SYSTEM"
Information,4/25/2026 5:31:54 PM,Microsoft-Windows-Sysmon,13,Registry value set (rule: RegistryEvent),"Registry value set:
RuleName: -
EventType: SetValue
UtcTime: 2026-04-25 07:31:19.046
ProcessGuid: {9172be70-6da8-69ec-0b00-000000001f00}
ProcessId: 696
Image: C:\Windows\system32\services.exe
TargetObject: HKLM\System\CurrentControlSet\Services\DevicesFlowUserSvc_67abc\Description
Details: @%%SystemRoot%%\system32\DevicesFlowBroker.dll,-104
User: NT AUTHORITY\SYSTEM"
Information,4/25/2026 5:31:54 PM,Microsoft-Windows-Sysmon,13,Registry value set (rule: RegistryEvent),"Registry value set:
RuleName: -
EventType: SetValue
UtcTime: 2026-04-25 07:31:19.046
ProcessGuid: {9172be70-6da8-69ec-0b00-000000001f00}
ProcessId: 696
Image: C:\Windows\system32\services.exe
TargetObject: HKLM\System\CurrentControlSet\Services\DevicesFlowUserSvc_67abc\FailureActions
Details: Binary Data
User: NT AUTHORITY\SYSTEM"
Information,4/25/2026 5:31:54 PM,Microsoft-Windows-Sysmon,13,Registry value set (rule: RegistryEvent),"Registry value set:
RuleName: -
EventType: SetValue
UtcTime: 2026-04-25 07:31:19.046
ProcessGuid: {9172be70-6da8-69ec-0b00-000000001f00}
ProcessId: 696
Image: C:\Windows\system32\services.exe
TargetObject: HKLM\System\CurrentControlSet\Services\DevicesFlowUserSvc_67abc\Security\Security
Details: Binary Data
User: NT AUTHORITY\SYSTEM"
