Information,4/25/2026 5:45:10 PM,Microsoft-Windows-Sysmon,7,Image loaded (rule: ImageLoad),"Image loaded:
RuleName: technique_id=T1574.002,technique_name=DLL Side-Loading
UtcTime: 2026-04-25 07:45:10.816
ProcessGuid: {9172be70-7102-69ec-f503-000000001f00}
ProcessId: 2560
Image: C:\Users\jolly\AppData\Local\Microsoft\OneDrive\26.051.0316.0004\OneDrive.Sync.Service.exe
ImageLoaded: C:\Users\jolly\AppData\Local\Microsoft\OneDrive\26.051.0316.0004\FileSync.LocalizedResources.dll
FileVersion: 26.051.0316.0004
Description: Microsoft OneDrive
Product: Microsoft OneDrive
Company: Microsoft Corporation
OriginalFileName: FileSync.LocalizedResources.dll.mui
Hashes: SHA1=34C2579240BE37458868BAAB651404F8EC4048F4,MD5=BC38033C8A690D40CDCAF3E159F3E68D,SHA256=E9BAC0D3E0FE7B07D6E5920AE11662DAA83E3AA550428B3435EB43CDFB0CBDDF,IMPHASH=00000000000000000000000000000000
Signed: true
Signature: Microsoft Corporation
SignatureStatus: Valid
User: WIN10DEMO\jolly"
Information,4/25/2026 5:45:10 PM,Microsoft-Windows-Sysmon,7,Image loaded (rule: ImageLoad),"Image loaded:
RuleName: technique_id=T1574.002,technique_name=DLL Side-Loading
UtcTime: 2026-04-25 07:45:10.807
ProcessGuid: {9172be70-7102-69ec-f503-000000001f00}
ProcessId: 2560
Image: C:\Users\jolly\AppData\Local\Microsoft\OneDrive\26.051.0316.0004\OneDrive.Sync.Service.exe
ImageLoaded: C:\Users\jolly\AppData\Local\Microsoft\OneDrive\26.051.0316.0004\FileSync.Resources.dll
FileVersion: 26.051.0316.0004
Description: Microsoft OneDrive
Product: Microsoft OneDrive
Company: Microsoft Corporation
OriginalFileName: FileSync.Resources.dll
Hashes: SHA1=339E20D8297E76F188954932C098B85825362E44,MD5=32F7964F6903C734D36883D5E2336497,SHA256=F5FE4A4CB140E96F6164A38A74C162AC10555443CD16C40E1C0FFFCD15C68DA9,IMPHASH=00000000000000000000000000000000
Signed: true
Signature: Microsoft Corporation
SignatureStatus: Valid
User: WIN10DEMO\jolly"
Information,4/25/2026 5:45:10 PM,Microsoft-Windows-Sysmon,7,Image loaded (rule: ImageLoad),"Image loaded:
RuleName: technique_id=T1574.002,technique_name=DLL Side-Loading
UtcTime: 2026-04-25 07:45:10.806
ProcessGuid: {9172be70-7102-69ec-f503-000000001f00}
ProcessId: 2560
Image: C:\Users\jolly\AppData\Local\Microsoft\OneDrive\26.051.0316.0004\OneDrive.Sync.Service.exe
ImageLoaded: C:\Users\jolly\AppData\Local\Microsoft\OneDrive\26.051.0316.0004\FileSync.Resources.dll
FileVersion: 26.051.0316.0004
Description: Microsoft OneDrive
Product: Microsoft OneDrive
Company: Microsoft Corporation
OriginalFileName: FileSync.Resources.dll
Hashes: SHA1=339E20D8297E76F188954932C098B85825362E44,MD5=32F7964F6903C734D36883D5E2336497,SHA256=F5FE4A4CB140E96F6164A38A74C162AC10555443CD16C40E1C0FFFCD15C68DA9,IMPHASH=00000000000000000000000000000000
Signed: true
Signature: Microsoft Corporation
SignatureStatus: Valid
User: WIN10DEMO\jolly"
Information,4/25/2026 5:45:10 PM,Microsoft-Windows-Sysmon,13,Registry value set (rule: RegistryEvent),"Registry value set:
RuleName: -
EventType: SetValue
UtcTime: 2026-04-25 07:45:10.818
ProcessGuid: {9172be70-7102-69ec-f503-000000001f00}
ProcessId: 2560
Image: C:\Users\jolly\AppData\Local\Microsoft\OneDrive\26.051.0316.0004\OneDrive.Sync.Service.exe
TargetObject: HKU\S-1-5-21-1156564983-231300539-2099510246-1000_Classes\msonedrivesyncserviceclient\shell\open\command\(Default)
Details: ""C:\Users\jolly\AppData\Local\Microsoft\OneDrive\26.051.0316.0004\OneDrive.Sync.Service.exe"" /protocol:""Incorrect function.""
User: WIN10DEMO\jolly"
Information,4/25/2026 5:45:10 PM,Microsoft-Windows-Sysmon,7,Image loaded (rule: ImageLoad),"Image loaded:
RuleName: technique_id=T1574.002,technique_name=DLL Side-Loading
UtcTime: 2026-04-25 07:45:10.767
ProcessGuid: {9172be70-7102-69ec-f503-000000001f00}
ProcessId: 2560
Image: C:\Users\jolly\AppData\Local\Microsoft\OneDrive\26.051.0316.0004\OneDrive.Sync.Service.exe
ImageLoaded: C:\Users\jolly\AppData\Local\Microsoft\OneDrive\26.051.0316.0004\FileSyncFALWB.dll
FileVersion: 26.051.0316.0004
Description: Microsoft OneDriveFile Sync FAL WB
Product: Microsoft OneDrive
Company: Microsoft Corporation
OriginalFileName: FileSyncFALWB.dll
Hashes: SHA1=FEA5C092B37ECCB0CA374C63F45300A54C66A0C0,MD5=72E5334616B039CB0D15130A75F55ED1,SHA256=0F77BF7CB9124BE0700AC7DFA0A8C1195CC14901284CB52E80C8901382006B90,IMPHASH=26DDBE3E68EB48E8B5FD843B13420615
Signed: true
Signature: Microsoft Corporation
SignatureStatus: Valid
User: WIN10DEMO\jolly"
Information,4/25/2026 5:45:10 PM,Microsoft-Windows-Sysmon,7,Image loaded (rule: ImageLoad),"Image loaded:
RuleName: technique_id=T1574.002,technique_name=DLL Side-Loading
UtcTime: 2026-04-25 07:45:10.760
ProcessGuid: {9172be70-7102-69ec-f503-000000001f00}
ProcessId: 2560
Image: C:\Users\jolly\AppData\Local\Microsoft\OneDrive\26.051.0316.0004\OneDrive.Sync.Service.exe
ImageLoaded: C:\Users\jolly\AppData\Local\Microsoft\OneDrive\26.051.0316.0004\FileSyncFSCache.dll
FileVersion: 26.051.0316.0004
Description: Microsoft OneDriveFile Sync FS Cache
Product: Microsoft OneDrive
Company: Microsoft Corporation
OriginalFileName: FileSyncFSCache.dll
Hashes: SHA1=8FDA80FCD5199A17B423ACB7C8810A489A15A0B2,MD5=2E562A5EA375590F8828F4D90802496C,SHA256=FE184BDF0229196523D9633E7095C2020D9C8C658D634B165BE6AFF0C0A23C39,IMPHASH=77601DD1149416E9EC8EED52BFCFFB47
Signed: true
Signature: Microsoft Corporation
SignatureStatus: Valid
User: WIN10DEMO\jolly"
Information,4/25/2026 5:45:10 PM,Microsoft-Windows-Sysmon,7,Image loaded (rule: ImageLoad),"Image loaded:
RuleName: technique_id=T1574.002,technique_name=DLL Side-Loading
UtcTime: 2026-04-25 07:45:10.755
ProcessGuid: {9172be70-7102-69ec-f503-000000001f00}
ProcessId: 2560
Image: C:\Users\jolly\AppData\Local\Microsoft\OneDrive\26.051.0316.0004\OneDrive.Sync.Service.exe
ImageLoaded: C:\Users\jolly\AppData\Local\Microsoft\OneDrive\26.051.0316.0004\FileSyncFSDbfsWB.dll
FileVersion: 26.051.0316.0004
Description: Microsoft OneDriveFile Sync FS DBFS WB
Product: Microsoft OneDrive
Company: Microsoft Corporation
OriginalFileName: FileSyncFSDbfsWB.dll
Hashes: SHA1=4AA9193502CF76A8145768D956422DDAB805301F,MD5=10C85786A485DBD58906C0668B57DA1A,SHA256=8CD528721D72EC8FDAD5D454FBCF1F637273564A5A0A77B65DCB4DF9A5B5917D,IMPHASH=B75A9E5718EBA82A6B0441812F04C173
Signed: true
Signature: Microsoft Corporation
SignatureStatus: Valid
User: WIN10DEMO\jolly"
Information,4/25/2026 5:45:10 PM,Microsoft-Windows-Sysmon,7,Image loaded (rule: ImageLoad),"Image loaded:
RuleName: technique_id=T1574.002,technique_name=DLL Side-Loading
UtcTime: 2026-04-25 07:45:10.751
ProcessGuid: {9172be70-7102-69ec-f503-000000001f00}
ProcessId: 2560
Image: C:\Users\jolly\AppData\Local\Microsoft\OneDrive\26.051.0316.0004\OneDrive.Sync.Service.exe
ImageLoaded: C:\Users\jolly\AppData\Local\Microsoft\OneDrive\26.051.0316.0004\FileSyncFSNtfsWB.dll
FileVersion: 26.051.0316.0004
Description: Microsoft OneDriveFile Sync FS NTFS WB
Product: Microsoft OneDrive
Company: Microsoft Corporation
OriginalFileName: FileSyncFSNtfsWB.dll
Hashes: SHA1=F07256DFBF648D8DACB111B0813CA83DE1CCD4F9,MD5=B7EE82011E0B5B64859A735F6FF49F5C,SHA256=5F3C1F7EA1155A38F1F05D5324F56710C20BD68C148A74B8522A17E46DF61472,IMPHASH=F6A343BD226DAFE2C945D511DC729B59
Signed: true
Signature: Microsoft Corporation
SignatureStatus: Valid
User: WIN10DEMO\jolly"
Information,4/25/2026 5:45:10 PM,Microsoft-Windows-Sysmon,7,Image loaded (rule: ImageLoad),"Image loaded:
RuleName: technique_id=T1574.002,technique_name=DLL Side-Loading
UtcTime: 2026-04-25 07:45:10.739
ProcessGuid: {9172be70-7102-69ec-f503-000000001f00}
ProcessId: 2560
Image: C:\Users\jolly\AppData\Local\Microsoft\OneDrive\26.051.0316.0004\OneDrive.Sync.Service.exe
ImageLoaded: C:\Users\jolly\AppData\Local\Microsoft\OneDrive\26.051.0316.0004\FileSyncFSNtfs.dll
FileVersion: 26.051.0316.0004
Description: Microsoft OneDriveFile Sync FS NTFS
Product: Microsoft OneDrive
Company: Microsoft Corporation
OriginalFileName: FileSyncFSNtfs.dll
Hashes: SHA1=1E9F3A72F046C43C311BB34AABA3C7CBF6C34149,MD5=7393BC69BDC7B9E87E70969EC5713F89,SHA256=B830F5CBAE5C3CD441604C87F34F37B4DC8169D6DFA32898023F053C5021902E,IMPHASH=EF11FAEB9AF9C0C7B77AB2B678798B3E
Signed: true
Signature: Microsoft Corporation
SignatureStatus: Valid
User: WIN10DEMO\jolly"
Information,4/25/2026 5:45:10 PM,Microsoft-Windows-Sysmon,7,Image loaded (rule: ImageLoad),"Image loaded:
RuleName: technique_id=T1574.002,technique_name=DLL Side-Loading
UtcTime: 2026-04-25 07:45:10.215
ProcessGuid: {9172be70-7102-69ec-f503-000000001f00}
ProcessId: 2560
Image: C:\Users\jolly\AppData\Local\Microsoft\OneDrive\26.051.0316.0004\OneDrive.Sync.Service.exe
ImageLoaded: C:\Users\jolly\AppData\Local\Microsoft\OneDrive\26.051.0316.0004\libcrypto-3-x64.dll
FileVersion: 3.4.4
Description: OpenSSL library
Product: The OpenSSL Toolkit
Company: The OpenSSL Project, https://www.openssl.org/
OriginalFileName: libcrypto
Hashes: SHA1=6CBEDA3FF6A6B1623B54EC271F838D105A68AE7D,MD5=3E666D78EF8E704567A8D8970276544C,SHA256=21F8D93E76094CF1FC82B16B2F39DEB8313D9C70CAE6E366C8A959DEF55D907D,IMPHASH=3D5F43443BE7B86CD2FFB54A54E7791F
Signed: true
Signature: Microsoft Corporation
SignatureStatus: Valid
User: WIN10DEMO\jolly"
Information,4/25/2026 5:45:10 PM,Microsoft-Windows-Sysmon,7,Image loaded (rule: ImageLoad),"Image loaded:
RuleName: technique_id=T1574.002,technique_name=DLL Side-Loading
UtcTime: 2026-04-25 07:45:10.202
ProcessGuid: {9172be70-7102-69ec-f503-000000001f00}
ProcessId: 2560
Image: C:\Users\jolly\AppData\Local\Microsoft\OneDrive\26.051.0316.0004\OneDrive.Sync.Service.exe
ImageLoaded: C:\Users\jolly\AppData\Local\Microsoft\OneDrive\26.051.0316.0004\libcrypto-3-x64.dll
FileVersion: 3.4.4
Description: OpenSSL library
Product: The OpenSSL Toolkit
Company: The OpenSSL Project, https://www.openssl.org/
OriginalFileName: libcrypto
Hashes: SHA1=6CBEDA3FF6A6B1623B54EC271F838D105A68AE7D,MD5=3E666D78EF8E704567A8D8970276544C,SHA256=21F8D93E76094CF1FC82B16B2F39DEB8313D9C70CAE6E366C8A959DEF55D907D,IMPHASH=3D5F43443BE7B86CD2FFB54A54E7791F
Signed: true
Signature: Microsoft Corporation
SignatureStatus: Valid
User: WIN10DEMO\jolly"
Information,4/25/2026 5:45:10 PM,Microsoft-Windows-Sysmon,7,Image loaded (rule: ImageLoad),"Image loaded:
RuleName: technique_id=T1574.002,technique_name=DLL Side-Loading
UtcTime: 2026-04-25 07:45:10.162
ProcessGuid: {9172be70-7102-69ec-f503-000000001f00}
ProcessId: 2560
Image: C:\Users\jolly\AppData\Local\Microsoft\OneDrive\26.051.0316.0004\OneDrive.Sync.Service.exe
ImageLoaded: C:\Users\jolly\AppData\Local\Microsoft\OneDrive\26.051.0316.0004\libssl-3-x64.dll
FileVersion: 3.4.4
Description: OpenSSL library
Product: The OpenSSL Toolkit
Company: The OpenSSL Project, https://www.openssl.org/
OriginalFileName: libssl
Hashes: SHA1=68434B9A2E66D5977B06A1BF8B6EAA06A8EEB73D,MD5=F0DDB3811C10379E87407CF44EB43D4D,SHA256=2217D7CC9FA8958F00980DDBA71CC53E873E8A9BA37911F49DD4FE1886FB1BA3,IMPHASH=A2EF3C6311D51154B288E323695013A3
Signed: true
Signature: Microsoft Corporation
SignatureStatus: Valid
User: WIN10DEMO\jolly"
Information,4/25/2026 5:45:10 PM,Microsoft-Windows-Sysmon,7,Image loaded (rule: ImageLoad),"Image loaded:
RuleName: technique_id=T1574.002,technique_name=DLL Side-Loading
UtcTime: 2026-04-25 07:45:10.148
ProcessGuid: {9172be70-7102-69ec-f503-000000001f00}
ProcessId: 2560
Image: C:\Users\jolly\AppData\Local\Microsoft\OneDrive\26.051.0316.0004\OneDrive.Sync.Service.exe
ImageLoaded: C:\Users\jolly\AppData\Local\Microsoft\OneDrive\26.051.0316.0004\OneDrive.Sync.Service.WebSocketClient.dll
FileVersion: 26.051.0316.0004
Description: Microsoft OneDrive Sync Service Web Socket Client
Product: Microsoft OneDrive Sync Service Web Socket Client
Company: Microsoft Corporation
OriginalFileName: OneDrive.Sync.Service.WebSocketClient.dll
Hashes: SHA1=124BD2946E96171902478BA5B3D621E86B680DE5,MD5=74BC8C85037C536520087630B0D4C98D,SHA256=B414BDA72AF747A0F6E83031FD0699A513386A4B3EFCCD5B607F06C2801F0672,IMPHASH=CDBBCE8F806A1C9E9BFD0A5EAEAD57FE
Signed: true
Signature: Microsoft Corporation
SignatureStatus: Valid
User: WIN10DEMO\jolly"
Information,4/25/2026 5:45:09 PM,Microsoft-Windows-Sysmon,7,Image loaded (rule: ImageLoad),"Image loaded:
RuleName: technique_id=T1574.002,technique_name=DLL Side-Loading
UtcTime: 2026-04-25 07:45:09.744
ProcessGuid: {9172be70-7102-69ec-f503-000000001f00}
ProcessId: 2560
Image: C:\Users\jolly\AppData\Local\Microsoft\OneDrive\26.051.0316.0004\OneDrive.Sync.Service.exe
ImageLoaded: C:\Users\jolly\AppData\Local\Microsoft\OneDrive\26.051.0316.0004\Microsoft.SharePoint.Calc.dll
FileVersion: 22.080.0413.0001
Description: Microsoft SharePoint Calc Library
Product: Microsoft SharePoint Calc Library
Company: Microsoft Corporation
OriginalFileName: Microsoft.SharePoint.Calc.dll
Hashes: SHA1=D5AAB5E8B2359088979C40F8600BE4F84BA0F092,MD5=EF3E2BB4254B240BE989FB50284935EA,SHA256=9151B1019720B014A281A8B7011B0A07F41871F1BA7E7288BE81BC2B96265ED9,IMPHASH=520D75D62C92181CF65F6F850FA079FA
Signed: true
Signature: Microsoft Corporation
SignatureStatus: Valid
User: WIN10DEMO\jolly"
Information,4/25/2026 5:45:09 PM,Microsoft-Windows-Sysmon,7,Image loaded (rule: ImageLoad),"Image loaded:
RuleName: technique_id=T1574.002,technique_name=DLL Side-Loading
UtcTime: 2026-04-25 07:45:09.738
ProcessGuid: {9172be70-7102-69ec-f503-000000001f00}
ProcessId: 2560
Image: C:\Users\jolly\AppData\Local\Microsoft\OneDrive\26.051.0316.0004\OneDrive.Sync.Service.exe
ImageLoaded: C:\Users\jolly\AppData\Local\Microsoft\OneDrive\26.051.0316.0004\exif.dll
FileVersion: -
Description: -
Product: -
Company: -
OriginalFileName: -
Hashes: SHA1=6AD3DF218D99469E0990E9295CB45700A385E762,MD5=EB4A4FF7E674B7551F266D2E34560492,SHA256=B7AB336C766D0545DB3F4B412BA66DD8C84910A869B1DF4354741E4DEC85D3A6,IMPHASH=FE63FD20551723DC917B46744FE7EE59
Signed: true
Signature: Microsoft Corporation
SignatureStatus: Valid
User: WIN10DEMO\jolly"
Information,4/25/2026 5:45:09 PM,Microsoft-Windows-Sysmon,7,Image loaded (rule: ImageLoad),"Image loaded:
RuleName: technique_id=T1574.002,technique_name=DLL Side-Loading
UtcTime: 2026-04-25 07:45:08.795
ProcessGuid: {9172be70-7102-69ec-f503-000000001f00}
ProcessId: 2560
Image: C:\Users\jolly\AppData\Local\Microsoft\OneDrive\26.051.0316.0004\OneDrive.Sync.Service.exe
ImageLoaded: C:\Users\jolly\AppData\Local\Microsoft\OneDrive\26.051.0316.0004\adal.dll
FileVersion: 2.3.2.18301
Description: ADAL.Native
Product: Microsoft© ADAL
Company: Microsoft
OriginalFileName: adal.dll
Hashes: SHA1=65ED39E0B7E2E1D4A3C57E8799989E306824DFDB,MD5=1509FC1AFDC9BEDC8028AC4112ADBB75,SHA256=826F50AB829233079873E16850AF50190223FF0AB7108255D5C4F691651203B9,IMPHASH=DFE10357CDA24DAD96A0785D6ED8BD39
Signed: true
Signature: Microsoft Corporation
SignatureStatus: Valid
User: WIN10DEMO\jolly"
Information,4/25/2026 5:45:09 PM,Microsoft-Windows-Sysmon,7,Image loaded (rule: ImageLoad),"Image loaded:
RuleName: technique_id=T1574.002,technique_name=DLL Side-Loading
UtcTime: 2026-04-25 07:45:08.779
ProcessGuid: {9172be70-7102-69ec-f503-000000001f00}
ProcessId: 2560
Image: C:\Users\jolly\AppData\Local\Microsoft\OneDrive\26.051.0316.0004\OneDrive.Sync.Service.exe
ImageLoaded: C:\Users\jolly\AppData\Local\Microsoft\OneDrive\26.051.0316.0004\FileSyncEvents.dll
FileVersion: 26.051.0316.0004
Description: EventMachine Library
Product: Microsoft OneDrive
Company: Microsoft Corporation
OriginalFileName: FileSyncEvents.dll
Hashes: SHA1=B39FB9059ABA4485038C97FAE21D5BC72A43D89D,MD5=78D3E822E66CAFC00AA4776B571EDC5A,SHA256=7FCBED1547C6087DFDA54704EF700CA31873D921B4C5708F5E91D0B74BE7BDD5,IMPHASH=E5CB0AF1DC1C60266B69AB63E79C47DF
Signed: true
Signature: Microsoft Corporation
SignatureStatus: Valid
User: WIN10DEMO\jolly"
Information,4/25/2026 5:45:09 PM,Microsoft-Windows-Sysmon,7,Image loaded (rule: ImageLoad),"Image loaded:
RuleName: technique_id=T1574.002,technique_name=DLL Side-Loading
UtcTime: 2026-04-25 07:45:08.766
ProcessGuid: {9172be70-7102-69ec-f503-000000001f00}
ProcessId: 2560
Image: C:\Users\jolly\AppData\Local\Microsoft\OneDrive\26.051.0316.0004\OneDrive.Sync.Service.exe
ImageLoaded: C:\Users\jolly\AppData\Local\Microsoft\OneDrive\26.051.0316.0004\FileSyncSessions.dll
FileVersion: 26.051.0316.0004
Description: P2P Session Library
Product: Microsoft OneDrive
Company: Microsoft Corporation
OriginalFileName: FileSyncSessions.dll
Hashes: SHA1=4AEA41BE9D22B27E62B450688206F758ECFFD87C,MD5=2731F461B5C0DCBF5F157D9509FA90A1,SHA256=5850D1EB0DEAB9C2CB5BA5D11DF1BAC3277A7460F0426B9CBF1A27A49ECEA579,IMPHASH=64822D7050AE9AF6C35001CACEA11056
Signed: true
Signature: Microsoft Corporation
SignatureStatus: Valid
User: WIN10DEMO\jolly"
Information,4/25/2026 5:45:09 PM,Microsoft-Windows-Sysmon,7,Image loaded (rule: ImageLoad),"Image loaded:
RuleName: technique_id=T1574.002,technique_name=DLL Side-Loading
UtcTime: 2026-04-25 07:45:08.732
ProcessGuid: {9172be70-7102-69ec-f503-000000001f00}
ProcessId: 2560
Image: C:\Users\jolly\AppData\Local\Microsoft\OneDrive\26.051.0316.0004\OneDrive.Sync.Service.exe
ImageLoaded: C:\Users\jolly\AppData\Local\Microsoft\OneDrive\26.051.0316.0004\Telemetry.dll
FileVersion: 26.051.0316.0004
Description: Telemetry Library
Product: Microsoft OneDrive
Company: Microsoft Corporation
OriginalFileName: Telemetry.dll
Hashes: SHA1=71A9A44EFE24D8EA58E0E618FAD76A38A9D8C6B7,MD5=E581C20A2396BF2B551D4AFA7B7773B7,SHA256=27C66F01EF12DBFE994936C71F588F81749EAF785DB13123150403006BD69627,IMPHASH=0F448F5AD25EDA0D404056073B1DA8ED
Signed: true
Signature: Microsoft Corporation
SignatureStatus: Valid
User: WIN10DEMO\jolly"
Information,4/25/2026 5:45:09 PM,Microsoft-Windows-Sysmon,7,Image loaded (rule: ImageLoad),"Image loaded:
RuleName: technique_id=T1574.002,technique_name=DLL Side-Loading
UtcTime: 2026-04-25 07:45:08.722
ProcessGuid: {9172be70-7102-69ec-f503-000000001f00}
ProcessId: 2560
Image: C:\Users\jolly\AppData\Local\Microsoft\OneDrive\26.051.0316.0004\OneDrive.Sync.Service.exe
ImageLoaded: C:\Users\jolly\AppData\Local\Microsoft\OneDrive\26.051.0316.0004\LogUploader.dll
FileVersion: 26.051.0316.0004
Description: OneDrive Sync LogUploader Library
Product: Microsoft OneDrive
Company: Microsoft Corporation
OriginalFileName: LogUploader.dll
Hashes: SHA1=D6CA83C107EEF616CB9A41A7199F899D156A9B71,MD5=19021BCCDAB7893716FDE9AD63120E4E,SHA256=C564E6DFB708D15D7D2A9E6B13EB0B3F3C44242A5D6E0D52464D382834E25F51,IMPHASH=9C9F359F1D8F0EF3D4F6ABB41B001CDA
Signed: true
Signature: Microsoft Corporation
SignatureStatus: Valid
User: WIN10DEMO\jolly"
Information,4/25/2026 5:45:09 PM,Microsoft-Windows-Sysmon,7,Image loaded (rule: ImageLoad),"Image loaded:
RuleName: technique_id=T1574.002,technique_name=DLL Side-Loading
UtcTime: 2026-04-25 07:45:08.712
ProcessGuid: {9172be70-7102-69ec-f503-000000001f00}
ProcessId: 2560
Image: C:\Users\jolly\AppData\Local\Microsoft\OneDrive\26.051.0316.0004\OneDrive.Sync.Service.exe
ImageLoaded: C:\Users\jolly\AppData\Local\Microsoft\OneDrive\26.051.0316.0004\FileSyncFS.dll
FileVersion: 26.051.0316.0004
Description: Microsoft OneDriveFile Sync FS
Product: Microsoft OneDrive
Company: Microsoft Corporation
OriginalFileName: FileSyncFS.dll
Hashes: SHA1=4B06B5C1E65EF34E230EA2F5F935F940217EB1FC,MD5=9774D60174FAAC68B55A54E4E7C9E59C,SHA256=29963D22067D02FD98EA93CB7A8B893E7FA12C3723BF89524D74E96FC2E0661D,IMPHASH=1A13E28DB4589B82598D791D998D8A56
Signed: true
Signature: Microsoft Corporation
SignatureStatus: Valid
User: WIN10DEMO\jolly"
Information,4/25/2026 5:45:09 PM,Microsoft-Windows-Sysmon,7,Image loaded (rule: ImageLoad),"Image loaded:
RuleName: technique_id=T1574.002,technique_name=DLL Side-Loading
UtcTime: 2026-04-25 07:45:08.704
ProcessGuid: {9172be70-7102-69ec-f503-000000001f00}
ProcessId: 2560
Image: C:\Users\jolly\AppData\Local\Microsoft\OneDrive\26.051.0316.0004\OneDrive.Sync.Service.exe
ImageLoaded: C:\Users\jolly\AppData\Local\Microsoft\OneDrive\26.051.0316.0004\UpdateRingSettings.dll
FileVersion: 26.051.0316.0004
Description: Update Ring Settings
Product: Microsoft OneDrive
Company: Microsoft Corporation
OriginalFileName: UpdateRingSettings.dll
Hashes: SHA1=A7A3C9B21C180E7EFF9919D160DD8FB7BBA8D3D7,MD5=D0DBC08305DE0948279A793B279CF1A0,SHA256=FFBA487D0C0C1930AB99A23969EF010B49B9100C14C194841DC0D3FB27705504,IMPHASH=03ECDBB53EF6D00F1BA6C8EA1F7F0369
Signed: true
Signature: Microsoft Corporation
SignatureStatus: Valid
User: WIN10DEMO\jolly"
Information,4/25/2026 5:45:09 PM,Microsoft-Windows-Sysmon,7,Image loaded (rule: ImageLoad),"Image loaded:
RuleName: technique_id=T1574.002,technique_name=DLL Side-Loading
UtcTime: 2026-04-25 07:45:08.703
ProcessGuid: {9172be70-7102-69ec-f503-000000001f00}
ProcessId: 2560
Image: C:\Users\jolly\AppData\Local\Microsoft\OneDrive\26.051.0316.0004\OneDrive.Sync.Service.exe
ImageLoaded: C:\Users\jolly\AppData\Local\Microsoft\OneDrive\26.051.0316.0004\FileSyncSqlite3.dll
FileVersion: 26.051.0316.0004
Description: Microsoft OneDrive Sqlite Library
Product: Microsoft OneDrive
Company: Microsoft Corporation
OriginalFileName: FileSyncSqlite3.dll
Hashes: SHA1=BC9CDE4B6726B04F21AD275FBA14C19602423D20,MD5=0815F3D1E1D1497FA555B87D5AE0EB60,SHA256=B44E5D0A392AD954702F6ADEEDF3110D19851ED323DDC1B6CC59C119124B3D69,IMPHASH=3518EF830F255841705D75FD794D8255
Signed: true
Signature: Microsoft Corporation
SignatureStatus: Valid
User: WIN10DEMO\jolly"
Information,4/25/2026 5:45:09 PM,Microsoft-Windows-Sysmon,7,Image loaded (rule: ImageLoad),"Image loaded:
RuleName: technique_id=T1574.002,technique_name=DLL Side-Loading
UtcTime: 2026-04-25 07:45:08.698
ProcessGuid: {9172be70-7102-69ec-f503-000000001f00}
ProcessId: 2560
Image: C:\Users\jolly\AppData\Local\Microsoft\OneDrive\26.051.0316.0004\OneDrive.Sync.Service.exe
ImageLoaded: C:\Users\jolly\AppData\Local\Microsoft\OneDrive\26.051.0316.0004\FileSyncHost.dll
FileVersion: 26.051.0316.0004
Description: Microsoft OneDriveFile Sync Host
Product: Microsoft OneDrive
Company: Microsoft Corporation
OriginalFileName: FileSyncHost.dll
Hashes: SHA1=DA42BE439E1730B24774E1213F7740C262A53155,MD5=1F6530DCAF2E9ADD93D501E4E593BE7E,SHA256=CDEECDD37C82DBE21A702C850B51C147EF961BD1ED12ACBAF74D145859F79B04,IMPHASH=B8BF81A154070E2901F769994B05609D
Signed: true
Signature: Microsoft Corporation
SignatureStatus: Valid
User: WIN10DEMO\jolly"
Information,4/25/2026 5:45:09 PM,Microsoft-Windows-Sysmon,7,Image loaded (rule: ImageLoad),"Image loaded:
RuleName: technique_id=T1574.002,technique_name=DLL Side-Loading
UtcTime: 2026-04-25 07:45:08.698
ProcessGuid: {9172be70-7102-69ec-f503-000000001f00}
ProcessId: 2560
Image: C:\Users\jolly\AppData\Local\Microsoft\OneDrive\26.051.0316.0004\OneDrive.Sync.Service.exe
ImageLoaded: C:\Users\jolly\AppData\Local\Microsoft\OneDrive\26.051.0316.0004\msvcp140_atomic_wait.dll
FileVersion: 14.50.35717.0
Description: Microsoft® C Runtime Library _atomic_wait
Product: Microsoft® Visual Studio®
Company: Microsoft Corporation
OriginalFileName: msvcp140_atomic_wait.dll
Hashes: SHA1=FB4D0FAA38BD85B2EC8D29C1DFD39F3899450854,MD5=C50BE8658D68666426CEB9383C5A7D07,SHA256=3915C8830EC638203282B2EAFA3AB0378A2D8C617A05322ABF0D42CDA973ACB6,IMPHASH=2DD8B33E8D0AE15111EDCC5FE4982D9D
Signed: true
Signature: Microsoft Corporation
SignatureStatus: Valid
User: WIN10DEMO\jolly"
Information,4/25/2026 5:45:09 PM,Microsoft-Windows-Sysmon,7,Image loaded (rule: ImageLoad),"Image loaded:
RuleName: technique_id=T1574.002,technique_name=DLL Side-Loading
UtcTime: 2026-04-25 07:45:08.697
ProcessGuid: {9172be70-7102-69ec-f503-000000001f00}
ProcessId: 2560
Image: C:\Users\jolly\AppData\Local\Microsoft\OneDrive\26.051.0316.0004\OneDrive.Sync.Service.exe
ImageLoaded: C:\Users\jolly\AppData\Local\Microsoft\OneDrive\26.051.0316.0004\OneDrive.Sync.Service.dll
FileVersion: 26.051.0316.0004
Description: Microsoft OneDrive Sync Service
Product: Microsoft OneDrive Sync Service
Company: Microsoft Corporation
OriginalFileName: OneDrive.Sync.Service.dll
Hashes: SHA1=6F93F789D2454699EF83EC2AF0E4DBB22D4E4CB2,MD5=C9F16809C89D296D39C4BC846686686C,SHA256=C5577068944C62A32E5F176DB6396FC2450D98011A6C1406655603B5F40EBBEB,IMPHASH=0085353777AFB655DF241AA8B2C16FB8
Signed: true
Signature: Microsoft Corporation
SignatureStatus: Valid
User: WIN10DEMO\jolly"
Information,4/25/2026 5:45:08 PM,Microsoft-Windows-Sysmon,7,Image loaded (rule: ImageLoad),"Image loaded:
RuleName: -
UtcTime: 2026-04-25 07:45:08.775
ProcessGuid: {9172be70-7102-69ec-f503-000000001f00}
ProcessId: 2560
Image: C:\Users\jolly\AppData\Local\Microsoft\OneDrive\26.051.0316.0004\OneDrive.Sync.Service.exe
ImageLoaded: C:\Windows\System32\urlmon.dll
FileVersion: 11.00.19041.6456 (WinBuild.160101.0800)
Description: OLE32 Extensions for Win32
Product: Internet Explorer
Company: Microsoft Corporation
OriginalFileName: UrlMon.dll
Hashes: SHA1=E20F47594B506E7F66451F86DC3D27ACFBE50690,MD5=4F65F3E866588D1F98279B80D79073D8,SHA256=BA66D852C1EE342E2863FFD42B01E1041CE099EADE6CCCBBB8E64C6475B8958E,IMPHASH=4572A0DE6D775598EF7BE4A1A20049FB
Signed: true
Signature: Microsoft Windows
SignatureStatus: Valid
User: WIN10DEMO\jolly"
Information,4/25/2026 5:45:07 PM,Microsoft-Windows-Sysmon,22,Dns query (rule: DnsQuery),"Dns query:
RuleName: -
UtcTime: 2026-04-25 07:44:38.709
ProcessGuid: {9172be70-6dae-69ec-3400-000000001f00}
ProcessId: 2428
QueryName: oneclient.sfx.ms
QueryStatus: 1460
QueryResults: -
Image: C:\Windows\System32\svchost.exe
User: NT AUTHORITY\NETWORK SERVICE"
Information,4/25/2026 5:45:07 PM,Microsoft-Windows-Sysmon,22,Dns query (rule: DnsQuery),"Dns query:
RuleName: -
UtcTime: 2026-04-25 07:44:38.708
ProcessGuid: {9172be70-6ee2-69ec-8101-000000001f00}
ProcessId: 8240
QueryName: oneclient.sfx.ms
QueryStatus: 1460
QueryResults: -
Image: C:\Users\jolly\AppData\Local\Microsoft\OneDrive\OneDriveStandaloneUpdater.exe
User: WIN10DEMO\jolly"
Information,4/25/2026 5:45:06 PM,Microsoft-Windows-Sysmon,7,Image loaded (rule: ImageLoad),"Image loaded:
RuleName: technique_id=T1574.002,technique_name=DLL Side-Loading
UtcTime: 2026-04-25 07:45:06.319
ProcessGuid: {9172be70-7102-69ec-f503-000000001f00}
ProcessId: 2560
Image: C:\Users\jolly\AppData\Local\Microsoft\OneDrive\26.051.0316.0004\OneDrive.Sync.Service.exe
ImageLoaded: C:\Users\jolly\AppData\Local\Microsoft\OneDrive\26.051.0316.0004\FileSyncTelemetryExtensions.dll
FileVersion: 26.051.0316.0004
Description: TelemetryExtensions Library
Product: Microsoft OneDrive
Company: Microsoft Corporation
OriginalFileName: FileSyncTelemetryExtensions.dll
Hashes: SHA1=44D1D0A10A7BC51693A9BF5C911C3B3F1681A46B,MD5=FAC85E21D8F15071AE4B41199DDD9FF5,SHA256=63CDD43C02898D4ADCC948552593A5BC54FF927CD1F221F1BA3FD876307026A5,IMPHASH=0E57CE21412F6C9093DE90251D95F1A0
Signed: true
Signature: Microsoft Corporation
SignatureStatus: Valid
User: WIN10DEMO\jolly"
Information,4/25/2026 5:45:06 PM,Microsoft-Windows-Sysmon,7,Image loaded (rule: ImageLoad),"Image loaded:
RuleName: technique_id=T1574.002,technique_name=DLL Side-Loading
UtcTime: 2026-04-25 07:45:06.260
ProcessGuid: {9172be70-7102-69ec-f503-000000001f00}
ProcessId: 2560
Image: C:\Users\jolly\AppData\Local\Microsoft\OneDrive\26.051.0316.0004\OneDrive.Sync.Service.exe
ImageLoaded: C:\Users\jolly\AppData\Local\Microsoft\OneDrive\26.051.0316.0004\OneDriveTelemetryStable.dll
FileVersion: 26.051.0316.0004
Description: OneDriveTelemetry Stable DLL
Product: Microsoft OneDrive
Company: Microsoft Corporation
OriginalFileName: OneDriveTelemetryStable.dll
Hashes: SHA1=70148DDC5D5F166F200C1F5FDD0C017648F54A01,MD5=327202EEBA471C0B87F3FC17B6F44244,SHA256=4159397E2166A7EB7EBF279EEA549417E7DF9F35DA34EFD212D553708FE4E1E9,IMPHASH=060C58E24ADA6DF05900343230BF49C0
Signed: true
Signature: Microsoft Corporation
SignatureStatus: Valid
User: WIN10DEMO\jolly"
Information,4/25/2026 5:45:06 PM,Microsoft-Windows-Sysmon,7,Image loaded (rule: ImageLoad),"Image loaded:
RuleName: technique_id=T1574.002,technique_name=DLL Side-Loading
UtcTime: 2026-04-25 07:45:06.170
ProcessGuid: {9172be70-7102-69ec-f503-000000001f00}
ProcessId: 2560
Image: C:\Users\jolly\AppData\Local\Microsoft\OneDrive\26.051.0316.0004\OneDrive.Sync.Service.exe
ImageLoaded: C:\Users\jolly\AppData\Local\Microsoft\OneDrive\26.051.0316.0004\msvcp140.dll
FileVersion: 14.50.35717.0
Description: Microsoft® C Runtime Library
Product: Microsoft® Visual Studio®
Company: Microsoft Corporation
OriginalFileName: msvcp140.dll
Hashes: SHA1=314A46D95C284B3EC16D63011A155EF14F8DA5A7,MD5=AC8C6C8F84A01C45A02CC59075CC8636,SHA256=FBC76265FE94360770149B2EE010A083BD41610092A48D331E4A50ADE40B2972,IMPHASH=98261F6662FEE22446967EAA5226EE3A
Signed: true
Signature: Microsoft Corporation
SignatureStatus: Valid
User: WIN10DEMO\jolly"
Information,4/25/2026 5:45:06 PM,Microsoft-Windows-Sysmon,7,Image loaded (rule: ImageLoad),"Image loaded:
RuleName: technique_id=T1574.002,technique_name=DLL Side-Loading
UtcTime: 2026-04-25 07:45:06.151
ProcessGuid: {9172be70-7102-69ec-f503-000000001f00}
ProcessId: 2560
Image: C:\Users\jolly\AppData\Local\Microsoft\OneDrive\26.051.0316.0004\OneDrive.Sync.Service.exe
ImageLoaded: C:\Users\jolly\AppData\Local\Microsoft\OneDrive\26.051.0316.0004\vcruntime140.dll
FileVersion: 14.50.35717.0
Description: Microsoft® C Runtime Library
Product: Microsoft® Visual Studio®
Company: Microsoft Corporation
OriginalFileName: vcruntime140.dll
Hashes: SHA1=762B45DB20290A54E83861456D3E40AC6C9601B9,MD5=1756E382708D39AD4C216B468F91DB11,SHA256=911E0D4A1754B1D9F8F7A577729D2BA74DD405B8027FCF4DF5841626F270D19D,IMPHASH=CFD5D6CB7ECDAFFF3769E90C815D91D2
Signed: true
Signature: Microsoft Corporation
SignatureStatus: Valid
User: WIN10DEMO\jolly"
Information,4/25/2026 5:45:06 PM,Microsoft-Windows-Sysmon,7,Image loaded (rule: ImageLoad),"Image loaded:
RuleName: technique_id=T1574.002,technique_name=DLL Side-Loading
UtcTime: 2026-04-25 07:45:06.153
ProcessGuid: {9172be70-7102-69ec-f503-000000001f00}
ProcessId: 2560
Image: C:\Users\jolly\AppData\Local\Microsoft\OneDrive\26.051.0316.0004\OneDrive.Sync.Service.exe
ImageLoaded: C:\Users\jolly\AppData\Local\Microsoft\OneDrive\26.051.0316.0004\vcruntime140.dll
FileVersion: 14.50.35717.0
Description: Microsoft® C Runtime Library
Product: Microsoft® Visual Studio®
Company: Microsoft Corporation
OriginalFileName: vcruntime140.dll
Hashes: SHA1=762B45DB20290A54E83861456D3E40AC6C9601B9,MD5=1756E382708D39AD4C216B468F91DB11,SHA256=911E0D4A1754B1D9F8F7A577729D2BA74DD405B8027FCF4DF5841626F270D19D,IMPHASH=CFD5D6CB7ECDAFFF3769E90C815D91D2
Signed: true
Signature: Microsoft Corporation
SignatureStatus: Valid
User: WIN10DEMO\jolly"
Information,4/25/2026 5:45:06 PM,Microsoft-Windows-Sysmon,7,Image loaded (rule: ImageLoad),"Image loaded:
RuleName: technique_id=T1574.002,technique_name=DLL Side-Loading
UtcTime: 2026-04-25 07:45:06.151
ProcessGuid: {9172be70-7102-69ec-f503-000000001f00}
ProcessId: 2560
Image: C:\Users\jolly\AppData\Local\Microsoft\OneDrive\26.051.0316.0004\OneDrive.Sync.Service.exe
ImageLoaded: C:\Users\jolly\AppData\Local\Microsoft\OneDrive\26.051.0316.0004\vcruntime140_1.dll
FileVersion: 14.50.35717.0
Description: Microsoft® C Runtime Library
Product: Microsoft® Visual Studio®
Company: Microsoft Corporation
OriginalFileName: vcruntime140_1.dll
Hashes: SHA1=8F80898D75E7C84977BBFDE2D4EE5CCE284D0CE0,MD5=70DCBDA25747DC5A10EFB5465DE4E9ED,SHA256=6CE58E7B441FB7ADC7FFFEB14C73502365EA13905EB2DCE2520154D45E58F570,IMPHASH=F40F99423FB23779E530408661A19260
Signed: true
Signature: Microsoft Corporation
SignatureStatus: Valid
User: WIN10DEMO\jolly"
Information,4/25/2026 5:45:06 PM,Microsoft-Windows-Sysmon,7,Image loaded (rule: ImageLoad),"Image loaded:
RuleName: technique_id=T1574.002,technique_name=DLL Side-Loading
UtcTime: 2026-04-25 07:45:06.147
ProcessGuid: {9172be70-7102-69ec-f503-000000001f00}
ProcessId: 2560
Image: C:\Users\jolly\AppData\Local\Microsoft\OneDrive\26.051.0316.0004\OneDrive.Sync.Service.exe
ImageLoaded: C:\Users\jolly\AppData\Local\Microsoft\OneDrive\26.051.0316.0004\LoggingPlatform.dll
FileVersion: 26.051.0316.0004
Description: Logging Platform
Product: Microsoft OneDrive
Company: Microsoft Corporation
OriginalFileName: LoggingPlatform.dll
Hashes: SHA1=88A441015F95734952B6D0107B0CCDE85BFBCD99,MD5=A32AEBCC07025CEE4987BFF195B07F72,SHA256=4DE36F8AC27F1F97D52B456D48F262202A5854E644561E3AD6A066EF3617D63D,IMPHASH=10CFE69683EAAD778CB745A8A2141D1F
Signed: true
Signature: Microsoft Corporation
SignatureStatus: Valid
User: WIN10DEMO\jolly"
Information,4/25/2026 5:45:06 PM,Microsoft-Windows-Sysmon,7,Image loaded (rule: ImageLoad),"Image loaded:
RuleName: technique_id=T1574.002,technique_name=DLL Side-Loading
UtcTime: 2026-04-25 07:45:06.102
ProcessGuid: {9172be70-7102-69ec-f503-000000001f00}
ProcessId: 2560
Image: C:\Users\jolly\AppData\Local\Microsoft\OneDrive\26.051.0316.0004\OneDrive.Sync.Service.exe
ImageLoaded: C:\Users\jolly\AppData\Local\Microsoft\OneDrive\26.051.0316.0004\OneDrive.Sync.Service.exe
FileVersion: 26.051.0316.0004
Description: Microsoft OneDrive Sync Service
Product: Microsoft OneDrive Sync Service
Company: Microsoft Corporation
OriginalFileName: OneDrive.Sync.Service.exe
Hashes: SHA1=7E2F619C4B5AAD0C2D2D3342D95DDE2FFC9CFEDF,MD5=1DFF463A2388F0F4C0F3CED0892BC8CE,SHA256=F5F4CF10DF5DF3C187DA5BB508904D3ACEADF27968DEE55E849976DB388C6C48,IMPHASH=AC95B856C8F9253941C2848B59D763E5
Signed: true
Signature: Microsoft Corporation
SignatureStatus: Valid
User: WIN10DEMO\jolly"
Information,4/25/2026 5:45:06 PM,Microsoft-Windows-Sysmon,10,Process accessed (rule: ProcessAccess),"Process accessed:
RuleName: technique_id=T1036,technique_name=Masquerading
UtcTime: 2026-04-25 07:45:06.091
SourceProcessGUID: {9172be70-6ee2-69ec-8101-000000001f00}
SourceProcessId: 8240
SourceThreadId: 8484
SourceImage: C:\Users\jolly\AppData\Local\Microsoft\OneDrive\OneDriveStandaloneUpdater.exe
TargetProcessGUID: {9172be70-7102-69ec-f503-000000001f00}
TargetProcessId: 2560
TargetImage: C:\Users\jolly\AppData\Local\Microsoft\OneDrive\26.051.0316.0004\OneDrive.Sync.Service.exe
GrantedAccess: 0x1FFFFF
CallTrace: C:\Windows\SYSTEM32\ntdll.dll+9eeb4|C:\Windows\System32\KERNELBASE.dll+43845|C:\Windows\System32\KERNELBASE.dll+408c6|C:\Windows\System32\KERNEL32.DLL+1cef4|C:\Windows\SYSTEM32\windows.storage.dll+1714bd|C:\Windows\SYSTEM32\windows.storage.dll+12dabc|C:\Windows\SYSTEM32\windows.storage.dll+15a84c|C:\Windows\SYSTEM32\windows.storage.dll+15a673|C:\Windows\SYSTEM32\windows.storage.dll+15acdd|C:\Windows\SYSTEM32\windows.storage.dll+1dde28|C:\Windows\SYSTEM32\windows.storage.dll+15ae8f|C:\Windows\SYSTEM32\windows.storage.dll+12e0e7|C:\Windows\System32\SHELL32.dll+54e3d|C:\Windows\System32\SHELL32.dll+71469|C:\Windows\System32\SHELL32.dll+73d90|C:\Windows\System32\SHELL32.dll+7490b|C:\Windows\System32\SHELL32.dll+7414e|C:\Users\jolly\AppData\Local\Microsoft\OneDrive\OneDriveStandaloneUpdater.exe+2ec99|C:\Users\jolly\AppData\Local\Microsoft\OneDrive\OneDriveStandaloneUpdater.exe+144be|C:\Users\jolly\AppData\Local\Microsoft\OneDrive\OneDriveStandaloneUpdater.exe+1627a|C:\Users\jolly\AppData\Local\Microsoft\OneDrive\OneDriveStandaloneUpdater.exe+3d941|C:\Users\jolly\AppData\Local\Microsoft\OneDrive\OneDriveStandaloneUpdater.exe+3e7c2|C:\Windows\System32\KERNEL32.DLL+17374|C:\Windows\SYSTEM32\ntdll.dll+4cc91
SourceUser: WIN10DEMO\jolly
TargetUser: WIN10DEMO\jolly"
Information,4/25/2026 5:45:06 PM,Microsoft-Windows-Sysmon,1,Process Create (rule: ProcessCreate),"Process Create:
RuleName: technique_id=T1036,technique_name=Masquerading
UtcTime: 2026-04-25 07:45:06.035
ProcessGuid: {9172be70-7102-69ec-f503-000000001f00}
ProcessId: 2560
Image: C:\Users\jolly\AppData\Local\Microsoft\OneDrive\26.051.0316.0004\OneDrive.Sync.Service.exe
FileVersion: 26.051.0316.0004
Description: Microsoft OneDrive Sync Service
Product: Microsoft OneDrive Sync Service
Company: Microsoft Corporation
OriginalFileName: OneDrive.Sync.Service.exe
CommandLine: ""C:\Users\jolly\AppData\Local\Microsoft\OneDrive\26.051.0316.0004\OneDrive.Sync.Service.exe"" /silentConfig
CurrentDirectory: C:\Windows\system32\
User: WIN10DEMO\jolly
LogonGuid: {9172be70-6dc0-69ec-2306-040000000000}
LogonId: 0x40623
TerminalSessionId: 1
IntegrityLevel: Medium
Hashes: SHA1=7E2F619C4B5AAD0C2D2D3342D95DDE2FFC9CFEDF,MD5=1DFF463A2388F0F4C0F3CED0892BC8CE,SHA256=F5F4CF10DF5DF3C187DA5BB508904D3ACEADF27968DEE55E849976DB388C6C48,IMPHASH=AC95B856C8F9253941C2848B59D763E5
ParentProcessGuid: {9172be70-6ee2-69ec-8101-000000001f00}
ParentProcessId: 8240
ParentImage: C:\Users\jolly\AppData\Local\Microsoft\OneDrive\OneDriveStandaloneUpdater.exe
ParentCommandLine: ""C:\Users\jolly\AppData\Local\Microsoft\OneDrive\OneDriveStandaloneUpdater.exe""
ParentUser: WIN10DEMO\jolly"
Information,4/25/2026 5:44:30 PM,Microsoft-Windows-Sysmon,7,Image loaded (rule: ImageLoad),"Image loaded:
RuleName: technique_id=T1574.002,technique_name=DLL Side-Loading
UtcTime: 2026-04-25 07:44:30.343
ProcessGuid: {9172be70-70dd-69ec-d403-000000001f00}
ProcessId: 8736
Image: C:\Program Files\Splunk\bin\python3.13.exe
ImageLoaded: C:\ProgramData\Microsoft\Windows Defender\Platform\4.18.26020.6-0\MpOAV.dll
FileVersion: 4.18.26020.6 (cd0aebd7c18a68cd2e3af14a117b45b178d088f4)
Description: IOfficeAntiVirus Module
Product: Microsoft® Windows® Operating System
Company: Microsoft Corporation
OriginalFileName: MpOAV.dll
Hashes: SHA1=8350F492FC8773C7AD990D4218D9AD1E0C7A3130,MD5=55DCD381DFBB9B84092E09B8D3A7A4CD,SHA256=4FE2F89B85BEE4455BECEF8450A6459B2F9AF50E991A86A8A863FA86AAC3F69E,IMPHASH=876F81A277BF4C5C958E4D3BDB07CFEB
Signed: true
Signature: Microsoft Windows
SignatureStatus: Valid
User: NT AUTHORITY\SYSTEM"
Information,4/25/2026 5:44:30 PM,Microsoft-Windows-Sysmon,7,Image loaded (rule: ImageLoad),"Image loaded:
RuleName: technique_id=T1059.001,technique_name=PowerShell
UtcTime: 2026-04-25 07:44:30.336
ProcessGuid: {9172be70-70dd-69ec-d403-000000001f00}
ProcessId: 8736
Image: C:\Program Files\Splunk\bin\python3.13.exe
ImageLoaded: C:\Windows\System32\amsi.dll
FileVersion: 10.0.19041.4355 (WinBuild.160101.0800)
Description: Anti-Malware Scan Interface
Product: Microsoft® Windows® Operating System
Company: Microsoft Corporation
OriginalFileName: amsi.dll
Hashes: SHA1=347368018E1DAAF4F52C9A4119526313A82ECEEC,MD5=4933108BD5B3219F74AD807DFE8835AD,SHA256=66F7A134F6A4D9FE63DD7D6FF88DDED5796E4D5C7E33BA606DFF4D87D9258C0D,IMPHASH=C414C6B76EBCEEF67B5B752A7E51D4D2
Signed: true
Signature: Microsoft Windows
SignatureStatus: Valid
User: NT AUTHORITY\SYSTEM"
Information,4/25/2026 5:44:12 PM,Microsoft-Windows-Sysmon,17,Pipe Created (rule: PipeEvent),"Pipe Created:
RuleName: -
EventType: CreatePipe
UtcTime: 2026-04-25 07:44:12.112
ProcessGuid: {9172be70-6e0d-69ec-ef00-000000001f00}
ProcessId: 6348
PipeName: \LOCAL\mojo.6348.2104.9776695793333195830
Image: C:\Program Files (x86)\Microsoft\EdgeWebView\Application\146.0.3856.109\msedgewebview2.exe
User: WIN10DEMO\jolly"
Information,4/25/2026 5:44:12 PM,Microsoft-Windows-Sysmon,17,Pipe Created (rule: PipeEvent),"Pipe Created:
RuleName: -
EventType: CreatePipe
UtcTime: 2026-04-25 07:44:12.108
ProcessGuid: {9172be70-6e0d-69ec-ef00-000000001f00}
ProcessId: 6348
PipeName: \LOCAL\mojo.6348.2104.5530445712000684971
Image: C:\Program Files (x86)\Microsoft\EdgeWebView\Application\146.0.3856.109\msedgewebview2.exe
User: WIN10DEMO\jolly"
Information,4/25/2026 5:44:12 PM,Microsoft-Windows-Sysmon,17,Pipe Created (rule: PipeEvent),"Pipe Created:
RuleName: -
EventType: CreatePipe
UtcTime: 2026-04-25 07:44:12.102
ProcessGuid: {9172be70-6e0d-69ec-ef00-000000001f00}
ProcessId: 6348
PipeName: \LOCAL\mojo.6348.2104.9460759630532587511
Image: C:\Program Files (x86)\Microsoft\EdgeWebView\Application\146.0.3856.109\msedgewebview2.exe
User: WIN10DEMO\jolly"
Information,4/25/2026 5:44:12 PM,Microsoft-Windows-Sysmon,17,Pipe Created (rule: PipeEvent),"Pipe Created:
RuleName: -
EventType: CreatePipe
UtcTime: 2026-04-25 07:44:12.069
ProcessGuid: {9172be70-70cb-69ec-c503-000000001f00}
ProcessId: 9788
PipeName: \LOCAL\mojo.9788.2624.12354886460612420487
Image: C:\Program Files (x86)\Microsoft\EdgeWebView\Application\146.0.3856.109\msedgewebview2.exe
User: WIN10DEMO\jolly"
Information,4/25/2026 5:44:12 PM,Microsoft-Windows-Sysmon,17,Pipe Created (rule: PipeEvent),"Pipe Created:
RuleName: -
EventType: CreatePipe
UtcTime: 2026-04-25 07:44:12.032
ProcessGuid: {9172be70-6e0d-69ec-ef00-000000001f00}
ProcessId: 6348
PipeName: \LOCAL\mojo.6348.2104.14227029396906855579
Image: C:\Program Files (x86)\Microsoft\EdgeWebView\Application\146.0.3856.109\msedgewebview2.exe
User: WIN10DEMO\jolly"
Information,4/25/2026 5:44:12 PM,Microsoft-Windows-Sysmon,17,Pipe Created (rule: PipeEvent),"Pipe Created:
RuleName: -
EventType: CreatePipe
UtcTime: 2026-04-25 07:44:12.030
ProcessGuid: {9172be70-6e0d-69ec-ef00-000000001f00}
ProcessId: 6348
PipeName: \LOCAL\mojo.6348.2104.3962496341261536803
Image: C:\Program Files (x86)\Microsoft\EdgeWebView\Application\146.0.3856.109\msedgewebview2.exe
User: WIN10DEMO\jolly"
Information,4/25/2026 5:44:12 PM,Microsoft-Windows-Sysmon,17,Pipe Created (rule: PipeEvent),"Pipe Created:
RuleName: -
EventType: CreatePipe
UtcTime: 2026-04-25 07:44:12.030
ProcessGuid: {9172be70-6e0d-69ec-ef00-000000001f00}
ProcessId: 6348
PipeName: \LOCAL\mojo.6348.2104.7168156210654308263
Image: C:\Program Files (x86)\Microsoft\EdgeWebView\Application\146.0.3856.109\msedgewebview2.exe
User: WIN10DEMO\jolly"
Information,4/25/2026 5:44:11 PM,Microsoft-Windows-Sysmon,1,Process Create (rule: ProcessCreate),"Process Create:
RuleName: technique_id=T1083,technique_name=File and Directory Discovery
UtcTime: 2026-04-25 07:44:11.910
ProcessGuid: {9172be70-70cb-69ec-c503-000000001f00}
ProcessId: 9788
Image: C:\Program Files (x86)\Microsoft\EdgeWebView\Application\146.0.3856.109\msedgewebview2.exe
FileVersion: 146.0.3856.109
Description: Microsoft Edge WebView2
Product: Microsoft Edge WebView2
Company: Microsoft Corporation
OriginalFileName: msedgewebview2.exe
CommandLine: ""C:\Program Files (x86)\Microsoft\EdgeWebView\Application\146.0.3856.109\msedgewebview2.exe"" --type=renderer --noerrdialogs --user-data-dir=""C:\Users\jolly\AppData\Local\Packages\Microsoft.MicrosoftOfficeHub_8wekyb3d8bbwe\LocalState\EBWebView"" --webview-exe-name=M365Copilot.exe --webview-exe-version=19.2604.38251.0 --embedded-browser-webview=1 --embedded-browser-webview-dpi-awareness=2 --disable-gpu-compositing --video-capture-use-gpu-memory-buffer --lang=en-US --js-flags=--expose-gc --device-scale-factor=1 --num-raster-threads=2 --enable-main-frame-before-activation --renderer-client-id=56 --time-ticks-at-unix-epoch=-1777102076221678 --launch-time-ticks=935019445 --always-read-main-dll --metrics-shmem-handle=3584,i,17324971289031327244,9918566231499053292,2097152 --field-trial-handle=1868,i,15514434203381647951,17821807702279388689,262144 --enable-features=msSingleSignOnOSForPrimaryAccountIsShared --disable-features=msEnhancedTrackingPreventionEnabled --variations-seed-version --pseudonymization-salt-handle=1884,i,14477360231411206170,9314674685075851636,4 --trace-process-track-uuid=3190709038786215038 --mojo-platform-channel-handle=4968 /prefetch:1
CurrentDirectory: C:\Program Files (x86)\Microsoft\EdgeWebView\Application\146.0.3856.109\
User: WIN10DEMO\jolly
LogonGuid: {9172be70-6dc0-69ec-2306-040000000000}
LogonId: 0x40623
TerminalSessionId: 1
IntegrityLevel: Low
Hashes: SHA1=516E5FF797C1E3424E641F74BC0A95CE21C11710,MD5=4D01E2CFBA75938D82A4AA45FFFEB291,SHA256=29CE36EA7A746028BC637095F1068BC29FAC83FC677716FF052B56E913DCE6B7,IMPHASH=82DA08246FA01D20B9DB5C9DDBE8B38C
ParentProcessGuid: {9172be70-6e0d-69ec-ef00-000000001f00}
ParentProcessId: 6348
ParentImage: C:\Program Files (x86)\Microsoft\EdgeWebView\Application\146.0.3856.109\msedgewebview2.exe
ParentCommandLine: ""C:\Program Files (x86)\Microsoft\EdgeWebView\Application\146.0.3856.109\msedgewebview2.exe"" --embedded-browser-webview=1 --webview-exe-name=M365Copilot.exe --webview-exe-version=19.2604.38251.0 --user-data-dir=""C:\Users\jolly\AppData\Local\Packages\Microsoft.MicrosoftOfficeHub_8wekyb3d8bbwe\LocalState\EBWebView"" --noerrdialogs --embedded-browser-webview-dpi-awareness=2 --disable-features=msEnhancedTrackingPreventionEnabled --enable-features=msSingleSignOnOSForPrimaryAccountIsShared --mojo-named-platform-channel-pipe=2408.3868.7952138114952833211
ParentUser: WIN10DEMO\jolly"
Information,4/25/2026 5:44:11 PM,Microsoft-Windows-Sysmon,17,Pipe Created (rule: PipeEvent),"Pipe Created:
RuleName: -
EventType: CreatePipe
UtcTime: 2026-04-25 07:44:11.908
ProcessGuid: {9172be70-6e0d-69ec-ef00-000000001f00}
ProcessId: 6348
PipeName: \LOCAL\mojo.6348.6428.3556273792513928532
Image: C:\Program Files (x86)\Microsoft\EdgeWebView\Application\146.0.3856.109\msedgewebview2.exe
User: WIN10DEMO\jolly"
Information,4/25/2026 5:44:11 PM,Microsoft-Windows-Sysmon,17,Pipe Created (rule: PipeEvent),"Pipe Created:
RuleName: -
EventType: CreatePipe
UtcTime: 2026-04-25 07:44:11.903
ProcessGuid: {9172be70-6e0d-69ec-ef00-000000001f00}
ProcessId: 6348
PipeName: \LOCAL\mojo.6348.2104.11392410101444911259
Image: C:\Program Files (x86)\Microsoft\EdgeWebView\Application\146.0.3856.109\msedgewebview2.exe
User: WIN10DEMO\jolly"
Information,4/25/2026 5:44:11 PM,Microsoft-Windows-Sysmon,17,Pipe Created (rule: PipeEvent),"Pipe Created:
RuleName: -
EventType: CreatePipe
UtcTime: 2026-04-25 07:44:11.898
ProcessGuid: {9172be70-6e0d-69ec-ef00-000000001f00}
ProcessId: 6348
PipeName: \LOCAL\mojo.6348.2104.12289262810119105247
Image: C:\Program Files (x86)\Microsoft\EdgeWebView\Application\146.0.3856.109\msedgewebview2.exe
User: WIN10DEMO\jolly"
Information,4/25/2026 5:44:11 PM,Microsoft-Windows-Sysmon,17,Pipe Created (rule: PipeEvent),"Pipe Created:
RuleName: -
EventType: CreatePipe
UtcTime: 2026-04-25 07:44:11.844
ProcessGuid: {9172be70-70cb-69ec-c403-000000001f00}
ProcessId: 5672
PipeName: \LOCAL\mojo.5672.5992.13438976153901469123
Image: C:\Program Files (x86)\Microsoft\EdgeWebView\Application\146.0.3856.109\msedgewebview2.exe
User: WIN10DEMO\jolly"
Information,4/25/2026 5:44:11 PM,Microsoft-Windows-Sysmon,17,Pipe Created (rule: PipeEvent),"Pipe Created:
RuleName: -
EventType: CreatePipe
UtcTime: 2026-04-25 07:44:11.810
ProcessGuid: {9172be70-6e0d-69ec-ef00-000000001f00}
ProcessId: 6348
PipeName: \LOCAL\mojo.6348.2104.9546332457436915346
Image: C:\Program Files (x86)\Microsoft\EdgeWebView\Application\146.0.3856.109\msedgewebview2.exe
User: WIN10DEMO\jolly"
Information,4/25/2026 5:44:11 PM,Microsoft-Windows-Sysmon,1,Process Create (rule: ProcessCreate),"Process Create:
RuleName: technique_id=T1083,technique_name=File and Directory Discovery
UtcTime: 2026-04-25 07:44:11.723
ProcessGuid: {9172be70-70cb-69ec-c403-000000001f00}
ProcessId: 5672
Image: C:\Program Files (x86)\Microsoft\EdgeWebView\Application\146.0.3856.109\msedgewebview2.exe
FileVersion: 146.0.3856.109
Description: Microsoft Edge WebView2
Product: Microsoft Edge WebView2
Company: Microsoft Corporation
OriginalFileName: msedgewebview2.exe
CommandLine: ""C:\Program Files (x86)\Microsoft\EdgeWebView\Application\146.0.3856.109\msedgewebview2.exe"" --type=renderer --noerrdialogs --user-data-dir=""C:\Users\jolly\AppData\Local\Packages\Microsoft.MicrosoftOfficeHub_8wekyb3d8bbwe\LocalState\EBWebView"" --webview-exe-name=M365Copilot.exe --webview-exe-version=19.2604.38251.0 --embedded-browser-webview=1 --embedded-browser-webview-dpi-awareness=2 --disable-gpu-compositing --video-capture-use-gpu-memory-buffer --lang=en-US --js-flags=--expose-gc --device-scale-factor=1 --num-raster-threads=2 --enable-main-frame-before-activation --renderer-client-id=55 --time-ticks-at-unix-epoch=-1777102076221678 --launch-time-ticks=934832632 --always-read-main-dll --metrics-shmem-handle=3532,i,17714176021295089113,10366120042073832359,2097152 --field-trial-handle=1868,i,15514434203381647951,17821807702279388689,262144 --enable-features=msSingleSignOnOSForPrimaryAccountIsShared --disable-features=msEnhancedTrackingPreventionEnabled --variations-seed-version --pseudonymization-salt-handle=1884,i,14477360231411206170,9314674685075851636,4 --trace-process-track-uuid=3190709037849173189 --mojo-platform-channel-handle=2220 /prefetch:1
CurrentDirectory: C:\Program Files (x86)\Microsoft\EdgeWebView\Application\146.0.3856.109\
User: WIN10DEMO\jolly
LogonGuid: {9172be70-6dc0-69ec-2306-040000000000}
LogonId: 0x40623
TerminalSessionId: 1
IntegrityLevel: Low
Hashes: SHA1=516E5FF797C1E3424E641F74BC0A95CE21C11710,MD5=4D01E2CFBA75938D82A4AA45FFFEB291,SHA256=29CE36EA7A746028BC637095F1068BC29FAC83FC677716FF052B56E913DCE6B7,IMPHASH=82DA08246FA01D20B9DB5C9DDBE8B38C
ParentProcessGuid: {9172be70-6e0d-69ec-ef00-000000001f00}
ParentProcessId: 6348
ParentImage: C:\Program Files (x86)\Microsoft\EdgeWebView\Application\146.0.3856.109\msedgewebview2.exe
ParentCommandLine: ""C:\Program Files (x86)\Microsoft\EdgeWebView\Application\146.0.3856.109\msedgewebview2.exe"" --embedded-browser-webview=1 --webview-exe-name=M365Copilot.exe --webview-exe-version=19.2604.38251.0 --user-data-dir=""C:\Users\jolly\AppData\Local\Packages\Microsoft.MicrosoftOfficeHub_8wekyb3d8bbwe\LocalState\EBWebView"" --noerrdialogs --embedded-browser-webview-dpi-awareness=2 --disable-features=msEnhancedTrackingPreventionEnabled --enable-features=msSingleSignOnOSForPrimaryAccountIsShared --mojo-named-platform-channel-pipe=2408.3868.7952138114952833211
ParentUser: WIN10DEMO\jolly"
Information,4/25/2026 5:44:11 PM,Microsoft-Windows-Sysmon,17,Pipe Created (rule: PipeEvent),"Pipe Created:
RuleName: -
EventType: CreatePipe
UtcTime: 2026-04-25 07:44:11.722
ProcessGuid: {9172be70-6e0d-69ec-ef00-000000001f00}
ProcessId: 6348
PipeName: \LOCAL\mojo.6348.6428.8503960710501040803
Image: C:\Program Files (x86)\Microsoft\EdgeWebView\Application\146.0.3856.109\msedgewebview2.exe
User: WIN10DEMO\jolly"
