Information,4/25/2026 5:34:00 PM,Microsoft-Windows-Sysmon,17,Pipe Created (rule: PipeEvent),"Pipe Created:
RuleName: -
EventType: CreatePipe
UtcTime: 2026-04-25 07:34:00.360
ProcessGuid: {9172be70-6e0d-69ec-ef00-000000001f00}
ProcessId: 6348
PipeName: \LOCAL\mojo.6348.2104.18126182554017132664
Image: C:\Program Files (x86)\Microsoft\EdgeWebView\Application\146.0.3856.109\msedgewebview2.exe
User: WIN10DEMO\jolly"
Information,4/25/2026 5:34:00 PM,Microsoft-Windows-Sysmon,1,Process Create (rule: ProcessCreate),"Process Create:
RuleName: technique_id=T1083,technique_name=File and Directory Discovery
UtcTime: 2026-04-25 07:34:00.208
ProcessGuid: {9172be70-6e68-69ec-3501-000000001f00}
ProcessId: 5792
Image: C:\Program Files (x86)\Microsoft\EdgeWebView\Application\146.0.3856.109\msedgewebview2.exe
FileVersion: 146.0.3856.109
Description: Microsoft Edge WebView2
Product: Microsoft Edge WebView2
Company: Microsoft Corporation
OriginalFileName: msedgewebview2.exe
CommandLine: ""C:\Program Files (x86)\Microsoft\EdgeWebView\Application\146.0.3856.109\msedgewebview2.exe"" --type=renderer --noerrdialogs --user-data-dir=""C:\Users\jolly\AppData\Local\Packages\Microsoft.MicrosoftOfficeHub_8wekyb3d8bbwe\LocalState\EBWebView"" --webview-exe-name=M365Copilot.exe --webview-exe-version=19.2604.38251.0 --embedded-browser-webview=1 --embedded-browser-webview-dpi-awareness=2 --disable-gpu-compositing --video-capture-use-gpu-memory-buffer --lang=en-US --js-flags=--expose-gc --device-scale-factor=1 --num-raster-threads=2 --enable-main-frame-before-activation --renderer-client-id=24 --time-ticks-at-unix-epoch=-1777102076221678 --launch-time-ticks=343102266 --always-read-main-dll --metrics-shmem-handle=5060,i,4545749388401651580,6510083070165037341,2097152 --field-trial-handle=1868,i,15514434203381647951,17821807702279388689,262144 --enable-features=msSingleSignOnOSForPrimaryAccountIsShared --disable-features=msEnhancedTrackingPreventionEnabled --variations-seed-version --pseudonymization-salt-handle=1884,i,14477360231411206170,9314674685075851636,4 --trace-process-track-uuid=3190709008800875870 --mojo-platform-channel-handle=4832 /prefetch:1
CurrentDirectory: C:\Program Files (x86)\Microsoft\EdgeWebView\Application\146.0.3856.109\
User: WIN10DEMO\jolly
LogonGuid: {9172be70-6dc0-69ec-2306-040000000000}
LogonId: 0x40623
TerminalSessionId: 1
IntegrityLevel: Low
Hashes: SHA1=516E5FF797C1E3424E641F74BC0A95CE21C11710,MD5=4D01E2CFBA75938D82A4AA45FFFEB291,SHA256=29CE36EA7A746028BC637095F1068BC29FAC83FC677716FF052B56E913DCE6B7,IMPHASH=82DA08246FA01D20B9DB5C9DDBE8B38C
ParentProcessGuid: {9172be70-6e0d-69ec-ef00-000000001f00}
ParentProcessId: 6348
ParentImage: C:\Program Files (x86)\Microsoft\EdgeWebView\Application\146.0.3856.109\msedgewebview2.exe
ParentCommandLine: ""C:\Program Files (x86)\Microsoft\EdgeWebView\Application\146.0.3856.109\msedgewebview2.exe"" --embedded-browser-webview=1 --webview-exe-name=M365Copilot.exe --webview-exe-version=19.2604.38251.0 --user-data-dir=""C:\Users\jolly\AppData\Local\Packages\Microsoft.MicrosoftOfficeHub_8wekyb3d8bbwe\LocalState\EBWebView"" --noerrdialogs --embedded-browser-webview-dpi-awareness=2 --disable-features=msEnhancedTrackingPreventionEnabled --enable-features=msSingleSignOnOSForPrimaryAccountIsShared --mojo-named-platform-channel-pipe=2408.3868.7952138114952833211
ParentUser: WIN10DEMO\jolly"
Information,4/25/2026 5:34:00 PM,Microsoft-Windows-Sysmon,1,Process Create (rule: ProcessCreate),"Process Create:
RuleName: technique_id=T1083,technique_name=File and Directory Discovery
UtcTime: 2026-04-25 07:34:00.158
ProcessGuid: {9172be70-6e68-69ec-3401-000000001f00}
ProcessId: 5132
Image: C:\Program Files (x86)\Microsoft\EdgeWebView\Application\146.0.3856.109\msedgewebview2.exe
FileVersion: 146.0.3856.109
Description: Microsoft Edge WebView2
Product: Microsoft Edge WebView2
Company: Microsoft Corporation
OriginalFileName: msedgewebview2.exe
CommandLine: ""C:\Program Files (x86)\Microsoft\EdgeWebView\Application\146.0.3856.109\msedgewebview2.exe"" --type=renderer --noerrdialogs --user-data-dir=""C:\Users\jolly\AppData\Local\Packages\Microsoft.MicrosoftOfficeHub_8wekyb3d8bbwe\LocalState\EBWebView"" --webview-exe-name=M365Copilot.exe --webview-exe-version=19.2604.38251.0 --embedded-browser-webview=1 --embedded-browser-webview-dpi-awareness=2 --disable-gpu-compositing --video-capture-use-gpu-memory-buffer --lang=en-US --js-flags=--expose-gc --device-scale-factor=1 --num-raster-threads=2 --enable-main-frame-before-activation --renderer-client-id=23 --time-ticks-at-unix-epoch=-1777102076221678 --launch-time-ticks=343068895 --always-read-main-dll --metrics-shmem-handle=1316,i,12341460622751332631,15970773208593017570,2097152 --field-trial-handle=1868,i,15514434203381647951,17821807702279388689,262144 --enable-features=msSingleSignOnOSForPrimaryAccountIsShared --disable-features=msEnhancedTrackingPreventionEnabled --variations-seed-version --pseudonymization-salt-handle=1884,i,14477360231411206170,9314674685075851636,4 --trace-process-track-uuid=3190709007863834021 --mojo-platform-channel-handle=4712 /prefetch:1
CurrentDirectory: C:\Program Files (x86)\Microsoft\EdgeWebView\Application\146.0.3856.109\
User: WIN10DEMO\jolly
LogonGuid: {9172be70-6dc0-69ec-2306-040000000000}
LogonId: 0x40623
TerminalSessionId: 1
IntegrityLevel: Low
Hashes: SHA1=516E5FF797C1E3424E641F74BC0A95CE21C11710,MD5=4D01E2CFBA75938D82A4AA45FFFEB291,SHA256=29CE36EA7A746028BC637095F1068BC29FAC83FC677716FF052B56E913DCE6B7,IMPHASH=82DA08246FA01D20B9DB5C9DDBE8B38C
ParentProcessGuid: {9172be70-6e0d-69ec-ef00-000000001f00}
ParentProcessId: 6348
ParentImage: C:\Program Files (x86)\Microsoft\EdgeWebView\Application\146.0.3856.109\msedgewebview2.exe
ParentCommandLine: ""C:\Program Files (x86)\Microsoft\EdgeWebView\Application\146.0.3856.109\msedgewebview2.exe"" --embedded-browser-webview=1 --webview-exe-name=M365Copilot.exe --webview-exe-version=19.2604.38251.0 --user-data-dir=""C:\Users\jolly\AppData\Local\Packages\Microsoft.MicrosoftOfficeHub_8wekyb3d8bbwe\LocalState\EBWebView"" --noerrdialogs --embedded-browser-webview-dpi-awareness=2 --disable-features=msEnhancedTrackingPreventionEnabled --enable-features=msSingleSignOnOSForPrimaryAccountIsShared --mojo-named-platform-channel-pipe=2408.3868.7952138114952833211
ParentUser: WIN10DEMO\jolly"
Information,4/25/2026 5:34:00 PM,Microsoft-Windows-Sysmon,17,Pipe Created (rule: PipeEvent),"Pipe Created:
RuleName: -
EventType: CreatePipe
UtcTime: 2026-04-25 07:34:00.203
ProcessGuid: {9172be70-6e0d-69ec-ef00-000000001f00}
ProcessId: 6348
PipeName: \LOCAL\mojo.6348.6428.8422021267699032460
Image: C:\Program Files (x86)\Microsoft\EdgeWebView\Application\146.0.3856.109\msedgewebview2.exe
User: WIN10DEMO\jolly"
Information,4/25/2026 5:34:00 PM,Microsoft-Windows-Sysmon,17,Pipe Created (rule: PipeEvent),"Pipe Created:
RuleName: -
EventType: CreatePipe
UtcTime: 2026-04-25 07:34:00.149
ProcessGuid: {9172be70-6e0d-69ec-ef00-000000001f00}
ProcessId: 6348
PipeName: \LOCAL\mojo.6348.6428.14293449970667777491
Image: C:\Program Files (x86)\Microsoft\EdgeWebView\Application\146.0.3856.109\msedgewebview2.exe
User: WIN10DEMO\jolly"
Information,4/25/2026 5:33:58 PM,Microsoft-Windows-Sysmon,7,Image loaded (rule: ImageLoad),"Image loaded:
RuleName: technique_id=T1574.002,technique_name=DLL Side-Loading
UtcTime: 2026-04-25 07:33:58.977
ProcessGuid: {9172be70-6e61-69ec-3101-000000001f00}
ProcessId: 1492
Image: C:\Program Files\Splunk\bin\python3.13.exe
ImageLoaded: C:\ProgramData\Microsoft\Windows Defender\Platform\4.18.26020.6-0\MpOAV.dll
FileVersion: 4.18.26020.6 (cd0aebd7c18a68cd2e3af14a117b45b178d088f4)
Description: IOfficeAntiVirus Module
Product: Microsoft® Windows® Operating System
Company: Microsoft Corporation
OriginalFileName: MpOAV.dll
Hashes: SHA1=8350F492FC8773C7AD990D4218D9AD1E0C7A3130,MD5=55DCD381DFBB9B84092E09B8D3A7A4CD,SHA256=4FE2F89B85BEE4455BECEF8450A6459B2F9AF50E991A86A8A863FA86AAC3F69E,IMPHASH=876F81A277BF4C5C958E4D3BDB07CFEB
Signed: true
Signature: Microsoft Windows
SignatureStatus: Valid
User: NT AUTHORITY\SYSTEM"
Information,4/25/2026 5:33:58 PM,Microsoft-Windows-Sysmon,7,Image loaded (rule: ImageLoad),"Image loaded:
RuleName: technique_id=T1059.001,technique_name=PowerShell
UtcTime: 2026-04-25 07:33:58.977
ProcessGuid: {9172be70-6e61-69ec-3101-000000001f00}
ProcessId: 1492
Image: C:\Program Files\Splunk\bin\python3.13.exe
ImageLoaded: C:\Windows\System32\amsi.dll
FileVersion: 10.0.19041.4355 (WinBuild.160101.0800)
Description: Anti-Malware Scan Interface
Product: Microsoft® Windows® Operating System
Company: Microsoft Corporation
OriginalFileName: amsi.dll
Hashes: SHA1=347368018E1DAAF4F52C9A4119526313A82ECEEC,MD5=4933108BD5B3219F74AD807DFE8835AD,SHA256=66F7A134F6A4D9FE63DD7D6FF88DDED5796E4D5C7E33BA606DFF4D87D9258C0D,IMPHASH=C414C6B76EBCEEF67B5B752A7E51D4D2
Signed: true
Signature: Microsoft Windows
SignatureStatus: Valid
User: NT AUTHORITY\SYSTEM"
Information,4/25/2026 5:33:58 PM,Microsoft-Windows-Sysmon,13,Registry value set (rule: RegistryEvent),"Registry value set:
RuleName: -
EventType: SetValue
UtcTime: 2026-04-25 07:33:58.508
ProcessGuid: {9172be70-6e21-69ec-0401-000000001f00}
ProcessId: 7276
Image: C:\Program Files (x86)\Microsoft\Edge\Application\msedge.exe
TargetObject: HKLM\System\CurrentControlSet\Services\bam\State\UserSettings\S-1-5-21-1156564983-231300539-2099510246-1000\\Device\HarddiskVolume1\Program Files (x86)\Microsoft\Edge\Application\msedge.exe
Details: Binary Data
User: WIN10DEMO\jolly"
Information,4/25/2026 5:33:55 PM,Microsoft-Windows-Sysmon,22,Dns query (rule: DnsQuery),"Dns query:
RuleName: -
UtcTime: 2026-04-25 07:33:48.237
ProcessGuid: {9172be70-6dcd-69ec-a300-000000001f00}
ProcessId: 5648
QueryName: WIN10DEMO
QueryStatus: 0
QueryResults: fe80::d509:4724:aa38:8272;::ffff:192.168.20.12;
Image: C:\Windows\explorer.exe
User: WIN10DEMO\jolly"
Information,4/25/2026 5:33:51 PM,Microsoft-Windows-Sysmon,13,Registry value set (rule: RegistryEvent),"Registry value set:
RuleName: -
EventType: SetValue
UtcTime: 2026-04-25 07:33:51.852
ProcessGuid: {9172be70-6e57-69ec-2d01-000000001f00}
ProcessId: 7856
Image: C:\Windows\system32\DllHost.exe
TargetObject: HKLM\System\CurrentControlSet\Services\bam\State\UserSettings\S-1-5-21-1156564983-231300539-2099510246-1000\\Device\HarddiskVolume1\Windows\System32\dllhost.exe
Details: Binary Data
User: WIN10DEMO\jolly"
Information,4/25/2026 5:33:50 PM,Microsoft-Windows-Sysmon,1,Process Create (rule: ProcessCreate),"Process Create:
RuleName: technique_id=T1083,technique_name=File and Directory Discovery
UtcTime: 2026-04-25 07:33:49.848
ProcessGuid: {9172be70-6e5d-69ec-3001-000000001f00}
ProcessId: 7596
Image: C:\Windows\System32\rundll32.exe
FileVersion: 10.0.19041.5794 (WinBuild.160101.0800)
Description: Windows host process (Rundll32)
Product: Microsoft® Windows® Operating System
Company: Microsoft Corporation
OriginalFileName: RUNDLL32.EXE
CommandLine: C:\Windows\System32\rundll32.exe C:\Windows\System32\shell32.dll,SHCreateLocalServerRunDll {9aa46009-3ce0-458a-a354-715610a075e6} -Embedding
CurrentDirectory: C:\Windows\system32\
User: WIN10DEMO\jolly
LogonGuid: {9172be70-6dc0-69ec-2306-040000000000}
LogonId: 0x40623
TerminalSessionId: 1
IntegrityLevel: Medium
Hashes: SHA1=EA8254338FF3811AA47061ED360C6DFE482AADAA,MD5=5A43032AEBD51583832EF3E96F5C81DA,SHA256=076592CA1957F8F357CC201F0015072C612F5770AD7DE85F87F254253C754DD7,IMPHASH=F207A867D6098266EE63A3CA677EB0FF
ParentProcessGuid: {9172be70-6da9-69ec-0d00-000000001f00}
ParentProcessId: 844
ParentImage: C:\Windows\System32\svchost.exe
ParentCommandLine: C:\Windows\system32\svchost.exe -k DcomLaunch -p
ParentUser: NT AUTHORITY\SYSTEM"
Information,4/25/2026 5:33:47 PM,Microsoft-Windows-Sysmon,7,Image loaded (rule: ImageLoad),"Image loaded:
RuleName: -
UtcTime: 2026-04-25 07:33:47.380
ProcessGuid: {9172be70-6e5b-69ec-2f01-000000001f00}
ProcessId: 1460
Image: C:\Windows\System32\svchost.exe
ImageLoaded: C:\Windows\System32\urlmon.dll
FileVersion: 11.00.19041.6456 (WinBuild.160101.0800)
Description: OLE32 Extensions for Win32
Product: Internet Explorer
Company: Microsoft Corporation
OriginalFileName: UrlMon.dll
Hashes: SHA1=E20F47594B506E7F66451F86DC3D27ACFBE50690,MD5=4F65F3E866588D1F98279B80D79073D8,SHA256=BA66D852C1EE342E2863FFD42B01E1041CE099EADE6CCCBBB8E64C6475B8958E,IMPHASH=4572A0DE6D775598EF7BE4A1A20049FB
Signed: true
Signature: Microsoft Windows
SignatureStatus: Valid
User: NT AUTHORITY\LOCAL SERVICE"
Information,4/25/2026 5:33:47 PM,Microsoft-Windows-Sysmon,1,Process Create (rule: ProcessCreate),"Process Create:
RuleName: technique_id=T1083,technique_name=File and Directory Discovery
UtcTime: 2026-04-25 07:33:47.078
ProcessGuid: {9172be70-6e5b-69ec-2f01-000000001f00}
ProcessId: 1460
Image: C:\Windows\System32\svchost.exe
FileVersion: 10.0.19041.5794 (WinBuild.160101.0800)
Description: Host Process for Windows Services
Product: Microsoft® Windows® Operating System
Company: Microsoft Corporation
OriginalFileName: svchost.exe
CommandLine: C:\Windows\System32\svchost.exe -k LocalServiceAndNoImpersonation -p -s wcncsvc
CurrentDirectory: C:\Windows\system32\
User: NT AUTHORITY\LOCAL SERVICE
LogonGuid: {9172be70-6daa-69ec-e503-000000000000}
LogonId: 0x3E5
TerminalSessionId: 0
IntegrityLevel: System
Hashes: SHA1=BD4068A70BEEAE18195EDBDCD2837F2F43D254E6,MD5=3D1034D6ED3DAED60816A25C561E8C83,SHA256=B0B36BFF7AE4057F687D839CD4B3D81159AB646F1EE1B22106A927E93DECBB61,IMPHASH=F9BBD96FAE53B7A31264A703CAFA0666
ParentProcessGuid: {9172be70-6da8-69ec-0b00-000000001f00}
ParentProcessId: 696
ParentImage: C:\Windows\System32\services.exe
ParentCommandLine: C:\Windows\system32\services.exe
ParentUser: NT AUTHORITY\SYSTEM"
Information,4/25/2026 5:33:44 PM,Microsoft-Windows-Sysmon,1,Process Create (rule: ProcessCreate),"Process Create:
RuleName: technique_id=T1083,technique_name=File and Directory Discovery
UtcTime: 2026-04-25 07:33:44.248
ProcessGuid: {9172be70-6e58-69ec-2e01-000000001f00}
ProcessId: 7372
Image: C:\Windows\System32\svchost.exe
FileVersion: 10.0.19041.5794 (WinBuild.160101.0800)
Description: Host Process for Windows Services
Product: Microsoft® Windows® Operating System
Company: Microsoft Corporation
OriginalFileName: svchost.exe
CommandLine: C:\Windows\system32\svchost.exe -k LocalService -p -s fdPHost
CurrentDirectory: C:\Windows\system32\
User: NT AUTHORITY\LOCAL SERVICE
LogonGuid: {9172be70-6daa-69ec-e503-000000000000}
LogonId: 0x3E5
TerminalSessionId: 0
IntegrityLevel: System
Hashes: SHA1=BD4068A70BEEAE18195EDBDCD2837F2F43D254E6,MD5=3D1034D6ED3DAED60816A25C561E8C83,SHA256=B0B36BFF7AE4057F687D839CD4B3D81159AB646F1EE1B22106A927E93DECBB61,IMPHASH=F9BBD96FAE53B7A31264A703CAFA0666
ParentProcessGuid: {9172be70-6da8-69ec-0b00-000000001f00}
ParentProcessId: 696
ParentImage: C:\Windows\System32\services.exe
ParentCommandLine: C:\Windows\system32\services.exe
ParentUser: NT AUTHORITY\SYSTEM"
Information,4/25/2026 5:33:43 PM,Microsoft-Windows-Sysmon,7,Image loaded (rule: ImageLoad),"Image loaded:
RuleName: technique_id=T1574.002,technique_name=DLL Side-Loading
UtcTime: 2026-04-25 07:33:43.890
ProcessGuid: {9172be70-6dcd-69ec-a300-000000001f00}
ProcessId: 5648
Image: C:\Windows\explorer.exe
ImageLoaded: C:\ProgramData\Microsoft\Windows Defender\Platform\4.18.26020.6-0\MpOAV.dll
FileVersion: 4.18.26020.6 (cd0aebd7c18a68cd2e3af14a117b45b178d088f4)
Description: IOfficeAntiVirus Module
Product: Microsoft® Windows® Operating System
Company: Microsoft Corporation
OriginalFileName: MpOAV.dll
Hashes: SHA1=8350F492FC8773C7AD990D4218D9AD1E0C7A3130,MD5=55DCD381DFBB9B84092E09B8D3A7A4CD,SHA256=4FE2F89B85BEE4455BECEF8450A6459B2F9AF50E991A86A8A863FA86AAC3F69E,IMPHASH=876F81A277BF4C5C958E4D3BDB07CFEB
Signed: true
Signature: Microsoft Windows
SignatureStatus: Valid
User: WIN10DEMO\jolly"
Information,4/25/2026 5:33:43 PM,Microsoft-Windows-Sysmon,7,Image loaded (rule: ImageLoad),"Image loaded:
RuleName: technique_id=T1059.001,technique_name=PowerShell
UtcTime: 2026-04-25 07:33:43.867
ProcessGuid: {9172be70-6dcd-69ec-a300-000000001f00}
ProcessId: 5648
Image: C:\Windows\explorer.exe
ImageLoaded: C:\Windows\System32\amsi.dll
FileVersion: 10.0.19041.4355 (WinBuild.160101.0800)
Description: Anti-Malware Scan Interface
Product: Microsoft® Windows® Operating System
Company: Microsoft Corporation
OriginalFileName: amsi.dll
Hashes: SHA1=347368018E1DAAF4F52C9A4119526313A82ECEEC,MD5=4933108BD5B3219F74AD807DFE8835AD,SHA256=66F7A134F6A4D9FE63DD7D6FF88DDED5796E4D5C7E33BA606DFF4D87D9258C0D,IMPHASH=C414C6B76EBCEEF67B5B752A7E51D4D2
Signed: true
Signature: Microsoft Windows
SignatureStatus: Valid
User: WIN10DEMO\jolly"
Information,4/25/2026 5:33:43 PM,Microsoft-Windows-Sysmon,13,Registry value set (rule: RegistryEvent),"Registry value set:
RuleName: -
EventType: SetValue
UtcTime: 2026-04-25 07:33:43.697
ProcessGuid: {9172be70-6da9-69ec-0d00-000000001f00}
ProcessId: 844
Image: C:\Windows\system32\svchost.exe
TargetObject: HKLM\System\CurrentControlSet\Services\bam\State\UserSettings\S-1-5-21-1156564983-231300539-2099510246-1000\\Device\HarddiskVolume1\Windows\System32\dllhost.exe
Details: Binary Data
User: NT AUTHORITY\SYSTEM"
Information,4/25/2026 5:33:40 PM,Microsoft-Windows-Sysmon,10,Process accessed (rule: ProcessAccess),"Process accessed:
RuleName: technique_id=T1036,technique_name=Masquerading
UtcTime: 2026-04-25 07:33:40.237
SourceProcessGUID: {9172be70-6df6-69ec-e300-000000001f00}
SourceProcessId: 5776
SourceThreadId: 5044
SourceImage: C:\Users\jolly\AppData\Local\Microsoft\OneDrive\OneDrive.exe
TargetProcessGUID: {9172be70-6dcd-69ec-a300-000000001f00}
TargetProcessId: 5648
TargetImage: C:\Windows\Explorer.EXE
GrantedAccess: 0x1040
CallTrace: C:\Windows\SYSTEM32\ntdll.dll+9e674|C:\Windows\System32\RPCRT4.dll+49f54|C:\Windows\System32\combase.dll+cd75c|C:\Windows\System32\combase.dll+7d468|C:\Windows\System32\combase.dll+7c5eb|C:\Windows\System32\combase.dll+7c6f4|C:\Windows\System32\combase.dll+7c554|C:\Windows\System32\combase.dll+5cf5c|C:\Windows\System32\combase.dll+5cb7a|C:\Windows\System32\combase.dll+a12b4|C:\Windows\System32\combase.dll+986b0|C:\Windows\System32\combase.dll+985cb|C:\Windows\System32\combase.dll+980c0|C:\Windows\System32\combase.dll+51d77|C:\Windows\System32\combase.dll+bcf29|C:\Windows\System32\RPCRT4.dll+d8302|C:\Windows\System32\RPCRT4.dll+119a9|C:\Windows\System32\combase.dll+bc63c|C:\Windows\System32\RPCRT4.dll+5c8cb|C:\Windows\System32\combase.dll+963b3|C:\Windows\System32\combase.dll+9613e|C:\Windows\System32\combase.dll+bfb36|C:\Windows\System32\combase.dll+52b73|C:\Windows\System32\combase.dll+acbfd
SourceUser: WIN10DEMO\jolly
TargetUser: WIN10DEMO\jolly"
Information,4/25/2026 5:33:40 PM,Microsoft-Windows-Sysmon,7,Image loaded (rule: ImageLoad),"Image loaded:
RuleName: technique_id=T1574.002,technique_name=DLL Side-Loading
UtcTime: 2026-04-25 07:33:40.115
ProcessGuid: {9172be70-6e53-69ec-2c01-000000001f00}
ProcessId: 5820
Image: C:\Users\jolly\AppData\Local\Microsoft\OneDrive\26.051.0316.0004\FileCoAuth.exe
ImageLoaded: C:\Users\jolly\AppData\Local\Microsoft\OneDrive\26.051.0316.0004\FileSyncFALWB.dll
FileVersion: 26.051.0316.0004
Description: Microsoft OneDriveFile Sync FAL WB
Product: Microsoft OneDrive
Company: Microsoft Corporation
OriginalFileName: FileSyncFALWB.dll
Hashes: SHA1=FEA5C092B37ECCB0CA374C63F45300A54C66A0C0,MD5=72E5334616B039CB0D15130A75F55ED1,SHA256=0F77BF7CB9124BE0700AC7DFA0A8C1195CC14901284CB52E80C8901382006B90,IMPHASH=26DDBE3E68EB48E8B5FD843B13420615
Signed: true
Signature: Microsoft Corporation
SignatureStatus: Valid
User: WIN10DEMO\jolly"
Information,4/25/2026 5:33:40 PM,Microsoft-Windows-Sysmon,7,Image loaded (rule: ImageLoad),"Image loaded:
RuleName: -
UtcTime: 2026-04-25 07:33:40.115
ProcessGuid: {9172be70-6e53-69ec-2c01-000000001f00}
ProcessId: 5820
Image: C:\Users\jolly\AppData\Local\Microsoft\OneDrive\26.051.0316.0004\FileCoAuth.exe
ImageLoaded: C:\Windows\System32\urlmon.dll
FileVersion: 11.00.19041.6456 (WinBuild.160101.0800)
Description: OLE32 Extensions for Win32
Product: Internet Explorer
Company: Microsoft Corporation
OriginalFileName: UrlMon.dll
Hashes: SHA1=E20F47594B506E7F66451F86DC3D27ACFBE50690,MD5=4F65F3E866588D1F98279B80D79073D8,SHA256=BA66D852C1EE342E2863FFD42B01E1041CE099EADE6CCCBBB8E64C6475B8958E,IMPHASH=4572A0DE6D775598EF7BE4A1A20049FB
Signed: true
Signature: Microsoft Windows
SignatureStatus: Valid
User: WIN10DEMO\jolly"
Information,4/25/2026 5:33:40 PM,Microsoft-Windows-Sysmon,7,Image loaded (rule: ImageLoad),"Image loaded:
RuleName: technique_id=T1574.002,technique_name=DLL Side-Loading
UtcTime: 2026-04-25 07:33:40.020
ProcessGuid: {9172be70-6e53-69ec-2c01-000000001f00}
ProcessId: 5820
Image: C:\Users\jolly\AppData\Local\Microsoft\OneDrive\26.051.0316.0004\FileCoAuth.exe
ImageLoaded: C:\Users\jolly\AppData\Local\Microsoft\OneDrive\26.051.0316.0004\FileSyncFSCache.dll
FileVersion: 26.051.0316.0004
Description: Microsoft OneDriveFile Sync FS Cache
Product: Microsoft OneDrive
Company: Microsoft Corporation
OriginalFileName: FileSyncFSCache.dll
Hashes: SHA1=8FDA80FCD5199A17B423ACB7C8810A489A15A0B2,MD5=2E562A5EA375590F8828F4D90802496C,SHA256=FE184BDF0229196523D9633E7095C2020D9C8C658D634B165BE6AFF0C0A23C39,IMPHASH=77601DD1149416E9EC8EED52BFCFFB47
Signed: true
Signature: Microsoft Corporation
SignatureStatus: Valid
User: WIN10DEMO\jolly"
Information,4/25/2026 5:33:40 PM,Microsoft-Windows-Sysmon,7,Image loaded (rule: ImageLoad),"Image loaded:
RuleName: technique_id=T1574.002,technique_name=DLL Side-Loading
UtcTime: 2026-04-25 07:33:40.020
ProcessGuid: {9172be70-6e53-69ec-2c01-000000001f00}
ProcessId: 5820
Image: C:\Users\jolly\AppData\Local\Microsoft\OneDrive\26.051.0316.0004\FileCoAuth.exe
ImageLoaded: C:\Users\jolly\AppData\Local\Microsoft\OneDrive\26.051.0316.0004\FileSyncFSDbfsWB.dll
FileVersion: 26.051.0316.0004
Description: Microsoft OneDriveFile Sync FS DBFS WB
Product: Microsoft OneDrive
Company: Microsoft Corporation
OriginalFileName: FileSyncFSDbfsWB.dll
Hashes: SHA1=4AA9193502CF76A8145768D956422DDAB805301F,MD5=10C85786A485DBD58906C0668B57DA1A,SHA256=8CD528721D72EC8FDAD5D454FBCF1F637273564A5A0A77B65DCB4DF9A5B5917D,IMPHASH=B75A9E5718EBA82A6B0441812F04C173
Signed: true
Signature: Microsoft Corporation
SignatureStatus: Valid
User: WIN10DEMO\jolly"
Information,4/25/2026 5:33:40 PM,Microsoft-Windows-Sysmon,7,Image loaded (rule: ImageLoad),"Image loaded:
RuleName: technique_id=T1574.002,technique_name=DLL Side-Loading
UtcTime: 2026-04-25 07:33:40.020
ProcessGuid: {9172be70-6e53-69ec-2c01-000000001f00}
ProcessId: 5820
Image: C:\Users\jolly\AppData\Local\Microsoft\OneDrive\26.051.0316.0004\FileCoAuth.exe
ImageLoaded: C:\Users\jolly\AppData\Local\Microsoft\OneDrive\26.051.0316.0004\FileSyncFSNtfsWB.dll
FileVersion: 26.051.0316.0004
Description: Microsoft OneDriveFile Sync FS NTFS WB
Product: Microsoft OneDrive
Company: Microsoft Corporation
OriginalFileName: FileSyncFSNtfsWB.dll
Hashes: SHA1=F07256DFBF648D8DACB111B0813CA83DE1CCD4F9,MD5=B7EE82011E0B5B64859A735F6FF49F5C,SHA256=5F3C1F7EA1155A38F1F05D5324F56710C20BD68C148A74B8522A17E46DF61472,IMPHASH=F6A343BD226DAFE2C945D511DC729B59
Signed: true
Signature: Microsoft Corporation
SignatureStatus: Valid
User: WIN10DEMO\jolly"
Information,4/25/2026 5:33:40 PM,Microsoft-Windows-Sysmon,7,Image loaded (rule: ImageLoad),"Image loaded:
RuleName: technique_id=T1574.002,technique_name=DLL Side-Loading
UtcTime: 2026-04-25 07:33:40.020
ProcessGuid: {9172be70-6e53-69ec-2c01-000000001f00}
ProcessId: 5820
Image: C:\Users\jolly\AppData\Local\Microsoft\OneDrive\26.051.0316.0004\FileCoAuth.exe
ImageLoaded: C:\Users\jolly\AppData\Local\Microsoft\OneDrive\26.051.0316.0004\FileSyncFSNtfs.dll
FileVersion: 26.051.0316.0004
Description: Microsoft OneDriveFile Sync FS NTFS
Product: Microsoft OneDrive
Company: Microsoft Corporation
OriginalFileName: FileSyncFSNtfs.dll
Hashes: SHA1=1E9F3A72F046C43C311BB34AABA3C7CBF6C34149,MD5=7393BC69BDC7B9E87E70969EC5713F89,SHA256=B830F5CBAE5C3CD441604C87F34F37B4DC8169D6DFA32898023F053C5021902E,IMPHASH=EF11FAEB9AF9C0C7B77AB2B678798B3E
Signed: true
Signature: Microsoft Corporation
SignatureStatus: Valid
User: WIN10DEMO\jolly"
Information,4/25/2026 5:33:40 PM,Microsoft-Windows-Sysmon,7,Image loaded (rule: ImageLoad),"Image loaded:
RuleName: technique_id=T1574.002,technique_name=DLL Side-Loading
UtcTime: 2026-04-25 07:33:39.974
ProcessGuid: {9172be70-6e53-69ec-2c01-000000001f00}
ProcessId: 5820
Image: C:\Users\jolly\AppData\Local\Microsoft\OneDrive\26.051.0316.0004\FileCoAuth.exe
ImageLoaded: C:\Users\jolly\AppData\Local\Microsoft\OneDrive\26.051.0316.0004\FileSyncTelemetryExtensions.dll
FileVersion: 26.051.0316.0004
Description: TelemetryExtensions Library
Product: Microsoft OneDrive
Company: Microsoft Corporation
OriginalFileName: FileSyncTelemetryExtensions.dll
Hashes: SHA1=44D1D0A10A7BC51693A9BF5C911C3B3F1681A46B,MD5=FAC85E21D8F15071AE4B41199DDD9FF5,SHA256=63CDD43C02898D4ADCC948552593A5BC54FF927CD1F221F1BA3FD876307026A5,IMPHASH=0E57CE21412F6C9093DE90251D95F1A0
Signed: true
Signature: Microsoft Corporation
SignatureStatus: Valid
User: WIN10DEMO\jolly"
Information,4/25/2026 5:33:40 PM,Microsoft-Windows-Sysmon,7,Image loaded (rule: ImageLoad),"Image loaded:
RuleName: technique_id=T1574.002,technique_name=DLL Side-Loading
UtcTime: 2026-04-25 07:33:39.900
ProcessGuid: {9172be70-6e53-69ec-2c01-000000001f00}
ProcessId: 5820
Image: C:\Users\jolly\AppData\Local\Microsoft\OneDrive\26.051.0316.0004\FileCoAuth.exe
ImageLoaded: C:\Users\jolly\AppData\Local\Microsoft\OneDrive\26.051.0316.0004\OneDriveTelemetryStable.dll
FileVersion: 26.051.0316.0004
Description: OneDriveTelemetry Stable DLL
Product: Microsoft OneDrive
Company: Microsoft Corporation
OriginalFileName: OneDriveTelemetryStable.dll
Hashes: SHA1=70148DDC5D5F166F200C1F5FDD0C017648F54A01,MD5=327202EEBA471C0B87F3FC17B6F44244,SHA256=4159397E2166A7EB7EBF279EEA549417E7DF9F35DA34EFD212D553708FE4E1E9,IMPHASH=060C58E24ADA6DF05900343230BF49C0
Signed: true
Signature: Microsoft Corporation
SignatureStatus: Valid
User: WIN10DEMO\jolly"
Information,4/25/2026 5:33:39 PM,Microsoft-Windows-Sysmon,7,Image loaded (rule: ImageLoad),"Image loaded:
RuleName: technique_id=T1574.002,technique_name=DLL Side-Loading
UtcTime: 2026-04-25 07:33:39.856
ProcessGuid: {9172be70-6e53-69ec-2c01-000000001f00}
ProcessId: 5820
Image: C:\Users\jolly\AppData\Local\Microsoft\OneDrive\26.051.0316.0004\FileCoAuth.exe
ImageLoaded: C:\Users\jolly\AppData\Local\Microsoft\OneDrive\26.051.0316.0004\adal.dll
FileVersion: 2.3.2.18301
Description: ADAL.Native
Product: Microsoft© ADAL
Company: Microsoft
OriginalFileName: adal.dll
Hashes: SHA1=65ED39E0B7E2E1D4A3C57E8799989E306824DFDB,MD5=1509FC1AFDC9BEDC8028AC4112ADBB75,SHA256=826F50AB829233079873E16850AF50190223FF0AB7108255D5C4F691651203B9,IMPHASH=DFE10357CDA24DAD96A0785D6ED8BD39
Signed: true
Signature: Microsoft Corporation
SignatureStatus: Valid
User: WIN10DEMO\jolly"
Information,4/25/2026 5:33:39 PM,Microsoft-Windows-Sysmon,7,Image loaded (rule: ImageLoad),"Image loaded:
RuleName: technique_id=T1574.002,technique_name=DLL Side-Loading
UtcTime: 2026-04-25 07:33:39.840
ProcessGuid: {9172be70-6e53-69ec-2c01-000000001f00}
ProcessId: 5820
Image: C:\Users\jolly\AppData\Local\Microsoft\OneDrive\26.051.0316.0004\FileCoAuth.exe
ImageLoaded: C:\Users\jolly\AppData\Local\Microsoft\OneDrive\26.051.0316.0004\msvcp140_atomic_wait.dll
FileVersion: 14.50.35717.0
Description: Microsoft® C Runtime Library _atomic_wait
Product: Microsoft® Visual Studio®
Company: Microsoft Corporation
OriginalFileName: msvcp140_atomic_wait.dll
Hashes: SHA1=FB4D0FAA38BD85B2EC8D29C1DFD39F3899450854,MD5=C50BE8658D68666426CEB9383C5A7D07,SHA256=3915C8830EC638203282B2EAFA3AB0378A2D8C617A05322ABF0D42CDA973ACB6,IMPHASH=2DD8B33E8D0AE15111EDCC5FE4982D9D
Signed: true
Signature: Microsoft Corporation
SignatureStatus: Valid
User: WIN10DEMO\jolly"
Information,4/25/2026 5:33:39 PM,Microsoft-Windows-Sysmon,7,Image loaded (rule: ImageLoad),"Image loaded:
RuleName: technique_id=T1574.002,technique_name=DLL Side-Loading
UtcTime: 2026-04-25 07:33:39.785
ProcessGuid: {9172be70-6e53-69ec-2c01-000000001f00}
ProcessId: 5820
Image: C:\Users\jolly\AppData\Local\Microsoft\OneDrive\26.051.0316.0004\FileCoAuth.exe
ImageLoaded: C:\Users\jolly\AppData\Local\Microsoft\OneDrive\26.051.0316.0004\FileSyncSessions.dll
FileVersion: 26.051.0316.0004
Description: P2P Session Library
Product: Microsoft OneDrive
Company: Microsoft Corporation
OriginalFileName: FileSyncSessions.dll
Hashes: SHA1=4AEA41BE9D22B27E62B450688206F758ECFFD87C,MD5=2731F461B5C0DCBF5F157D9509FA90A1,SHA256=5850D1EB0DEAB9C2CB5BA5D11DF1BAC3277A7460F0426B9CBF1A27A49ECEA579,IMPHASH=64822D7050AE9AF6C35001CACEA11056
Signed: true
Signature: Microsoft Corporation
SignatureStatus: Valid
User: WIN10DEMO\jolly"
Information,4/25/2026 5:33:39 PM,Microsoft-Windows-Sysmon,7,Image loaded (rule: ImageLoad),"Image loaded:
RuleName: technique_id=T1574.002,technique_name=DLL Side-Loading
UtcTime: 2026-04-25 07:33:39.785
ProcessGuid: {9172be70-6e53-69ec-2c01-000000001f00}
ProcessId: 5820
Image: C:\Users\jolly\AppData\Local\Microsoft\OneDrive\26.051.0316.0004\FileCoAuth.exe
ImageLoaded: C:\Users\jolly\AppData\Local\Microsoft\OneDrive\26.051.0316.0004\FileSyncSqlite3.dll
FileVersion: 26.051.0316.0004
Description: Microsoft OneDrive Sqlite Library
Product: Microsoft OneDrive
Company: Microsoft Corporation
OriginalFileName: FileSyncSqlite3.dll
Hashes: SHA1=BC9CDE4B6726B04F21AD275FBA14C19602423D20,MD5=0815F3D1E1D1497FA555B87D5AE0EB60,SHA256=B44E5D0A392AD954702F6ADEEDF3110D19851ED323DDC1B6CC59C119124B3D69,IMPHASH=3518EF830F255841705D75FD794D8255
Signed: true
Signature: Microsoft Corporation
SignatureStatus: Valid
User: WIN10DEMO\jolly"
Information,4/25/2026 5:33:39 PM,Microsoft-Windows-Sysmon,7,Image loaded (rule: ImageLoad),"Image loaded:
RuleName: technique_id=T1574.002,technique_name=DLL Side-Loading
UtcTime: 2026-04-25 07:33:39.785
ProcessGuid: {9172be70-6e53-69ec-2c01-000000001f00}
ProcessId: 5820
Image: C:\Users\jolly\AppData\Local\Microsoft\OneDrive\26.051.0316.0004\FileCoAuth.exe
ImageLoaded: C:\Users\jolly\AppData\Local\Microsoft\OneDrive\26.051.0316.0004\FileSyncFS.dll
FileVersion: 26.051.0316.0004
Description: Microsoft OneDriveFile Sync FS
Product: Microsoft OneDrive
Company: Microsoft Corporation
OriginalFileName: FileSyncFS.dll
Hashes: SHA1=4B06B5C1E65EF34E230EA2F5F935F940217EB1FC,MD5=9774D60174FAAC68B55A54E4E7C9E59C,SHA256=29963D22067D02FD98EA93CB7A8B893E7FA12C3723BF89524D74E96FC2E0661D,IMPHASH=1A13E28DB4589B82598D791D998D8A56
Signed: true
Signature: Microsoft Corporation
SignatureStatus: Valid
User: WIN10DEMO\jolly"
Information,4/25/2026 5:33:39 PM,Microsoft-Windows-Sysmon,7,Image loaded (rule: ImageLoad),"Image loaded:
RuleName: technique_id=T1574.002,technique_name=DLL Side-Loading
UtcTime: 2026-04-25 07:33:39.785
ProcessGuid: {9172be70-6e53-69ec-2c01-000000001f00}
ProcessId: 5820
Image: C:\Users\jolly\AppData\Local\Microsoft\OneDrive\26.051.0316.0004\FileCoAuth.exe
ImageLoaded: C:\Users\jolly\AppData\Local\Microsoft\OneDrive\26.051.0316.0004\UpdateRingSettings.dll
FileVersion: 26.051.0316.0004
Description: Update Ring Settings
Product: Microsoft OneDrive
Company: Microsoft Corporation
OriginalFileName: UpdateRingSettings.dll
Hashes: SHA1=A7A3C9B21C180E7EFF9919D160DD8FB7BBA8D3D7,MD5=D0DBC08305DE0948279A793B279CF1A0,SHA256=FFBA487D0C0C1930AB99A23969EF010B49B9100C14C194841DC0D3FB27705504,IMPHASH=03ECDBB53EF6D00F1BA6C8EA1F7F0369
Signed: true
Signature: Microsoft Corporation
SignatureStatus: Valid
User: WIN10DEMO\jolly"
Information,4/25/2026 5:33:39 PM,Microsoft-Windows-Sysmon,7,Image loaded (rule: ImageLoad),"Image loaded:
RuleName: technique_id=T1574.002,technique_name=DLL Side-Loading
UtcTime: 2026-04-25 07:33:39.785
ProcessGuid: {9172be70-6e53-69ec-2c01-000000001f00}
ProcessId: 5820
Image: C:\Users\jolly\AppData\Local\Microsoft\OneDrive\26.051.0316.0004\FileCoAuth.exe
ImageLoaded: C:\Users\jolly\AppData\Local\Microsoft\OneDrive\26.051.0316.0004\UpdateRingSettings.dll
FileVersion: 26.051.0316.0004
Description: Update Ring Settings
Product: Microsoft OneDrive
Company: Microsoft Corporation
OriginalFileName: UpdateRingSettings.dll
Hashes: SHA1=A7A3C9B21C180E7EFF9919D160DD8FB7BBA8D3D7,MD5=D0DBC08305DE0948279A793B279CF1A0,SHA256=FFBA487D0C0C1930AB99A23969EF010B49B9100C14C194841DC0D3FB27705504,IMPHASH=03ECDBB53EF6D00F1BA6C8EA1F7F0369
Signed: true
Signature: Microsoft Corporation
SignatureStatus: Valid
User: WIN10DEMO\jolly"
Information,4/25/2026 5:33:39 PM,Microsoft-Windows-Sysmon,7,Image loaded (rule: ImageLoad),"Image loaded:
RuleName: technique_id=T1574.002,technique_name=DLL Side-Loading
UtcTime: 2026-04-25 07:33:39.785
ProcessGuid: {9172be70-6e53-69ec-2c01-000000001f00}
ProcessId: 5820
Image: C:\Users\jolly\AppData\Local\Microsoft\OneDrive\26.051.0316.0004\FileCoAuth.exe
ImageLoaded: C:\Users\jolly\AppData\Local\Microsoft\OneDrive\26.051.0316.0004\FileSyncEvents.dll
FileVersion: 26.051.0316.0004
Description: EventMachine Library
Product: Microsoft OneDrive
Company: Microsoft Corporation
OriginalFileName: FileSyncEvents.dll
Hashes: SHA1=B39FB9059ABA4485038C97FAE21D5BC72A43D89D,MD5=78D3E822E66CAFC00AA4776B571EDC5A,SHA256=7FCBED1547C6087DFDA54704EF700CA31873D921B4C5708F5E91D0B74BE7BDD5,IMPHASH=E5CB0AF1DC1C60266B69AB63E79C47DF
Signed: true
Signature: Microsoft Corporation
SignatureStatus: Valid
User: WIN10DEMO\jolly"
Information,4/25/2026 5:33:39 PM,Microsoft-Windows-Sysmon,7,Image loaded (rule: ImageLoad),"Image loaded:
RuleName: technique_id=T1574.002,technique_name=DLL Side-Loading
UtcTime: 2026-04-25 07:33:39.785
ProcessGuid: {9172be70-6e53-69ec-2c01-000000001f00}
ProcessId: 5820
Image: C:\Users\jolly\AppData\Local\Microsoft\OneDrive\26.051.0316.0004\FileCoAuth.exe
ImageLoaded: C:\Users\jolly\AppData\Local\Microsoft\OneDrive\26.051.0316.0004\msvcp140.dll
FileVersion: 14.50.35717.0
Description: Microsoft® C Runtime Library
Product: Microsoft® Visual Studio®
Company: Microsoft Corporation
OriginalFileName: msvcp140.dll
Hashes: SHA1=314A46D95C284B3EC16D63011A155EF14F8DA5A7,MD5=AC8C6C8F84A01C45A02CC59075CC8636,SHA256=FBC76265FE94360770149B2EE010A083BD41610092A48D331E4A50ADE40B2972,IMPHASH=98261F6662FEE22446967EAA5226EE3A
Signed: true
Signature: Microsoft Corporation
SignatureStatus: Valid
User: WIN10DEMO\jolly"
Information,4/25/2026 5:33:39 PM,Microsoft-Windows-Sysmon,7,Image loaded (rule: ImageLoad),"Image loaded:
RuleName: technique_id=T1574.002,technique_name=DLL Side-Loading
UtcTime: 2026-04-25 07:33:39.785
ProcessGuid: {9172be70-6e53-69ec-2c01-000000001f00}
ProcessId: 5820
Image: C:\Users\jolly\AppData\Local\Microsoft\OneDrive\26.051.0316.0004\FileCoAuth.exe
ImageLoaded: C:\Users\jolly\AppData\Local\Microsoft\OneDrive\26.051.0316.0004\vcruntime140.dll
FileVersion: 14.50.35717.0
Description: Microsoft® C Runtime Library
Product: Microsoft® Visual Studio®
Company: Microsoft Corporation
OriginalFileName: vcruntime140.dll
Hashes: SHA1=762B45DB20290A54E83861456D3E40AC6C9601B9,MD5=1756E382708D39AD4C216B468F91DB11,SHA256=911E0D4A1754B1D9F8F7A577729D2BA74DD405B8027FCF4DF5841626F270D19D,IMPHASH=CFD5D6CB7ECDAFFF3769E90C815D91D2
Signed: true
Signature: Microsoft Corporation
SignatureStatus: Valid
User: WIN10DEMO\jolly"
Information,4/25/2026 5:33:39 PM,Microsoft-Windows-Sysmon,7,Image loaded (rule: ImageLoad),"Image loaded:
RuleName: technique_id=T1574.002,technique_name=DLL Side-Loading
UtcTime: 2026-04-25 07:33:39.785
ProcessGuid: {9172be70-6e53-69ec-2c01-000000001f00}
ProcessId: 5820
Image: C:\Users\jolly\AppData\Local\Microsoft\OneDrive\26.051.0316.0004\FileCoAuth.exe
ImageLoaded: C:\Users\jolly\AppData\Local\Microsoft\OneDrive\26.051.0316.0004\vcruntime140_1.dll
FileVersion: 14.50.35717.0
Description: Microsoft® C Runtime Library
Product: Microsoft® Visual Studio®
Company: Microsoft Corporation
OriginalFileName: vcruntime140_1.dll
Hashes: SHA1=8F80898D75E7C84977BBFDE2D4EE5CCE284D0CE0,MD5=70DCBDA25747DC5A10EFB5465DE4E9ED,SHA256=6CE58E7B441FB7ADC7FFFEB14C73502365EA13905EB2DCE2520154D45E58F570,IMPHASH=F40F99423FB23779E530408661A19260
Signed: true
Signature: Microsoft Corporation
SignatureStatus: Valid
User: WIN10DEMO\jolly"
Information,4/25/2026 5:33:39 PM,Microsoft-Windows-Sysmon,7,Image loaded (rule: ImageLoad),"Image loaded:
RuleName: technique_id=T1574.002,technique_name=DLL Side-Loading
UtcTime: 2026-04-25 07:33:39.785
ProcessGuid: {9172be70-6e53-69ec-2c01-000000001f00}
ProcessId: 5820
Image: C:\Users\jolly\AppData\Local\Microsoft\OneDrive\26.051.0316.0004\FileCoAuth.exe
ImageLoaded: C:\Users\jolly\AppData\Local\Microsoft\OneDrive\26.051.0316.0004\Telemetry.dll
FileVersion: 26.051.0316.0004
Description: Telemetry Library
Product: Microsoft OneDrive
Company: Microsoft Corporation
OriginalFileName: Telemetry.dll
Hashes: SHA1=71A9A44EFE24D8EA58E0E618FAD76A38A9D8C6B7,MD5=E581C20A2396BF2B551D4AFA7B7773B7,SHA256=27C66F01EF12DBFE994936C71F588F81749EAF785DB13123150403006BD69627,IMPHASH=0F448F5AD25EDA0D404056073B1DA8ED
Signed: true
Signature: Microsoft Corporation
SignatureStatus: Valid
User: WIN10DEMO\jolly"
Information,4/25/2026 5:33:39 PM,Microsoft-Windows-Sysmon,7,Image loaded (rule: ImageLoad),"Image loaded:
RuleName: technique_id=T1574.002,technique_name=DLL Side-Loading
UtcTime: 2026-04-25 07:33:39.747
ProcessGuid: {9172be70-6e53-69ec-2c01-000000001f00}
ProcessId: 5820
Image: C:\Users\jolly\AppData\Local\Microsoft\OneDrive\26.051.0316.0004\FileCoAuth.exe
ImageLoaded: C:\Users\jolly\AppData\Local\Microsoft\OneDrive\26.051.0316.0004\LoggingPlatform.dll
FileVersion: 26.051.0316.0004
Description: Logging Platform
Product: Microsoft OneDrive
Company: Microsoft Corporation
OriginalFileName: LoggingPlatform.dll
Hashes: SHA1=88A441015F95734952B6D0107B0CCDE85BFBCD99,MD5=A32AEBCC07025CEE4987BFF195B07F72,SHA256=4DE36F8AC27F1F97D52B456D48F262202A5854E644561E3AD6A066EF3617D63D,IMPHASH=10CFE69683EAAD778CB745A8A2141D1F
Signed: true
Signature: Microsoft Corporation
SignatureStatus: Valid
User: WIN10DEMO\jolly"
Information,4/25/2026 5:33:39 PM,Microsoft-Windows-Sysmon,7,Image loaded (rule: ImageLoad),"Image loaded:
RuleName: technique_id=T1574.002,technique_name=DLL Side-Loading
UtcTime: 2026-04-25 07:33:39.747
ProcessGuid: {9172be70-6e53-69ec-2c01-000000001f00}
ProcessId: 5820
Image: C:\Users\jolly\AppData\Local\Microsoft\OneDrive\26.051.0316.0004\FileCoAuth.exe
ImageLoaded: C:\Users\jolly\AppData\Local\Microsoft\OneDrive\26.051.0316.0004\FileSyncHost.dll
FileVersion: 26.051.0316.0004
Description: Microsoft OneDriveFile Sync Host
Product: Microsoft OneDrive
Company: Microsoft Corporation
OriginalFileName: FileSyncHost.dll
Hashes: SHA1=DA42BE439E1730B24774E1213F7740C262A53155,MD5=1F6530DCAF2E9ADD93D501E4E593BE7E,SHA256=CDEECDD37C82DBE21A702C850B51C147EF961BD1ED12ACBAF74D145859F79B04,IMPHASH=B8BF81A154070E2901F769994B05609D
Signed: true
Signature: Microsoft Corporation
SignatureStatus: Valid
User: WIN10DEMO\jolly"
Information,4/25/2026 5:33:39 PM,Microsoft-Windows-Sysmon,7,Image loaded (rule: ImageLoad),"Image loaded:
RuleName: technique_id=T1574.002,technique_name=DLL Side-Loading
UtcTime: 2026-04-25 07:33:39.713
ProcessGuid: {9172be70-6e53-69ec-2c01-000000001f00}
ProcessId: 5820
Image: C:\Users\jolly\AppData\Local\Microsoft\OneDrive\26.051.0316.0004\FileCoAuth.exe
ImageLoaded: C:\Users\jolly\AppData\Local\Microsoft\OneDrive\26.051.0316.0004\FileCoAuth.exe
FileVersion: 26.051.0316.0004
Description: Microsoft OneDriveFile Co-Authoring Executable
Product: Microsoft OneDrive
Company: Microsoft Corporation
OriginalFileName: FileCoAuth.exe
Hashes: SHA1=AC8AC8EF19B28D4C85C38867BE0F56994835D059,MD5=4940CFC3F37E8D1F0C62EC189CF72730,SHA256=3310DED4CDD033B3F1B27BAC38C998983C57E5CFBCC549C3298EAAA76B37FD49,IMPHASH=65972A0597B9AADFFF345CFDF6D1DB79
Signed: true
Signature: Microsoft Corporation
SignatureStatus: Valid
User: WIN10DEMO\jolly"
Information,4/25/2026 5:33:39 PM,Microsoft-Windows-Sysmon,1,Process Create (rule: ProcessCreate),"Process Create:
RuleName: technique_id=T1036,technique_name=Masquerading
UtcTime: 2026-04-25 07:33:39.683
ProcessGuid: {9172be70-6e53-69ec-2c01-000000001f00}
ProcessId: 5820
Image: C:\Users\jolly\AppData\Local\Microsoft\OneDrive\26.051.0316.0004\FileCoAuth.exe
FileVersion: 26.051.0316.0004
Description: Microsoft OneDriveFile Co-Authoring Executable
Product: Microsoft OneDrive
Company: Microsoft Corporation
OriginalFileName: FileCoAuth.exe
CommandLine: ""C:\Users\jolly\AppData\Local\Microsoft\OneDrive\26.051.0316.0004\FileCoAuth.exe"" -Embedding
CurrentDirectory: C:\Windows\system32\
User: WIN10DEMO\jolly
LogonGuid: {9172be70-6dc0-69ec-2306-040000000000}
LogonId: 0x40623
TerminalSessionId: 1
IntegrityLevel: Medium
Hashes: SHA1=AC8AC8EF19B28D4C85C38867BE0F56994835D059,MD5=4940CFC3F37E8D1F0C62EC189CF72730,SHA256=3310DED4CDD033B3F1B27BAC38C998983C57E5CFBCC549C3298EAAA76B37FD49,IMPHASH=65972A0597B9AADFFF345CFDF6D1DB79
ParentProcessGuid: {9172be70-6da9-69ec-0d00-000000001f00}
ParentProcessId: 844
ParentImage: C:\Windows\System32\svchost.exe
ParentCommandLine: C:\Windows\system32\svchost.exe -k DcomLaunch -p
ParentUser: NT AUTHORITY\SYSTEM"
Information,4/25/2026 5:33:36 PM,Microsoft-Windows-Sysmon,13,Registry value set (rule: RegistryEvent),"Registry value set:
RuleName: -
EventType: SetValue
UtcTime: 2026-04-25 07:33:36.182
ProcessGuid: {9172be70-6e20-69ec-0101-000000001f00}
ProcessId: 2624
Image: C:\Program Files (x86)\Microsoft\Edge\Application\msedge.exe
TargetObject: HKLM\System\CurrentControlSet\Services\bam\State\UserSettings\S-1-5-21-1156564983-231300539-2099510246-1000\\Device\HarddiskVolume1\Program Files (x86)\Microsoft\Edge\Application\msedge.exe
Details: Binary Data
User: WIN10DEMO\jolly"
Information,4/25/2026 5:33:35 PM,Microsoft-Windows-Sysmon,17,Pipe Created (rule: PipeEvent),"Pipe Created:
RuleName: -
EventType: CreatePipe
UtcTime: 2026-04-25 07:33:35.924
ProcessGuid: {9172be70-6e0d-69ec-ef00-000000001f00}
ProcessId: 6348
PipeName: \LOCAL\mojo.6348.2104.3185707384857840940
Image: C:\Program Files (x86)\Microsoft\EdgeWebView\Application\146.0.3856.109\msedgewebview2.exe
User: WIN10DEMO\jolly"
Information,4/25/2026 5:33:35 PM,Microsoft-Windows-Sysmon,17,Pipe Created (rule: PipeEvent),"Pipe Created:
RuleName: -
EventType: CreatePipe
UtcTime: 2026-04-25 07:33:35.909
ProcessGuid: {9172be70-6e0d-69ec-ef00-000000001f00}
ProcessId: 6348
PipeName: \LOCAL\mojo.6348.2104.3190904462562882211
Image: C:\Program Files (x86)\Microsoft\EdgeWebView\Application\146.0.3856.109\msedgewebview2.exe
User: WIN10DEMO\jolly"
Information,4/25/2026 5:33:35 PM,Microsoft-Windows-Sysmon,17,Pipe Created (rule: PipeEvent),"Pipe Created:
RuleName: -
EventType: CreatePipe
UtcTime: 2026-04-25 07:33:35.891
ProcessGuid: {9172be70-6e0d-69ec-ef00-000000001f00}
ProcessId: 6348
PipeName: \LOCAL\mojo.6348.2104.6768993842512793511
Image: C:\Program Files (x86)\Microsoft\EdgeWebView\Application\146.0.3856.109\msedgewebview2.exe
User: WIN10DEMO\jolly"
Information,4/25/2026 5:33:35 PM,Microsoft-Windows-Sysmon,17,Pipe Created (rule: PipeEvent),"Pipe Created:
RuleName: -
EventType: CreatePipe
UtcTime: 2026-04-25 07:33:35.803
ProcessGuid: {9172be70-6e4f-69ec-2b01-000000001f00}
ProcessId: 5332
PipeName: \LOCAL\mojo.5332.912.5624277857987766826
Image: C:\Program Files (x86)\Microsoft\EdgeWebView\Application\146.0.3856.109\msedgewebview2.exe
User: WIN10DEMO\jolly"
Information,4/25/2026 5:33:35 PM,Microsoft-Windows-Sysmon,17,Pipe Created (rule: PipeEvent),"Pipe Created:
RuleName: -
EventType: CreatePipe
UtcTime: 2026-04-25 07:33:35.762
ProcessGuid: {9172be70-6e0d-69ec-ef00-000000001f00}
ProcessId: 6348
PipeName: \LOCAL\mojo.6348.2104.15456003590378874338
Image: C:\Program Files (x86)\Microsoft\EdgeWebView\Application\146.0.3856.109\msedgewebview2.exe
User: WIN10DEMO\jolly"
Information,4/25/2026 5:33:35 PM,Microsoft-Windows-Sysmon,17,Pipe Created (rule: PipeEvent),"Pipe Created:
RuleName: -
EventType: CreatePipe
UtcTime: 2026-04-25 07:33:35.753
ProcessGuid: {9172be70-6e0d-69ec-ef00-000000001f00}
ProcessId: 6348
PipeName: \LOCAL\mojo.6348.2104.13887031394789926184
Image: C:\Program Files (x86)\Microsoft\EdgeWebView\Application\146.0.3856.109\msedgewebview2.exe
User: WIN10DEMO\jolly"
Information,4/25/2026 5:33:35 PM,Microsoft-Windows-Sysmon,17,Pipe Created (rule: PipeEvent),"Pipe Created:
RuleName: -
EventType: CreatePipe
UtcTime: 2026-04-25 07:33:35.753
ProcessGuid: {9172be70-6e0d-69ec-ef00-000000001f00}
ProcessId: 6348
PipeName: \LOCAL\mojo.6348.2104.14295130354073083627
Image: C:\Program Files (x86)\Microsoft\EdgeWebView\Application\146.0.3856.109\msedgewebview2.exe
User: WIN10DEMO\jolly"
Information,4/25/2026 5:33:35 PM,Microsoft-Windows-Sysmon,1,Process Create (rule: ProcessCreate),"Process Create:
RuleName: technique_id=T1083,technique_name=File and Directory Discovery
UtcTime: 2026-04-25 07:33:35.501
ProcessGuid: {9172be70-6e4f-69ec-2b01-000000001f00}
ProcessId: 5332
Image: C:\Program Files (x86)\Microsoft\EdgeWebView\Application\146.0.3856.109\msedgewebview2.exe
FileVersion: 146.0.3856.109
Description: Microsoft Edge WebView2
Product: Microsoft Edge WebView2
Company: Microsoft Corporation
OriginalFileName: msedgewebview2.exe
CommandLine: ""C:\Program Files (x86)\Microsoft\EdgeWebView\Application\146.0.3856.109\msedgewebview2.exe"" --type=renderer --noerrdialogs --user-data-dir=""C:\Users\jolly\AppData\Local\Packages\Microsoft.MicrosoftOfficeHub_8wekyb3d8bbwe\LocalState\EBWebView"" --webview-exe-name=M365Copilot.exe --webview-exe-version=19.2604.38251.0 --embedded-browser-webview=1 --embedded-browser-webview-dpi-awareness=2 --disable-gpu-compositing --video-capture-use-gpu-memory-buffer --lang=en-US --js-flags=--expose-gc --device-scale-factor=1 --num-raster-threads=2 --enable-main-frame-before-activation --renderer-client-id=22 --time-ticks-at-unix-epoch=-1777102076221678 --launch-time-ticks=326630067 --always-read-main-dll --metrics-shmem-handle=4488,i,17377572171928631859,1020647533960896927,2097152 --field-trial-handle=1868,i,15514434203381647951,17821807702279388689,262144 --enable-features=msSingleSignOnOSForPrimaryAccountIsShared --disable-features=msEnhancedTrackingPreventionEnabled --variations-seed-version --pseudonymization-salt-handle=1884,i,14477360231411206170,9314674685075851636,4 --trace-process-track-uuid=3190709006926792172 --mojo-platform-channel-handle=3536 /prefetch:1
CurrentDirectory: C:\Program Files (x86)\Microsoft\EdgeWebView\Application\146.0.3856.109\
User: WIN10DEMO\jolly
LogonGuid: {9172be70-6dc0-69ec-2306-040000000000}
LogonId: 0x40623
TerminalSessionId: 1
IntegrityLevel: Low
Hashes: SHA1=516E5FF797C1E3424E641F74BC0A95CE21C11710,MD5=4D01E2CFBA75938D82A4AA45FFFEB291,SHA256=29CE36EA7A746028BC637095F1068BC29FAC83FC677716FF052B56E913DCE6B7,IMPHASH=82DA08246FA01D20B9DB5C9DDBE8B38C
ParentProcessGuid: {9172be70-6e0d-69ec-ef00-000000001f00}
ParentProcessId: 6348
ParentImage: C:\Program Files (x86)\Microsoft\EdgeWebView\Application\146.0.3856.109\msedgewebview2.exe
ParentCommandLine: ""C:\Program Files (x86)\Microsoft\EdgeWebView\Application\146.0.3856.109\msedgewebview2.exe"" --embedded-browser-webview=1 --webview-exe-name=M365Copilot.exe --webview-exe-version=19.2604.38251.0 --user-data-dir=""C:\Users\jolly\AppData\Local\Packages\Microsoft.MicrosoftOfficeHub_8wekyb3d8bbwe\LocalState\EBWebView"" --noerrdialogs --embedded-browser-webview-dpi-awareness=2 --disable-features=msEnhancedTrackingPreventionEnabled --enable-features=msSingleSignOnOSForPrimaryAccountIsShared --mojo-named-platform-channel-pipe=2408.3868.7952138114952833211
ParentUser: WIN10DEMO\jolly"
Information,4/25/2026 5:33:35 PM,Microsoft-Windows-Sysmon,17,Pipe Created (rule: PipeEvent),"Pipe Created:
RuleName: -
EventType: CreatePipe
UtcTime: 2026-04-25 07:33:35.494
ProcessGuid: {9172be70-6e0d-69ec-ef00-000000001f00}
ProcessId: 6348
PipeName: \LOCAL\mojo.6348.6428.6507501402071980893
Image: C:\Program Files (x86)\Microsoft\EdgeWebView\Application\146.0.3856.109\msedgewebview2.exe
User: WIN10DEMO\jolly"
Information,4/25/2026 5:33:35 PM,Microsoft-Windows-Sysmon,17,Pipe Created (rule: PipeEvent),"Pipe Created:
RuleName: -
EventType: CreatePipe
UtcTime: 2026-04-25 07:33:35.487
ProcessGuid: {9172be70-6e0d-69ec-ef00-000000001f00}
ProcessId: 6348
PipeName: \LOCAL\mojo.6348.2104.15942012649441514978
Image: C:\Program Files (x86)\Microsoft\EdgeWebView\Application\146.0.3856.109\msedgewebview2.exe
User: WIN10DEMO\jolly"
Information,4/25/2026 5:33:35 PM,Microsoft-Windows-Sysmon,17,Pipe Created (rule: PipeEvent),"Pipe Created:
RuleName: -
EventType: CreatePipe
UtcTime: 2026-04-25 07:33:35.478
ProcessGuid: {9172be70-6e0d-69ec-ef00-000000001f00}
ProcessId: 6348
PipeName: \LOCAL\mojo.6348.2104.17236481880745841245
Image: C:\Program Files (x86)\Microsoft\EdgeWebView\Application\146.0.3856.109\msedgewebview2.exe
User: WIN10DEMO\jolly"
Information,4/25/2026 5:33:35 PM,Microsoft-Windows-Sysmon,17,Pipe Created (rule: PipeEvent),"Pipe Created:
RuleName: -
EventType: CreatePipe
UtcTime: 2026-04-25 07:33:35.402
ProcessGuid: {9172be70-6e4b-69ec-2901-000000001f00}
ProcessId: 2580
PipeName: \LOCAL\mojo.2580.4712.14845320642168316241
Image: C:\Program Files (x86)\Microsoft\EdgeWebView\Application\146.0.3856.109\msedgewebview2.exe
User: WIN10DEMO\jolly"
Information,4/25/2026 5:33:35 PM,Microsoft-Windows-Sysmon,17,Pipe Created (rule: PipeEvent),"Pipe Created:
RuleName: -
EventType: CreatePipe
UtcTime: 2026-04-25 07:33:35.375
ProcessGuid: {9172be70-6e0d-69ec-ef00-000000001f00}
ProcessId: 6348
PipeName: \LOCAL\mojo.6348.2104.10711395363057527816
Image: C:\Program Files (x86)\Microsoft\EdgeWebView\Application\146.0.3856.109\msedgewebview2.exe
User: WIN10DEMO\jolly"
Information,4/25/2026 5:33:35 PM,Microsoft-Windows-Sysmon,13,Registry value set (rule: RegistryEvent),"Registry value set:
RuleName: -
EventType: SetValue
UtcTime: 2026-04-25 07:33:35.284
ProcessGuid: {9172be70-6dac-69ec-2600-000000001f00}
ProcessId: 1728
Image: C:\Windows\system32\svchost.exe
TargetObject: HKLM\System\CurrentControlSet\Services\rdyboost\Diagnostics\ReadyBootTrainingCountSinceLastServicing
Details: DWORD (0x00000010)
User: NT AUTHORITY\SYSTEM"
