Information,4/25/2026 5:32:50 PM,Microsoft-Windows-Sysmon,7,Image loaded (rule: ImageLoad),"Image loaded:
RuleName: technique_id=T1574.002,technique_name=DLL Side-Loading
UtcTime: 2026-04-25 07:32:50.738
ProcessGuid: {9172be70-6e0d-69ec-ef00-000000001f00}
ProcessId: 6348
Image: C:\Program Files (x86)\Microsoft\EdgeWebView\Application\146.0.3856.109\msedgewebview2.exe
ImageLoaded: C:\Users\jolly\AppData\Local\Packages\Microsoft.MicrosoftOfficeHub_8wekyb3d8bbwe\LocalState\EBWebView\Domain Actions\3.0.0.16\domain_actions.dll
FileVersion: 3.0.0.16
Description: Microsoft Edge Domain Actions Component
Product: Microsoft Edge Domain Actions Component
Company: Microsoft Corporation
OriginalFileName: domain_actions.dll
Hashes: SHA1=A70A993AD81EE36D5F719F2F046D30B397FB5191,MD5=4EF0AD12FFC81A3570D19817265B7197,SHA256=CD4E81FF9DB4C6B086B70B09919B9426CA1F2C05EC43C477E9CE99156BE66399,IMPHASH=9C486A9BCC50A29C17754BC1C5AA3B01
Signed: true
Signature: Microsoft Corporation
SignatureStatus: Valid
User: WIN10DEMO\jolly"
Information,4/25/2026 5:32:50 PM,Microsoft-Windows-Sysmon,1,Process Create (rule: ProcessCreate),"Process Create:
RuleName: technique_id=T1083,technique_name=File and Directory Discovery
UtcTime: 2026-04-25 07:32:50.554
ProcessGuid: {9172be70-6e22-69ec-0701-000000001f00}
ProcessId: 7664
Image: C:\Program Files (x86)\Microsoft\EdgeWebView\Application\146.0.3856.109\msedgewebview2.exe
FileVersion: 146.0.3856.109
Description: Microsoft Edge WebView2
Product: Microsoft Edge WebView2
Company: Microsoft Corporation
OriginalFileName: msedgewebview2.exe
CommandLine: ""C:\Program Files (x86)\Microsoft\EdgeWebView\Application\146.0.3856.109\msedgewebview2.exe"" --type=renderer --noerrdialogs --user-data-dir=""C:\Users\jolly\AppData\Local\Packages\Microsoft.MicrosoftOfficeHub_8wekyb3d8bbwe\LocalState\EBWebView"" --webview-exe-name=M365Copilot.exe --webview-exe-version=19.2604.38251.0 --embedded-browser-webview=1 --embedded-browser-webview-dpi-awareness=2 --video-capture-use-gpu-memory-buffer --lang=en-US --js-flags=--expose-gc --device-scale-factor=1 --num-raster-threads=2 --enable-main-frame-before-activation --renderer-client-id=5 --time-ticks-at-unix-epoch=-1777102076221678 --launch-time-ticks=294103154 --always-read-main-dll --metrics-shmem-handle=3804,i,5410717080840458859,686668879448132528,2097152 --field-trial-handle=1868,i,15514434203381647951,17821807702279388689,262144 --enable-features=msSingleSignOnOSForPrimaryAccountIsShared --disable-features=msEnhancedTrackingPreventionEnabled --variations-seed-version --pseudonymization-salt-handle=1884,i,14477360231411206170,9314674685075851636,4 --trace-process-track-uuid=3190708990997080739 --mojo-platform-channel-handle=3812 /prefetch:1
CurrentDirectory: C:\Program Files (x86)\Microsoft\EdgeWebView\Application\146.0.3856.109\
User: WIN10DEMO\jolly
LogonGuid: {9172be70-6dc0-69ec-2306-040000000000}
LogonId: 0x40623
TerminalSessionId: 1
IntegrityLevel: Low
Hashes: SHA1=516E5FF797C1E3424E641F74BC0A95CE21C11710,MD5=4D01E2CFBA75938D82A4AA45FFFEB291,SHA256=29CE36EA7A746028BC637095F1068BC29FAC83FC677716FF052B56E913DCE6B7,IMPHASH=82DA08246FA01D20B9DB5C9DDBE8B38C
ParentProcessGuid: {9172be70-6e0d-69ec-ef00-000000001f00}
ParentProcessId: 6348
ParentImage: C:\Program Files (x86)\Microsoft\EdgeWebView\Application\146.0.3856.109\msedgewebview2.exe
ParentCommandLine: ""C:\Program Files (x86)\Microsoft\EdgeWebView\Application\146.0.3856.109\msedgewebview2.exe"" --embedded-browser-webview=1 --webview-exe-name=M365Copilot.exe --webview-exe-version=19.2604.38251.0 --user-data-dir=""C:\Users\jolly\AppData\Local\Packages\Microsoft.MicrosoftOfficeHub_8wekyb3d8bbwe\LocalState\EBWebView"" --noerrdialogs --embedded-browser-webview-dpi-awareness=2 --disable-features=msEnhancedTrackingPreventionEnabled --enable-features=msSingleSignOnOSForPrimaryAccountIsShared --mojo-named-platform-channel-pipe=2408.3868.7952138114952833211
ParentUser: WIN10DEMO\jolly"
Information,4/25/2026 5:32:50 PM,Microsoft-Windows-Sysmon,17,Pipe Created (rule: PipeEvent),"Pipe Created:
RuleName: -
EventType: CreatePipe
UtcTime: 2026-04-25 07:32:50.518
ProcessGuid: {9172be70-6e0d-69ec-ef00-000000001f00}
ProcessId: 6348
PipeName: \LOCAL\mojo.6348.6428.16315060445751382352
Image: C:\Program Files (x86)\Microsoft\EdgeWebView\Application\146.0.3856.109\msedgewebview2.exe
User: WIN10DEMO\jolly"
Information,4/25/2026 5:32:49 PM,Microsoft-Windows-Sysmon,13,Registry value set (rule: RegistryEvent),"Registry value set:
RuleName: -
EventType: SetValue
UtcTime: 2026-04-25 07:32:49.037
ProcessGuid: {9172be70-6df7-69ec-e500-000000001f00}
ProcessId: 6412
Image: C:\Program Files (x86)\Microsoft\Edge\Application\msedge.exe
TargetObject: HKLM\System\CurrentControlSet\Services\bam\State\UserSettings\S-1-5-21-1156564983-231300539-2099510246-1000\\Device\HarddiskVolume1\Program Files (x86)\Microsoft\Edge\Application\msedge.exe
Details: Binary Data
User: WIN10DEMO\jolly"
Information,4/25/2026 5:32:49 PM,Microsoft-Windows-Sysmon,13,Registry value set (rule: RegistryEvent),"Registry value set:
RuleName: -
EventType: SetValue
UtcTime: 2026-04-25 07:32:49.023
ProcessGuid: {9172be70-6df7-69ec-e500-000000001f00}
ProcessId: 6412
Image: C:\Program Files (x86)\Microsoft\Edge\Application\msedge.exe
TargetObject: HKLM\System\CurrentControlSet\Services\bam\State\UserSettings\S-1-5-21-1156564983-231300539-2099510246-1000\\Device\HarddiskVolume1\Program Files (x86)\Microsoft\Edge\Application\msedge.exe
Details: Binary Data
User: WIN10DEMO\jolly"
Information,4/25/2026 5:32:48 PM,Microsoft-Windows-Sysmon,1,Process Create (rule: ProcessCreate),"Process Create:
RuleName: technique_id=T1083,technique_name=File and Directory Discovery
UtcTime: 2026-04-25 07:32:48.631
ProcessGuid: {9172be70-6e20-69ec-0201-000000001f00}
ProcessId: 7184
Image: C:\Program Files (x86)\Microsoft\EdgeWebView\Application\146.0.3856.109\msedgewebview2.exe
FileVersion: 146.0.3856.109
Description: Microsoft Edge WebView2
Product: Microsoft Edge WebView2
Company: Microsoft Corporation
OriginalFileName: msedgewebview2.exe
CommandLine: ""C:\Program Files (x86)\Microsoft\EdgeWebView\Application\146.0.3856.109\msedgewebview2.exe"" --type=utility --utility-sub-type=storage.mojom.StorageService --lang=en-US --service-sandbox-type=service --noerrdialogs --user-data-dir=""C:\Users\jolly\AppData\Local\Packages\Microsoft.MicrosoftOfficeHub_8wekyb3d8bbwe\LocalState\EBWebView"" --webview-exe-name=M365Copilot.exe --webview-exe-version=19.2604.38251.0 --embedded-browser-webview=1 --embedded-browser-webview-dpi-awareness=2 --always-read-main-dll --metrics-shmem-handle=2228,i,7340904241778369370,18357360847213704470,524288 --field-trial-handle=1868,i,15514434203381647951,17821807702279388689,262144 --enable-features=msSingleSignOnOSForPrimaryAccountIsShared --disable-features=msEnhancedTrackingPreventionEnabled --variations-seed-version --pseudonymization-salt-handle=1884,i,14477360231411206170,9314674685075851636,4 --trace-process-track-uuid=3190708990060038890 --mojo-platform-channel-handle=2392 /prefetch:8
CurrentDirectory: C:\Program Files (x86)\Microsoft\EdgeWebView\Application\146.0.3856.109\
User: WIN10DEMO\jolly
LogonGuid: {9172be70-6dc0-69ec-2306-040000000000}
LogonId: 0x40623
TerminalSessionId: 1
IntegrityLevel: Low
Hashes: SHA1=516E5FF797C1E3424E641F74BC0A95CE21C11710,MD5=4D01E2CFBA75938D82A4AA45FFFEB291,SHA256=29CE36EA7A746028BC637095F1068BC29FAC83FC677716FF052B56E913DCE6B7,IMPHASH=82DA08246FA01D20B9DB5C9DDBE8B38C
ParentProcessGuid: {9172be70-6e0d-69ec-ef00-000000001f00}
ParentProcessId: 6348
ParentImage: C:\Program Files (x86)\Microsoft\EdgeWebView\Application\146.0.3856.109\msedgewebview2.exe
ParentCommandLine: ""C:\Program Files (x86)\Microsoft\EdgeWebView\Application\146.0.3856.109\msedgewebview2.exe"" --embedded-browser-webview=1 --webview-exe-name=M365Copilot.exe --webview-exe-version=19.2604.38251.0 --user-data-dir=""C:\Users\jolly\AppData\Local\Packages\Microsoft.MicrosoftOfficeHub_8wekyb3d8bbwe\LocalState\EBWebView"" --noerrdialogs --embedded-browser-webview-dpi-awareness=2 --disable-features=msEnhancedTrackingPreventionEnabled --enable-features=msSingleSignOnOSForPrimaryAccountIsShared --mojo-named-platform-channel-pipe=2408.3868.7952138114952833211
ParentUser: WIN10DEMO\jolly"
Information,4/25/2026 5:32:48 PM,Microsoft-Windows-Sysmon,17,Pipe Created (rule: PipeEvent),"Pipe Created:
RuleName: -
EventType: CreatePipe
UtcTime: 2026-04-25 07:32:48.620
ProcessGuid: {9172be70-6e0d-69ec-ef00-000000001f00}
ProcessId: 6348
PipeName: \LOCAL\mojo.6348.6428.1063532877538922982
Image: C:\Program Files (x86)\Microsoft\EdgeWebView\Application\146.0.3856.109\msedgewebview2.exe
User: WIN10DEMO\jolly"
Information,4/25/2026 5:32:48 PM,Microsoft-Windows-Sysmon,13,Registry value set (rule: RegistryEvent),"Registry value set:
RuleName: -
EventType: SetValue
UtcTime: 2026-04-25 07:32:48.373
ProcessGuid: {9172be70-6df7-69ec-e500-000000001f00}
ProcessId: 6412
Image: C:\Program Files (x86)\Microsoft\Edge\Application\msedge.exe
TargetObject: HKLM\System\CurrentControlSet\Services\bam\State\UserSettings\S-1-5-21-1156564983-231300539-2099510246-1000\\Device\HarddiskVolume1\Program Files (x86)\Microsoft\Edge\Application\msedge.exe
Details: Binary Data
User: WIN10DEMO\jolly"
Information,4/25/2026 5:32:48 PM,Microsoft-Windows-Sysmon,1,Process Create (rule: ProcessCreate),"Process Create:
RuleName: technique_id=T1083,technique_name=File and Directory Discovery
UtcTime: 2026-04-25 07:32:47.919
ProcessGuid: {9172be70-6e1f-69ec-0001-000000001f00}
ProcessId: 2692
Image: C:\Program Files (x86)\Microsoft\EdgeWebView\Application\146.0.3856.109\msedgewebview2.exe
FileVersion: 146.0.3856.109
Description: Microsoft Edge WebView2
Product: Microsoft Edge WebView2
Company: Microsoft Corporation
OriginalFileName: msedgewebview2.exe
CommandLine: ""C:\Program Files (x86)\Microsoft\EdgeWebView\Application\146.0.3856.109\msedgewebview2.exe"" --type=utility --utility-sub-type=network.mojom.NetworkService --lang=en-US --service-sandbox-type=none --noerrdialogs --user-data-dir=""C:\Users\jolly\AppData\Local\Packages\Microsoft.MicrosoftOfficeHub_8wekyb3d8bbwe\LocalState\EBWebView"" --webview-exe-name=M365Copilot.exe --webview-exe-version=19.2604.38251.0 --embedded-browser-webview=1 --embedded-browser-webview-dpi-awareness=2 --always-read-main-dll --metrics-shmem-handle=2088,i,9489418818559430413,12454153552680676521,524288 --field-trial-handle=1868,i,15514434203381647951,17821807702279388689,262144 --enable-features=msSingleSignOnOSForPrimaryAccountIsShared --disable-features=msEnhancedTrackingPreventionEnabled --variations-seed-version --pseudonymization-salt-handle=1884,i,14477360231411206170,9314674685075851636,4 --trace-process-track-uuid=3190708989122997041 --mojo-platform-channel-handle=2260 /prefetch:3
CurrentDirectory: C:\Program Files (x86)\Microsoft\EdgeWebView\Application\146.0.3856.109\
User: WIN10DEMO\jolly
LogonGuid: {9172be70-6dc0-69ec-2306-040000000000}
LogonId: 0x40623
TerminalSessionId: 1
IntegrityLevel: Medium
Hashes: SHA1=516E5FF797C1E3424E641F74BC0A95CE21C11710,MD5=4D01E2CFBA75938D82A4AA45FFFEB291,SHA256=29CE36EA7A746028BC637095F1068BC29FAC83FC677716FF052B56E913DCE6B7,IMPHASH=82DA08246FA01D20B9DB5C9DDBE8B38C
ParentProcessGuid: {9172be70-6e0d-69ec-ef00-000000001f00}
ParentProcessId: 6348
ParentImage: C:\Program Files (x86)\Microsoft\EdgeWebView\Application\146.0.3856.109\msedgewebview2.exe
ParentCommandLine: ""C:\Program Files (x86)\Microsoft\EdgeWebView\Application\146.0.3856.109\msedgewebview2.exe"" --embedded-browser-webview=1 --webview-exe-name=M365Copilot.exe --webview-exe-version=19.2604.38251.0 --user-data-dir=""C:\Users\jolly\AppData\Local\Packages\Microsoft.MicrosoftOfficeHub_8wekyb3d8bbwe\LocalState\EBWebView"" --noerrdialogs --embedded-browser-webview-dpi-awareness=2 --disable-features=msEnhancedTrackingPreventionEnabled --enable-features=msSingleSignOnOSForPrimaryAccountIsShared --mojo-named-platform-channel-pipe=2408.3868.7952138114952833211
ParentUser: WIN10DEMO\jolly"
Information,4/25/2026 5:32:48 PM,Microsoft-Windows-Sysmon,17,Pipe Created (rule: PipeEvent),"Pipe Created:
RuleName: -
EventType: CreatePipe
UtcTime: 2026-04-25 07:32:47.895
ProcessGuid: {9172be70-6e0d-69ec-ef00-000000001f00}
ProcessId: 6348
PipeName: \LOCAL\mojo.6348.6428.15691060102525699216
Image: C:\Program Files (x86)\Microsoft\EdgeWebView\Application\146.0.3856.109\msedgewebview2.exe
User: WIN10DEMO\jolly"
Information,4/25/2026 5:32:46 PM,Microsoft-Windows-Sysmon,7,Image loaded (rule: ImageLoad),"Image loaded:
RuleName: technique_id=T1574.002,technique_name=DLL Side-Loading
UtcTime: 2026-04-25 07:32:46.792
ProcessGuid: {9172be70-6e1d-69ec-fa00-000000001f00}
ProcessId: 7056
Image: C:\Windows\System32\svchost.exe
ImageLoaded: C:\ProgramData\Microsoft\Windows Defender\Platform\4.18.26020.6-0\MpOAV.dll
FileVersion: 4.18.26020.6 (cd0aebd7c18a68cd2e3af14a117b45b178d088f4)
Description: IOfficeAntiVirus Module
Product: Microsoft® Windows® Operating System
Company: Microsoft Corporation
OriginalFileName: MpOAV.dll
Hashes: SHA1=8350F492FC8773C7AD990D4218D9AD1E0C7A3130,MD5=55DCD381DFBB9B84092E09B8D3A7A4CD,SHA256=4FE2F89B85BEE4455BECEF8450A6459B2F9AF50E991A86A8A863FA86AAC3F69E,IMPHASH=876F81A277BF4C5C958E4D3BDB07CFEB
Signed: true
Signature: Microsoft Windows
SignatureStatus: Valid
User: NT AUTHORITY\LOCAL SERVICE"
Information,4/25/2026 5:32:46 PM,Microsoft-Windows-Sysmon,7,Image loaded (rule: ImageLoad),"Image loaded:
RuleName: technique_id=T1059.001,technique_name=PowerShell
UtcTime: 2026-04-25 07:32:46.792
ProcessGuid: {9172be70-6e1d-69ec-fa00-000000001f00}
ProcessId: 7056
Image: C:\Windows\System32\svchost.exe
ImageLoaded: C:\Windows\System32\amsi.dll
FileVersion: 10.0.19041.4355 (WinBuild.160101.0800)
Description: Anti-Malware Scan Interface
Product: Microsoft® Windows® Operating System
Company: Microsoft Corporation
OriginalFileName: amsi.dll
Hashes: SHA1=347368018E1DAAF4F52C9A4119526313A82ECEEC,MD5=4933108BD5B3219F74AD807DFE8835AD,SHA256=66F7A134F6A4D9FE63DD7D6FF88DDED5796E4D5C7E33BA606DFF4D87D9258C0D,IMPHASH=C414C6B76EBCEEF67B5B752A7E51D4D2
Signed: true
Signature: Microsoft Windows
SignatureStatus: Valid
User: NT AUTHORITY\LOCAL SERVICE"
Information,4/25/2026 5:32:46 PM,Microsoft-Windows-Sysmon,13,Registry value set (rule: RegistryEvent),"Registry value set:
RuleName: -
EventType: SetValue
UtcTime: 2026-04-25 07:32:46.722
ProcessGuid: {9172be70-6df7-69ec-e500-000000001f00}
ProcessId: 6412
Image: C:\Program Files (x86)\Microsoft\Edge\Application\msedge.exe
TargetObject: HKLM\System\CurrentControlSet\Services\bam\State\UserSettings\S-1-5-21-1156564983-231300539-2099510246-1000\\Device\HarddiskVolume1\Program Files (x86)\Microsoft\Edge\Application\msedge.exe
Details: Binary Data
User: WIN10DEMO\jolly"
Information,4/25/2026 5:32:46 PM,Microsoft-Windows-Sysmon,13,Registry value set (rule: RegistryEvent),"Registry value set:
RuleName: -
EventType: SetValue
UtcTime: 2026-04-25 07:32:46.722
ProcessGuid: {9172be70-6df7-69ec-e500-000000001f00}
ProcessId: 6412
Image: C:\Program Files (x86)\Microsoft\Edge\Application\msedge.exe
TargetObject: HKLM\System\CurrentControlSet\Services\bam\State\UserSettings\S-1-5-21-1156564983-231300539-2099510246-1000\\Device\HarddiskVolume1\Program Files (x86)\Microsoft\Edge\Application\msedge.exe
Details: Binary Data
User: WIN10DEMO\jolly"
Information,4/25/2026 5:32:46 PM,Microsoft-Windows-Sysmon,13,Registry value set (rule: RegistryEvent),"Registry value set:
RuleName: -
EventType: SetValue
UtcTime: 2026-04-25 07:32:46.388
ProcessGuid: {9172be70-6df7-69ec-e500-000000001f00}
ProcessId: 6412
Image: C:\Program Files (x86)\Microsoft\Edge\Application\msedge.exe
TargetObject: HKLM\System\CurrentControlSet\Services\bam\State\UserSettings\S-1-5-21-1156564983-231300539-2099510246-1000\\Device\HarddiskVolume1\Program Files (x86)\Microsoft\Edge\Application\msedge.exe
Details: Binary Data
User: WIN10DEMO\jolly"
Information,4/25/2026 5:32:46 PM,Microsoft-Windows-Sysmon,1,Process Create (rule: ProcessCreate),"Process Create:
RuleName: technique_id=T1083,technique_name=File and Directory Discovery
UtcTime: 2026-04-25 07:32:46.400
ProcessGuid: {9172be70-6e1e-69ec-fc00-000000001f00}
ProcessId: 2660
Image: C:\Program Files (x86)\Microsoft\EdgeWebView\Application\146.0.3856.109\msedgewebview2.exe
FileVersion: 146.0.3856.109
Description: Microsoft Edge WebView2
Product: Microsoft Edge WebView2
Company: Microsoft Corporation
OriginalFileName: msedgewebview2.exe
CommandLine: ""C:\Program Files (x86)\Microsoft\EdgeWebView\Application\146.0.3856.109\msedgewebview2.exe"" --type=gpu-process --noerrdialogs --user-data-dir=""C:\Users\jolly\AppData\Local\Packages\Microsoft.MicrosoftOfficeHub_8wekyb3d8bbwe\LocalState\EBWebView"" --webview-exe-name=M365Copilot.exe --webview-exe-version=19.2604.38251.0 --embedded-browser-webview=1 --embedded-browser-webview-dpi-awareness=2 --gpu-preferences=SAAAAAAAAADgAAAEAAAAAAAAAAAAAGAAAQAAAAAAAAAAAAAAAAAAAAIAAAAAAAAAAAAAAAAAAAAQAAAAAAAAABAAAAAAAAAACAAAAAAAAAAIAAAAAAAAAA== --always-read-main-dll --metrics-shmem-handle=1796,i,2719367211298375768,8879556738671616983,262144 --field-trial-handle=1868,i,15514434203381647951,17821807702279388689,262144 --enable-features=msSingleSignOnOSForPrimaryAccountIsShared --disable-features=msEnhancedTrackingPreventionEnabled --variations-seed-version --pseudonymization-salt-handle=1884,i,14477360231411206170,9314674685075851636,4 --trace-process-track-uuid=3190708988185955192 --mojo-platform-channel-handle=1860 /prefetch:2
CurrentDirectory: C:\Program Files (x86)\Microsoft\EdgeWebView\Application\146.0.3856.109\
User: WIN10DEMO\jolly
LogonGuid: {9172be70-6dc0-69ec-2306-040000000000}
LogonId: 0x40623
TerminalSessionId: 1
IntegrityLevel: Low
Hashes: SHA1=516E5FF797C1E3424E641F74BC0A95CE21C11710,MD5=4D01E2CFBA75938D82A4AA45FFFEB291,SHA256=29CE36EA7A746028BC637095F1068BC29FAC83FC677716FF052B56E913DCE6B7,IMPHASH=82DA08246FA01D20B9DB5C9DDBE8B38C
ParentProcessGuid: {9172be70-6e0d-69ec-ef00-000000001f00}
ParentProcessId: 6348
ParentImage: C:\Program Files (x86)\Microsoft\EdgeWebView\Application\146.0.3856.109\msedgewebview2.exe
ParentCommandLine: ""C:\Program Files (x86)\Microsoft\EdgeWebView\Application\146.0.3856.109\msedgewebview2.exe"" --embedded-browser-webview=1 --webview-exe-name=M365Copilot.exe --webview-exe-version=19.2604.38251.0 --user-data-dir=""C:\Users\jolly\AppData\Local\Packages\Microsoft.MicrosoftOfficeHub_8wekyb3d8bbwe\LocalState\EBWebView"" --noerrdialogs --embedded-browser-webview-dpi-awareness=2 --disable-features=msEnhancedTrackingPreventionEnabled --enable-features=msSingleSignOnOSForPrimaryAccountIsShared --mojo-named-platform-channel-pipe=2408.3868.7952138114952833211
ParentUser: WIN10DEMO\jolly"
Information,4/25/2026 5:32:45 PM,Microsoft-Windows-Sysmon,1,Process Create (rule: ProcessCreate),"Process Create:
RuleName: technique_id=T1083,technique_name=File and Directory Discovery
UtcTime: 2026-04-25 07:32:45.386
ProcessGuid: {9172be70-6e1d-69ec-fa00-000000001f00}
ProcessId: 7056
Image: C:\Windows\System32\svchost.exe
FileVersion: 10.0.19041.5794 (WinBuild.160101.0800)
Description: Host Process for Windows Services
Product: Microsoft® Windows® Operating System
Company: Microsoft Corporation
OriginalFileName: svchost.exe
CommandLine: C:\Windows\System32\svchost.exe -k LocalServiceNetworkRestricted -p -s wscsvc
CurrentDirectory: C:\Windows\system32\
User: NT AUTHORITY\LOCAL SERVICE
LogonGuid: {9172be70-6daa-69ec-e503-000000000000}
LogonId: 0x3E5
TerminalSessionId: 0
IntegrityLevel: System
Hashes: SHA1=BD4068A70BEEAE18195EDBDCD2837F2F43D254E6,MD5=3D1034D6ED3DAED60816A25C561E8C83,SHA256=B0B36BFF7AE4057F687D839CD4B3D81159AB646F1EE1B22106A927E93DECBB61,IMPHASH=F9BBD96FAE53B7A31264A703CAFA0666
ParentProcessGuid: {9172be70-6da8-69ec-0b00-000000001f00}
ParentProcessId: 696
ParentImage: C:\Windows\System32\services.exe
ParentCommandLine: C:\Windows\system32\services.exe
ParentUser: NT AUTHORITY\SYSTEM"
Information,4/25/2026 5:32:45 PM,Microsoft-Windows-Sysmon,17,Pipe Created (rule: PipeEvent),"Pipe Created:
RuleName: -
EventType: CreatePipe
UtcTime: 2026-04-25 07:32:45.205
ProcessGuid: {9172be70-6e1c-69ec-f900-000000001f00}
ProcessId: 5520
PipeName: \W32TIME_ALT
Image: C:\Windows\system32\svchost.exe
User: NT AUTHORITY\LOCAL SERVICE"
Information,4/25/2026 5:32:43 PM,Microsoft-Windows-Sysmon,17,Pipe Created (rule: PipeEvent),"Pipe Created:
RuleName: -
EventType: CreatePipe
UtcTime: 2026-04-25 07:32:43.604
ProcessGuid: {9172be70-6e0d-69ec-ef00-000000001f00}
ProcessId: 6348
PipeName: \LOCAL\mojo.6348.6428.5699515880694197439
Image: C:\Program Files (x86)\Microsoft\EdgeWebView\Application\146.0.3856.109\msedgewebview2.exe
User: WIN10DEMO\jolly"
Information,4/25/2026 5:32:42 PM,Microsoft-Windows-Sysmon,1,Process Create (rule: ProcessCreate),"Process Create:
RuleName: technique_id=T1083,technique_name=File and Directory Discovery
UtcTime: 2026-04-25 07:32:42.868
ProcessGuid: {9172be70-6e1a-69ec-f600-000000001f00}
ProcessId: 500
Image: C:\Program Files (x86)\Microsoft\Edge\Application\msedge.exe
FileVersion: 146.0.3856.109
Description: Microsoft Edge
Product: Microsoft Edge
Company: Microsoft Corporation
OriginalFileName: msedge.exe
CommandLine: ""C:\Program Files (x86)\Microsoft\Edge\Application\msedge.exe"" --type=crashpad-handler ""--user-data-dir=C:\Users\jolly\AppData\Local\Microsoft\Edge\User Data"" /prefetch:4 --monitor-self-annotation=ptype=crashpad-handler ""--database=C:\Users\jolly\AppData\Local\Microsoft\Edge\User Data\Crashpad"" --annotation=IsOfficialBuild=1 --annotation=channel= --annotation=chromium-version=146.0.7680.179 ""--annotation=exe=C:\Program Files (x86)\Microsoft\Edge\Application\msedge.exe"" --annotation=plat=Win64 --annotation=prod=Edge --annotation=ver=146.0.3856.109 --initial-client-data=0x268,0x26c,0x270,0x264,0x1d0,0x7ff83bd334d8,0x7ff83bd334e4,0x7ff83bd334f0
CurrentDirectory: C:\Program Files (x86)\Microsoft\Edge\Application\146.0.3856.109\
User: WIN10DEMO\jolly
LogonGuid: {9172be70-6dc0-69ec-2306-040000000000}
LogonId: 0x40623
TerminalSessionId: 1
IntegrityLevel: Medium
Hashes: SHA1=E523839C5C0B16B8F2765F216E57B790CBC299DF,MD5=46EBBF5BF09A70C27BB207A8B9B7E667,SHA256=31B79B50CA3E7F30EF397EAF070589047185203CCB6C4D518C470FC191A4FE99,IMPHASH=82DA08246FA01D20B9DB5C9DDBE8B38C
ParentProcessGuid: {9172be70-6df7-69ec-e500-000000001f00}
ParentProcessId: 6412
ParentImage: C:\Program Files (x86)\Microsoft\Edge\Application\msedge.exe
ParentCommandLine: ""C:\Program Files (x86)\Microsoft\Edge\Application\msedge.exe"" --no-startup-window --win-session-start
ParentUser: WIN10DEMO\jolly"
Information,4/25/2026 5:32:42 PM,Microsoft-Windows-Sysmon,13,Registry value set (rule: RegistryEvent),"Registry value set:
RuleName: -
EventType: SetValue
UtcTime: 2026-04-25 07:32:42.867
ProcessGuid: {9172be70-6df7-69ec-e500-000000001f00}
ProcessId: 6412
Image: C:\Program Files (x86)\Microsoft\Edge\Application\msedge.exe
TargetObject: HKLM\System\CurrentControlSet\Services\bam\State\UserSettings\S-1-5-21-1156564983-231300539-2099510246-1000\\Device\HarddiskVolume1\Program Files (x86)\Microsoft\Edge\Application\msedge.exe
Details: Binary Data
User: WIN10DEMO\jolly"
Information,4/25/2026 5:32:42 PM,Microsoft-Windows-Sysmon,17,Pipe Created (rule: PipeEvent),"Pipe Created:
RuleName: -
EventType: CreatePipe
UtcTime: 2026-04-25 07:32:42.861
ProcessGuid: {9172be70-6df7-69ec-e500-000000001f00}
ProcessId: 6412
PipeName: \crashpad_6412_VNXIQGLSTNLIOJLV
Image: C:\Program Files (x86)\Microsoft\Edge\Application\msedge.exe
User: WIN10DEMO\jolly"
Information,4/25/2026 5:32:41 PM,Microsoft-Windows-Sysmon,5,Process terminated (rule: ProcessTerminate),"Process terminated:
RuleName: -
UtcTime: 2026-04-25 07:32:40.773
ProcessGuid: {9172be70-6e0f-69ec-f200-000000001f00}
ProcessId: 2232
Image: C:\Users\jolly\AppData\Local\Microsoft\OneDrive\26.051.0316.0004\FileCoAuth.exe
User: WIN10DEMO\jolly"
Information,4/25/2026 5:32:35 PM,Microsoft-Windows-Sysmon,7,Image loaded (rule: ImageLoad),"Image loaded:
RuleName: technique_id=T1574.002,technique_name=DLL Side-Loading
UtcTime: 2026-04-25 07:32:35.180
ProcessGuid: {9172be70-6df6-69ec-e300-000000001f00}
ProcessId: 5776
Image: C:\Users\jolly\AppData\Local\Microsoft\OneDrive\OneDrive.exe
ImageLoaded: C:\Users\jolly\AppData\Local\Microsoft\OneDrive\26.051.0316.0004\hermes.dll
FileVersion: 0.0.2505.2001
Description: Hermes JavaScript Engine Library
Product: Hermes JavaScript Engine
Company: -
OriginalFileName: hermes.dll
Hashes: SHA1=02608880D38FB2F102AA3B061E6DF756CFC9CD15,MD5=62AE7CFA6A42F906BC547296BBDB1667,SHA256=46E343E5BA6E300C8F36F6B8257189BBCA841BD3A540A8B09B2BE9367D3298E1,IMPHASH=724CF67FA00DBB3235F764AFD2C20DDC
Signed: true
Signature: Microsoft Corporation
SignatureStatus: Valid
User: WIN10DEMO\jolly"
Information,4/25/2026 5:32:35 PM,Microsoft-Windows-Sysmon,7,Image loaded (rule: ImageLoad),"Image loaded:
RuleName: technique_id=T1574.002,technique_name=DLL Side-Loading
UtcTime: 2026-04-25 07:32:33.807
ProcessGuid: {9172be70-6df6-69ec-e300-000000001f00}
ProcessId: 5776
Image: C:\Users\jolly\AppData\Local\Microsoft\OneDrive\OneDrive.exe
ImageLoaded: C:\Users\jolly\AppData\Local\Microsoft\OneDrive\26.051.0316.0004\ReactNativeVideoCPP.dll
FileVersion: 6.17.0.0
Description: React Native Video module for windows
Product: ReactNativeVideoCPP.dll
Company: Microsoft Corporation
OriginalFileName: ReactNativeVideoCPP.dll
Hashes: SHA1=9BFAF80A618C3D9BA965EBCF983C6D1727DB45EC,MD5=8945849E885DAE88DD8880493AF361A7,SHA256=610458097C54C856F83ABB81EA272B14733079879E05086CE8E93A25428B0AAA,IMPHASH=279925B2CFCAAE3C7F996421EE03FA20
Signed: true
Signature: Microsoft Corporation
SignatureStatus: Valid
User: WIN10DEMO\jolly"
Information,4/25/2026 5:32:35 PM,Microsoft-Windows-Sysmon,7,Image loaded (rule: ImageLoad),"Image loaded:
RuleName: technique_id=T1053,technique_name=Scheduled Task
UtcTime: 2026-04-25 07:32:33.624
ProcessGuid: {9172be70-6df5-69ec-df00-000000001f00}
ProcessId: 6108
Image: C:\Windows\System32\sppsvc.exe
ImageLoaded: C:\Windows\System32\taskschd.dll
FileVersion: 10.0.19041.3636 (WinBuild.160101.0800)
Description: Task Scheduler COM API
Product: Microsoft® Windows® Operating System
Company: Microsoft Corporation
OriginalFileName: taskschd.dll
Hashes: SHA1=633C92F5A5000CDE3235C7FDC306B2B04C501C48,MD5=84F942C1A4BD60C94EBEC6643E0216C9,SHA256=BBE733452E6CE871D5D2064948847AAB2A71F7FEDA2C962BA4002F64E2D198F2,IMPHASH=B7A4477FA36E2E5287EE76AC4AFCB05B
Signed: true
Signature: Microsoft Windows
SignatureStatus: Valid
User: NT AUTHORITY\NETWORK SERVICE"
Information,4/25/2026 5:32:35 PM,Microsoft-Windows-Sysmon,7,Image loaded (rule: ImageLoad),"Image loaded:
RuleName: technique_id=T1053,technique_name=Scheduled Task
UtcTime: 2026-04-25 07:32:34.493
ProcessGuid: {9172be70-6df6-69ec-e300-000000001f00}
ProcessId: 5776
Image: C:\Users\jolly\AppData\Local\Microsoft\OneDrive\OneDrive.exe
ImageLoaded: C:\Windows\System32\taskschd.dll
FileVersion: 10.0.19041.3636 (WinBuild.160101.0800)
Description: Task Scheduler COM API
Product: Microsoft® Windows® Operating System
Company: Microsoft Corporation
OriginalFileName: taskschd.dll
Hashes: SHA1=633C92F5A5000CDE3235C7FDC306B2B04C501C48,MD5=84F942C1A4BD60C94EBEC6643E0216C9,SHA256=BBE733452E6CE871D5D2064948847AAB2A71F7FEDA2C962BA4002F64E2D198F2,IMPHASH=B7A4477FA36E2E5287EE76AC4AFCB05B
Signed: true
Signature: Microsoft Windows
SignatureStatus: Valid
User: WIN10DEMO\jolly"
Information,4/25/2026 5:32:35 PM,Microsoft-Windows-Sysmon,7,Image loaded (rule: ImageLoad),"Image loaded:
RuleName: technique_id=T1574.002,technique_name=DLL Side-Loading
UtcTime: 2026-04-25 07:32:33.475
ProcessGuid: {9172be70-6df6-69ec-e300-000000001f00}
ProcessId: 5776
Image: C:\Users\jolly\AppData\Local\Microsoft\OneDrive\OneDrive.exe
ImageLoaded: C:\Users\jolly\AppData\Local\Microsoft\OneDrive\26.051.0316.0004\RNSVG.dll
FileVersion: 15.3.0
Description: RNSVG.dll provides SVG support to React Native on Windows.
Product: react-native-svg
Company: software-mansion
OriginalFileName: RNSVG.dll
Hashes: SHA1=4AE6E7772B4BBBA7767091A8737F41A8DD021009,MD5=0902FE339F28B06D879A3C71E7304671,SHA256=A7BC8C55BF5CF9C92DB4FDE45E4D153BC867DC4E987F88912D3D8D236FAEC1CD,IMPHASH=B9CE3A867A11221751E151DCE2502EEB
Signed: true
Signature: Microsoft Corporation
SignatureStatus: Valid
User: WIN10DEMO\jolly"
Information,4/25/2026 5:32:35 PM,Microsoft-Windows-Sysmon,7,Image loaded (rule: ImageLoad),"Image loaded:
RuleName: technique_id=T1574.002,technique_name=DLL Side-Loading
UtcTime: 2026-04-25 07:32:33.204
ProcessGuid: {9172be70-6e0f-69ec-f200-000000001f00}
ProcessId: 2232
Image: C:\Users\jolly\AppData\Local\Microsoft\OneDrive\26.051.0316.0004\FileCoAuth.exe
ImageLoaded: C:\Users\jolly\AppData\Local\Microsoft\OneDrive\26.051.0316.0004\FileCoAuthLib64.dll
FileVersion: 26.051.0316.0004
Description: Microsoft OneDriveFile Co-Authoring Library
Product: Microsoft OneDrive
Company: Microsoft Corporation
OriginalFileName: FileCoAuthLib64.dll
Hashes: SHA1=E94C4C00DB1BF5BD8225EEE82635FF6694048594,MD5=D56BBCB6B8419719F16E281A1CCD27FC,SHA256=AD66C725A935DDB5FA9190AF80117F3EE174A4669783A71E47446A9611F33FBD,IMPHASH=D677682FF9CE507203B6C007CAE4B0FD
Signed: true
Signature: Microsoft Corporation
SignatureStatus: Valid
User: WIN10DEMO\jolly"
Information,4/25/2026 5:32:35 PM,Microsoft-Windows-Sysmon,7,Image loaded (rule: ImageLoad),"Image loaded:
RuleName: technique_id=T1574.002,technique_name=DLL Side-Loading
UtcTime: 2026-04-25 07:32:33.624
ProcessGuid: {9172be70-6df6-69ec-e300-000000001f00}
ProcessId: 5776
Image: C:\Users\jolly\AppData\Local\Microsoft\OneDrive\OneDrive.exe
ImageLoaded: C:\Users\jolly\AppData\Local\Microsoft\OneDrive\26.051.0316.0004\FileCoAuthLib64.dll
FileVersion: 26.051.0316.0004
Description: Microsoft OneDriveFile Co-Authoring Library
Product: Microsoft OneDrive
Company: Microsoft Corporation
OriginalFileName: FileCoAuthLib64.dll
Hashes: SHA1=E94C4C00DB1BF5BD8225EEE82635FF6694048594,MD5=D56BBCB6B8419719F16E281A1CCD27FC,SHA256=AD66C725A935DDB5FA9190AF80117F3EE174A4669783A71E47446A9611F33FBD,IMPHASH=D677682FF9CE507203B6C007CAE4B0FD
Signed: true
Signature: Microsoft Corporation
SignatureStatus: Valid
User: WIN10DEMO\jolly"
Information,4/25/2026 5:32:35 PM,Microsoft-Windows-Sysmon,7,Image loaded (rule: ImageLoad),"Image loaded:
RuleName: technique_id=T1574.002,technique_name=DLL Side-Loading
UtcTime: 2026-04-25 07:32:32.937
ProcessGuid: {9172be70-6df6-69ec-e300-000000001f00}
ProcessId: 5776
Image: C:\Users\jolly\AppData\Local\Microsoft\OneDrive\OneDrive.exe
ImageLoaded: C:\Users\jolly\AppData\Local\Microsoft\OneDrive\26.051.0316.0004\ReactNativePicker.dll
FileVersion: 2.4.4.0
Description: React Native Picker for Windows
Product: ReactNativePicker.dll
Company: @react-native-picker
OriginalFileName: ReactNativePicker.dll
Hashes: SHA1=74E72BD46FF1E7DF7264EFECA6C5B91532E54E62,MD5=09C710690C36D00672EEFBEAE63D2285,SHA256=2C7A98719315D77CDB440794B9BE86C51F01CB1AEF924426BC82AF788F8AAE19,IMPHASH=DB140E895BB1CB7EADE4AE7D8658D903
Signed: true
Signature: Microsoft Corporation
SignatureStatus: Valid
User: WIN10DEMO\jolly"
Information,4/25/2026 5:32:35 PM,Microsoft-Windows-Sysmon,7,Image loaded (rule: ImageLoad),"Image loaded:
RuleName: technique_id=T1574.002,technique_name=DLL Side-Loading
UtcTime: 2026-04-25 07:32:32.855
ProcessGuid: {9172be70-6df6-69ec-e300-000000001f00}
ProcessId: 5776
Image: C:\Users\jolly\AppData\Local\Microsoft\OneDrive\OneDrive.exe
ImageLoaded: C:\Users\jolly\AppData\Local\Microsoft\OneDrive\26.051.0316.0004\CheckboxWindows.dll
FileVersion: 0.5.16.0
Description: React Native Checkbox for Windows
Product: CheckboxWindows.dll
Company: @react-native-community
OriginalFileName: CheckboxWindows.dll
Hashes: SHA1=A741E3AEE41BEB3164A0F8E3A51ADA2FCBB132FE,MD5=569BD3D814472453938F4802379F01C1,SHA256=E8B38F921DA6DC7ECC7A5FF34DAEB53958CBA0633E3D2F983284F4B26F285A7E,IMPHASH=81D12B67C5CCDF547961EE03F31C156C
Signed: true
Signature: Microsoft Corporation
SignatureStatus: Valid
User: WIN10DEMO\jolly"
Information,4/25/2026 5:32:35 PM,Microsoft-Windows-Sysmon,7,Image loaded (rule: ImageLoad),"Image loaded:
RuleName: technique_id=T1197,technique_name=BITS
UtcTime: 2026-04-25 07:32:32.652
ProcessGuid: {9172be70-6df6-69ec-e300-000000001f00}
ProcessId: 5776
Image: C:\Users\jolly\AppData\Local\Microsoft\OneDrive\OneDrive.exe
ImageLoaded: C:\Windows\System32\BitsProxy.dll
FileVersion: 7.8.19041.1 (WinBuild.160101.0800)
Description: Background Intelligent Transfer Service Proxy
Product: Microsoft® Windows® Operating System
Company: Microsoft Corporation
OriginalFileName: qmgrprxy.dll
Hashes: SHA1=F76CEB9DA1BD2F4E9C02E49758C654630518A066,MD5=B3E2BAEAD079C29BC16CAA7830A17FA6,SHA256=E72BF2ADCE95F764BD880A458B04BA0BEBB0EBA7EB3473A29FDBE3A98F1A86D5,IMPHASH=44BEE37A834D6E66277D9ADD2D131FC2
Signed: true
Signature: Microsoft Windows
SignatureStatus: Valid
User: WIN10DEMO\jolly"
Information,4/25/2026 5:32:35 PM,Microsoft-Windows-Sysmon,7,Image loaded (rule: ImageLoad),"Image loaded:
RuleName: technique_id=T1574.002,technique_name=DLL Side-Loading
UtcTime: 2026-04-25 07:32:32.637
ProcessGuid: {9172be70-6df6-69ec-e300-000000001f00}
ProcessId: 5776
Image: C:\Users\jolly\AppData\Local\Microsoft\OneDrive\OneDrive.exe
ImageLoaded: C:\Users\jolly\AppData\Local\Microsoft\OneDrive\26.051.0316.0004\msvcp140_app.dll
FileVersion: 14.34.31931
Description: msvcp140 Forwarder
Product: msvcp140 Forwarder
Company: Microsoft Corporation
OriginalFileName: -
Hashes: SHA1=1F1AEA4244F5584EBA4935945147FA4886BF1D0B,MD5=8EBFC029F0B1FC6DF2B6D734D717CAF8,SHA256=D0F7FFFD48B394CB6EC9971E4CBD71C4C6A265D652AABA25B0FE42992DB8B448,IMPHASH=00000000000000000000000000000000
Signed: true
Signature: Microsoft Corporation
SignatureStatus: Valid
User: WIN10DEMO\jolly"
Information,4/25/2026 5:32:35 PM,Microsoft-Windows-Sysmon,7,Image loaded (rule: ImageLoad),"Image loaded:
RuleName: technique_id=T1574.002,technique_name=DLL Side-Loading
UtcTime: 2026-04-25 07:32:32.637
ProcessGuid: {9172be70-6df6-69ec-e300-000000001f00}
ProcessId: 5776
Image: C:\Users\jolly\AppData\Local\Microsoft\OneDrive\OneDrive.exe
ImageLoaded: C:\Users\jolly\AppData\Local\Microsoft\OneDrive\26.051.0316.0004\msvcp140_app.dll
FileVersion: 14.34.31931
Description: msvcp140 Forwarder
Product: msvcp140 Forwarder
Company: Microsoft Corporation
OriginalFileName: -
Hashes: SHA1=1F1AEA4244F5584EBA4935945147FA4886BF1D0B,MD5=8EBFC029F0B1FC6DF2B6D734D717CAF8,SHA256=D0F7FFFD48B394CB6EC9971E4CBD71C4C6A265D652AABA25B0FE42992DB8B448,IMPHASH=00000000000000000000000000000000
Signed: true
Signature: Microsoft Corporation
SignatureStatus: Valid
User: WIN10DEMO\jolly"
Information,4/25/2026 5:32:35 PM,Microsoft-Windows-Sysmon,7,Image loaded (rule: ImageLoad),"Image loaded:
RuleName: technique_id=T1574.002,technique_name=DLL Side-Loading
UtcTime: 2026-04-25 07:32:32.551
ProcessGuid: {9172be70-6df6-69ec-e300-000000001f00}
ProcessId: 5776
Image: C:\Users\jolly\AppData\Local\Microsoft\OneDrive\OneDrive.exe
ImageLoaded: C:\Users\jolly\AppData\Local\Microsoft\OneDrive\26.051.0316.0004\vcruntime140_app.dll
FileVersion: 14.34.31931
Description: vcruntime140 Forwarder
Product: vcruntime140 Forwarder
Company: Microsoft Corporation
OriginalFileName: -
Hashes: SHA1=440452C5C0A4EE45C2DE4854BD83BB3CF89676A4,MD5=14E981A02EBF34B618F9737A9511A525,SHA256=5FDEE7392D3C9E4F28C82256301148F69FE38E565E5E46553B476FF36D5E1C5B,IMPHASH=00000000000000000000000000000000
Signed: true
Signature: Microsoft Corporation
SignatureStatus: Valid
User: WIN10DEMO\jolly"
Information,4/25/2026 5:32:35 PM,Microsoft-Windows-Sysmon,7,Image loaded (rule: ImageLoad),"Image loaded:
RuleName: technique_id=T1574.002,technique_name=DLL Side-Loading
UtcTime: 2026-04-25 07:32:32.637
ProcessGuid: {9172be70-6df6-69ec-e300-000000001f00}
ProcessId: 5776
Image: C:\Users\jolly\AppData\Local\Microsoft\OneDrive\OneDrive.exe
ImageLoaded: C:\Users\jolly\AppData\Local\Microsoft\OneDrive\26.051.0316.0004\vcruntime140_app.dll
FileVersion: 14.34.31931
Description: vcruntime140 Forwarder
Product: vcruntime140 Forwarder
Company: Microsoft Corporation
OriginalFileName: -
Hashes: SHA1=440452C5C0A4EE45C2DE4854BD83BB3CF89676A4,MD5=14E981A02EBF34B618F9737A9511A525,SHA256=5FDEE7392D3C9E4F28C82256301148F69FE38E565E5E46553B476FF36D5E1C5B,IMPHASH=00000000000000000000000000000000
Signed: true
Signature: Microsoft Corporation
SignatureStatus: Valid
User: WIN10DEMO\jolly"
Information,4/25/2026 5:32:35 PM,Microsoft-Windows-Sysmon,7,Image loaded (rule: ImageLoad),"Image loaded:
RuleName: technique_id=T1574.002,technique_name=DLL Side-Loading
UtcTime: 2026-04-25 07:32:32.517
ProcessGuid: {9172be70-6df6-69ec-e300-000000001f00}
ProcessId: 5776
Image: C:\Users\jolly\AppData\Local\Microsoft\OneDrive\OneDrive.exe
ImageLoaded: C:\Users\jolly\AppData\Local\Microsoft\OneDrive\26.051.0316.0004\vcruntime140_1_app.dll
FileVersion: 14.34.31931
Description: vcruntime140_1 Forwarder
Product: vcruntime140_1 Forwarder
Company: Microsoft Corporation
OriginalFileName: -
Hashes: SHA1=43B17EA80F46E645398B2EDD950F628339ABD2DA,MD5=302C6A3D67AF24A0FB748BD052817233,SHA256=FC5069AA8D0B099B4F0B7FAC712798628522BFCC5A8C0B4CACD37101E77ECDAD,IMPHASH=00000000000000000000000000000000
Signed: true
Signature: Microsoft Corporation
SignatureStatus: Valid
User: WIN10DEMO\jolly"
Information,4/25/2026 5:32:35 PM,Microsoft-Windows-Sysmon,7,Image loaded (rule: ImageLoad),"Image loaded:
RuleName: technique_id=T1574.002,technique_name=DLL Side-Loading
UtcTime: 2026-04-25 07:32:32.637
ProcessGuid: {9172be70-6df6-69ec-e300-000000001f00}
ProcessId: 5776
Image: C:\Users\jolly\AppData\Local\Microsoft\OneDrive\OneDrive.exe
ImageLoaded: C:\Users\jolly\AppData\Local\Microsoft\OneDrive\26.051.0316.0004\vcruntime140_1_app.dll
FileVersion: 14.34.31931
Description: vcruntime140_1 Forwarder
Product: vcruntime140_1 Forwarder
Company: Microsoft Corporation
OriginalFileName: -
Hashes: SHA1=43B17EA80F46E645398B2EDD950F628339ABD2DA,MD5=302C6A3D67AF24A0FB748BD052817233,SHA256=FC5069AA8D0B099B4F0B7FAC712798628522BFCC5A8C0B4CACD37101E77ECDAD,IMPHASH=00000000000000000000000000000000
Signed: true
Signature: Microsoft Corporation
SignatureStatus: Valid
User: WIN10DEMO\jolly"
Information,4/25/2026 5:32:35 PM,Microsoft-Windows-Sysmon,7,Image loaded (rule: ImageLoad),"Image loaded:
RuleName: technique_id=T1574.002,technique_name=DLL Side-Loading
UtcTime: 2026-04-25 07:32:32.500
ProcessGuid: {9172be70-6df6-69ec-e300-000000001f00}
ProcessId: 5776
Image: C:\Users\jolly\AppData\Local\Microsoft\OneDrive\OneDrive.exe
ImageLoaded: C:\Users\jolly\AppData\Local\Microsoft\OneDrive\26.051.0316.0004\Microsoft.ReactNative.dll
FileVersion: 0.71.35
Description: React-Native-Windows
Product: React-Native-Windows
Company: Microsoft
OriginalFileName: Microsoft.ReactNative.dll
Hashes: SHA1=E96F178540EA65FBF8D558DBD8C63D62D1C69555,MD5=C6B53A794473C9E15C97E37A8E43633E,SHA256=8CC43F3D1EDBFBE79744D195EF970167DF74F0D2E94B0975477E2B6C4182AF5A,IMPHASH=D2D3954E983B0DE6A87B4DBC46D406DA
Signed: true
Signature: Microsoft Corporation
SignatureStatus: Valid
User: WIN10DEMO\jolly"
Information,4/25/2026 5:32:35 PM,Microsoft-Windows-Sysmon,7,Image loaded (rule: ImageLoad),"Image loaded:
RuleName: technique_id=T1574.002,technique_name=DLL Side-Loading
UtcTime: 2026-04-25 07:32:32.500
ProcessGuid: {9172be70-6e0f-69ec-f200-000000001f00}
ProcessId: 2232
Image: C:\Users\jolly\AppData\Local\Microsoft\OneDrive\26.051.0316.0004\FileCoAuth.exe
ImageLoaded: C:\Users\jolly\AppData\Local\Microsoft\OneDrive\26.051.0316.0004\FileCoAuth.exe
FileVersion: 26.051.0316.0004
Description: Microsoft OneDriveFile Co-Authoring Executable
Product: Microsoft OneDrive
Company: Microsoft Corporation
OriginalFileName: FileCoAuth.exe
Hashes: SHA1=AC8AC8EF19B28D4C85C38867BE0F56994835D059,MD5=4940CFC3F37E8D1F0C62EC189CF72730,SHA256=3310DED4CDD033B3F1B27BAC38C998983C57E5CFBCC549C3298EAAA76B37FD49,IMPHASH=65972A0597B9AADFFF345CFDF6D1DB79
Signed: true
Signature: Microsoft Corporation
SignatureStatus: Valid
User: WIN10DEMO\jolly"
Information,4/25/2026 5:32:35 PM,Microsoft-Windows-Sysmon,7,Image loaded (rule: ImageLoad),"Image loaded:
RuleName: technique_id=T1574.002,technique_name=DLL Side-Loading
UtcTime: 2026-04-25 07:32:30.924
ProcessGuid: {9172be70-6df6-69ec-e300-000000001f00}
ProcessId: 5776
Image: C:\Users\jolly\AppData\Local\Microsoft\OneDrive\OneDrive.exe
ImageLoaded: C:\Users\jolly\AppData\Local\Microsoft\OneDrive\26.051.0316.0004\Microsoft.UI.Xaml.dll
FileVersion: 2.8.2208.30001
Description: Microsoft.UI.Xaml.dll
Product: Microsoft.UI.Xaml
Company: Microsoft Corporation
OriginalFileName: Microsoft.UI.Xaml.dll
Hashes: SHA1=A48CDE39A94B07B4EF37740E5A05B68A6DD2F83D,MD5=B0721EC61389C22B4978626FC6828E6A,SHA256=2394F8A3783ABAC292300F01031BD18216CC8404E3A4F006BEEA2FFC247A031C,IMPHASH=D497F1F24FF0944F7900BEFB2156CD9B
Signed: true
Signature: Microsoft Corporation
SignatureStatus: Valid
User: WIN10DEMO\jolly"
Information,4/25/2026 5:32:34 PM,Microsoft-Windows-Sysmon,7,Image loaded (rule: ImageLoad),"Image loaded:
RuleName: technique_id=T1574.002,technique_name=DLL Side-Loading
UtcTime: 2026-04-25 07:32:28.387
ProcessGuid: {9172be70-6df6-69ec-e300-000000001f00}
ProcessId: 5776
Image: C:\Users\jolly\AppData\Local\Microsoft\OneDrive\OneDrive.exe
ImageLoaded: C:\Users\jolly\AppData\Local\Microsoft\OneDrive\26.051.0316.0004\platforms\qwindows.dll
FileVersion: 5.15.3.0
Description: C++ Application Development Framework
Product: Qt5
Company: The Qt Company Ltd.
OriginalFileName: qwindows.dll
Hashes: SHA1=08774CFE5101EECFDA4D7B020773FD3A88854653,MD5=05974741E1F9C168B79614328B041DDF,SHA256=B43C26002E14A552A65731E69D09FF122AFE543A70CC7492D0C0B1337CFB15CE,IMPHASH=AD976A1A7F4DCE767A9355A535E9B1EB
Signed: true
Signature: Microsoft Corporation
SignatureStatus: Valid
User: WIN10DEMO\jolly"
Information,4/25/2026 5:32:34 PM,Microsoft-Windows-Sysmon,13,Registry value set (rule: RegistryEvent),"Registry value set:
RuleName: -
EventType: SetValue
UtcTime: 2026-04-25 07:32:34.493
ProcessGuid: {9172be70-6df6-69ec-e300-000000001f00}
ProcessId: 5776
Image: C:\Users\jolly\AppData\Local\Microsoft\OneDrive\OneDrive.exe
TargetObject: HKU\S-1-5-21-1156564983-231300539-2099510246-1000_Classes\grvopen\shell\open\command\(Default)
Details: ""C:\Users\jolly\AppData\Local\Microsoft\OneDrive\OneDrive.exe"" /url:""Incorrect function.""
User: WIN10DEMO\jolly"
Information,4/25/2026 5:32:34 PM,Microsoft-Windows-Sysmon,13,Registry value set (rule: RegistryEvent),"Registry value set:
RuleName: -
EventType: SetValue
UtcTime: 2026-04-25 07:32:34.493
ProcessGuid: {9172be70-6df6-69ec-e300-000000001f00}
ProcessId: 5776
Image: C:\Users\jolly\AppData\Local\Microsoft\OneDrive\OneDrive.exe
TargetObject: HKU\S-1-5-21-1156564983-231300539-2099510246-1000_Classes\grvopen\shell\open\command\(Default)
Details: ""C:\Users\jolly\AppData\Local\Microsoft\OneDrive\OneDrive.exe"" /url:""Incorrect function.""
User: WIN10DEMO\jolly"
Information,4/25/2026 5:32:34 PM,Microsoft-Windows-Sysmon,7,Image loaded (rule: ImageLoad),"Image loaded:
RuleName: technique_id=T1574.002,technique_name=DLL Side-Loading
UtcTime: 2026-04-25 07:32:27.320
ProcessGuid: {9172be70-6df6-69ec-e300-000000001f00}
ProcessId: 5776
Image: C:\Users\jolly\AppData\Local\Microsoft\OneDrive\OneDrive.exe
ImageLoaded: C:\Users\jolly\AppData\Local\Microsoft\OneDrive\26.051.0316.0004\FileSync.LocalizedResources.dll
FileVersion: 26.051.0316.0004
Description: Microsoft OneDrive
Product: Microsoft OneDrive
Company: Microsoft Corporation
OriginalFileName: FileSync.LocalizedResources.dll.mui
Hashes: SHA1=34C2579240BE37458868BAAB651404F8EC4048F4,MD5=BC38033C8A690D40CDCAF3E159F3E68D,SHA256=E9BAC0D3E0FE7B07D6E5920AE11662DAA83E3AA550428B3435EB43CDFB0CBDDF,IMPHASH=00000000000000000000000000000000
Signed: true
Signature: Microsoft Corporation
SignatureStatus: Valid
User: WIN10DEMO\jolly"
Information,4/25/2026 5:32:34 PM,Microsoft-Windows-Sysmon,7,Image loaded (rule: ImageLoad),"Image loaded:
RuleName: technique_id=T1574.002,technique_name=DLL Side-Loading
UtcTime: 2026-04-25 07:32:27.336
ProcessGuid: {9172be70-6df6-69ec-e300-000000001f00}
ProcessId: 5776
Image: C:\Users\jolly\AppData\Local\Microsoft\OneDrive\OneDrive.exe
ImageLoaded: C:\Users\jolly\AppData\Local\Microsoft\OneDrive\26.051.0316.0004\FileSync.LocalizedResources.dll
FileVersion: 26.051.0316.0004
Description: Microsoft OneDrive
Product: Microsoft OneDrive
Company: Microsoft Corporation
OriginalFileName: FileSync.LocalizedResources.dll.mui
Hashes: SHA1=34C2579240BE37458868BAAB651404F8EC4048F4,MD5=BC38033C8A690D40CDCAF3E159F3E68D,SHA256=E9BAC0D3E0FE7B07D6E5920AE11662DAA83E3AA550428B3435EB43CDFB0CBDDF,IMPHASH=00000000000000000000000000000000
Signed: true
Signature: Microsoft Corporation
SignatureStatus: Valid
User: WIN10DEMO\jolly"
Information,4/25/2026 5:32:34 PM,Microsoft-Windows-Sysmon,7,Image loaded (rule: ImageLoad),"Image loaded:
RuleName: technique_id=T1574.002,technique_name=DLL Side-Loading
UtcTime: 2026-04-25 07:32:26.834
ProcessGuid: {9172be70-6df6-69ec-e300-000000001f00}
ProcessId: 5776
Image: C:\Users\jolly\AppData\Local\Microsoft\OneDrive\OneDrive.exe
ImageLoaded: C:\Users\jolly\AppData\Local\Microsoft\OneDrive\26.051.0316.0004\FileSync.Resources.dll
FileVersion: 26.051.0316.0004
Description: Microsoft OneDrive
Product: Microsoft OneDrive
Company: Microsoft Corporation
OriginalFileName: FileSync.Resources.dll
Hashes: SHA1=339E20D8297E76F188954932C098B85825362E44,MD5=32F7964F6903C734D36883D5E2336497,SHA256=F5FE4A4CB140E96F6164A38A74C162AC10555443CD16C40E1C0FFFCD15C68DA9,IMPHASH=00000000000000000000000000000000
Signed: true
Signature: Microsoft Corporation
SignatureStatus: Valid
User: WIN10DEMO\jolly"
Information,4/25/2026 5:32:34 PM,Microsoft-Windows-Sysmon,7,Image loaded (rule: ImageLoad),"Image loaded:
RuleName: technique_id=T1574.002,technique_name=DLL Side-Loading
UtcTime: 2026-04-25 07:32:26.834
ProcessGuid: {9172be70-6df6-69ec-e300-000000001f00}
ProcessId: 5776
Image: C:\Users\jolly\AppData\Local\Microsoft\OneDrive\OneDrive.exe
ImageLoaded: C:\Users\jolly\AppData\Local\Microsoft\OneDrive\26.051.0316.0004\FileSync.Resources.dll
FileVersion: 26.051.0316.0004
Description: Microsoft OneDrive
Product: Microsoft OneDrive
Company: Microsoft Corporation
OriginalFileName: FileSync.Resources.dll
Hashes: SHA1=339E20D8297E76F188954932C098B85825362E44,MD5=32F7964F6903C734D36883D5E2336497,SHA256=F5FE4A4CB140E96F6164A38A74C162AC10555443CD16C40E1C0FFFCD15C68DA9,IMPHASH=00000000000000000000000000000000
Signed: true
Signature: Microsoft Corporation
SignatureStatus: Valid
User: WIN10DEMO\jolly"
Information,4/25/2026 5:32:34 PM,Microsoft-Windows-Sysmon,7,Image loaded (rule: ImageLoad),"Image loaded:
RuleName: technique_id=T1574.002,technique_name=DLL Side-Loading
UtcTime: 2026-04-25 07:32:25.405
ProcessGuid: {9172be70-6df6-69ec-e300-000000001f00}
ProcessId: 5776
Image: C:\Users\jolly\AppData\Local\Microsoft\OneDrive\OneDrive.exe
ImageLoaded: C:\Users\jolly\AppData\Local\Microsoft\OneDrive\26.051.0316.0004\FileSyncFALWB.dll
FileVersion: 26.051.0316.0004
Description: Microsoft OneDriveFile Sync FAL WB
Product: Microsoft OneDrive
Company: Microsoft Corporation
OriginalFileName: FileSyncFALWB.dll
Hashes: SHA1=FEA5C092B37ECCB0CA374C63F45300A54C66A0C0,MD5=72E5334616B039CB0D15130A75F55ED1,SHA256=0F77BF7CB9124BE0700AC7DFA0A8C1195CC14901284CB52E80C8901382006B90,IMPHASH=26DDBE3E68EB48E8B5FD843B13420615
Signed: true
Signature: Microsoft Corporation
SignatureStatus: Valid
User: WIN10DEMO\jolly"
Information,4/25/2026 5:32:34 PM,Microsoft-Windows-Sysmon,7,Image loaded (rule: ImageLoad),"Image loaded:
RuleName: technique_id=T1574.002,technique_name=DLL Side-Loading
UtcTime: 2026-04-25 07:32:33.090
ProcessGuid: {9172be70-6e0f-69ec-f200-000000001f00}
ProcessId: 2232
Image: C:\Users\jolly\AppData\Local\Microsoft\OneDrive\26.051.0316.0004\FileCoAuth.exe
ImageLoaded: C:\Users\jolly\AppData\Local\Microsoft\OneDrive\26.051.0316.0004\FileSyncFALWB.dll
FileVersion: 26.051.0316.0004
Description: Microsoft OneDriveFile Sync FAL WB
Product: Microsoft OneDrive
Company: Microsoft Corporation
OriginalFileName: FileSyncFALWB.dll
Hashes: SHA1=FEA5C092B37ECCB0CA374C63F45300A54C66A0C0,MD5=72E5334616B039CB0D15130A75F55ED1,SHA256=0F77BF7CB9124BE0700AC7DFA0A8C1195CC14901284CB52E80C8901382006B90,IMPHASH=26DDBE3E68EB48E8B5FD843B13420615
Signed: true
Signature: Microsoft Corporation
SignatureStatus: Valid
User: WIN10DEMO\jolly"
Information,4/25/2026 5:32:34 PM,Microsoft-Windows-Sysmon,7,Image loaded (rule: ImageLoad),"Image loaded:
RuleName: technique_id=T1574.002,technique_name=DLL Side-Loading
UtcTime: 2026-04-25 07:32:24.723
ProcessGuid: {9172be70-6df6-69ec-e300-000000001f00}
ProcessId: 5776
Image: C:\Users\jolly\AppData\Local\Microsoft\OneDrive\OneDrive.exe
ImageLoaded: C:\Users\jolly\AppData\Local\Microsoft\OneDrive\26.051.0316.0004\FileSyncFSCache.dll
FileVersion: 26.051.0316.0004
Description: Microsoft OneDriveFile Sync FS Cache
Product: Microsoft OneDrive
Company: Microsoft Corporation
OriginalFileName: FileSyncFSCache.dll
Hashes: SHA1=8FDA80FCD5199A17B423ACB7C8810A489A15A0B2,MD5=2E562A5EA375590F8828F4D90802496C,SHA256=FE184BDF0229196523D9633E7095C2020D9C8C658D634B165BE6AFF0C0A23C39,IMPHASH=77601DD1149416E9EC8EED52BFCFFB47
Signed: true
Signature: Microsoft Corporation
SignatureStatus: Valid
User: WIN10DEMO\jolly"
