Information,4/25/2026 5:32:19 PM,Microsoft-Windows-Sysmon,7,Image loaded (rule: ImageLoad),"Image loaded:
RuleName: technique_id=T1574.002,technique_name=DLL Side-Loading
UtcTime: 2026-04-25 07:31:28.929
ProcessGuid: {9172be70-6db4-69ec-4900-000000001f00}
ProcessId: 3368
Image: C:\ProgramData\Microsoft\Windows Defender\Platform\4.18.26020.6-0\MsMpEng.exe
ImageLoaded: C:\ProgramData\Microsoft\Windows Defender\Definition Updates\{D4DB630F-13E9-4C92-BCF9-982E4820852F}\mpengine.dll
FileVersion: 1.1.26030.3008 (f5eeade182dbc48f048d25031e1330bd24ca8e47)
Description: Microsoft Malware Protection Engine
Product: Microsoft Malware Protection
Company: Microsoft Corporation
OriginalFileName: mpengine.dll
Hashes: SHA1=AE876CE766522489EDB24C4901669685889AD883,MD5=5B83A74F7A6288FEECA9B4AD19429578,SHA256=D35833C75CC8FFE7A9CC4BCAFB0FC0A17DA547E6A3F9716A67BE63E64ADF7956,IMPHASH=EDC00F729431CA3CAF439A93F232C37F
Signed: true
Signature: Microsoft Windows
SignatureStatus: Valid
User: NT AUTHORITY\SYSTEM"
Information,4/25/2026 5:32:18 PM,Microsoft-Windows-Sysmon,7,Image loaded (rule: ImageLoad),"Image loaded:
RuleName: technique_id=T1210,technique_name=Exploitation of Remote Services
UtcTime: 2026-04-25 07:31:27.811
ProcessGuid: {9172be70-6dae-69ec-3800-000000001f00}
ProcessId: 2700
Image: C:\Windows\System32\spoolsv.exe
ImageLoaded: C:\Windows\System32\spool\drivers\x64\3\PrintConfig.dll
FileVersion: 10.0.19041.6456 (WinBuild.160101.0800)
Description: PrintConfig User Interface
Product: Microsoft® Windows® Operating System
Company: Microsoft Corporation
OriginalFileName: PRINTCONFIG.DLL
Hashes: SHA1=6BFA0B77A61F86CB667DA74BB9C57072C1B5BCEB,MD5=714914A6EF347CB8847FC20198D60027,SHA256=6368CEC9A06E76FE919FBC77C08864C404D0DBDD39AB8D2234A726B239FDD876,IMPHASH=EE1EF7FAE5890B9C9660FECEA3DC67CE
Signed: true
Signature: Microsoft Windows
SignatureStatus: Valid
User: NT AUTHORITY\SYSTEM"
Information,4/25/2026 5:32:12 PM,Microsoft-Windows-Sysmon,13,Registry value set (rule: RegistryEvent),"Registry value set:
RuleName: technique_id=T1053,technique_name=Scheduled Task
EventType: SetValue
UtcTime: 2026-04-25 07:32:12.905
ProcessGuid: {9172be70-6dab-69ec-1d00-000000001f00}
ProcessId: 1300
Image: C:\Windows\system32\svchost.exe
TargetObject: HKLM\SOFTWARE\Microsoft\Windows NT\CurrentVersion\Schedule\TaskCache\Tree\Microsoft\Windows\UpdateOrchestrator\Schedule Maintenance Work\Index
Details: DWORD (0x00000003)
User: NT AUTHORITY\SYSTEM"
Information,4/25/2026 5:32:12 PM,Microsoft-Windows-Sysmon,13,Registry value set (rule: RegistryEvent),"Registry value set:
RuleName: technique_id=T1053,technique_name=Scheduled Task
EventType: SetValue
UtcTime: 2026-04-25 07:32:12.677
ProcessGuid: {9172be70-6dab-69ec-1d00-000000001f00}
ProcessId: 1300
Image: C:\Windows\system32\svchost.exe
TargetObject: HKLM\SOFTWARE\Microsoft\Windows NT\CurrentVersion\Schedule\TaskCache\Tree\Microsoft\Windows\UpdateOrchestrator\Schedule Maintenance Work\Index
Details: DWORD (0x00000003)
User: NT AUTHORITY\SYSTEM"
Information,4/25/2026 5:32:12 PM,Microsoft-Windows-Sysmon,13,Registry value set (rule: RegistryEvent),"Registry value set:
RuleName: technique_id=T1053,technique_name=Scheduled Task
EventType: SetValue
UtcTime: 2026-04-25 07:32:12.677
ProcessGuid: {9172be70-6dab-69ec-1d00-000000001f00}
ProcessId: 1300
Image: C:\Windows\system32\svchost.exe
TargetObject: HKLM\SOFTWARE\Microsoft\Windows NT\CurrentVersion\Schedule\TaskCache\Tree\Microsoft\Windows\UpdateOrchestrator\Schedule Wake To Work\Index
Details: DWORD (0x00000003)
User: NT AUTHORITY\SYSTEM"
Information,4/25/2026 5:32:12 PM,Microsoft-Windows-Sysmon,13,Registry value set (rule: RegistryEvent),"Registry value set:
RuleName: technique_id=T1053,technique_name=Scheduled Task
EventType: SetValue
UtcTime: 2026-04-25 07:32:12.623
ProcessGuid: {9172be70-6dab-69ec-1d00-000000001f00}
ProcessId: 1300
Image: C:\Windows\system32\svchost.exe
TargetObject: HKLM\SOFTWARE\Microsoft\Windows NT\CurrentVersion\Schedule\TaskCache\Tree\Microsoft\Windows\UpdateOrchestrator\Schedule Wake To Work\Index
Details: DWORD (0x00000003)
User: NT AUTHORITY\SYSTEM"
Information,4/25/2026 5:32:12 PM,Microsoft-Windows-Sysmon,13,Registry value set (rule: RegistryEvent),"Registry value set:
RuleName: technique_id=T1053,technique_name=Scheduled Task
EventType: SetValue
UtcTime: 2026-04-25 07:32:12.503
ProcessGuid: {9172be70-6dab-69ec-1d00-000000001f00}
ProcessId: 1300
Image: C:\Windows\system32\svchost.exe
TargetObject: HKLM\SOFTWARE\Microsoft\Windows NT\CurrentVersion\Schedule\TaskCache\Tree\Microsoft\Windows\UpdateOrchestrator\Schedule Work\Index
Details: DWORD (0x00000003)
User: NT AUTHORITY\SYSTEM"
Information,4/25/2026 5:32:12 PM,Microsoft-Windows-Sysmon,13,Registry value set (rule: RegistryEvent),"Registry value set:
RuleName: technique_id=T1053,technique_name=Scheduled Task
EventType: SetValue
UtcTime: 2026-04-25 07:32:12.464
ProcessGuid: {9172be70-6dab-69ec-1d00-000000001f00}
ProcessId: 1300
Image: C:\Windows\system32\svchost.exe
TargetObject: HKLM\SOFTWARE\Microsoft\Windows NT\CurrentVersion\Schedule\TaskCache\Tree\Microsoft\Windows\UpdateOrchestrator\Schedule Work\Index
Details: DWORD (0x00000003)
User: NT AUTHORITY\SYSTEM"
Information,4/25/2026 5:32:12 PM,Microsoft-Windows-Sysmon,11,File created (rule: FileCreate),"File created:
RuleName: technique_id=T1574.010,technique_name=Services File Permissions Weakness
UtcTime: 2026-04-25 07:32:12.458
ProcessGuid: {9172be70-6dfc-69ec-e900-000000001f00}
ProcessId: 2372
Image: C:\Windows\system32\svchost.exe
TargetFilename: C:\Windows\appcompat\pca\PcaWallpaperApp.txt
CreationUtcTime: 2026-04-11 07:26:46.675
User: NT AUTHORITY\SYSTEM"
Information,4/25/2026 5:32:12 PM,Microsoft-Windows-Sysmon,7,Image loaded (rule: ImageLoad),"Image loaded:
RuleName: technique_id=T1053,technique_name=Scheduled Task
UtcTime: 2026-04-25 07:32:12.443
ProcessGuid: {9172be70-6dfc-69ec-e900-000000001f00}
ProcessId: 2372
Image: C:\Windows\System32\svchost.exe
ImageLoaded: C:\Windows\System32\taskschd.dll
FileVersion: 10.0.19041.3636 (WinBuild.160101.0800)
Description: Task Scheduler COM API
Product: Microsoft® Windows® Operating System
Company: Microsoft Corporation
OriginalFileName: taskschd.dll
Hashes: SHA1=633C92F5A5000CDE3235C7FDC306B2B04C501C48,MD5=84F942C1A4BD60C94EBEC6643E0216C9,SHA256=BBE733452E6CE871D5D2064948847AAB2A71F7FEDA2C962BA4002F64E2D198F2,IMPHASH=B7A4477FA36E2E5287EE76AC4AFCB05B
Signed: true
Signature: Microsoft Windows
SignatureStatus: Valid
User: NT AUTHORITY\SYSTEM"
Information,4/25/2026 5:32:12 PM,Microsoft-Windows-Sysmon,1,Process Create (rule: ProcessCreate),"Process Create:
RuleName: technique_id=T1083,technique_name=File and Directory Discovery
UtcTime: 2026-04-25 07:32:12.176
ProcessGuid: {9172be70-6dfc-69ec-e900-000000001f00}
ProcessId: 2372
Image: C:\Windows\System32\svchost.exe
FileVersion: 10.0.19041.5794 (WinBuild.160101.0800)
Description: Host Process for Windows Services
Product: Microsoft® Windows® Operating System
Company: Microsoft Corporation
OriginalFileName: svchost.exe
CommandLine: C:\Windows\system32\svchost.exe -k LocalSystemNetworkRestricted -p -s PcaSvc
CurrentDirectory: C:\Windows\system32\
User: NT AUTHORITY\SYSTEM
LogonGuid: {9172be70-6da8-69ec-e703-000000000000}
LogonId: 0x3E7
TerminalSessionId: 0
IntegrityLevel: System
Hashes: SHA1=BD4068A70BEEAE18195EDBDCD2837F2F43D254E6,MD5=3D1034D6ED3DAED60816A25C561E8C83,SHA256=B0B36BFF7AE4057F687D839CD4B3D81159AB646F1EE1B22106A927E93DECBB61,IMPHASH=F9BBD96FAE53B7A31264A703CAFA0666
ParentProcessGuid: {9172be70-6da8-69ec-0b00-000000001f00}
ParentProcessId: 696
ParentImage: C:\Windows\System32\services.exe
ParentCommandLine: C:\Windows\system32\services.exe
ParentUser: NT AUTHORITY\SYSTEM"
Information,4/25/2026 5:32:11 PM,Microsoft-Windows-Sysmon,1,Process Create (rule: ProcessCreate),"Process Create:
RuleName: technique_id=T1204,technique_name=User Execution
UtcTime: 2026-04-25 07:32:11.318
ProcessGuid: {9172be70-6dfb-69ec-e800-000000001f00}
ProcessId: 5040
Image: C:\Program Files\WindowsApps\Microsoft.MicrosoftOfficeHub_19.2604.38251.0_x64__8wekyb3d8bbwe\m365copilot_autostarter.exe
FileVersion: -
Description: -
Product: -
Company: -
OriginalFileName: -
CommandLine: ""C:\Program Files\WindowsApps\Microsoft.MicrosoftOfficeHub_19.2604.38251.0_x64__8wekyb3d8bbwe\m365copilot_autostarter.exe"" 
CurrentDirectory: C:\Windows\system32\
User: WIN10DEMO\jolly
LogonGuid: {9172be70-6dc0-69ec-2306-040000000000}
LogonId: 0x40623
TerminalSessionId: 1
IntegrityLevel: Medium
Hashes: SHA1=8A96FC1A0B0F4F4370EAAD3469AF2FCBFAF4947A,MD5=7DDCDC4B43FCEA542F78CFECCB780D73,SHA256=1EB9CD9694489C10243E5CAD3D1775B77C3C3C9A9018056CDA7B8F36D11A3809,IMPHASH=0D52237270866AD2F22176D1F9AA1DA1
ParentProcessGuid: {9172be70-6dcd-69ec-a300-000000001f00}
ParentProcessId: 5648
ParentImage: C:\Windows\explorer.exe
ParentCommandLine: C:\Windows\Explorer.EXE
ParentUser: WIN10DEMO\jolly"
Information,4/25/2026 5:32:11 PM,Microsoft-Windows-Sysmon,13,Registry value set (rule: RegistryEvent),"Registry value set:
RuleName: -
EventType: SetValue
UtcTime: 2026-04-25 07:32:11.305
ProcessGuid: {9172be70-6df9-69ec-e700-000000001f00}
ProcessId: 4640
Image: C:\Windows\system32\svchost.exe
TargetObject: HKLM\System\CurrentControlSet\Services\bam\State\UserSettings\S-1-5-21-1156564983-231300539-2099510246-1000\Microsoft.MicrosoftOfficeHub_8wekyb3d8bbwe
Details: Binary Data
User: NT AUTHORITY\SYSTEM"
Information,4/25/2026 5:32:10 PM,Microsoft-Windows-Sysmon,13,Registry value set (rule: RegistryEvent),"Registry value set:
RuleName: technique_id=T1053,technique_name=Scheduled Task
EventType: SetValue
UtcTime: 2026-04-25 07:32:10.785
ProcessGuid: {9172be70-6dab-69ec-1d00-000000001f00}
ProcessId: 1300
Image: C:\Windows\system32\svchost.exe
TargetObject: HKLM\SOFTWARE\Microsoft\Windows NT\CurrentVersion\Schedule\TaskCache\Tree\Microsoft\Windows\UpdateOrchestrator\Schedule Maintenance Work\Index
Details: DWORD (0x00000003)
User: NT AUTHORITY\SYSTEM"
Information,4/25/2026 5:32:10 PM,Microsoft-Windows-Sysmon,13,Registry value set (rule: RegistryEvent),"Registry value set:
RuleName: technique_id=T1053,technique_name=Scheduled Task
EventType: SetValue
UtcTime: 2026-04-25 07:32:10.702
ProcessGuid: {9172be70-6dab-69ec-1d00-000000001f00}
ProcessId: 1300
Image: C:\Windows\system32\svchost.exe
TargetObject: HKLM\SOFTWARE\Microsoft\Windows NT\CurrentVersion\Schedule\TaskCache\Tree\Microsoft\Windows\UpdateOrchestrator\Schedule Maintenance Work\Index
Details: DWORD (0x00000003)
User: NT AUTHORITY\SYSTEM"
Information,4/25/2026 5:32:10 PM,Microsoft-Windows-Sysmon,13,Registry value set (rule: RegistryEvent),"Registry value set:
RuleName: technique_id=T1053,technique_name=Scheduled Task
EventType: SetValue
UtcTime: 2026-04-25 07:32:10.653
ProcessGuid: {9172be70-6dab-69ec-1d00-000000001f00}
ProcessId: 1300
Image: C:\Windows\system32\svchost.exe
TargetObject: HKLM\SOFTWARE\Microsoft\Windows NT\CurrentVersion\Schedule\TaskCache\Tree\Microsoft\Windows\UpdateOrchestrator\Schedule Wake To Work\Index
Details: DWORD (0x00000003)
User: NT AUTHORITY\SYSTEM"
Information,4/25/2026 5:32:10 PM,Microsoft-Windows-Sysmon,13,Registry value set (rule: RegistryEvent),"Registry value set:
RuleName: technique_id=T1053,technique_name=Scheduled Task
EventType: SetValue
UtcTime: 2026-04-25 07:32:10.527
ProcessGuid: {9172be70-6dab-69ec-1d00-000000001f00}
ProcessId: 1300
Image: C:\Windows\system32\svchost.exe
TargetObject: HKLM\SOFTWARE\Microsoft\Windows NT\CurrentVersion\Schedule\TaskCache\Tree\Microsoft\Windows\UpdateOrchestrator\Schedule Wake To Work\Index
Details: DWORD (0x00000003)
User: NT AUTHORITY\SYSTEM"
Information,4/25/2026 5:32:10 PM,Microsoft-Windows-Sysmon,13,Registry value set (rule: RegistryEvent),"Registry value set:
RuleName: technique_id=T1053,technique_name=Scheduled Task
EventType: SetValue
UtcTime: 2026-04-25 07:32:10.356
ProcessGuid: {9172be70-6dab-69ec-1d00-000000001f00}
ProcessId: 1300
Image: C:\Windows\system32\svchost.exe
TargetObject: HKLM\SOFTWARE\Microsoft\Windows NT\CurrentVersion\Schedule\TaskCache\Tree\Microsoft\Windows\UpdateOrchestrator\Schedule Work\Index
Details: DWORD (0x00000003)
User: NT AUTHORITY\SYSTEM"
Information,4/25/2026 5:32:09 PM,Microsoft-Windows-Sysmon,13,Registry value set (rule: RegistryEvent),"Registry value set:
RuleName: technique_id=T1053,technique_name=Scheduled Task
EventType: SetValue
UtcTime: 2026-04-25 07:32:09.986
ProcessGuid: {9172be70-6dab-69ec-1d00-000000001f00}
ProcessId: 1300
Image: C:\Windows\system32\svchost.exe
TargetObject: HKLM\SOFTWARE\Microsoft\Windows NT\CurrentVersion\Schedule\TaskCache\Tree\Microsoft\Windows\UpdateOrchestrator\Schedule Work\Index
Details: DWORD (0x00000003)
User: NT AUTHORITY\SYSTEM"
Information,4/25/2026 5:32:08 PM,Microsoft-Windows-Sysmon,7,Image loaded (rule: ImageLoad),"Image loaded:
RuleName: technique_id=T1574.002,technique_name=DLL Side-Loading
UtcTime: 2026-04-25 07:31:15.628
ProcessGuid: {9172be70-6db4-69ec-4900-000000001f00}
ProcessId: 3368
Image: C:\ProgramData\Microsoft\Windows Defender\Platform\4.18.26020.6-0\MsMpEng.exe
ImageLoaded: C:\ProgramData\Microsoft\Windows Defender\Platform\4.18.26020.6-0\MpRtp.dll
FileVersion: 4.18.26020.6 (cd0aebd7c18a68cd2e3af14a117b45b178d088f4)
Description: AntiMalware Realtime Monitor
Product: Microsoft® Windows® Operating System
Company: Microsoft Corporation
OriginalFileName: mprtp.dll
Hashes: SHA1=117A3210D1993A1FB90008C612BA6C6CE34B87BE,MD5=139615306DAC9F16994C9C7BF9C687F9,SHA256=8FB1F5061D023D418EB434D64C95468D48760129FF2C53877B3CFE0DA32B7A80,IMPHASH=5A62F627EB0BE8CEB6DA23D907BD3BC0
Signed: true
Signature: Microsoft Windows
SignatureStatus: Valid
User: NT AUTHORITY\SYSTEM"
Information,4/25/2026 5:32:08 PM,Microsoft-Windows-Sysmon,7,Image loaded (rule: ImageLoad),"Image loaded:
RuleName: technique_id=T1574.002,technique_name=DLL Side-Loading
UtcTime: 2026-04-25 07:31:15.299
ProcessGuid: {9172be70-6db4-69ec-4900-000000001f00}
ProcessId: 3368
Image: C:\ProgramData\Microsoft\Windows Defender\Platform\4.18.26020.6-0\MsMpEng.exe
ImageLoaded: C:\ProgramData\Microsoft\Windows Defender\Platform\4.18.26020.6-0\MpCommu.dll
FileVersion: 4.18.26020.6 (cd0aebd7c18a68cd2e3af14a117b45b178d088f4)
Description: Communication Module
Product: Microsoft® Windows® Operating System
Company: Microsoft Corporation
OriginalFileName: MpCommu.dll
Hashes: SHA1=289B2AB700F604AE22D640990C16FDD652E6951C,MD5=79B546EFE967B160666D8FC535F50927,SHA256=55C44DCD70CFD86C2588EB85932F0B70EA8FE21BEF89420CDFE5D423B3A26515,IMPHASH=23C185F8BAB650FF97BDDD5F49814D93
Signed: true
Signature: Microsoft Windows
SignatureStatus: Valid
User: NT AUTHORITY\SYSTEM"
Information,4/25/2026 5:32:08 PM,Microsoft-Windows-Sysmon,7,Image loaded (rule: ImageLoad),"Image loaded:
RuleName: technique_id=T1574.002,technique_name=DLL Side-Loading
UtcTime: 2026-04-25 07:31:36.361
ProcessGuid: {9172be70-6dd7-69ec-b400-000000001f00}
ProcessId: 5364
Image: C:\ProgramData\Microsoft\Windows Defender\Platform\4.18.26020.6-0\MpCmdRun.exe
ImageLoaded: C:\ProgramData\Microsoft\Windows Defender\Platform\4.18.26020.6-0\MpCommu.dll
FileVersion: 4.18.26020.6 (cd0aebd7c18a68cd2e3af14a117b45b178d088f4)
Description: Communication Module
Product: Microsoft® Windows® Operating System
Company: Microsoft Corporation
OriginalFileName: MpCommu.dll
Hashes: SHA1=289B2AB700F604AE22D640990C16FDD652E6951C,MD5=79B546EFE967B160666D8FC535F50927,SHA256=55C44DCD70CFD86C2588EB85932F0B70EA8FE21BEF89420CDFE5D423B3A26515,IMPHASH=23C185F8BAB650FF97BDDD5F49814D93
Signed: true
Signature: Microsoft Windows
SignatureStatus: Valid
User: NT AUTHORITY\SYSTEM"
Information,4/25/2026 5:32:08 PM,Microsoft-Windows-Sysmon,7,Image loaded (rule: ImageLoad),"Image loaded:
RuleName: technique_id=T1574.002,technique_name=DLL Side-Loading
UtcTime: 2026-04-25 07:32:02.841
ProcessGuid: {9172be70-6df2-69ec-da00-000000001f00}
ProcessId: 5040
Image: C:\ProgramData\Microsoft\Windows Defender\Platform\4.18.26020.6-0\MpCmdRun.exe
ImageLoaded: C:\ProgramData\Microsoft\Windows Defender\Platform\4.18.26020.6-0\MpCommu.dll
FileVersion: 4.18.26020.6 (cd0aebd7c18a68cd2e3af14a117b45b178d088f4)
Description: Communication Module
Product: Microsoft® Windows® Operating System
Company: Microsoft Corporation
OriginalFileName: MpCommu.dll
Hashes: SHA1=289B2AB700F604AE22D640990C16FDD652E6951C,MD5=79B546EFE967B160666D8FC535F50927,SHA256=55C44DCD70CFD86C2588EB85932F0B70EA8FE21BEF89420CDFE5D423B3A26515,IMPHASH=23C185F8BAB650FF97BDDD5F49814D93
Signed: true
Signature: Microsoft Windows
SignatureStatus: Valid
User: NT AUTHORITY\SYSTEM"
Information,4/25/2026 5:32:08 PM,Microsoft-Windows-Sysmon,7,Image loaded (rule: ImageLoad),"Image loaded:
RuleName: technique_id=T1574.002,technique_name=DLL Side-Loading
UtcTime: 2026-04-25 07:31:14.696
ProcessGuid: {9172be70-6db4-69ec-4900-000000001f00}
ProcessId: 3368
Image: C:\ProgramData\Microsoft\Windows Defender\Platform\4.18.26020.6-0\MsMpEng.exe
ImageLoaded: C:\ProgramData\Microsoft\Windows Defender\Platform\4.18.26020.6-0\MpUxAgent.dll
FileVersion: 4.18.26020.6 (cd0aebd7c18a68cd2e3af14a117b45b178d088f4)
Description: Defender MpUxAgent
Product: Microsoft® Windows® Operating System
Company: Microsoft Corporation
OriginalFileName: MpUxAgent.dll
Hashes: SHA1=2285840DFEC8CF6A517284C170F82122A150F875,MD5=70DD554C99DB2D54FA3DEBBBDB76F7D6,SHA256=8464E5F8E02B1C425DA76EEDEA7FDCF9A73A31E995932682E35EAEF7D9792842,IMPHASH=87728A3FEC81D0AE96A349CA90D9959F
Signed: true
Signature: Microsoft Windows
SignatureStatus: Valid
User: NT AUTHORITY\SYSTEM"
Information,4/25/2026 5:32:08 PM,Microsoft-Windows-Sysmon,13,Registry value set (rule: RegistryEvent),"Registry value set:
RuleName: technique_id=T1053,technique_name=Scheduled Task
EventType: SetValue
UtcTime: 2026-04-25 07:32:08.365
ProcessGuid: {9172be70-6dab-69ec-1d00-000000001f00}
ProcessId: 1300
Image: C:\Windows\system32\svchost.exe
TargetObject: HKLM\SOFTWARE\Microsoft\Windows NT\CurrentVersion\Schedule\TaskCache\Tree\Microsoft\Windows\UpdateOrchestrator\Schedule Scan\Index
Details: DWORD (0x00000003)
User: NT AUTHORITY\SYSTEM"
Information,4/25/2026 5:32:08 PM,Microsoft-Windows-Sysmon,1,Process Create (rule: ProcessCreate),"Process Create:
RuleName: technique_id=T1204,technique_name=User Execution
UtcTime: 2026-04-25 07:32:07.801
ProcessGuid: {9172be70-6df7-69ec-e500-000000001f00}
ProcessId: 6412
Image: C:\Program Files (x86)\Microsoft\Edge\Application\msedge.exe
FileVersion: 146.0.3856.109
Description: Microsoft Edge
Product: Microsoft Edge
Company: Microsoft Corporation
OriginalFileName: msedge.exe
CommandLine: ""C:\Program Files (x86)\Microsoft\Edge\Application\msedge.exe"" --no-startup-window --win-session-start
CurrentDirectory: C:\Windows\system32\
User: WIN10DEMO\jolly
LogonGuid: {9172be70-6dc0-69ec-2306-040000000000}
LogonId: 0x40623
TerminalSessionId: 1
IntegrityLevel: Medium
Hashes: SHA1=E523839C5C0B16B8F2765F216E57B790CBC299DF,MD5=46EBBF5BF09A70C27BB207A8B9B7E667,SHA256=31B79B50CA3E7F30EF397EAF070589047185203CCB6C4D518C470FC191A4FE99,IMPHASH=82DA08246FA01D20B9DB5C9DDBE8B38C
ParentProcessGuid: {9172be70-6dcd-69ec-a300-000000001f00}
ParentProcessId: 5648
ParentImage: C:\Windows\explorer.exe
ParentCommandLine: C:\Windows\Explorer.EXE
ParentUser: WIN10DEMO\jolly"
Information,4/25/2026 5:32:08 PM,Microsoft-Windows-Sysmon,13,Registry value set (rule: RegistryEvent),"Registry value set:
RuleName: technique_id=T1053,technique_name=Scheduled Task
EventType: SetValue
UtcTime: 2026-04-25 07:32:08.061
ProcessGuid: {9172be70-6dab-69ec-1d00-000000001f00}
ProcessId: 1300
Image: C:\Windows\system32\svchost.exe
TargetObject: HKLM\SOFTWARE\Microsoft\Windows NT\CurrentVersion\Schedule\TaskCache\Tree\Microsoft\Windows\UpdateOrchestrator\Schedule Scan\Index
Details: DWORD (0x00000003)
User: NT AUTHORITY\SYSTEM"
Information,4/25/2026 5:32:08 PM,Microsoft-Windows-Sysmon,7,Image loaded (rule: ImageLoad),"Image loaded:
RuleName: technique_id=T1053,technique_name=Scheduled Task
UtcTime: 2026-04-25 07:32:08.061
ProcessGuid: {9172be70-6de6-69ec-ca00-000000001f00}
ProcessId: 3664
Image: C:\Windows\System32\MoUsoCoreWorker.exe
ImageLoaded: C:\Windows\System32\taskschd.dll
FileVersion: 10.0.19041.3636 (WinBuild.160101.0800)
Description: Task Scheduler COM API
Product: Microsoft® Windows® Operating System
Company: Microsoft Corporation
OriginalFileName: taskschd.dll
Hashes: SHA1=633C92F5A5000CDE3235C7FDC306B2B04C501C48,MD5=84F942C1A4BD60C94EBEC6643E0216C9,SHA256=BBE733452E6CE871D5D2064948847AAB2A71F7FEDA2C962BA4002F64E2D198F2,IMPHASH=B7A4477FA36E2E5287EE76AC4AFCB05B
Signed: true
Signature: Microsoft Windows
SignatureStatus: Valid
User: NT AUTHORITY\SYSTEM"
Information,4/25/2026 5:32:07 PM,Microsoft-Windows-Sysmon,7,Image loaded (rule: ImageLoad),"Image loaded:
RuleName: technique_id=T1197,technique_name=BITS
UtcTime: 2026-04-25 07:31:13.543
ProcessGuid: {9172be70-6dae-69ec-3100-000000001f00}
ProcessId: 2292
Image: C:\Windows\System32\svchost.exe
ImageLoaded: C:\Windows\System32\BitsProxy.dll
FileVersion: 7.8.19041.1 (WinBuild.160101.0800)
Description: Background Intelligent Transfer Service Proxy
Product: Microsoft® Windows® Operating System
Company: Microsoft Corporation
OriginalFileName: qmgrprxy.dll
Hashes: SHA1=F76CEB9DA1BD2F4E9C02E49758C654630518A066,MD5=B3E2BAEAD079C29BC16CAA7830A17FA6,SHA256=E72BF2ADCE95F764BD880A458B04BA0BEBB0EBA7EB3473A29FDBE3A98F1A86D5,IMPHASH=44BEE37A834D6E66277D9ADD2D131FC2
Signed: true
Signature: Microsoft Windows
SignatureStatus: Valid
User: NT AUTHORITY\SYSTEM"
Information,4/25/2026 5:32:07 PM,Microsoft-Windows-Sysmon,7,Image loaded (rule: ImageLoad),"Image loaded:
RuleName: technique_id=T1197,technique_name=BITS
UtcTime: 2026-04-25 07:31:13.543
ProcessGuid: {9172be70-6dad-69ec-2e00-000000001f00}
ProcessId: 1468
Image: C:\Windows\System32\svchost.exe
ImageLoaded: C:\Windows\System32\BitsProxy.dll
FileVersion: 7.8.19041.1 (WinBuild.160101.0800)
Description: Background Intelligent Transfer Service Proxy
Product: Microsoft® Windows® Operating System
Company: Microsoft Corporation
OriginalFileName: qmgrprxy.dll
Hashes: SHA1=F76CEB9DA1BD2F4E9C02E49758C654630518A066,MD5=B3E2BAEAD079C29BC16CAA7830A17FA6,SHA256=E72BF2ADCE95F764BD880A458B04BA0BEBB0EBA7EB3473A29FDBE3A98F1A86D5,IMPHASH=44BEE37A834D6E66277D9ADD2D131FC2
Signed: true
Signature: Microsoft Windows
SignatureStatus: Valid
User: NT AUTHORITY\LOCAL SERVICE"
Information,4/25/2026 5:32:07 PM,Microsoft-Windows-Sysmon,7,Image loaded (rule: ImageLoad),"Image loaded:
RuleName: technique_id=T1197,technique_name=BITS
UtcTime: 2026-04-25 07:31:53.061
ProcessGuid: {9172be70-6de8-69ec-cc00-000000001f00}
ProcessId: 6848
Image: C:\Windows\System32\svchost.exe
ImageLoaded: C:\Windows\System32\BitsProxy.dll
FileVersion: 7.8.19041.1 (WinBuild.160101.0800)
Description: Background Intelligent Transfer Service Proxy
Product: Microsoft® Windows® Operating System
Company: Microsoft Corporation
OriginalFileName: qmgrprxy.dll
Hashes: SHA1=F76CEB9DA1BD2F4E9C02E49758C654630518A066,MD5=B3E2BAEAD079C29BC16CAA7830A17FA6,SHA256=E72BF2ADCE95F764BD880A458B04BA0BEBB0EBA7EB3473A29FDBE3A98F1A86D5,IMPHASH=44BEE37A834D6E66277D9ADD2D131FC2
Signed: true
Signature: Microsoft Windows
SignatureStatus: Valid
User: NT AUTHORITY\NETWORK SERVICE"
Information,4/25/2026 5:32:07 PM,Microsoft-Windows-Sysmon,7,Image loaded (rule: ImageLoad),"Image loaded:
RuleName: technique_id=T1197,technique_name=BITS
UtcTime: 2026-04-25 07:31:53.068
ProcessGuid: {9172be70-6dd8-69ec-b700-000000001f00}
ProcessId: 1080
Image: C:\Windows\System32\svchost.exe
ImageLoaded: C:\Windows\System32\BitsProxy.dll
FileVersion: 7.8.19041.1 (WinBuild.160101.0800)
Description: Background Intelligent Transfer Service Proxy
Product: Microsoft® Windows® Operating System
Company: Microsoft Corporation
OriginalFileName: qmgrprxy.dll
Hashes: SHA1=F76CEB9DA1BD2F4E9C02E49758C654630518A066,MD5=B3E2BAEAD079C29BC16CAA7830A17FA6,SHA256=E72BF2ADCE95F764BD880A458B04BA0BEBB0EBA7EB3473A29FDBE3A98F1A86D5,IMPHASH=44BEE37A834D6E66277D9ADD2D131FC2
Signed: true
Signature: Microsoft Windows
SignatureStatus: Valid
User: NT AUTHORITY\SYSTEM"
Information,4/25/2026 5:32:07 PM,Microsoft-Windows-Sysmon,13,Registry value set (rule: RegistryEvent),"Registry value set:
RuleName: -
EventType: SetValue
UtcTime: 2026-04-25 07:32:07.784
ProcessGuid: {9172be70-6dcd-69ec-a300-000000001f00}
ProcessId: 5648
Image: C:\Windows\Explorer.EXE
TargetObject: HKLM\System\CurrentControlSet\Services\bam\State\UserSettings\S-1-5-21-1156564983-231300539-2099510246-1000\\Device\HarddiskVolume1\Program Files (x86)\Microsoft\Edge\Application\msedge.exe
Details: Binary Data
User: WIN10DEMO\jolly"
Information,4/25/2026 5:32:07 PM,Microsoft-Windows-Sysmon,1,Process Create (rule: ProcessCreate),"Process Create:
RuleName: technique_id=T1204,technique_name=User Execution
UtcTime: 2026-04-25 07:32:06.902
ProcessGuid: {9172be70-6df6-69ec-e300-000000001f00}
ProcessId: 5776
Image: C:\Users\jolly\AppData\Local\Microsoft\OneDrive\OneDrive.exe
FileVersion: 26.051.0316.0004
Description: Microsoft OneDrive
Product: Microsoft OneDrive
Company: Microsoft Corporation
OriginalFileName: OneDrive.exe
CommandLine: ""C:\Users\jolly\AppData\Local\Microsoft\OneDrive\OneDrive.exe"" /background
CurrentDirectory: C:\Windows\system32\
User: WIN10DEMO\jolly
LogonGuid: {9172be70-6dc0-69ec-2306-040000000000}
LogonId: 0x40623
TerminalSessionId: 1
IntegrityLevel: Medium
Hashes: SHA1=FAAAD343C8EAE68B8CA825820DD1109BCA08EF77,MD5=D2F114F3DA8EE37EB898F30D53C2101D,SHA256=09A30932338A6FD5DFF6E676918691C2F06C96B80F610A65F57A7C1D2D884FCF,IMPHASH=1B89F770392FFF4CD342F4FA67A66DF4
ParentProcessGuid: {9172be70-6dcd-69ec-a300-000000001f00}
ParentProcessId: 5648
ParentImage: C:\Windows\explorer.exe
ParentCommandLine: C:\Windows\Explorer.EXE
ParentUser: WIN10DEMO\jolly"
Information,4/25/2026 5:32:06 PM,Microsoft-Windows-Sysmon,13,Registry value set (rule: RegistryEvent),"Registry value set:
RuleName: -
EventType: SetValue
UtcTime: 2026-04-25 07:32:06.904
ProcessGuid: {9172be70-6dcd-69ec-a300-000000001f00}
ProcessId: 5648
Image: C:\Windows\Explorer.EXE
TargetObject: HKLM\System\CurrentControlSet\Services\bam\State\UserSettings\S-1-5-21-1156564983-231300539-2099510246-1000\\Device\HarddiskVolume1\Users\jolly\AppData\Local\Microsoft\OneDrive\OneDrive.exe
Details: Binary Data
User: WIN10DEMO\jolly"
Information,4/25/2026 5:32:06 PM,Microsoft-Windows-Sysmon,1,Process Create (rule: ProcessCreate),"Process Create:
RuleName: technique_id=T1083,technique_name=File and Directory Discovery
UtcTime: 2026-04-25 07:32:06.704
ProcessGuid: {9172be70-6df6-69ec-e100-000000001f00}
ProcessId: 5892
Image: C:\Windows\System32\svchost.exe
FileVersion: 10.0.19041.5794 (WinBuild.160101.0800)
Description: Host Process for Windows Services
Product: Microsoft® Windows® Operating System
Company: Microsoft Corporation
OriginalFileName: svchost.exe
CommandLine: C:\Windows\system32\svchost.exe -k LocalSystemNetworkRestricted -p -s NgcSvc
CurrentDirectory: C:\Windows\system32\
User: NT AUTHORITY\SYSTEM
LogonGuid: {9172be70-6da8-69ec-e703-000000000000}
LogonId: 0x3E7
TerminalSessionId: 0
IntegrityLevel: System
Hashes: SHA1=BD4068A70BEEAE18195EDBDCD2837F2F43D254E6,MD5=3D1034D6ED3DAED60816A25C561E8C83,SHA256=B0B36BFF7AE4057F687D839CD4B3D81159AB646F1EE1B22106A927E93DECBB61,IMPHASH=F9BBD96FAE53B7A31264A703CAFA0666
ParentProcessGuid: {9172be70-6da8-69ec-0b00-000000001f00}
ParentProcessId: 696
ParentImage: C:\Windows\System32\services.exe
ParentCommandLine: C:\Windows\system32\services.exe
ParentUser: NT AUTHORITY\SYSTEM"
Information,4/25/2026 5:32:06 PM,Microsoft-Windows-Sysmon,17,Pipe Created (rule: PipeEvent),"Pipe Created:
RuleName: -
EventType: CreatePipe
UtcTime: 2026-04-25 07:32:06.474
ProcessGuid: {9172be70-6df6-69ec-e000-000000001f00}
ProcessId: 3080
PipeName: \VBoxTrayIPC-jolly
Image: C:\Windows\System32\VBoxTray.exe
User: WIN10DEMO\jolly"
Information,4/25/2026 5:32:06 PM,Microsoft-Windows-Sysmon,7,Image loaded (rule: ImageLoad),"Image loaded:
RuleName: -
UtcTime: 2026-04-25 07:32:06.399
ProcessGuid: {9172be70-6df5-69ec-de00-000000001f00}
ProcessId: 6104
Image: C:\Windows\System32\SecurityHealthService.exe
ImageLoaded: C:\Windows\System32\urlmon.dll
FileVersion: 11.00.19041.6456 (WinBuild.160101.0800)
Description: OLE32 Extensions for Win32
Product: Internet Explorer
Company: Microsoft Corporation
OriginalFileName: UrlMon.dll
Hashes: SHA1=E20F47594B506E7F66451F86DC3D27ACFBE50690,MD5=4F65F3E866588D1F98279B80D79073D8,SHA256=BA66D852C1EE342E2863FFD42B01E1041CE099EADE6CCCBBB8E64C6475B8958E,IMPHASH=4572A0DE6D775598EF7BE4A1A20049FB
Signed: true
Signature: Microsoft Windows
SignatureStatus: Valid
User: NT AUTHORITY\SYSTEM"
Information,4/25/2026 5:32:06 PM,Microsoft-Windows-Sysmon,10,Process accessed (rule: ProcessAccess),"Process accessed:
RuleName: technique_id=T1055.001,technique_name=Dynamic-link Library Injection
UtcTime: 2026-04-25 07:32:06.374
SourceProcessGUID: {9172be70-6dcd-69ec-a300-000000001f00}
SourceProcessId: 5648
SourceThreadId: 5916
SourceImage: C:\Windows\Explorer.EXE
TargetProcessGUID: {9172be70-6df6-69ec-e000-000000001f00}
TargetProcessId: 3080
TargetImage: C:\Windows\System32\VBoxTray.exe
GrantedAccess: 0x1410
CallTrace: C:\Windows\SYSTEM32\ntdll.dll+9da64|C:\Windows\System32\KERNELBASE.dll+28d3e|C:\Windows\System32\appresolver.dll+26801|C:\Windows\System32\appresolver.dll+237c7|C:\Windows\System32\appresolver.dll+23506|C:\Windows\Explorer.EXE+75c0d|C:\Windows\Explorer.EXE+5ab8f|C:\Windows\Explorer.EXE+4518b|C:\Windows\Explorer.EXE+43d10|C:\Windows\Explorer.EXE+57323|C:\Windows\Explorer.EXE+56f54|C:\Windows\Explorer.EXE+6478a|C:\Windows\Explorer.EXE+7ddf8|C:\Windows\System32\user32.dll+ef5c|C:\Windows\System32\user32.dll+e8cc|C:\Windows\System32\user32.dll+22d80|C:\Windows\SYSTEM32\ntdll.dll+a1424|UNKNOWN(FFFFF8052723D935)|UNKNOWN(FFFFFE8D90B1403B)|UNKNOWN(FFFFFE8D90B49F84)|UNKNOWN(FFFFFE8D90B49314)|UNKNOWN(FFFFFE8D90B45C18)|UNKNOWN(FFFFFE8D90B45618)|UNKNOWN(FFFFFE8D8FFA71AE)
SourceUser: WIN10DEMO\jolly
TargetUser: WIN10DEMO\jolly"
Information,4/25/2026 5:32:06 PM,Microsoft-Windows-Sysmon,13,Registry value set (rule: RegistryEvent),"Registry value set:
RuleName: -
EventType: SetValue
UtcTime: 2026-04-25 07:32:06.237
ProcessGuid: {9172be70-6da8-69ec-0b00-000000001f00}
ProcessId: 696
Image: C:\Windows\system32\services.exe
TargetObject: HKLM\System\CurrentControlSet\Services\wscsvc\Security\Security
Details: Binary Data
User: NT AUTHORITY\SYSTEM"
Information,4/25/2026 5:32:06 PM,Microsoft-Windows-Sysmon,13,Registry value set (rule: RegistryEvent),"Registry value set:
RuleName: -
EventType: SetValue
UtcTime: 2026-04-25 07:32:06.237
ProcessGuid: {9172be70-6da8-69ec-0b00-000000001f00}
ProcessId: 696
Image: C:\Windows\system32\services.exe
TargetObject: HKLM\System\CurrentControlSet\Services\SecurityHealthService\Security\Security
Details: Binary Data
User: NT AUTHORITY\SYSTEM"
Information,4/25/2026 5:32:06 PM,Microsoft-Windows-Sysmon,1,Process Create (rule: ProcessCreate),"Process Create:
RuleName: technique_id=T1204,technique_name=User Execution
UtcTime: 2026-04-25 07:32:06.108
ProcessGuid: {9172be70-6df6-69ec-e000-000000001f00}
ProcessId: 3080
Image: C:\Windows\System32\VBoxTray.exe
FileVersion: 7.2.6.172322
Description: VirtualBox Guest Additions Tray Application
Product: Oracle VirtualBox Guest Additions
Company: Oracle and/or its affiliates
OriginalFileName: -
CommandLine: ""C:\Windows\System32\VBoxTray.exe"" 
CurrentDirectory: C:\Windows\system32\
User: WIN10DEMO\jolly
LogonGuid: {9172be70-6dc0-69ec-2306-040000000000}
LogonId: 0x40623
TerminalSessionId: 1
IntegrityLevel: Medium
Hashes: SHA1=6B6351B0AF3B6F34F9EA658CB3F0B7A1E77BE39D,MD5=B98A3404BA1C55537E27D0C631D910AC,SHA256=43E082FF920942B403CA02052C203246C79CF5B62069610C3BAAC6FCC9A95FA8,IMPHASH=8A80E14ACCF88B9BF05ED11E78CB26E3
ParentProcessGuid: {9172be70-6dcd-69ec-a300-000000001f00}
ParentProcessId: 5648
ParentImage: C:\Windows\explorer.exe
ParentCommandLine: C:\Windows\Explorer.EXE
ParentUser: WIN10DEMO\jolly"
Information,4/25/2026 5:32:06 PM,Microsoft-Windows-Sysmon,7,Image loaded (rule: ImageLoad),"Image loaded:
RuleName: technique_id=T1574.002,technique_name=DLL Side-Loading
UtcTime: 2026-04-25 07:32:06.136
ProcessGuid: {9172be70-6df5-69ec-de00-000000001f00}
ProcessId: 6104
Image: C:\Windows\System32\SecurityHealthService.exe
ImageLoaded: C:\ProgramData\Microsoft\Windows Defender\Platform\4.18.26020.6-0\MpClient.dll
FileVersion: 4.18.26020.6 (cd0aebd7c18a68cd2e3af14a117b45b178d088f4)
Description: Client Interface
Product: Microsoft® Windows® Operating System
Company: Microsoft Corporation
OriginalFileName: mpclient.dll
Hashes: SHA1=29B7422450545201D4BFBD858E49C88B891768DB,MD5=4611F23F47E48782D6719BFC23F0D1B5,SHA256=94C025D51A74E961E30B4BC3D0CA4799E268F5150FCFDBA371701036D621C2F9,IMPHASH=BD14C65B8E87D3F1F2F5188307337110
Signed: true
Signature: Microsoft Windows
SignatureStatus: Valid
User: NT AUTHORITY\SYSTEM"
Information,4/25/2026 5:32:05 PM,Microsoft-Windows-Sysmon,10,Process accessed (rule: ProcessAccess),"Process accessed:
RuleName: technique_id=T1055.001,technique_name=Dynamic-link Library Injection
UtcTime: 2026-04-25 07:32:05.634
SourceProcessGUID: {9172be70-6dcd-69ec-a300-000000001f00}
SourceProcessId: 5648
SourceThreadId: 5916
SourceImage: C:\Windows\Explorer.EXE
TargetProcessGUID: {9172be70-6df5-69ec-dd00-000000001f00}
TargetProcessId: 2448
TargetImage: C:\Windows\System32\SecurityHealthSystray.exe
GrantedAccess: 0x1410
CallTrace: C:\Windows\SYSTEM32\ntdll.dll+9da64|C:\Windows\System32\KERNELBASE.dll+28d3e|C:\Windows\System32\appresolver.dll+26801|C:\Windows\System32\appresolver.dll+237c7|C:\Windows\System32\appresolver.dll+23506|C:\Windows\Explorer.EXE+75c0d|C:\Windows\Explorer.EXE+5ab8f|C:\Windows\Explorer.EXE+4518b|C:\Windows\Explorer.EXE+43d10|C:\Windows\Explorer.EXE+57323|C:\Windows\Explorer.EXE+56f54|C:\Windows\Explorer.EXE+6478a|C:\Windows\Explorer.EXE+7ddf8|C:\Windows\System32\user32.dll+ef5c|C:\Windows\System32\user32.dll+e8cc|C:\Windows\System32\user32.dll+22d80|C:\Windows\SYSTEM32\ntdll.dll+a1424|UNKNOWN(FFFFF8052723D935)|UNKNOWN(FFFFFE8D90B1403B)|UNKNOWN(FFFFFE8D90B49F84)|UNKNOWN(FFFFFE8D90B49314)|UNKNOWN(FFFFFE8D90B45C18)|UNKNOWN(FFFFFE8D90B45618)|UNKNOWN(FFFFFE8D8FFA71AE)
SourceUser: WIN10DEMO\jolly
TargetUser: WIN10DEMO\jolly"
Information,4/25/2026 5:32:05 PM,Microsoft-Windows-Sysmon,1,Process Create (rule: ProcessCreate),"Process Create:
RuleName: technique_id=T1204,technique_name=User Execution
UtcTime: 2026-04-25 07:32:05.303
ProcessGuid: {9172be70-6df5-69ec-dd00-000000001f00}
ProcessId: 2448
Image: C:\Windows\System32\SecurityHealthSystray.exe
FileVersion: 10.0.19041.4355 (WinBuild.160101.0800)
Description: Windows Security notification icon
Product: Microsoft® Windows® Operating System
Company: Microsoft Corporation
OriginalFileName: SecurityHealthSystray.exe
CommandLine: ""C:\Windows\System32\SecurityHealthSystray.exe"" 
CurrentDirectory: C:\Windows\system32\
User: WIN10DEMO\jolly
LogonGuid: {9172be70-6dc0-69ec-2306-040000000000}
LogonId: 0x40623
TerminalSessionId: 1
IntegrityLevel: Medium
Hashes: SHA1=DD3FE2BA817C5E4527DF8EC803EF39C8CED5C9FA,MD5=6AA21DC87BDF6531F77388BFAD5C73BC,SHA256=EAD5BBB7752377BB4D9BF8DCC38A34969E254E5DA87889B8D4B4788E3BE0B0EF,IMPHASH=E6B44B525767F585EB30F35172497CB0
ParentProcessGuid: {9172be70-6dcd-69ec-a300-000000001f00}
ParentProcessId: 5648
ParentImage: C:\Windows\explorer.exe
ParentCommandLine: C:\Windows\Explorer.EXE
ParentUser: WIN10DEMO\jolly"
Information,4/25/2026 5:32:05 PM,Microsoft-Windows-Sysmon,7,Image loaded (rule: ImageLoad),"Image loaded:
RuleName: -
UtcTime: 2026-04-25 07:32:05.146
ProcessGuid: {9172be70-6df4-69ec-dc00-000000001f00}
ProcessId: 5388
Image: C:\Windows\System32\smartscreen.exe
ImageLoaded: C:\Windows\System32\urlmon.dll
FileVersion: 11.00.19041.6456 (WinBuild.160101.0800)
Description: OLE32 Extensions for Win32
Product: Internet Explorer
Company: Microsoft Corporation
OriginalFileName: UrlMon.dll
Hashes: SHA1=E20F47594B506E7F66451F86DC3D27ACFBE50690,MD5=4F65F3E866588D1F98279B80D79073D8,SHA256=BA66D852C1EE342E2863FFD42B01E1041CE099EADE6CCCBBB8E64C6475B8958E,IMPHASH=4572A0DE6D775598EF7BE4A1A20049FB
Signed: true
Signature: Microsoft Windows
SignatureStatus: Valid
User: WIN10DEMO\jolly"
Information,4/25/2026 5:32:04 PM,Microsoft-Windows-Sysmon,7,Image loaded (rule: ImageLoad),"Image loaded:
RuleName: technique_id=T1047,technique_name=Windows Management Instrumentation
UtcTime: 2026-04-25 07:31:06.092
ProcessGuid: {9172be70-6db3-69ec-4100-000000001f00}
ProcessId: 2012
Image: C:\Windows\System32\svchost.exe
ImageLoaded: C:\Windows\System32\wbem\wmiutils.dll
FileVersion: 10.0.19041.4474 (WinBuild.160101.0800)
Description: WMI
Product: Microsoft® Windows® Operating System
Company: Microsoft Corporation
OriginalFileName: wmiutils.dll
Hashes: SHA1=B0A2BB829A84EBD3AE771C7827DFB18A769CFA4F,MD5=772DC322542BA8EB2FDF4242C54DDECA,SHA256=460C31B0EAB2954B5FB3B2E30BA47C1A0BC5EA972108FF4B42D3BB5A5A42E3F5,IMPHASH=0D31E6D27B954AD879CB4DF742982F1A
Signed: true
Signature: Microsoft Windows
SignatureStatus: Valid
User: NT AUTHORITY\SYSTEM"
Information,4/25/2026 5:32:04 PM,Microsoft-Windows-Sysmon,7,Image loaded (rule: ImageLoad),"Image loaded:
RuleName: technique_id=T1047,technique_name=Windows Management Instrumentation
UtcTime: 2026-04-25 07:31:44.216
ProcessGuid: {9172be70-6de0-69ec-c200-000000001f00}
ProcessId: 6728
Image: C:\Windows\System32\wbem\WmiPrvSE.exe
ImageLoaded: C:\Windows\System32\wbem\wmiutils.dll
FileVersion: 10.0.19041.4474 (WinBuild.160101.0800)
Description: WMI
Product: Microsoft® Windows® Operating System
Company: Microsoft Corporation
OriginalFileName: wmiutils.dll
Hashes: SHA1=B0A2BB829A84EBD3AE771C7827DFB18A769CFA4F,MD5=772DC322542BA8EB2FDF4242C54DDECA,SHA256=460C31B0EAB2954B5FB3B2E30BA47C1A0BC5EA972108FF4B42D3BB5A5A42E3F5,IMPHASH=0D31E6D27B954AD879CB4DF742982F1A
Signed: true
Signature: Microsoft Windows
SignatureStatus: Valid
User: NT AUTHORITY\SYSTEM"
Information,4/25/2026 5:32:04 PM,Microsoft-Windows-Sysmon,7,Image loaded (rule: ImageLoad),"Image loaded:
RuleName: technique_id=T1047,technique_name=Windows Management Instrumentation
UtcTime: 2026-04-25 07:31:44.256
ProcessGuid: {9172be70-6dde-69ec-c100-000000001f00}
ProcessId: 6596
Image: C:\Windows\System32\wbem\WmiPrvSE.exe
ImageLoaded: C:\Windows\System32\wbem\wmiutils.dll
FileVersion: 10.0.19041.4474 (WinBuild.160101.0800)
Description: WMI
Product: Microsoft® Windows® Operating System
Company: Microsoft Corporation
OriginalFileName: wmiutils.dll
Hashes: SHA1=B0A2BB829A84EBD3AE771C7827DFB18A769CFA4F,MD5=772DC322542BA8EB2FDF4242C54DDECA,SHA256=460C31B0EAB2954B5FB3B2E30BA47C1A0BC5EA972108FF4B42D3BB5A5A42E3F5,IMPHASH=0D31E6D27B954AD879CB4DF742982F1A
Signed: true
Signature: Microsoft Windows
SignatureStatus: Valid
User: NT AUTHORITY\NETWORK SERVICE"
Information,4/25/2026 5:32:04 PM,Microsoft-Windows-Sysmon,11,File created (rule: FileCreate),"File created:
RuleName: technique_id=T1574.010,technique_name=Services File Permissions Weakness
UtcTime: 2026-04-25 07:32:04.156
ProcessGuid: {9172be70-6dd8-69ec-b700-000000001f00}
ProcessId: 1080
Image: C:\Windows\system32\svchost.exe
TargetFilename: C:\Windows\SoftwareDistribution\Download\0e81198876b8eb725cd93d1816536732\Metadata\fvereseal.dll
CreationUtcTime: 2025-11-05 08:00:44.000
User: NT AUTHORITY\SYSTEM"
Information,4/25/2026 5:32:04 PM,Microsoft-Windows-Sysmon,11,File created (rule: FileCreate),"File created:
RuleName: technique_id=T1574.010,technique_name=Services File Permissions Weakness
UtcTime: 2026-04-25 07:32:04.137
ProcessGuid: {9172be70-6dd8-69ec-b700-000000001f00}
ProcessId: 1080
Image: C:\Windows\system32\svchost.exe
TargetFilename: C:\Windows\SoftwareDistribution\Download\0e81198876b8eb725cd93d1816536732\Metadata\WinREAgent.dll
CreationUtcTime: 2025-11-05 08:00:42.000
User: NT AUTHORITY\SYSTEM"
Information,4/25/2026 5:32:04 PM,Microsoft-Windows-Sysmon,11,File created (rule: FileCreate),"File created:
RuleName: technique_id=T1574.010,technique_name=Services File Permissions Weakness
UtcTime: 2026-04-25 07:32:04.130
ProcessGuid: {9172be70-6dd8-69ec-b700-000000001f00}
ProcessId: 1080
Image: C:\Windows\system32\svchost.exe
TargetFilename: C:\Windows\SoftwareDistribution\Download\0e81198876b8eb725cd93d1816536732\Metadata\ReserveManager.dll
CreationUtcTime: 2025-11-05 08:00:42.000
User: NT AUTHORITY\SYSTEM"
Information,4/25/2026 5:32:04 PM,Microsoft-Windows-Sysmon,11,File created (rule: FileCreate),"File created:
RuleName: technique_id=T1574.010,technique_name=Services File Permissions Weakness
UtcTime: 2026-04-25 07:32:03.999
ProcessGuid: {9172be70-6dd8-69ec-b700-000000001f00}
ProcessId: 1080
Image: C:\Windows\system32\svchost.exe
TargetFilename: C:\Windows\SoftwareDistribution\Download\0e81198876b8eb725cd93d1816536732\Metadata\TurboStack.dll
CreationUtcTime: 2025-11-05 08:00:42.000
User: NT AUTHORITY\SYSTEM"
Information,4/25/2026 5:32:03 PM,Microsoft-Windows-Sysmon,11,File created (rule: FileCreate),"File created:
RuleName: technique_id=T1574.010,technique_name=Services File Permissions Weakness
UtcTime: 2026-04-25 07:32:03.493
ProcessGuid: {9172be70-6dd8-69ec-b700-000000001f00}
ProcessId: 1080
Image: C:\Windows\system32\svchost.exe
TargetFilename: C:\Windows\SoftwareDistribution\Download\0e81198876b8eb725cd93d1816536732\Metadata\wcp.dll
CreationUtcTime: 2025-11-05 08:00:44.000
User: NT AUTHORITY\SYSTEM"
Information,4/25/2026 5:32:03 PM,Microsoft-Windows-Sysmon,11,File created (rule: FileCreate),"File created:
RuleName: technique_id=T1574.010,technique_name=Services File Permissions Weakness
UtcTime: 2026-04-25 07:32:03.451
ProcessGuid: {9172be70-6dd8-69ec-b700-000000001f00}
ProcessId: 1080
Image: C:\Windows\system32\svchost.exe
TargetFilename: C:\Windows\SoftwareDistribution\Download\0e81198876b8eb725cd93d1816536732\Metadata\UAOneSettings.dll
CreationUtcTime: 2025-11-05 08:00:42.000
User: NT AUTHORITY\SYSTEM"
Information,4/25/2026 5:32:03 PM,Microsoft-Windows-Sysmon,11,File created (rule: FileCreate),"File created:
RuleName: technique_id=T1574.010,technique_name=Services File Permissions Weakness
UtcTime: 2026-04-25 07:32:03.427
ProcessGuid: {9172be70-6dd8-69ec-b700-000000001f00}
ProcessId: 1080
Image: C:\Windows\system32\svchost.exe
TargetFilename: C:\Windows\SoftwareDistribution\Download\0e81198876b8eb725cd93d1816536732\Metadata\Mitigation.dll
CreationUtcTime: 2025-11-05 08:00:42.000
User: NT AUTHORITY\SYSTEM"
Information,4/25/2026 5:32:03 PM,Microsoft-Windows-Sysmon,11,File created (rule: FileCreate),"File created:
RuleName: technique_id=T1574.010,technique_name=Services File Permissions Weakness
UtcTime: 2026-04-25 07:32:03.264
ProcessGuid: {9172be70-6dd8-69ec-b700-000000001f00}
ProcessId: 1080
Image: C:\Windows\system32\svchost.exe
TargetFilename: C:\Windows\SoftwareDistribution\Download\0e81198876b8eb725cd93d1816536732\Metadata\dpx.dll
CreationUtcTime: 2025-11-05 08:00:42.000
User: NT AUTHORITY\SYSTEM"
Information,4/25/2026 5:32:03 PM,Microsoft-Windows-Sysmon,11,File created (rule: FileCreate),"File created:
RuleName: -
UtcTime: 2026-04-25 07:32:02.991
ProcessGuid: {9172be70-6df2-69ec-da00-000000001f00}
ProcessId: 5040
Image: C:\ProgramData\Microsoft\Windows Defender\Platform\4.18.26020.6-0\MpCmdRun.exe
TargetFilename: C:\Windows\Temp\1CE826D7-43A2-4C1E-9A82-7FFC4328A9F2MpCommU\UpdatePlatform.exe
CreationUtcTime: 2026-04-25 07:32:02.991
User: NT AUTHORITY\SYSTEM"
Information,4/25/2026 5:32:03 PM,Microsoft-Windows-Sysmon,11,File created (rule: FileCreate),"File created:
RuleName: technique_id=T1574.010,technique_name=Services File Permissions Weakness
UtcTime: 2026-04-25 07:32:02.991
ProcessGuid: {9172be70-6df2-69ec-da00-000000001f00}
ProcessId: 5040
Image: C:\ProgramData\Microsoft\Windows Defender\Platform\4.18.26020.6-0\MpCmdRun.exe
TargetFilename: C:\Windows\Temp\1CE826D7-43A2-4C1E-9A82-7FFC4328A9F2MpCommU\07805145-492A-4833-9CE7-DE8C39CCA729
CreationUtcTime: 2026-04-25 07:32:02.991
User: NT AUTHORITY\SYSTEM"
Information,4/25/2026 5:32:03 PM,Microsoft-Windows-Sysmon,11,File created (rule: FileCreate),"File created:
RuleName: technique_id=T1574.010,technique_name=Services File Permissions Weakness
UtcTime: 2026-04-25 07:32:02.991
ProcessGuid: {9172be70-6df2-69ec-da00-000000001f00}
ProcessId: 5040
Image: C:\ProgramData\Microsoft\Windows Defender\Platform\4.18.26020.6-0\MpCmdRun.exe
TargetFilename: C:\Windows\Temp\1CE826D7-43A2-4C1E-9A82-7FFC4328A9F2MpCommU
CreationUtcTime: 2026-04-25 07:32:02.991
User: NT AUTHORITY\SYSTEM"
Information,4/25/2026 5:32:02 PM,Microsoft-Windows-Sysmon,11,File created (rule: FileCreate),"File created:
RuleName: -
UtcTime: 2026-04-25 07:32:02.945
ProcessGuid: {9172be70-6df2-69ec-da00-000000001f00}
ProcessId: 5040
Image: C:\ProgramData\Microsoft\Windows Defender\Platform\4.18.26020.6-0\MpCmdRun.exe
TargetFilename: C:\Windows\Temp\458E9E85-2BDC-471B-9C52-120C64D94A9FMpCommU\mpam-97495a6c.exe
CreationUtcTime: 2026-04-25 07:32:02.945
User: NT AUTHORITY\SYSTEM"
Information,4/25/2026 5:32:02 PM,Microsoft-Windows-Sysmon,11,File created (rule: FileCreate),"File created:
RuleName: technique_id=T1574.010,technique_name=Services File Permissions Weakness
UtcTime: 2026-04-25 07:32:02.945
ProcessGuid: {9172be70-6df2-69ec-da00-000000001f00}
ProcessId: 5040
Image: C:\ProgramData\Microsoft\Windows Defender\Platform\4.18.26020.6-0\MpCmdRun.exe
TargetFilename: C:\Windows\Temp\458E9E85-2BDC-471B-9C52-120C64D94A9FMpCommU\82995741-FEEB-465D-A37A-590F60C93FED
CreationUtcTime: 2026-04-25 07:32:02.945
User: NT AUTHORITY\SYSTEM"
Information,4/25/2026 5:32:02 PM,Microsoft-Windows-Sysmon,11,File created (rule: FileCreate),"File created:
RuleName: technique_id=T1574.010,technique_name=Services File Permissions Weakness
UtcTime: 2026-04-25 07:32:02.876
ProcessGuid: {9172be70-6df2-69ec-da00-000000001f00}
ProcessId: 5040
Image: C:\ProgramData\Microsoft\Windows Defender\Platform\4.18.26020.6-0\MpCmdRun.exe
TargetFilename: C:\Windows\Temp\458E9E85-2BDC-471B-9C52-120C64D94A9FMpCommU
CreationUtcTime: 2026-04-25 07:32:02.876
User: NT AUTHORITY\SYSTEM"
Information,4/25/2026 5:32:02 PM,Microsoft-Windows-Sysmon,7,Image loaded (rule: ImageLoad),"Image loaded:
RuleName: technique_id=T1574.002,technique_name=DLL Side-Loading
UtcTime: 2026-04-25 07:32:02.831
ProcessGuid: {9172be70-6df2-69ec-da00-000000001f00}
ProcessId: 5040
Image: C:\ProgramData\Microsoft\Windows Defender\Platform\4.18.26020.6-0\MpCmdRun.exe
ImageLoaded: C:\ProgramData\Microsoft\Windows Defender\Platform\4.18.26020.6-0\MpClient.dll
FileVersion: 4.18.26020.6 (cd0aebd7c18a68cd2e3af14a117b45b178d088f4)
Description: Client Interface
Product: Microsoft® Windows® Operating System
Company: Microsoft Corporation
OriginalFileName: mpclient.dll
Hashes: SHA1=29B7422450545201D4BFBD858E49C88B891768DB,MD5=4611F23F47E48782D6719BFC23F0D1B5,SHA256=94C025D51A74E961E30B4BC3D0CA4799E268F5150FCFDBA371701036D621C2F9,IMPHASH=BD14C65B8E87D3F1F2F5188307337110
Signed: true
Signature: Microsoft Windows
SignatureStatus: Valid
User: NT AUTHORITY\SYSTEM"
Information,4/25/2026 5:32:02 PM,Microsoft-Windows-Sysmon,1,Process Create (rule: ProcessCreate),"Process Create:
RuleName: technique_id=T1027,technique_name=Obfuscated Files or Information
UtcTime: 2026-04-25 07:32:02.723
ProcessGuid: {9172be70-6df2-69ec-da00-000000001f00}
ProcessId: 5040
Image: C:\ProgramData\Microsoft\Windows Defender\Platform\4.18.26020.6-0\MpCmdRun.exe
FileVersion: 4.18.26020.6 (cd0aebd7c18a68cd2e3af14a117b45b178d088f4)
Description: Microsoft Malware Protection Command Line Utility
Product: Microsoft® Windows® Operating System
Company: Microsoft Corporation
OriginalFileName: MpCmdRun.exe
CommandLine: ""C:\ProgramData\Microsoft\Windows Defender\Platform\4.18.26020.6-0\MpCmdRun.exe"" SignaturesUpdateService -ScheduleJob -HttpDownload -RestrictPrivileges
CurrentDirectory: C:\Windows\system32\
User: NT AUTHORITY\SYSTEM
LogonGuid: {9172be70-6da8-69ec-e703-000000000000}
LogonId: 0x3E7
TerminalSessionId: 0
IntegrityLevel: System
Hashes: SHA1=19055ED5BC5696D2633E0B08D1B11F9F3390AB76,MD5=08DCF3821C3A4CB3BD7C8D70C854417A,SHA256=3B5B209292376581B6EFFA0037A37CD5F431C9626F079D385761454C039A9912,IMPHASH=89F7FEA336DD2A0A8925B65181B71EB1
ParentProcessGuid: {9172be70-6db4-69ec-4900-000000001f00}
ParentProcessId: 3368
ParentImage: C:\ProgramData\Microsoft\Windows Defender\Platform\4.18.26020.6-0\MsMpEng.exe
ParentCommandLine: ""C:\ProgramData\Microsoft\Windows Defender\Platform\4.18.26020.6-0\MsMpEng.exe""
ParentUser: NT AUTHORITY\SYSTEM"
Information,4/25/2026 5:32:02 PM,Microsoft-Windows-Sysmon,11,File created (rule: FileCreate),"File created:
RuleName: technique_id=T1574.010,technique_name=Services File Permissions Weakness
UtcTime: 2026-04-25 07:32:02.718
ProcessGuid: {9172be70-6dd8-69ec-b700-000000001f00}
ProcessId: 1080
Image: C:\Windows\system32\svchost.exe
TargetFilename: C:\Windows\SoftwareDistribution\Download\0e81198876b8eb725cd93d1816536732\Metadata\UpdateAgent.dll
CreationUtcTime: 2025-11-05 08:00:44.000
User: NT AUTHORITY\SYSTEM"
Information,4/25/2026 5:32:02 PM,Microsoft-Windows-Sysmon,7,Image loaded (rule: ImageLoad),"Image loaded:
RuleName: technique_id=T1574.002,technique_name=DLL Side-Loading
UtcTime: 2026-04-25 07:31:03.870
ProcessGuid: {9172be70-6db4-69ec-4900-000000001f00}
ProcessId: 3368
Image: C:\ProgramData\Microsoft\Windows Defender\Platform\4.18.26020.6-0\MsMpEng.exe
ImageLoaded: C:\ProgramData\Microsoft\Windows Defender\Platform\4.18.26020.6-0\MpClient.dll
FileVersion: 4.18.26020.6 (cd0aebd7c18a68cd2e3af14a117b45b178d088f4)
Description: Client Interface
Product: Microsoft® Windows® Operating System
Company: Microsoft Corporation
OriginalFileName: mpclient.dll
Hashes: SHA1=29B7422450545201D4BFBD858E49C88B891768DB,MD5=4611F23F47E48782D6719BFC23F0D1B5,SHA256=94C025D51A74E961E30B4BC3D0CA4799E268F5150FCFDBA371701036D621C2F9,IMPHASH=BD14C65B8E87D3F1F2F5188307337110
Signed: true
Signature: Microsoft Windows
SignatureStatus: Valid
User: NT AUTHORITY\SYSTEM"
