Information,4/25/2026 5:38:56 PM,Microsoft-Windows-Sysmon,17,Pipe Created (rule: PipeEvent),"Pipe Created:
RuleName: -
EventType: CreatePipe
UtcTime: 2026-04-25 07:38:56.107
ProcessGuid: {9172be70-6e0d-69ec-ef00-000000001f00}
ProcessId: 6348
PipeName: \LOCAL\mojo.6348.2104.12433831092205051885
Image: C:\Program Files (x86)\Microsoft\EdgeWebView\Application\146.0.3856.109\msedgewebview2.exe
User: WIN10DEMO\jolly"
Information,4/25/2026 5:38:56 PM,Microsoft-Windows-Sysmon,1,Process Create (rule: ProcessCreate),"Process Create:
RuleName: technique_id=T1083,technique_name=File and Directory Discovery
UtcTime: 2026-04-25 07:38:56.031
ProcessGuid: {9172be70-6f90-69ec-5502-000000001f00}
ProcessId: 8668
Image: C:\Program Files (x86)\Microsoft\EdgeWebView\Application\146.0.3856.109\msedgewebview2.exe
FileVersion: 146.0.3856.109
Description: Microsoft Edge WebView2
Product: Microsoft Edge WebView2
Company: Microsoft Corporation
OriginalFileName: msedgewebview2.exe
CommandLine: ""C:\Program Files (x86)\Microsoft\EdgeWebView\Application\146.0.3856.109\msedgewebview2.exe"" --type=renderer --noerrdialogs --user-data-dir=""C:\Users\jolly\AppData\Local\Packages\Microsoft.MicrosoftOfficeHub_8wekyb3d8bbwe\LocalState\EBWebView"" --webview-exe-name=M365Copilot.exe --webview-exe-version=19.2604.38251.0 --embedded-browser-webview=1 --embedded-browser-webview-dpi-awareness=2 --disable-gpu-compositing --video-capture-use-gpu-memory-buffer --lang=en-US --js-flags=--expose-gc --device-scale-factor=1 --num-raster-threads=2 --enable-main-frame-before-activation --renderer-client-id=41 --time-ticks-at-unix-epoch=-1777102076221678 --launch-time-ticks=622613813 --always-read-main-dll --metrics-shmem-handle=5032,i,15048160098515704398,9591832954826465979,2097152 --field-trial-handle=1868,i,15514434203381647951,17821807702279388689,262144 --enable-features=msSingleSignOnOSForPrimaryAccountIsShared --disable-features=msEnhancedTrackingPreventionEnabled --variations-seed-version --pseudonymization-salt-handle=1884,i,14477360231411206170,9314674685075851636,4 --trace-process-track-uuid=3190709024730587303 --mojo-platform-channel-handle=3916 /prefetch:1
CurrentDirectory: C:\Program Files (x86)\Microsoft\EdgeWebView\Application\146.0.3856.109\
User: WIN10DEMO\jolly
LogonGuid: {9172be70-6dc0-69ec-2306-040000000000}
LogonId: 0x40623
TerminalSessionId: 1
IntegrityLevel: Low
Hashes: SHA1=516E5FF797C1E3424E641F74BC0A95CE21C11710,MD5=4D01E2CFBA75938D82A4AA45FFFEB291,SHA256=29CE36EA7A746028BC637095F1068BC29FAC83FC677716FF052B56E913DCE6B7,IMPHASH=82DA08246FA01D20B9DB5C9DDBE8B38C
ParentProcessGuid: {9172be70-6e0d-69ec-ef00-000000001f00}
ParentProcessId: 6348
ParentImage: C:\Program Files (x86)\Microsoft\EdgeWebView\Application\146.0.3856.109\msedgewebview2.exe
ParentCommandLine: ""C:\Program Files (x86)\Microsoft\EdgeWebView\Application\146.0.3856.109\msedgewebview2.exe"" --embedded-browser-webview=1 --webview-exe-name=M365Copilot.exe --webview-exe-version=19.2604.38251.0 --user-data-dir=""C:\Users\jolly\AppData\Local\Packages\Microsoft.MicrosoftOfficeHub_8wekyb3d8bbwe\LocalState\EBWebView"" --noerrdialogs --embedded-browser-webview-dpi-awareness=2 --disable-features=msEnhancedTrackingPreventionEnabled --enable-features=msSingleSignOnOSForPrimaryAccountIsShared --mojo-named-platform-channel-pipe=2408.3868.7952138114952833211
ParentUser: WIN10DEMO\jolly"
Information,4/25/2026 5:38:56 PM,Microsoft-Windows-Sysmon,17,Pipe Created (rule: PipeEvent),"Pipe Created:
RuleName: -
EventType: CreatePipe
UtcTime: 2026-04-25 07:38:56.032
ProcessGuid: {9172be70-6e0d-69ec-ef00-000000001f00}
ProcessId: 6348
PipeName: \LOCAL\mojo.6348.2104.5474554964636350878
Image: C:\Program Files (x86)\Microsoft\EdgeWebView\Application\146.0.3856.109\msedgewebview2.exe
User: WIN10DEMO\jolly"
Information,4/25/2026 5:38:56 PM,Microsoft-Windows-Sysmon,17,Pipe Created (rule: PipeEvent),"Pipe Created:
RuleName: -
EventType: CreatePipe
UtcTime: 2026-04-25 07:38:56.026
ProcessGuid: {9172be70-6e0d-69ec-ef00-000000001f00}
ProcessId: 6348
PipeName: \LOCAL\mojo.6348.6428.4916126268790974491
Image: C:\Program Files (x86)\Microsoft\EdgeWebView\Application\146.0.3856.109\msedgewebview2.exe
User: WIN10DEMO\jolly"
Information,4/25/2026 5:38:56 PM,Microsoft-Windows-Sysmon,17,Pipe Created (rule: PipeEvent),"Pipe Created:
RuleName: -
EventType: CreatePipe
UtcTime: 2026-04-25 07:38:56.023
ProcessGuid: {9172be70-6e0d-69ec-ef00-000000001f00}
ProcessId: 6348
PipeName: \LOCAL\mojo.6348.2104.1466523805569931519
Image: C:\Program Files (x86)\Microsoft\EdgeWebView\Application\146.0.3856.109\msedgewebview2.exe
User: WIN10DEMO\jolly"
Information,4/25/2026 5:38:55 PM,Microsoft-Windows-Sysmon,17,Pipe Created (rule: PipeEvent),"Pipe Created:
RuleName: -
EventType: CreatePipe
UtcTime: 2026-04-25 07:38:55.998
ProcessGuid: {9172be70-6f8f-69ec-5402-000000001f00}
ProcessId: 8492
PipeName: \LOCAL\mojo.8492.1856.8439804423157079605
Image: C:\Program Files (x86)\Microsoft\EdgeWebView\Application\146.0.3856.109\msedgewebview2.exe
User: WIN10DEMO\jolly"
Information,4/25/2026 5:38:55 PM,Microsoft-Windows-Sysmon,17,Pipe Created (rule: PipeEvent),"Pipe Created:
RuleName: -
EventType: CreatePipe
UtcTime: 2026-04-25 07:38:55.965
ProcessGuid: {9172be70-6e0d-69ec-ef00-000000001f00}
ProcessId: 6348
PipeName: \LOCAL\mojo.6348.2104.16517948885608908534
Image: C:\Program Files (x86)\Microsoft\EdgeWebView\Application\146.0.3856.109\msedgewebview2.exe
User: WIN10DEMO\jolly"
Information,4/25/2026 5:38:55 PM,Microsoft-Windows-Sysmon,1,Process Create (rule: ProcessCreate),"Process Create:
RuleName: technique_id=T1083,technique_name=File and Directory Discovery
UtcTime: 2026-04-25 07:38:55.885
ProcessGuid: {9172be70-6f8f-69ec-5402-000000001f00}
ProcessId: 8492
Image: C:\Program Files (x86)\Microsoft\EdgeWebView\Application\146.0.3856.109\msedgewebview2.exe
FileVersion: 146.0.3856.109
Description: Microsoft Edge WebView2
Product: Microsoft Edge WebView2
Company: Microsoft Corporation
OriginalFileName: msedgewebview2.exe
CommandLine: ""C:\Program Files (x86)\Microsoft\EdgeWebView\Application\146.0.3856.109\msedgewebview2.exe"" --type=renderer --noerrdialogs --user-data-dir=""C:\Users\jolly\AppData\Local\Packages\Microsoft.MicrosoftOfficeHub_8wekyb3d8bbwe\LocalState\EBWebView"" --webview-exe-name=M365Copilot.exe --webview-exe-version=19.2604.38251.0 --embedded-browser-webview=1 --embedded-browser-webview-dpi-awareness=2 --disable-gpu-compositing --video-capture-use-gpu-memory-buffer --lang=en-US --js-flags=--expose-gc --device-scale-factor=1 --num-raster-threads=2 --enable-main-frame-before-activation --renderer-client-id=40 --time-ticks-at-unix-epoch=-1777102076221678 --launch-time-ticks=622452996 --always-read-main-dll --metrics-shmem-handle=4844,i,13661094962051218020,11114376384611449692,2097152 --field-trial-handle=1868,i,15514434203381647951,17821807702279388689,262144 --enable-features=msSingleSignOnOSForPrimaryAccountIsShared --disable-features=msEnhancedTrackingPreventionEnabled --variations-seed-version --pseudonymization-salt-handle=1884,i,14477360231411206170,9314674685075851636,4 --trace-process-track-uuid=3190709023793545454 --mojo-platform-channel-handle=3596 /prefetch:1
CurrentDirectory: C:\Program Files (x86)\Microsoft\EdgeWebView\Application\146.0.3856.109\
User: WIN10DEMO\jolly
LogonGuid: {9172be70-6dc0-69ec-2306-040000000000}
LogonId: 0x40623
TerminalSessionId: 1
IntegrityLevel: Low
Hashes: SHA1=516E5FF797C1E3424E641F74BC0A95CE21C11710,MD5=4D01E2CFBA75938D82A4AA45FFFEB291,SHA256=29CE36EA7A746028BC637095F1068BC29FAC83FC677716FF052B56E913DCE6B7,IMPHASH=82DA08246FA01D20B9DB5C9DDBE8B38C
ParentProcessGuid: {9172be70-6e0d-69ec-ef00-000000001f00}
ParentProcessId: 6348
ParentImage: C:\Program Files (x86)\Microsoft\EdgeWebView\Application\146.0.3856.109\msedgewebview2.exe
ParentCommandLine: ""C:\Program Files (x86)\Microsoft\EdgeWebView\Application\146.0.3856.109\msedgewebview2.exe"" --embedded-browser-webview=1 --webview-exe-name=M365Copilot.exe --webview-exe-version=19.2604.38251.0 --user-data-dir=""C:\Users\jolly\AppData\Local\Packages\Microsoft.MicrosoftOfficeHub_8wekyb3d8bbwe\LocalState\EBWebView"" --noerrdialogs --embedded-browser-webview-dpi-awareness=2 --disable-features=msEnhancedTrackingPreventionEnabled --enable-features=msSingleSignOnOSForPrimaryAccountIsShared --mojo-named-platform-channel-pipe=2408.3868.7952138114952833211
ParentUser: WIN10DEMO\jolly"
Information,4/25/2026 5:38:55 PM,Microsoft-Windows-Sysmon,17,Pipe Created (rule: PipeEvent),"Pipe Created:
RuleName: -
EventType: CreatePipe
UtcTime: 2026-04-25 07:38:55.884
ProcessGuid: {9172be70-6e0d-69ec-ef00-000000001f00}
ProcessId: 6348
PipeName: \LOCAL\mojo.6348.6428.272904339384826237
Image: C:\Program Files (x86)\Microsoft\EdgeWebView\Application\146.0.3856.109\msedgewebview2.exe
User: WIN10DEMO\jolly"
Information,4/25/2026 5:38:55 PM,Microsoft-Windows-Sysmon,1,Process Create (rule: ProcessCreate),"Process Create:
RuleName: technique_id=T1083,technique_name=File and Directory Discovery
UtcTime: 2026-04-25 07:38:55.850
ProcessGuid: {9172be70-6f8f-69ec-5302-000000001f00}
ProcessId: 5604
Image: C:\Program Files (x86)\Microsoft\EdgeWebView\Application\146.0.3856.109\msedgewebview2.exe
FileVersion: 146.0.3856.109
Description: Microsoft Edge WebView2
Product: Microsoft Edge WebView2
Company: Microsoft Corporation
OriginalFileName: msedgewebview2.exe
CommandLine: ""C:\Program Files (x86)\Microsoft\EdgeWebView\Application\146.0.3856.109\msedgewebview2.exe"" --type=renderer --noerrdialogs --user-data-dir=""C:\Users\jolly\AppData\Local\Packages\Microsoft.MicrosoftOfficeHub_8wekyb3d8bbwe\LocalState\EBWebView"" --webview-exe-name=M365Copilot.exe --webview-exe-version=19.2604.38251.0 --embedded-browser-webview=1 --embedded-browser-webview-dpi-awareness=2 --disable-gpu-compositing --video-capture-use-gpu-memory-buffer --lang=en-US --js-flags=--expose-gc --device-scale-factor=1 --num-raster-threads=2 --enable-main-frame-before-activation --renderer-client-id=39 --time-ticks-at-unix-epoch=-1777102076221678 --launch-time-ticks=622409044 --always-read-main-dll --metrics-shmem-handle=3452,i,4946151047420044647,7664287844740341395,2097152 --field-trial-handle=1868,i,15514434203381647951,17821807702279388689,262144 --enable-features=msSingleSignOnOSForPrimaryAccountIsShared --disable-features=msEnhancedTrackingPreventionEnabled --variations-seed-version --pseudonymization-salt-handle=1884,i,14477360231411206170,9314674685075851636,4 --trace-process-track-uuid=3190709022856503605 --mojo-platform-channel-handle=3536 /prefetch:1
CurrentDirectory: C:\Program Files (x86)\Microsoft\EdgeWebView\Application\146.0.3856.109\
User: WIN10DEMO\jolly
LogonGuid: {9172be70-6dc0-69ec-2306-040000000000}
LogonId: 0x40623
TerminalSessionId: 1
IntegrityLevel: Low
Hashes: SHA1=516E5FF797C1E3424E641F74BC0A95CE21C11710,MD5=4D01E2CFBA75938D82A4AA45FFFEB291,SHA256=29CE36EA7A746028BC637095F1068BC29FAC83FC677716FF052B56E913DCE6B7,IMPHASH=82DA08246FA01D20B9DB5C9DDBE8B38C
ParentProcessGuid: {9172be70-6e0d-69ec-ef00-000000001f00}
ParentProcessId: 6348
ParentImage: C:\Program Files (x86)\Microsoft\EdgeWebView\Application\146.0.3856.109\msedgewebview2.exe
ParentCommandLine: ""C:\Program Files (x86)\Microsoft\EdgeWebView\Application\146.0.3856.109\msedgewebview2.exe"" --embedded-browser-webview=1 --webview-exe-name=M365Copilot.exe --webview-exe-version=19.2604.38251.0 --user-data-dir=""C:\Users\jolly\AppData\Local\Packages\Microsoft.MicrosoftOfficeHub_8wekyb3d8bbwe\LocalState\EBWebView"" --noerrdialogs --embedded-browser-webview-dpi-awareness=2 --disable-features=msEnhancedTrackingPreventionEnabled --enable-features=msSingleSignOnOSForPrimaryAccountIsShared --mojo-named-platform-channel-pipe=2408.3868.7952138114952833211
ParentUser: WIN10DEMO\jolly"
Information,4/25/2026 5:38:55 PM,Microsoft-Windows-Sysmon,17,Pipe Created (rule: PipeEvent),"Pipe Created:
RuleName: -
EventType: CreatePipe
UtcTime: 2026-04-25 07:38:55.844
ProcessGuid: {9172be70-6e0d-69ec-ef00-000000001f00}
ProcessId: 6348
PipeName: \LOCAL\mojo.6348.6428.148177765270520372
Image: C:\Program Files (x86)\Microsoft\EdgeWebView\Application\146.0.3856.109\msedgewebview2.exe
User: WIN10DEMO\jolly"
Information,4/25/2026 5:38:32 PM,Microsoft-Windows-Sysmon,7,Image loaded (rule: ImageLoad),"Image loaded:
RuleName: technique_id=T1574.002,technique_name=DLL Side-Loading
UtcTime: 2026-04-25 07:38:32.735
ProcessGuid: {9172be70-6f78-69ec-3902-000000001f00}
ProcessId: 3772
Image: C:\Program Files\Splunk\bin\python3.13.exe
ImageLoaded: C:\ProgramData\Microsoft\Windows Defender\Platform\4.18.26020.6-0\MpOAV.dll
FileVersion: 4.18.26020.6 (cd0aebd7c18a68cd2e3af14a117b45b178d088f4)
Description: IOfficeAntiVirus Module
Product: Microsoft® Windows® Operating System
Company: Microsoft Corporation
OriginalFileName: MpOAV.dll
Hashes: SHA1=8350F492FC8773C7AD990D4218D9AD1E0C7A3130,MD5=55DCD381DFBB9B84092E09B8D3A7A4CD,SHA256=4FE2F89B85BEE4455BECEF8450A6459B2F9AF50E991A86A8A863FA86AAC3F69E,IMPHASH=876F81A277BF4C5C958E4D3BDB07CFEB
Signed: true
Signature: Microsoft Windows
SignatureStatus: Valid
User: NT AUTHORITY\SYSTEM"
Information,4/25/2026 5:38:32 PM,Microsoft-Windows-Sysmon,7,Image loaded (rule: ImageLoad),"Image loaded:
RuleName: technique_id=T1059.001,technique_name=PowerShell
UtcTime: 2026-04-25 07:38:32.728
ProcessGuid: {9172be70-6f78-69ec-3902-000000001f00}
ProcessId: 3772
Image: C:\Program Files\Splunk\bin\python3.13.exe
ImageLoaded: C:\Windows\System32\amsi.dll
FileVersion: 10.0.19041.4355 (WinBuild.160101.0800)
Description: Anti-Malware Scan Interface
Product: Microsoft® Windows® Operating System
Company: Microsoft Corporation
OriginalFileName: amsi.dll
Hashes: SHA1=347368018E1DAAF4F52C9A4119526313A82ECEEC,MD5=4933108BD5B3219F74AD807DFE8835AD,SHA256=66F7A134F6A4D9FE63DD7D6FF88DDED5796E4D5C7E33BA606DFF4D87D9258C0D,IMPHASH=C414C6B76EBCEEF67B5B752A7E51D4D2
Signed: true
Signature: Microsoft Windows
SignatureStatus: Valid
User: NT AUTHORITY\SYSTEM"
Information,4/25/2026 5:38:12 PM,Microsoft-Windows-Sysmon,7,Image loaded (rule: ImageLoad),"Image loaded:
RuleName: -
UtcTime: 2026-04-25 07:38:12.813
ProcessGuid: {9172be70-6ece-69ec-6701-000000001f00}
ProcessId: 8456
Image: C:\Windows\System32\RuntimeBroker.exe
ImageLoaded: C:\Windows\System32\urlmon.dll
FileVersion: 11.00.19041.6456 (WinBuild.160101.0800)
Description: OLE32 Extensions for Win32
Product: Internet Explorer
Company: Microsoft Corporation
OriginalFileName: UrlMon.dll
Hashes: SHA1=E20F47594B506E7F66451F86DC3D27ACFBE50690,MD5=4F65F3E866588D1F98279B80D79073D8,SHA256=BA66D852C1EE342E2863FFD42B01E1041CE099EADE6CCCBBB8E64C6475B8958E,IMPHASH=4572A0DE6D775598EF7BE4A1A20049FB
Signed: true
Signature: Microsoft Windows
SignatureStatus: Valid
User: WIN10DEMO\jolly"
Information,4/25/2026 5:38:12 PM,Microsoft-Windows-Sysmon,11,File created (rule: FileCreate),"File created:
RuleName: -
UtcTime: 2026-04-25 07:38:12.557
ProcessGuid: {9172be70-6dc7-69ec-7d00-000000001f00}
ProcessId: 4964
Image: C:\Windows\system32\svchost.exe
TargetFilename: C:\Users\jolly\AppData\Local\Microsoft\Windows\ActionCenterCache\microsoft-skydrive-desktop_68_0.png
CreationUtcTime: 2026-04-25 07:38:12.557
User: WIN10DEMO\jolly"
Information,4/25/2026 5:38:12 PM,Microsoft-Windows-Sysmon,10,Process accessed (rule: ProcessAccess),"Process accessed:
RuleName: technique_id=T1036,technique_name=Masquerading
UtcTime: 2026-04-25 07:38:12.426
SourceProcessGUID: {9172be70-6df6-69ec-e300-000000001f00}
SourceProcessId: 5776
SourceThreadId: 9760
SourceImage: C:\Users\jolly\AppData\Local\Microsoft\OneDrive\OneDrive.exe
TargetProcessGUID: {9172be70-6f5a-69ec-2202-000000001f00}
TargetProcessId: 8808
TargetImage: C:\Program Files (x86)\Microsoft\EdgeWebView\Application\146.0.3856.109\msedgewebview2.exe
GrantedAccess: 0x101411
CallTrace: C:\Windows\SYSTEM32\ntdll.dll+9da64|C:\Windows\System32\KERNELBASE.dll+28d3e|C:\Users\jolly\AppData\Local\Microsoft\OneDrive\26.051.0316.0004\FileSyncClient.dll+5e58e2|C:\Users\jolly\AppData\Local\Microsoft\OneDrive\26.051.0316.0004\FileSyncClient.dll+8711b|C:\Users\jolly\AppData\Local\Microsoft\OneDrive\26.051.0316.0004\FileSyncClient.dll+86f26|C:\Users\jolly\AppData\Local\Microsoft\OneDrive\26.051.0316.0004\FileSyncClient.dll+86e14|C:\Users\jolly\AppData\Local\Microsoft\OneDrive\26.051.0316.0004\FileSyncEvents.dll+e222|C:\Users\jolly\AppData\Local\Microsoft\OneDrive\26.051.0316.0004\FileSyncHost.DLL+d42a|C:\Users\jolly\AppData\Local\Microsoft\OneDrive\26.051.0316.0004\FileSyncHost.DLL+f325|C:\Windows\System32\ucrtbase.dll+21bb2|C:\Windows\System32\KERNEL32.DLL+17374|C:\Windows\SYSTEM32\ntdll.dll+4cc91
SourceUser: WIN10DEMO\jolly
TargetUser: WIN10DEMO\jolly"
Information,4/25/2026 5:38:12 PM,Microsoft-Windows-Sysmon,10,Process accessed (rule: ProcessAccess),"Process accessed:
RuleName: technique_id=T1036,technique_name=Masquerading
UtcTime: 2026-04-25 07:38:12.426
SourceProcessGUID: {9172be70-6df6-69ec-e300-000000001f00}
SourceProcessId: 5776
SourceThreadId: 9760
SourceImage: C:\Users\jolly\AppData\Local\Microsoft\OneDrive\OneDrive.exe
TargetProcessGUID: {9172be70-6ee3-69ec-8c01-000000001f00}
TargetProcessId: 9108
TargetImage: C:\Users\jolly\AppData\Local\Microsoft\OneDrive\OneDriveStandaloneUpdater.exe
GrantedAccess: 0x101411
CallTrace: C:\Windows\SYSTEM32\ntdll.dll+9da64|C:\Windows\System32\KERNELBASE.dll+28d3e|C:\Users\jolly\AppData\Local\Microsoft\OneDrive\26.051.0316.0004\FileSyncClient.dll+5e58e2|C:\Users\jolly\AppData\Local\Microsoft\OneDrive\26.051.0316.0004\FileSyncClient.dll+8711b|C:\Users\jolly\AppData\Local\Microsoft\OneDrive\26.051.0316.0004\FileSyncClient.dll+86f26|C:\Users\jolly\AppData\Local\Microsoft\OneDrive\26.051.0316.0004\FileSyncClient.dll+86e14|C:\Users\jolly\AppData\Local\Microsoft\OneDrive\26.051.0316.0004\FileSyncEvents.dll+e222|C:\Users\jolly\AppData\Local\Microsoft\OneDrive\26.051.0316.0004\FileSyncHost.DLL+d42a|C:\Users\jolly\AppData\Local\Microsoft\OneDrive\26.051.0316.0004\FileSyncHost.DLL+f325|C:\Windows\System32\ucrtbase.dll+21bb2|C:\Windows\System32\KERNEL32.DLL+17374|C:\Windows\SYSTEM32\ntdll.dll+4cc91
SourceUser: WIN10DEMO\jolly
TargetUser: WIN10DEMO\jolly"
Information,4/25/2026 5:38:12 PM,Microsoft-Windows-Sysmon,10,Process accessed (rule: ProcessAccess),"Process accessed:
RuleName: technique_id=T1036,technique_name=Masquerading
UtcTime: 2026-04-25 07:38:12.426
SourceProcessGUID: {9172be70-6df6-69ec-e300-000000001f00}
SourceProcessId: 5776
SourceThreadId: 9760
SourceImage: C:\Users\jolly\AppData\Local\Microsoft\OneDrive\OneDrive.exe
TargetProcessGUID: {9172be70-6ee2-69ec-8101-000000001f00}
TargetProcessId: 8240
TargetImage: C:\Users\jolly\AppData\Local\Microsoft\OneDrive\OneDriveStandaloneUpdater.exe
GrantedAccess: 0x101411
CallTrace: C:\Windows\SYSTEM32\ntdll.dll+9da64|C:\Windows\System32\KERNELBASE.dll+28d3e|C:\Users\jolly\AppData\Local\Microsoft\OneDrive\26.051.0316.0004\FileSyncClient.dll+5e58e2|C:\Users\jolly\AppData\Local\Microsoft\OneDrive\26.051.0316.0004\FileSyncClient.dll+8711b|C:\Users\jolly\AppData\Local\Microsoft\OneDrive\26.051.0316.0004\FileSyncClient.dll+86f26|C:\Users\jolly\AppData\Local\Microsoft\OneDrive\26.051.0316.0004\FileSyncClient.dll+86e14|C:\Users\jolly\AppData\Local\Microsoft\OneDrive\26.051.0316.0004\FileSyncEvents.dll+e222|C:\Users\jolly\AppData\Local\Microsoft\OneDrive\26.051.0316.0004\FileSyncHost.DLL+d42a|C:\Users\jolly\AppData\Local\Microsoft\OneDrive\26.051.0316.0004\FileSyncHost.DLL+f325|C:\Windows\System32\ucrtbase.dll+21bb2|C:\Windows\System32\KERNEL32.DLL+17374|C:\Windows\SYSTEM32\ntdll.dll+4cc91
SourceUser: WIN10DEMO\jolly
TargetUser: WIN10DEMO\jolly"
Information,4/25/2026 5:38:12 PM,Microsoft-Windows-Sysmon,10,Process accessed (rule: ProcessAccess),"Process accessed:
RuleName: technique_id=T1036,technique_name=Masquerading
UtcTime: 2026-04-25 07:38:12.426
SourceProcessGUID: {9172be70-6df6-69ec-e300-000000001f00}
SourceProcessId: 5776
SourceThreadId: 9760
SourceImage: C:\Users\jolly\AppData\Local\Microsoft\OneDrive\OneDrive.exe
TargetProcessGUID: {9172be70-6ece-69ec-6701-000000001f00}
TargetProcessId: 8456
TargetImage: C:\Windows\System32\RuntimeBroker.exe
GrantedAccess: 0x101411
CallTrace: C:\Windows\SYSTEM32\ntdll.dll+9da64|C:\Windows\System32\KERNELBASE.dll+28d3e|C:\Users\jolly\AppData\Local\Microsoft\OneDrive\26.051.0316.0004\FileSyncClient.dll+5e58e2|C:\Users\jolly\AppData\Local\Microsoft\OneDrive\26.051.0316.0004\FileSyncClient.dll+8711b|C:\Users\jolly\AppData\Local\Microsoft\OneDrive\26.051.0316.0004\FileSyncClient.dll+86f26|C:\Users\jolly\AppData\Local\Microsoft\OneDrive\26.051.0316.0004\FileSyncClient.dll+86e14|C:\Users\jolly\AppData\Local\Microsoft\OneDrive\26.051.0316.0004\FileSyncEvents.dll+e222|C:\Users\jolly\AppData\Local\Microsoft\OneDrive\26.051.0316.0004\FileSyncHost.DLL+d42a|C:\Users\jolly\AppData\Local\Microsoft\OneDrive\26.051.0316.0004\FileSyncHost.DLL+f325|C:\Windows\System32\ucrtbase.dll+21bb2|C:\Windows\System32\KERNEL32.DLL+17374|C:\Windows\SYSTEM32\ntdll.dll+4cc91
SourceUser: WIN10DEMO\jolly
TargetUser: WIN10DEMO\jolly"
Information,4/25/2026 5:38:12 PM,Microsoft-Windows-Sysmon,10,Process accessed (rule: ProcessAccess),"Process accessed:
RuleName: technique_id=T1036,technique_name=Masquerading
UtcTime: 2026-04-25 07:38:12.426
SourceProcessGUID: {9172be70-6df6-69ec-e300-000000001f00}
SourceProcessId: 5776
SourceThreadId: 9760
SourceImage: C:\Users\jolly\AppData\Local\Microsoft\OneDrive\OneDrive.exe
TargetProcessGUID: {9172be70-6ec9-69ec-6301-000000001f00}
TargetProcessId: 1864
TargetImage: C:\Windows\SystemApps\ShellExperienceHost_cw5n1h2txyewy\ShellExperienceHost.exe
GrantedAccess: 0x101411
CallTrace: C:\Windows\SYSTEM32\ntdll.dll+9da64|C:\Windows\System32\KERNELBASE.dll+28d3e|C:\Users\jolly\AppData\Local\Microsoft\OneDrive\26.051.0316.0004\FileSyncClient.dll+5e58e2|C:\Users\jolly\AppData\Local\Microsoft\OneDrive\26.051.0316.0004\FileSyncClient.dll+8711b|C:\Users\jolly\AppData\Local\Microsoft\OneDrive\26.051.0316.0004\FileSyncClient.dll+86f26|C:\Users\jolly\AppData\Local\Microsoft\OneDrive\26.051.0316.0004\FileSyncClient.dll+86e14|C:\Users\jolly\AppData\Local\Microsoft\OneDrive\26.051.0316.0004\FileSyncEvents.dll+e222|C:\Users\jolly\AppData\Local\Microsoft\OneDrive\26.051.0316.0004\FileSyncHost.DLL+d42a|C:\Users\jolly\AppData\Local\Microsoft\OneDrive\26.051.0316.0004\FileSyncHost.DLL+f325|C:\Windows\System32\ucrtbase.dll+21bb2|C:\Windows\System32\KERNEL32.DLL+17374|C:\Windows\SYSTEM32\ntdll.dll+4cc91
SourceUser: WIN10DEMO\jolly
TargetUser: WIN10DEMO\jolly"
Information,4/25/2026 5:38:12 PM,Microsoft-Windows-Sysmon,10,Process accessed (rule: ProcessAccess),"Process accessed:
RuleName: technique_id=T1036,technique_name=Masquerading
UtcTime: 2026-04-25 07:38:12.426
SourceProcessGUID: {9172be70-6df6-69ec-e300-000000001f00}
SourceProcessId: 5776
SourceThreadId: 9760
SourceImage: C:\Users\jolly\AppData\Local\Microsoft\OneDrive\OneDrive.exe
TargetProcessGUID: {9172be70-6e95-69ec-4701-000000001f00}
TargetProcessId: 7816
TargetImage: C:\Windows\system32\DllHost.exe
GrantedAccess: 0x101411
CallTrace: C:\Windows\SYSTEM32\ntdll.dll+9da64|C:\Windows\System32\KERNELBASE.dll+28d3e|C:\Users\jolly\AppData\Local\Microsoft\OneDrive\26.051.0316.0004\FileSyncClient.dll+5e58e2|C:\Users\jolly\AppData\Local\Microsoft\OneDrive\26.051.0316.0004\FileSyncClient.dll+8711b|C:\Users\jolly\AppData\Local\Microsoft\OneDrive\26.051.0316.0004\FileSyncClient.dll+86f26|C:\Users\jolly\AppData\Local\Microsoft\OneDrive\26.051.0316.0004\FileSyncClient.dll+86e14|C:\Users\jolly\AppData\Local\Microsoft\OneDrive\26.051.0316.0004\FileSyncEvents.dll+e222|C:\Users\jolly\AppData\Local\Microsoft\OneDrive\26.051.0316.0004\FileSyncHost.DLL+d42a|C:\Users\jolly\AppData\Local\Microsoft\OneDrive\26.051.0316.0004\FileSyncHost.DLL+f325|C:\Windows\System32\ucrtbase.dll+21bb2|C:\Windows\System32\KERNEL32.DLL+17374|C:\Windows\SYSTEM32\ntdll.dll+4cc91
SourceUser: WIN10DEMO\jolly
TargetUser: WIN10DEMO\jolly"
Information,4/25/2026 5:38:12 PM,Microsoft-Windows-Sysmon,10,Process accessed (rule: ProcessAccess),"Process accessed:
RuleName: technique_id=T1036,technique_name=Masquerading
UtcTime: 2026-04-25 07:38:12.426
SourceProcessGUID: {9172be70-6df6-69ec-e300-000000001f00}
SourceProcessId: 5776
SourceThreadId: 9760
SourceImage: C:\Users\jolly\AppData\Local\Microsoft\OneDrive\OneDrive.exe
TargetProcessGUID: {9172be70-6e93-69ec-4501-000000001f00}
TargetProcessId: 8172
TargetImage: C:\Windows\SystemApps\MicrosoftWindows.Client.CBS_cw5n1h2txyewy\TextInputHost.exe
GrantedAccess: 0x101411
CallTrace: C:\Windows\SYSTEM32\ntdll.dll+9da64|C:\Windows\System32\KERNELBASE.dll+28d3e|C:\Users\jolly\AppData\Local\Microsoft\OneDrive\26.051.0316.0004\FileSyncClient.dll+5e58e2|C:\Users\jolly\AppData\Local\Microsoft\OneDrive\26.051.0316.0004\FileSyncClient.dll+8711b|C:\Users\jolly\AppData\Local\Microsoft\OneDrive\26.051.0316.0004\FileSyncClient.dll+86f26|C:\Users\jolly\AppData\Local\Microsoft\OneDrive\26.051.0316.0004\FileSyncClient.dll+86e14|C:\Users\jolly\AppData\Local\Microsoft\OneDrive\26.051.0316.0004\FileSyncEvents.dll+e222|C:\Users\jolly\AppData\Local\Microsoft\OneDrive\26.051.0316.0004\FileSyncHost.DLL+d42a|C:\Users\jolly\AppData\Local\Microsoft\OneDrive\26.051.0316.0004\FileSyncHost.DLL+f325|C:\Windows\System32\ucrtbase.dll+21bb2|C:\Windows\System32\KERNEL32.DLL+17374|C:\Windows\SYSTEM32\ntdll.dll+4cc91
SourceUser: WIN10DEMO\jolly
TargetUser: WIN10DEMO\jolly"
Information,4/25/2026 5:38:12 PM,Microsoft-Windows-Sysmon,10,Process accessed (rule: ProcessAccess),"Process accessed:
RuleName: technique_id=T1036,technique_name=Masquerading
UtcTime: 2026-04-25 07:38:12.426
SourceProcessGUID: {9172be70-6df6-69ec-e300-000000001f00}
SourceProcessId: 5776
SourceThreadId: 9760
SourceImage: C:\Users\jolly\AppData\Local\Microsoft\OneDrive\OneDrive.exe
TargetProcessGUID: {9172be70-6e53-69ec-2c01-000000001f00}
TargetProcessId: 5820
TargetImage: C:\Users\jolly\AppData\Local\Microsoft\OneDrive\26.051.0316.0004\FileCoAuth.exe
GrantedAccess: 0x101411
CallTrace: C:\Windows\SYSTEM32\ntdll.dll+9da64|C:\Windows\System32\KERNELBASE.dll+28d3e|C:\Users\jolly\AppData\Local\Microsoft\OneDrive\26.051.0316.0004\FileSyncClient.dll+5e58e2|C:\Users\jolly\AppData\Local\Microsoft\OneDrive\26.051.0316.0004\FileSyncClient.dll+8711b|C:\Users\jolly\AppData\Local\Microsoft\OneDrive\26.051.0316.0004\FileSyncClient.dll+86f26|C:\Users\jolly\AppData\Local\Microsoft\OneDrive\26.051.0316.0004\FileSyncClient.dll+86e14|C:\Users\jolly\AppData\Local\Microsoft\OneDrive\26.051.0316.0004\FileSyncEvents.dll+e222|C:\Users\jolly\AppData\Local\Microsoft\OneDrive\26.051.0316.0004\FileSyncHost.DLL+d42a|C:\Users\jolly\AppData\Local\Microsoft\OneDrive\26.051.0316.0004\FileSyncHost.DLL+f325|C:\Windows\System32\ucrtbase.dll+21bb2|C:\Windows\System32\KERNEL32.DLL+17374|C:\Windows\SYSTEM32\ntdll.dll+4cc91
SourceUser: WIN10DEMO\jolly
TargetUser: WIN10DEMO\jolly"
Information,4/25/2026 5:38:12 PM,Microsoft-Windows-Sysmon,10,Process accessed (rule: ProcessAccess),"Process accessed:
RuleName: technique_id=T1036,technique_name=Masquerading
UtcTime: 2026-04-25 07:38:12.426
SourceProcessGUID: {9172be70-6df6-69ec-e300-000000001f00}
SourceProcessId: 5776
SourceThreadId: 9760
SourceImage: C:\Users\jolly\AppData\Local\Microsoft\OneDrive\OneDrive.exe
TargetProcessGUID: {9172be70-6e26-69ec-0a01-000000001f00}
TargetProcessId: 8004
TargetImage: C:\Program Files (x86)\Microsoft\Edge\Application\msedge.exe
GrantedAccess: 0x101411
CallTrace: C:\Windows\SYSTEM32\ntdll.dll+9da64|C:\Windows\System32\KERNELBASE.dll+28d3e|C:\Users\jolly\AppData\Local\Microsoft\OneDrive\26.051.0316.0004\FileSyncClient.dll+5e58e2|C:\Users\jolly\AppData\Local\Microsoft\OneDrive\26.051.0316.0004\FileSyncClient.dll+8711b|C:\Users\jolly\AppData\Local\Microsoft\OneDrive\26.051.0316.0004\FileSyncClient.dll+86f26|C:\Users\jolly\AppData\Local\Microsoft\OneDrive\26.051.0316.0004\FileSyncClient.dll+86e14|C:\Users\jolly\AppData\Local\Microsoft\OneDrive\26.051.0316.0004\FileSyncEvents.dll+e222|C:\Users\jolly\AppData\Local\Microsoft\OneDrive\26.051.0316.0004\FileSyncHost.DLL+d42a|C:\Users\jolly\AppData\Local\Microsoft\OneDrive\26.051.0316.0004\FileSyncHost.DLL+f325|C:\Windows\System32\ucrtbase.dll+21bb2|C:\Windows\System32\KERNEL32.DLL+17374|C:\Windows\SYSTEM32\ntdll.dll+4cc91
SourceUser: WIN10DEMO\jolly
TargetUser: WIN10DEMO\jolly"
Information,4/25/2026 5:38:12 PM,Microsoft-Windows-Sysmon,10,Process accessed (rule: ProcessAccess),"Process accessed:
RuleName: technique_id=T1036,technique_name=Masquerading
UtcTime: 2026-04-25 07:38:12.426
SourceProcessGUID: {9172be70-6df6-69ec-e300-000000001f00}
SourceProcessId: 5776
SourceThreadId: 9760
SourceImage: C:\Users\jolly\AppData\Local\Microsoft\OneDrive\OneDrive.exe
TargetProcessGUID: {9172be70-6e26-69ec-0901-000000001f00}
TargetProcessId: 7972
TargetImage: C:\Program Files (x86)\Microsoft\Edge\Application\msedge.exe
GrantedAccess: 0x101411
CallTrace: C:\Windows\SYSTEM32\ntdll.dll+9da64|C:\Windows\System32\KERNELBASE.dll+28d3e|C:\Users\jolly\AppData\Local\Microsoft\OneDrive\26.051.0316.0004\FileSyncClient.dll+5e58e2|C:\Users\jolly\AppData\Local\Microsoft\OneDrive\26.051.0316.0004\FileSyncClient.dll+8711b|C:\Users\jolly\AppData\Local\Microsoft\OneDrive\26.051.0316.0004\FileSyncClient.dll+86f26|C:\Users\jolly\AppData\Local\Microsoft\OneDrive\26.051.0316.0004\FileSyncClient.dll+86e14|C:\Users\jolly\AppData\Local\Microsoft\OneDrive\26.051.0316.0004\FileSyncEvents.dll+e222|C:\Users\jolly\AppData\Local\Microsoft\OneDrive\26.051.0316.0004\FileSyncHost.DLL+d42a|C:\Users\jolly\AppData\Local\Microsoft\OneDrive\26.051.0316.0004\FileSyncHost.DLL+f325|C:\Windows\System32\ucrtbase.dll+21bb2|C:\Windows\System32\KERNEL32.DLL+17374|C:\Windows\SYSTEM32\ntdll.dll+4cc91
SourceUser: WIN10DEMO\jolly
TargetUser: WIN10DEMO\jolly"
Information,4/25/2026 5:38:12 PM,Microsoft-Windows-Sysmon,10,Process accessed (rule: ProcessAccess),"Process accessed:
RuleName: technique_id=T1036,technique_name=Masquerading
UtcTime: 2026-04-25 07:38:12.426
SourceProcessGUID: {9172be70-6df6-69ec-e300-000000001f00}
SourceProcessId: 5776
SourceThreadId: 9760
SourceImage: C:\Users\jolly\AppData\Local\Microsoft\OneDrive\OneDrive.exe
TargetProcessGUID: {9172be70-6e20-69ec-0201-000000001f00}
TargetProcessId: 7184
TargetImage: C:\Program Files (x86)\Microsoft\EdgeWebView\Application\146.0.3856.109\msedgewebview2.exe
GrantedAccess: 0x101411
CallTrace: C:\Windows\SYSTEM32\ntdll.dll+9da64|C:\Windows\System32\KERNELBASE.dll+28d3e|C:\Users\jolly\AppData\Local\Microsoft\OneDrive\26.051.0316.0004\FileSyncClient.dll+5e58e2|C:\Users\jolly\AppData\Local\Microsoft\OneDrive\26.051.0316.0004\FileSyncClient.dll+8711b|C:\Users\jolly\AppData\Local\Microsoft\OneDrive\26.051.0316.0004\FileSyncClient.dll+86f26|C:\Users\jolly\AppData\Local\Microsoft\OneDrive\26.051.0316.0004\FileSyncClient.dll+86e14|C:\Users\jolly\AppData\Local\Microsoft\OneDrive\26.051.0316.0004\FileSyncEvents.dll+e222|C:\Users\jolly\AppData\Local\Microsoft\OneDrive\26.051.0316.0004\FileSyncHost.DLL+d42a|C:\Users\jolly\AppData\Local\Microsoft\OneDrive\26.051.0316.0004\FileSyncHost.DLL+f325|C:\Windows\System32\ucrtbase.dll+21bb2|C:\Windows\System32\KERNEL32.DLL+17374|C:\Windows\SYSTEM32\ntdll.dll+4cc91
SourceUser: WIN10DEMO\jolly
TargetUser: WIN10DEMO\jolly"
Information,4/25/2026 5:38:12 PM,Microsoft-Windows-Sysmon,10,Process accessed (rule: ProcessAccess),"Process accessed:
RuleName: technique_id=T1036,technique_name=Masquerading
UtcTime: 2026-04-25 07:38:12.426
SourceProcessGUID: {9172be70-6df6-69ec-e300-000000001f00}
SourceProcessId: 5776
SourceThreadId: 9760
SourceImage: C:\Users\jolly\AppData\Local\Microsoft\OneDrive\OneDrive.exe
TargetProcessGUID: {9172be70-6e1f-69ec-0001-000000001f00}
TargetProcessId: 2692
TargetImage: C:\Program Files (x86)\Microsoft\EdgeWebView\Application\146.0.3856.109\msedgewebview2.exe
GrantedAccess: 0x101411
CallTrace: C:\Windows\SYSTEM32\ntdll.dll+9da64|C:\Windows\System32\KERNELBASE.dll+28d3e|C:\Users\jolly\AppData\Local\Microsoft\OneDrive\26.051.0316.0004\FileSyncClient.dll+5e58e2|C:\Users\jolly\AppData\Local\Microsoft\OneDrive\26.051.0316.0004\FileSyncClient.dll+8711b|C:\Users\jolly\AppData\Local\Microsoft\OneDrive\26.051.0316.0004\FileSyncClient.dll+86f26|C:\Users\jolly\AppData\Local\Microsoft\OneDrive\26.051.0316.0004\FileSyncClient.dll+86e14|C:\Users\jolly\AppData\Local\Microsoft\OneDrive\26.051.0316.0004\FileSyncEvents.dll+e222|C:\Users\jolly\AppData\Local\Microsoft\OneDrive\26.051.0316.0004\FileSyncHost.DLL+d42a|C:\Users\jolly\AppData\Local\Microsoft\OneDrive\26.051.0316.0004\FileSyncHost.DLL+f325|C:\Windows\System32\ucrtbase.dll+21bb2|C:\Windows\System32\KERNEL32.DLL+17374|C:\Windows\SYSTEM32\ntdll.dll+4cc91
SourceUser: WIN10DEMO\jolly
TargetUser: WIN10DEMO\jolly"
Information,4/25/2026 5:38:12 PM,Microsoft-Windows-Sysmon,10,Process accessed (rule: ProcessAccess),"Process accessed:
RuleName: technique_id=T1036,technique_name=Masquerading
UtcTime: 2026-04-25 07:38:12.426
SourceProcessGUID: {9172be70-6df6-69ec-e300-000000001f00}
SourceProcessId: 5776
SourceThreadId: 9760
SourceImage: C:\Users\jolly\AppData\Local\Microsoft\OneDrive\OneDrive.exe
TargetProcessGUID: {9172be70-6e1e-69ec-ff00-000000001f00}
TargetProcessId: 3672
TargetImage: C:\Program Files (x86)\Microsoft\Edge\Application\msedge.exe
GrantedAccess: 0x101411
CallTrace: C:\Windows\SYSTEM32\ntdll.dll+9da64|C:\Windows\System32\KERNELBASE.dll+28d3e|C:\Users\jolly\AppData\Local\Microsoft\OneDrive\26.051.0316.0004\FileSyncClient.dll+5e58e2|C:\Users\jolly\AppData\Local\Microsoft\OneDrive\26.051.0316.0004\FileSyncClient.dll+8711b|C:\Users\jolly\AppData\Local\Microsoft\OneDrive\26.051.0316.0004\FileSyncClient.dll+86f26|C:\Users\jolly\AppData\Local\Microsoft\OneDrive\26.051.0316.0004\FileSyncClient.dll+86e14|C:\Users\jolly\AppData\Local\Microsoft\OneDrive\26.051.0316.0004\FileSyncEvents.dll+e222|C:\Users\jolly\AppData\Local\Microsoft\OneDrive\26.051.0316.0004\FileSyncHost.DLL+d42a|C:\Users\jolly\AppData\Local\Microsoft\OneDrive\26.051.0316.0004\FileSyncHost.DLL+f325|C:\Windows\System32\ucrtbase.dll+21bb2|C:\Windows\System32\KERNEL32.DLL+17374|C:\Windows\SYSTEM32\ntdll.dll+4cc91
SourceUser: WIN10DEMO\jolly
TargetUser: WIN10DEMO\jolly"
Information,4/25/2026 5:38:12 PM,Microsoft-Windows-Sysmon,10,Process accessed (rule: ProcessAccess),"Process accessed:
RuleName: technique_id=T1036,technique_name=Masquerading
UtcTime: 2026-04-25 07:38:12.426
SourceProcessGUID: {9172be70-6df6-69ec-e300-000000001f00}
SourceProcessId: 5776
SourceThreadId: 9760
SourceImage: C:\Users\jolly\AppData\Local\Microsoft\OneDrive\OneDrive.exe
TargetProcessGUID: {9172be70-6e1e-69ec-fe00-000000001f00}
TargetProcessId: 2232
TargetImage: C:\Program Files (x86)\Microsoft\Edge\Application\msedge.exe
GrantedAccess: 0x101411
CallTrace: C:\Windows\SYSTEM32\ntdll.dll+9da64|C:\Windows\System32\KERNELBASE.dll+28d3e|C:\Users\jolly\AppData\Local\Microsoft\OneDrive\26.051.0316.0004\FileSyncClient.dll+5e58e2|C:\Users\jolly\AppData\Local\Microsoft\OneDrive\26.051.0316.0004\FileSyncClient.dll+8711b|C:\Users\jolly\AppData\Local\Microsoft\OneDrive\26.051.0316.0004\FileSyncClient.dll+86f26|C:\Users\jolly\AppData\Local\Microsoft\OneDrive\26.051.0316.0004\FileSyncClient.dll+86e14|C:\Users\jolly\AppData\Local\Microsoft\OneDrive\26.051.0316.0004\FileSyncEvents.dll+e222|C:\Users\jolly\AppData\Local\Microsoft\OneDrive\26.051.0316.0004\FileSyncHost.DLL+d42a|C:\Users\jolly\AppData\Local\Microsoft\OneDrive\26.051.0316.0004\FileSyncHost.DLL+f325|C:\Windows\System32\ucrtbase.dll+21bb2|C:\Windows\System32\KERNEL32.DLL+17374|C:\Windows\SYSTEM32\ntdll.dll+4cc91
SourceUser: WIN10DEMO\jolly
TargetUser: WIN10DEMO\jolly"
Information,4/25/2026 5:38:12 PM,Microsoft-Windows-Sysmon,10,Process accessed (rule: ProcessAccess),"Process accessed:
RuleName: technique_id=T1036,technique_name=Masquerading
UtcTime: 2026-04-25 07:38:12.426
SourceProcessGUID: {9172be70-6df6-69ec-e300-000000001f00}
SourceProcessId: 5776
SourceThreadId: 9760
SourceImage: C:\Users\jolly\AppData\Local\Microsoft\OneDrive\OneDrive.exe
TargetProcessGUID: {9172be70-6e1e-69ec-fd00-000000001f00}
TargetProcessId: 2556
TargetImage: C:\Program Files (x86)\Microsoft\Edge\Application\msedge.exe
GrantedAccess: 0x101411
CallTrace: C:\Windows\SYSTEM32\ntdll.dll+9da64|C:\Windows\System32\KERNELBASE.dll+28d3e|C:\Users\jolly\AppData\Local\Microsoft\OneDrive\26.051.0316.0004\FileSyncClient.dll+5e58e2|C:\Users\jolly\AppData\Local\Microsoft\OneDrive\26.051.0316.0004\FileSyncClient.dll+8711b|C:\Users\jolly\AppData\Local\Microsoft\OneDrive\26.051.0316.0004\FileSyncClient.dll+86f26|C:\Users\jolly\AppData\Local\Microsoft\OneDrive\26.051.0316.0004\FileSyncClient.dll+86e14|C:\Users\jolly\AppData\Local\Microsoft\OneDrive\26.051.0316.0004\FileSyncEvents.dll+e222|C:\Users\jolly\AppData\Local\Microsoft\OneDrive\26.051.0316.0004\FileSyncHost.DLL+d42a|C:\Users\jolly\AppData\Local\Microsoft\OneDrive\26.051.0316.0004\FileSyncHost.DLL+f325|C:\Windows\System32\ucrtbase.dll+21bb2|C:\Windows\System32\KERNEL32.DLL+17374|C:\Windows\SYSTEM32\ntdll.dll+4cc91
SourceUser: WIN10DEMO\jolly
TargetUser: WIN10DEMO\jolly"
Information,4/25/2026 5:38:12 PM,Microsoft-Windows-Sysmon,10,Process accessed (rule: ProcessAccess),"Process accessed:
RuleName: technique_id=T1036,technique_name=Masquerading
UtcTime: 2026-04-25 07:38:12.426
SourceProcessGUID: {9172be70-6df6-69ec-e300-000000001f00}
SourceProcessId: 5776
SourceThreadId: 9760
SourceImage: C:\Users\jolly\AppData\Local\Microsoft\OneDrive\OneDrive.exe
TargetProcessGUID: {9172be70-6e1e-69ec-fc00-000000001f00}
TargetProcessId: 2660
TargetImage: C:\Program Files (x86)\Microsoft\EdgeWebView\Application\146.0.3856.109\msedgewebview2.exe
GrantedAccess: 0x101411
CallTrace: C:\Windows\SYSTEM32\ntdll.dll+9da64|C:\Windows\System32\KERNELBASE.dll+28d3e|C:\Users\jolly\AppData\Local\Microsoft\OneDrive\26.051.0316.0004\FileSyncClient.dll+5e58e2|C:\Users\jolly\AppData\Local\Microsoft\OneDrive\26.051.0316.0004\FileSyncClient.dll+8711b|C:\Users\jolly\AppData\Local\Microsoft\OneDrive\26.051.0316.0004\FileSyncClient.dll+86f26|C:\Users\jolly\AppData\Local\Microsoft\OneDrive\26.051.0316.0004\FileSyncClient.dll+86e14|C:\Users\jolly\AppData\Local\Microsoft\OneDrive\26.051.0316.0004\FileSyncEvents.dll+e222|C:\Users\jolly\AppData\Local\Microsoft\OneDrive\26.051.0316.0004\FileSyncHost.DLL+d42a|C:\Users\jolly\AppData\Local\Microsoft\OneDrive\26.051.0316.0004\FileSyncHost.DLL+f325|C:\Windows\System32\ucrtbase.dll+21bb2|C:\Windows\System32\KERNEL32.DLL+17374|C:\Windows\SYSTEM32\ntdll.dll+4cc91
SourceUser: WIN10DEMO\jolly
TargetUser: WIN10DEMO\jolly"
Information,4/25/2026 5:38:12 PM,Microsoft-Windows-Sysmon,10,Process accessed (rule: ProcessAccess),"Process accessed:
RuleName: technique_id=T1036,technique_name=Masquerading
UtcTime: 2026-04-25 07:38:12.426
SourceProcessGUID: {9172be70-6df6-69ec-e300-000000001f00}
SourceProcessId: 5776
SourceThreadId: 9760
SourceImage: C:\Users\jolly\AppData\Local\Microsoft\OneDrive\OneDrive.exe
TargetProcessGUID: {9172be70-6e1a-69ec-f600-000000001f00}
TargetProcessId: 500
TargetImage: C:\Program Files (x86)\Microsoft\Edge\Application\msedge.exe
GrantedAccess: 0x101411
CallTrace: C:\Windows\SYSTEM32\ntdll.dll+9da64|C:\Windows\System32\KERNELBASE.dll+28d3e|C:\Users\jolly\AppData\Local\Microsoft\OneDrive\26.051.0316.0004\FileSyncClient.dll+5e58e2|C:\Users\jolly\AppData\Local\Microsoft\OneDrive\26.051.0316.0004\FileSyncClient.dll+8711b|C:\Users\jolly\AppData\Local\Microsoft\OneDrive\26.051.0316.0004\FileSyncClient.dll+86f26|C:\Users\jolly\AppData\Local\Microsoft\OneDrive\26.051.0316.0004\FileSyncClient.dll+86e14|C:\Users\jolly\AppData\Local\Microsoft\OneDrive\26.051.0316.0004\FileSyncEvents.dll+e222|C:\Users\jolly\AppData\Local\Microsoft\OneDrive\26.051.0316.0004\FileSyncHost.DLL+d42a|C:\Users\jolly\AppData\Local\Microsoft\OneDrive\26.051.0316.0004\FileSyncHost.DLL+f325|C:\Windows\System32\ucrtbase.dll+21bb2|C:\Windows\System32\KERNEL32.DLL+17374|C:\Windows\SYSTEM32\ntdll.dll+4cc91
SourceUser: WIN10DEMO\jolly
TargetUser: WIN10DEMO\jolly"
Information,4/25/2026 5:38:12 PM,Microsoft-Windows-Sysmon,10,Process accessed (rule: ProcessAccess),"Process accessed:
RuleName: technique_id=T1036,technique_name=Masquerading
UtcTime: 2026-04-25 07:38:12.426
SourceProcessGUID: {9172be70-6df6-69ec-e300-000000001f00}
SourceProcessId: 5776
SourceThreadId: 9760
SourceImage: C:\Users\jolly\AppData\Local\Microsoft\OneDrive\OneDrive.exe
TargetProcessGUID: {9172be70-6e0e-69ec-f000-000000001f00}
TargetProcessId: 4800
TargetImage: C:\Program Files (x86)\Microsoft\EdgeWebView\Application\146.0.3856.109\msedgewebview2.exe
GrantedAccess: 0x101411
CallTrace: C:\Windows\SYSTEM32\ntdll.dll+9da64|C:\Windows\System32\KERNELBASE.dll+28d3e|C:\Users\jolly\AppData\Local\Microsoft\OneDrive\26.051.0316.0004\FileSyncClient.dll+5e58e2|C:\Users\jolly\AppData\Local\Microsoft\OneDrive\26.051.0316.0004\FileSyncClient.dll+8711b|C:\Users\jolly\AppData\Local\Microsoft\OneDrive\26.051.0316.0004\FileSyncClient.dll+86f26|C:\Users\jolly\AppData\Local\Microsoft\OneDrive\26.051.0316.0004\FileSyncClient.dll+86e14|C:\Users\jolly\AppData\Local\Microsoft\OneDrive\26.051.0316.0004\FileSyncEvents.dll+e222|C:\Users\jolly\AppData\Local\Microsoft\OneDrive\26.051.0316.0004\FileSyncHost.DLL+d42a|C:\Users\jolly\AppData\Local\Microsoft\OneDrive\26.051.0316.0004\FileSyncHost.DLL+f325|C:\Windows\System32\ucrtbase.dll+21bb2|C:\Windows\System32\KERNEL32.DLL+17374|C:\Windows\SYSTEM32\ntdll.dll+4cc91
SourceUser: WIN10DEMO\jolly
TargetUser: WIN10DEMO\jolly"
Information,4/25/2026 5:38:12 PM,Microsoft-Windows-Sysmon,10,Process accessed (rule: ProcessAccess),"Process accessed:
RuleName: technique_id=T1036,technique_name=Masquerading
UtcTime: 2026-04-25 07:38:12.426
SourceProcessGUID: {9172be70-6df6-69ec-e300-000000001f00}
SourceProcessId: 5776
SourceThreadId: 9760
SourceImage: C:\Users\jolly\AppData\Local\Microsoft\OneDrive\OneDrive.exe
TargetProcessGUID: {9172be70-6e0d-69ec-ef00-000000001f00}
TargetProcessId: 6348
TargetImage: C:\Program Files (x86)\Microsoft\EdgeWebView\Application\146.0.3856.109\msedgewebview2.exe
GrantedAccess: 0x101411
CallTrace: C:\Windows\SYSTEM32\ntdll.dll+9da64|C:\Windows\System32\KERNELBASE.dll+28d3e|C:\Users\jolly\AppData\Local\Microsoft\OneDrive\26.051.0316.0004\FileSyncClient.dll+5e58e2|C:\Users\jolly\AppData\Local\Microsoft\OneDrive\26.051.0316.0004\FileSyncClient.dll+8711b|C:\Users\jolly\AppData\Local\Microsoft\OneDrive\26.051.0316.0004\FileSyncClient.dll+86f26|C:\Users\jolly\AppData\Local\Microsoft\OneDrive\26.051.0316.0004\FileSyncClient.dll+86e14|C:\Users\jolly\AppData\Local\Microsoft\OneDrive\26.051.0316.0004\FileSyncEvents.dll+e222|C:\Users\jolly\AppData\Local\Microsoft\OneDrive\26.051.0316.0004\FileSyncHost.DLL+d42a|C:\Users\jolly\AppData\Local\Microsoft\OneDrive\26.051.0316.0004\FileSyncHost.DLL+f325|C:\Windows\System32\ucrtbase.dll+21bb2|C:\Windows\System32\KERNEL32.DLL+17374|C:\Windows\SYSTEM32\ntdll.dll+4cc91
SourceUser: WIN10DEMO\jolly
TargetUser: WIN10DEMO\jolly"
Information,4/25/2026 5:38:12 PM,Microsoft-Windows-Sysmon,10,Process accessed (rule: ProcessAccess),"Process accessed:
RuleName: technique_id=T1036,technique_name=Masquerading
UtcTime: 2026-04-25 07:38:12.426
SourceProcessGUID: {9172be70-6df6-69ec-e300-000000001f00}
SourceProcessId: 5776
SourceThreadId: 9760
SourceImage: C:\Users\jolly\AppData\Local\Microsoft\OneDrive\OneDrive.exe
TargetProcessGUID: {9172be70-6e0b-69ec-eb00-000000001f00}
TargetProcessId: 5040
TargetImage: C:\Windows\System32\RuntimeBroker.exe
GrantedAccess: 0x101411
CallTrace: C:\Windows\SYSTEM32\ntdll.dll+9da64|C:\Windows\System32\KERNELBASE.dll+28d3e|C:\Users\jolly\AppData\Local\Microsoft\OneDrive\26.051.0316.0004\FileSyncClient.dll+5e58e2|C:\Users\jolly\AppData\Local\Microsoft\OneDrive\26.051.0316.0004\FileSyncClient.dll+8711b|C:\Users\jolly\AppData\Local\Microsoft\OneDrive\26.051.0316.0004\FileSyncClient.dll+86f26|C:\Users\jolly\AppData\Local\Microsoft\OneDrive\26.051.0316.0004\FileSyncClient.dll+86e14|C:\Users\jolly\AppData\Local\Microsoft\OneDrive\26.051.0316.0004\FileSyncEvents.dll+e222|C:\Users\jolly\AppData\Local\Microsoft\OneDrive\26.051.0316.0004\FileSyncHost.DLL+d42a|C:\Users\jolly\AppData\Local\Microsoft\OneDrive\26.051.0316.0004\FileSyncHost.DLL+f325|C:\Windows\System32\ucrtbase.dll+21bb2|C:\Windows\System32\KERNEL32.DLL+17374|C:\Windows\SYSTEM32\ntdll.dll+4cc91
SourceUser: WIN10DEMO\jolly
TargetUser: WIN10DEMO\jolly"
Information,4/25/2026 5:38:12 PM,Microsoft-Windows-Sysmon,10,Process accessed (rule: ProcessAccess),"Process accessed:
RuleName: technique_id=T1036,technique_name=Masquerading
UtcTime: 2026-04-25 07:38:12.426
SourceProcessGUID: {9172be70-6df6-69ec-e300-000000001f00}
SourceProcessId: 5776
SourceThreadId: 9760
SourceImage: C:\Users\jolly\AppData\Local\Microsoft\OneDrive\OneDrive.exe
TargetProcessGUID: {9172be70-6e03-69ec-ea00-000000001f00}
TargetProcessId: 2408
TargetImage: C:\Program Files\WindowsApps\Microsoft.MicrosoftOfficeHub_19.2604.38251.0_x64__8wekyb3d8bbwe\M365Copilot.exe
GrantedAccess: 0x101411
CallTrace: C:\Windows\SYSTEM32\ntdll.dll+9da64|C:\Windows\System32\KERNELBASE.dll+28d3e|C:\Users\jolly\AppData\Local\Microsoft\OneDrive\26.051.0316.0004\FileSyncClient.dll+5e58e2|C:\Users\jolly\AppData\Local\Microsoft\OneDrive\26.051.0316.0004\FileSyncClient.dll+8711b|C:\Users\jolly\AppData\Local\Microsoft\OneDrive\26.051.0316.0004\FileSyncClient.dll+86f26|C:\Users\jolly\AppData\Local\Microsoft\OneDrive\26.051.0316.0004\FileSyncClient.dll+86e14|C:\Users\jolly\AppData\Local\Microsoft\OneDrive\26.051.0316.0004\FileSyncEvents.dll+e222|C:\Users\jolly\AppData\Local\Microsoft\OneDrive\26.051.0316.0004\FileSyncHost.DLL+d42a|C:\Users\jolly\AppData\Local\Microsoft\OneDrive\26.051.0316.0004\FileSyncHost.DLL+f325|C:\Windows\System32\ucrtbase.dll+21bb2|C:\Windows\System32\KERNEL32.DLL+17374|C:\Windows\SYSTEM32\ntdll.dll+4cc91
SourceUser: WIN10DEMO\jolly
TargetUser: WIN10DEMO\jolly"
Information,4/25/2026 5:38:12 PM,Microsoft-Windows-Sysmon,10,Process accessed (rule: ProcessAccess),"Process accessed:
RuleName: technique_id=T1036,technique_name=Masquerading
UtcTime: 2026-04-25 07:38:12.426
SourceProcessGUID: {9172be70-6df6-69ec-e300-000000001f00}
SourceProcessId: 5776
SourceThreadId: 9760
SourceImage: C:\Users\jolly\AppData\Local\Microsoft\OneDrive\OneDrive.exe
TargetProcessGUID: {9172be70-6df7-69ec-e500-000000001f00}
TargetProcessId: 6412
TargetImage: C:\Program Files (x86)\Microsoft\Edge\Application\msedge.exe
GrantedAccess: 0x101411
CallTrace: C:\Windows\SYSTEM32\ntdll.dll+9da64|C:\Windows\System32\KERNELBASE.dll+28d3e|C:\Users\jolly\AppData\Local\Microsoft\OneDrive\26.051.0316.0004\FileSyncClient.dll+5e58e2|C:\Users\jolly\AppData\Local\Microsoft\OneDrive\26.051.0316.0004\FileSyncClient.dll+8711b|C:\Users\jolly\AppData\Local\Microsoft\OneDrive\26.051.0316.0004\FileSyncClient.dll+86f26|C:\Users\jolly\AppData\Local\Microsoft\OneDrive\26.051.0316.0004\FileSyncClient.dll+86e14|C:\Users\jolly\AppData\Local\Microsoft\OneDrive\26.051.0316.0004\FileSyncEvents.dll+e222|C:\Users\jolly\AppData\Local\Microsoft\OneDrive\26.051.0316.0004\FileSyncHost.DLL+d42a|C:\Users\jolly\AppData\Local\Microsoft\OneDrive\26.051.0316.0004\FileSyncHost.DLL+f325|C:\Windows\System32\ucrtbase.dll+21bb2|C:\Windows\System32\KERNEL32.DLL+17374|C:\Windows\SYSTEM32\ntdll.dll+4cc91
SourceUser: WIN10DEMO\jolly
TargetUser: WIN10DEMO\jolly"
Information,4/25/2026 5:38:12 PM,Microsoft-Windows-Sysmon,10,Process accessed (rule: ProcessAccess),"Process accessed:
RuleName: technique_id=T1036,technique_name=Masquerading
UtcTime: 2026-04-25 07:38:12.426
SourceProcessGUID: {9172be70-6df6-69ec-e300-000000001f00}
SourceProcessId: 5776
SourceThreadId: 9760
SourceImage: C:\Users\jolly\AppData\Local\Microsoft\OneDrive\OneDrive.exe
TargetProcessGUID: {9172be70-6df6-69ec-e000-000000001f00}
TargetProcessId: 3080
TargetImage: C:\Windows\System32\VBoxTray.exe
GrantedAccess: 0x101411
CallTrace: C:\Windows\SYSTEM32\ntdll.dll+9da64|C:\Windows\System32\KERNELBASE.dll+28d3e|C:\Users\jolly\AppData\Local\Microsoft\OneDrive\26.051.0316.0004\FileSyncClient.dll+5e58e2|C:\Users\jolly\AppData\Local\Microsoft\OneDrive\26.051.0316.0004\FileSyncClient.dll+8711b|C:\Users\jolly\AppData\Local\Microsoft\OneDrive\26.051.0316.0004\FileSyncClient.dll+86f26|C:\Users\jolly\AppData\Local\Microsoft\OneDrive\26.051.0316.0004\FileSyncClient.dll+86e14|C:\Users\jolly\AppData\Local\Microsoft\OneDrive\26.051.0316.0004\FileSyncEvents.dll+e222|C:\Users\jolly\AppData\Local\Microsoft\OneDrive\26.051.0316.0004\FileSyncHost.DLL+d42a|C:\Users\jolly\AppData\Local\Microsoft\OneDrive\26.051.0316.0004\FileSyncHost.DLL+f325|C:\Windows\System32\ucrtbase.dll+21bb2|C:\Windows\System32\KERNEL32.DLL+17374|C:\Windows\SYSTEM32\ntdll.dll+4cc91
SourceUser: WIN10DEMO\jolly
TargetUser: WIN10DEMO\jolly"
