Information,4/25/2026 5:31:54 PM,Microsoft-Windows-Sysmon,1,Process Create (rule: ProcessCreate),"Process Create:
RuleName: technique_id=T1083,technique_name=File and Directory Discovery
UtcTime: 2026-04-25 07:31:18.657
ProcessGuid: {9172be70-6dc6-69ec-7900-000000001f00}
ProcessId: 4740
Image: C:\Windows\System32\svchost.exe
FileVersion: 10.0.19041.5794 (WinBuild.160101.0800)
Description: Host Process for Windows Services
Product: Microsoft® Windows® Operating System
Company: Microsoft Corporation
OriginalFileName: svchost.exe
CommandLine: C:\Windows\System32\svchost.exe -k LocalService -p -s LicenseManager
CurrentDirectory: C:\Windows\system32\
User: NT AUTHORITY\LOCAL SERVICE
LogonGuid: {9172be70-6daa-69ec-e503-000000000000}
LogonId: 0x3E5
TerminalSessionId: 0
IntegrityLevel: System
Hashes: SHA1=BD4068A70BEEAE18195EDBDCD2837F2F43D254E6,MD5=3D1034D6ED3DAED60816A25C561E8C83,SHA256=B0B36BFF7AE4057F687D839CD4B3D81159AB646F1EE1B22106A927E93DECBB61,IMPHASH=F9BBD96FAE53B7A31264A703CAFA0666
ParentProcessGuid: {9172be70-6da8-69ec-0b00-000000001f00}
ParentProcessId: 696
ParentImage: C:\Windows\System32\services.exe
ParentCommandLine: C:\Windows\system32\services.exe
ParentUser: NT AUTHORITY\SYSTEM"
Information,4/25/2026 5:31:53 PM,Microsoft-Windows-Sysmon,11,File created (rule: FileCreate),"File created:
RuleName: technique_id=T1574.010,technique_name=Services File Permissions Weakness
UtcTime: 2026-04-25 07:31:17.457
ProcessGuid: {9172be70-6dc2-69ec-6f00-000000001f00}
ProcessId: 4144
Image: C:\Windows\system32\sppsvc.exe
TargetFilename: C:\Windows\System32\spp\store\2.0\data.dat.tmp
CreationUtcTime: 2026-04-25 07:31:17.457
User: NT AUTHORITY\NETWORK SERVICE"
Information,4/25/2026 5:31:53 PM,Microsoft-Windows-Sysmon,13,Registry value set (rule: RegistryEvent),"Registry value set:
RuleName: UACMe Dir Prep
EventType: SetValue
UtcTime: 2026-04-25 07:31:16.251
ProcessGuid: {9172be70-6dab-69ec-2000-000000001f00}
ProcessId: 1440
Image: C:\Windows\system32\svchost.exe
TargetObject: HKU\S-1-5-21-1156564983-231300539-2099510246-1000\Volatile Environment\USERDOMAIN_ROAMINGPROFILE
Details: WIN10DEMO
User: NT AUTHORITY\SYSTEM"
Information,4/25/2026 5:31:53 PM,Microsoft-Windows-Sysmon,13,Registry value set (rule: RegistryEvent),"Registry value set:
RuleName: UACMe Dir Prep
EventType: SetValue
UtcTime: 2026-04-25 07:31:16.251
ProcessGuid: {9172be70-6dab-69ec-2000-000000001f00}
ProcessId: 1440
Image: C:\Windows\system32\svchost.exe
TargetObject: HKU\S-1-5-21-1156564983-231300539-2099510246-1000\Volatile Environment\LOCALAPPDATA
Details: C:\Users\jolly\AppData\Local
User: NT AUTHORITY\SYSTEM"
Information,4/25/2026 5:31:53 PM,Microsoft-Windows-Sysmon,13,Registry value set (rule: RegistryEvent),"Registry value set:
RuleName: UACMe Dir Prep
EventType: SetValue
UtcTime: 2026-04-25 07:31:16.251
ProcessGuid: {9172be70-6dab-69ec-2000-000000001f00}
ProcessId: 1440
Image: C:\Windows\system32\svchost.exe
TargetObject: HKU\S-1-5-21-1156564983-231300539-2099510246-1000\Volatile Environment\APPDATA
Details: C:\Users\jolly\AppData\Roaming
User: NT AUTHORITY\SYSTEM"
Information,4/25/2026 5:31:53 PM,Microsoft-Windows-Sysmon,13,Registry value set (rule: RegistryEvent),"Registry value set:
RuleName: UACMe Dir Prep
EventType: SetValue
UtcTime: 2026-04-25 07:31:16.251
ProcessGuid: {9172be70-6dab-69ec-2000-000000001f00}
ProcessId: 1440
Image: C:\Windows\system32\svchost.exe
TargetObject: HKU\S-1-5-21-1156564983-231300539-2099510246-1000\Volatile Environment\HOMEDRIVE
Details: C:
User: NT AUTHORITY\SYSTEM"
Information,4/25/2026 5:31:53 PM,Microsoft-Windows-Sysmon,13,Registry value set (rule: RegistryEvent),"Registry value set:
RuleName: UACMe Dir Prep
EventType: SetValue
UtcTime: 2026-04-25 07:31:16.251
ProcessGuid: {9172be70-6dab-69ec-2000-000000001f00}
ProcessId: 1440
Image: C:\Windows\system32\svchost.exe
TargetObject: HKU\S-1-5-21-1156564983-231300539-2099510246-1000\Volatile Environment\HOMEPATH
Details: \Users\jolly
User: NT AUTHORITY\SYSTEM"
Information,4/25/2026 5:31:53 PM,Microsoft-Windows-Sysmon,13,Registry value set (rule: RegistryEvent),"Registry value set:
RuleName: UACMe Dir Prep
EventType: SetValue
UtcTime: 2026-04-25 07:31:16.251
ProcessGuid: {9172be70-6dab-69ec-2000-000000001f00}
ProcessId: 1440
Image: C:\Windows\system32\svchost.exe
TargetObject: HKU\S-1-5-21-1156564983-231300539-2099510246-1000\Volatile Environment\USERPROFILE
Details: C:\Users\jolly
User: NT AUTHORITY\SYSTEM"
Information,4/25/2026 5:31:53 PM,Microsoft-Windows-Sysmon,13,Registry value set (rule: RegistryEvent),"Registry value set:
RuleName: UACMe Dir Prep
EventType: SetValue
UtcTime: 2026-04-25 07:31:16.251
ProcessGuid: {9172be70-6dab-69ec-2000-000000001f00}
ProcessId: 1440
Image: C:\Windows\system32\svchost.exe
TargetObject: HKU\S-1-5-21-1156564983-231300539-2099510246-1000\Volatile Environment\USERNAME
Details: jolly
User: NT AUTHORITY\SYSTEM"
Information,4/25/2026 5:31:53 PM,Microsoft-Windows-Sysmon,13,Registry value set (rule: RegistryEvent),"Registry value set:
RuleName: UACMe Dir Prep
EventType: SetValue
UtcTime: 2026-04-25 07:31:16.245
ProcessGuid: {9172be70-6dab-69ec-2000-000000001f00}
ProcessId: 1440
Image: C:\Windows\system32\svchost.exe
TargetObject: HKU\S-1-5-21-1156564983-231300539-2099510246-1000\Volatile Environment\USERDOMAIN
Details: WIN10DEMO
User: NT AUTHORITY\SYSTEM"
Information,4/25/2026 5:31:53 PM,Microsoft-Windows-Sysmon,13,Registry value set (rule: RegistryEvent),"Registry value set:
RuleName: UACMe Dir Prep
EventType: SetValue
UtcTime: 2026-04-25 07:31:16.245
ProcessGuid: {9172be70-6dab-69ec-2000-000000001f00}
ProcessId: 1440
Image: C:\Windows\system32\svchost.exe
TargetObject: HKU\S-1-5-21-1156564983-231300539-2099510246-1000\Volatile Environment\LOGONSERVER
Details: \\WIN10DEMO
User: NT AUTHORITY\SYSTEM"
Information,4/25/2026 5:31:53 PM,Microsoft-Windows-Sysmon,13,Registry value set (rule: RegistryEvent),"Registry value set:
RuleName: -
EventType: SetValue
UtcTime: 2026-04-25 07:31:15.696
ProcessGuid: {9172be70-6db4-69ec-4900-000000001f00}
ProcessId: 3368
Image: C:\ProgramData\Microsoft\Windows Defender\Platform\4.18.26020.6-0\MsMpEng.exe
TargetObject: HKLM\System\CurrentControlSet\Services\KslD\AllowedProcessName
Details: \Device\HarddiskVolume1\ProgramData\Microsoft\Windows Defender\Platform\4.18.26020.6-0\MsMpEng.exe
User: NT AUTHORITY\SYSTEM"
Information,4/25/2026 5:31:53 PM,Microsoft-Windows-Sysmon,13,Registry value set (rule: RegistryEvent),"Registry value set:
RuleName: -
EventType: SetValue
UtcTime: 2026-04-25 07:31:15.696
ProcessGuid: {9172be70-6db4-69ec-4900-000000001f00}
ProcessId: 3368
Image: C:\ProgramData\Microsoft\Windows Defender\Platform\4.18.26020.6-0\MsMpEng.exe
TargetObject: HKLM\System\CurrentControlSet\Services\KslD\DeviceName
Details: KslD
User: NT AUTHORITY\SYSTEM"
Information,4/25/2026 5:31:53 PM,Microsoft-Windows-Sysmon,13,Registry value set (rule: RegistryEvent),"Registry value set:
RuleName: -
EventType: SetValue
UtcTime: 2026-04-25 07:31:15.696
ProcessGuid: {9172be70-6db4-69ec-4900-000000001f00}
ProcessId: 3368
Image: C:\ProgramData\Microsoft\Windows Defender\Platform\4.18.26020.6-0\MsMpEng.exe
TargetObject: HKLM\System\CurrentControlSet\Services\KslD\Version
Details: 1.1.25111.3024
User: NT AUTHORITY\SYSTEM"
Information,4/25/2026 5:31:53 PM,Microsoft-Windows-Sysmon,13,Registry value set (rule: RegistryEvent),"Registry value set:
RuleName: -
EventType: SetValue
UtcTime: 2026-04-25 07:31:15.674
ProcessGuid: {9172be70-6db4-69ec-4900-000000001f00}
ProcessId: 3368
Image: C:\ProgramData\Microsoft\Windows Defender\Platform\4.18.26020.6-0\MsMpEng.exe
TargetObject: HKLM\System\CurrentControlSet\Services\WdFilter\Parameters\PreventPagingFileAbuse
Details: DWORD (0x00000001)
User: NT AUTHORITY\SYSTEM"
Information,4/25/2026 5:31:52 PM,Microsoft-Windows-Sysmon,17,Pipe Created (rule: PipeEvent),"Pipe Created:
RuleName: -
EventType: CreatePipe
UtcTime: 2026-04-25 07:31:15.299
ProcessGuid: {9172be70-6da8-69ec-0b00-000000001f00}
ProcessId: 696
PipeName: \Winsock2\CatalogChangeListener-2b8-0
Image: C:\Windows\system32\services.exe
User: NT AUTHORITY\SYSTEM"
Information,4/25/2026 5:31:52 PM,Microsoft-Windows-Sysmon,13,Registry value set (rule: RegistryEvent),"Registry value set:
RuleName: -
EventType: SetValue
UtcTime: 2026-04-25 07:31:14.826
ProcessGuid: {9172be70-6db4-69ec-4900-000000001f00}
ProcessId: 3368
Image: C:\ProgramData\Microsoft\Windows Defender\Platform\4.18.26020.6-0\MsMpEng.exe
TargetObject: HKCR\Directory\shellex\ContextMenuHandlers\EPP\(Default)
Details: {09A47860-11B0-4DA5-AFA5-26D86198A780}
User: NT AUTHORITY\SYSTEM"
Information,4/25/2026 5:31:52 PM,Microsoft-Windows-Sysmon,13,Registry value set (rule: RegistryEvent),"Registry value set:
RuleName: -
EventType: SetValue
UtcTime: 2026-04-25 07:31:14.826
ProcessGuid: {9172be70-6db4-69ec-4900-000000001f00}
ProcessId: 3368
Image: C:\ProgramData\Microsoft\Windows Defender\Platform\4.18.26020.6-0\MsMpEng.exe
TargetObject: HKCR\Drive\shellex\ContextMenuHandlers\EPP\(Default)
Details: {09A47860-11B0-4DA5-AFA5-26D86198A780}
User: NT AUTHORITY\SYSTEM"
Information,4/25/2026 5:31:52 PM,Microsoft-Windows-Sysmon,13,Registry value set (rule: RegistryEvent),"Registry value set:
RuleName: -
EventType: SetValue
UtcTime: 2026-04-25 07:31:14.826
ProcessGuid: {9172be70-6db4-69ec-4900-000000001f00}
ProcessId: 3368
Image: C:\ProgramData\Microsoft\Windows Defender\Platform\4.18.26020.6-0\MsMpEng.exe
TargetObject: HKCR\*\shellex\ContextMenuHandlers\EPP\(Default)
Details: {09A47860-11B0-4DA5-AFA5-26D86198A780}
User: NT AUTHORITY\SYSTEM"
Information,4/25/2026 5:31:52 PM,Microsoft-Windows-Sysmon,13,Registry value set (rule: RegistryEvent),"Registry value set:
RuleName: -
EventType: SetValue
UtcTime: 2026-04-25 07:31:14.703
ProcessGuid: {9172be70-6da8-69ec-0b00-000000001f00}
ProcessId: 696
Image: C:\Windows\system32\services.exe
TargetObject: HKLM\System\CurrentControlSet\Services\MDCoreSvc\Start
Details: DWORD (0x00000002)
User: NT AUTHORITY\SYSTEM"
Information,4/25/2026 5:31:52 PM,Microsoft-Windows-Sysmon,1,Process Create (rule: ProcessCreate),"Process Create:
RuleName: technique_id=T1070.001,technique_name=Clear Windows Event Logs
UtcTime: 2026-04-25 07:31:14.151
ProcessGuid: {9172be70-6dc2-69ec-6d00-000000001f00}
ProcessId: 3188
Image: C:\Windows\System32\wevtutil.exe
FileVersion: 10.0.19041.5794 (WinBuild.160101.0800)
Description: Eventing Command Line Utility
Product: Microsoft® Windows® Operating System
Company: Microsoft Corporation
OriginalFileName: wevtutil.exe
CommandLine: C:\Windows\system32\wevtutil.exe install-manifest ""C:\ProgramData\Microsoft\Windows Defender\Platform\4.18.26020.6-0\Microsoft-Antimalware-Protection.man"" ""/resourceFilePath:C:\ProgramData\Microsoft\Windows Defender\Platform\4.18.26020.6-0\MpClient.dll"" ""/messageFilePath:C:\ProgramData\Microsoft\Windows Defender\Platform\4.18.26020.6-0\MpClient.dll"" ""/parameterFilePath:C:\ProgramData\Microsoft\Windows Defender\Platform\4.18.26020.6-0\MpClient.dll""
CurrentDirectory: C:\Windows\system32\
User: NT AUTHORITY\SYSTEM
LogonGuid: {9172be70-6da8-69ec-e703-000000000000}
LogonId: 0x3E7
TerminalSessionId: 0
IntegrityLevel: System
Hashes: SHA1=44356C4C5EBB273B4A69A60A51E839A672F53874,MD5=D4C99E01B0061D2EEA2A3EB422CDBCB8,SHA256=0B732D9AD576D1400DB44EDF3E750849AC481E9BBAA628A3914E5EEF9B7181B0,IMPHASH=1864B7EA6A87A2BBB43783BD42E11204
ParentProcessGuid: {9172be70-6db4-69ec-4900-000000001f00}
ParentProcessId: 3368
ParentImage: C:\ProgramData\Microsoft\Windows Defender\Platform\4.18.26020.6-0\MsMpEng.exe
ParentCommandLine: ""C:\ProgramData\Microsoft\Windows Defender\Platform\4.18.26020.6-0\MsMpEng.exe""
ParentUser: NT AUTHORITY\SYSTEM"
Information,4/25/2026 5:31:52 PM,Microsoft-Windows-Sysmon,1,Process Create (rule: ProcessCreate),"Process Create:
RuleName: Event Log Access
UtcTime: 2026-04-25 07:31:14.051
ProcessGuid: {9172be70-6dc2-69ec-6b00-000000001f00}
ProcessId: 5060
Image: C:\Windows\System32\wevtutil.exe
FileVersion: 10.0.19041.5794 (WinBuild.160101.0800)
Description: Eventing Command Line Utility
Product: Microsoft® Windows® Operating System
Company: Microsoft Corporation
OriginalFileName: wevtutil.exe
CommandLine: C:\Windows\system32\wevtutil.exe uninstall-manifest ""C:\ProgramData\Microsoft\Windows Defender\Platform\4.18.26020.6-0\Microsoft-Antimalware-Protection.man""
CurrentDirectory: C:\Windows\system32\
User: NT AUTHORITY\SYSTEM
LogonGuid: {9172be70-6da8-69ec-e703-000000000000}
LogonId: 0x3E7
TerminalSessionId: 0
IntegrityLevel: System
Hashes: SHA1=44356C4C5EBB273B4A69A60A51E839A672F53874,MD5=D4C99E01B0061D2EEA2A3EB422CDBCB8,SHA256=0B732D9AD576D1400DB44EDF3E750849AC481E9BBAA628A3914E5EEF9B7181B0,IMPHASH=1864B7EA6A87A2BBB43783BD42E11204
ParentProcessGuid: {9172be70-6db4-69ec-4900-000000001f00}
ParentProcessId: 3368
ParentImage: C:\ProgramData\Microsoft\Windows Defender\Platform\4.18.26020.6-0\MsMpEng.exe
ParentCommandLine: ""C:\ProgramData\Microsoft\Windows Defender\Platform\4.18.26020.6-0\MsMpEng.exe""
ParentUser: NT AUTHORITY\SYSTEM"
Information,4/25/2026 5:31:52 PM,Microsoft-Windows-Sysmon,1,Process Create (rule: ProcessCreate),"Process Create:
RuleName: Event Log Access
UtcTime: 2026-04-25 07:31:13.574
ProcessGuid: {9172be70-6dc1-69ec-6600-000000001f00}
ProcessId: 4924
Image: C:\Windows\System32\wevtutil.exe
FileVersion: 10.0.19041.5794 (WinBuild.160101.0800)
Description: Eventing Command Line Utility
Product: Microsoft® Windows® Operating System
Company: Microsoft Corporation
OriginalFileName: wevtutil.exe
CommandLine: C:\Windows\system32\wevtutil.exe install-manifest ""C:\ProgramData\Microsoft\Windows Defender\Platform\4.18.26020.6-0\Microsoft-Antimalware-RTP.man"" ""/resourceFilePath:C:\ProgramData\Microsoft\Windows Defender\Platform\4.18.26020.6-0\MpRtp.dll"" ""/messageFilePath:C:\ProgramData\Microsoft\Windows Defender\Platform\4.18.26020.6-0\MpRtp.dll"" ""/parameterFilePath:C:\ProgramData\Microsoft\Windows Defender\Platform\4.18.26020.6-0\MpRtp.dll""
CurrentDirectory: C:\Windows\system32\
User: NT AUTHORITY\SYSTEM
LogonGuid: {9172be70-6da8-69ec-e703-000000000000}
LogonId: 0x3E7
TerminalSessionId: 0
IntegrityLevel: System
Hashes: SHA1=44356C4C5EBB273B4A69A60A51E839A672F53874,MD5=D4C99E01B0061D2EEA2A3EB422CDBCB8,SHA256=0B732D9AD576D1400DB44EDF3E750849AC481E9BBAA628A3914E5EEF9B7181B0,IMPHASH=1864B7EA6A87A2BBB43783BD42E11204
ParentProcessGuid: {9172be70-6db4-69ec-4900-000000001f00}
ParentProcessId: 3368
ParentImage: C:\ProgramData\Microsoft\Windows Defender\Platform\4.18.26020.6-0\MsMpEng.exe
ParentCommandLine: ""C:\ProgramData\Microsoft\Windows Defender\Platform\4.18.26020.6-0\MsMpEng.exe""
ParentUser: NT AUTHORITY\SYSTEM"
Information,4/25/2026 5:31:52 PM,Microsoft-Windows-Sysmon,1,Process Create (rule: ProcessCreate),"Process Create:
RuleName: Event Log Access
UtcTime: 2026-04-25 07:31:13.477
ProcessGuid: {9172be70-6dc1-69ec-6400-000000001f00}
ProcessId: 4860
Image: C:\Windows\System32\wevtutil.exe
FileVersion: 10.0.19041.5794 (WinBuild.160101.0800)
Description: Eventing Command Line Utility
Product: Microsoft® Windows® Operating System
Company: Microsoft Corporation
OriginalFileName: wevtutil.exe
CommandLine: C:\Windows\system32\wevtutil.exe uninstall-manifest ""C:\ProgramData\Microsoft\Windows Defender\Platform\4.18.26020.6-0\Microsoft-Antimalware-RTP.man""
CurrentDirectory: C:\Windows\system32\
User: NT AUTHORITY\SYSTEM
LogonGuid: {9172be70-6da8-69ec-e703-000000000000}
LogonId: 0x3E7
TerminalSessionId: 0
IntegrityLevel: System
Hashes: SHA1=44356C4C5EBB273B4A69A60A51E839A672F53874,MD5=D4C99E01B0061D2EEA2A3EB422CDBCB8,SHA256=0B732D9AD576D1400DB44EDF3E750849AC481E9BBAA628A3914E5EEF9B7181B0,IMPHASH=1864B7EA6A87A2BBB43783BD42E11204
ParentProcessGuid: {9172be70-6db4-69ec-4900-000000001f00}
ParentProcessId: 3368
ParentImage: C:\ProgramData\Microsoft\Windows Defender\Platform\4.18.26020.6-0\MsMpEng.exe
ParentCommandLine: ""C:\ProgramData\Microsoft\Windows Defender\Platform\4.18.26020.6-0\MsMpEng.exe""
ParentUser: NT AUTHORITY\SYSTEM"
Information,4/25/2026 5:31:52 PM,Microsoft-Windows-Sysmon,11,File created (rule: FileCreate),"File created:
RuleName: technique_id=T1574.010,technique_name=Services File Permissions Weakness
UtcTime: 2026-04-25 07:31:12.984
ProcessGuid: {9172be70-6d8d-69ec-eb03-000000000000}
ProcessId: 4
Image: System
TargetFilename: C:\Windows\System32\LogFiles\WMI\RtBackup\EtwRT1DSListener.etl
CreationUtcTime: 2026-04-12 05:19:26.024
User: NT AUTHORITY\SYSTEM"
Information,4/25/2026 5:31:52 PM,Microsoft-Windows-Sysmon,11,File created (rule: FileCreate),"File created:
RuleName: technique_id=T1574.010,technique_name=Services File Permissions Weakness
UtcTime: 2026-04-25 07:31:12.974
ProcessGuid: {9172be70-6db5-69ec-4a00-000000001f00}
ProcessId: 3488
Image: C:\ProgramData\Microsoft\Windows Defender\Platform\4.18.26020.6-0\MpDefenderCoreService.exe
TargetFilename: C:\Windows\Temp\bb3a785178f443fda931098a5a9a306b.db.ses
CreationUtcTime: 2026-04-25 07:31:12.974
User: NT AUTHORITY\SYSTEM"
Information,4/25/2026 5:31:52 PM,Microsoft-Windows-Sysmon,1,Process Create (rule: ProcessCreate),"Process Create:
RuleName: Event Log Access
UtcTime: 2026-04-25 07:31:12.710
ProcessGuid: {9172be70-6dc0-69ec-6100-000000001f00}
ProcessId: 4684
Image: C:\Windows\System32\wevtutil.exe
FileVersion: 10.0.19041.5794 (WinBuild.160101.0800)
Description: Eventing Command Line Utility
Product: Microsoft® Windows® Operating System
Company: Microsoft Corporation
OriginalFileName: wevtutil.exe
CommandLine: C:\Windows\system32\wevtutil.exe install-manifest ""C:\ProgramData\Microsoft\Windows Defender\Platform\4.18.26020.6-0\Microsoft-Antimalware-NIS.man"" ""/resourceFilePath:C:\ProgramData\Microsoft\Windows Defender\Platform\4.18.26020.6-0\NisSrv.exe"" ""/messageFilePath:C:\ProgramData\Microsoft\Windows Defender\Platform\4.18.26020.6-0\NisSrv.exe"" ""/parameterFilePath:C:\ProgramData\Microsoft\Windows Defender\Platform\4.18.26020.6-0\NisSrv.exe""
CurrentDirectory: C:\Windows\system32\
User: NT AUTHORITY\SYSTEM
LogonGuid: {9172be70-6da8-69ec-e703-000000000000}
LogonId: 0x3E7
TerminalSessionId: 0
IntegrityLevel: System
Hashes: SHA1=44356C4C5EBB273B4A69A60A51E839A672F53874,MD5=D4C99E01B0061D2EEA2A3EB422CDBCB8,SHA256=0B732D9AD576D1400DB44EDF3E750849AC481E9BBAA628A3914E5EEF9B7181B0,IMPHASH=1864B7EA6A87A2BBB43783BD42E11204
ParentProcessGuid: {9172be70-6db4-69ec-4900-000000001f00}
ParentProcessId: 3368
ParentImage: C:\ProgramData\Microsoft\Windows Defender\Platform\4.18.26020.6-0\MsMpEng.exe
ParentCommandLine: ""C:\ProgramData\Microsoft\Windows Defender\Platform\4.18.26020.6-0\MsMpEng.exe""
ParentUser: NT AUTHORITY\SYSTEM"
Information,4/25/2026 5:31:52 PM,Microsoft-Windows-Sysmon,1,Process Create (rule: ProcessCreate),"Process Create:
RuleName: Event Log Access
UtcTime: 2026-04-25 07:31:12.607
ProcessGuid: {9172be70-6dc0-69ec-5f00-000000001f00}
ProcessId: 4624
Image: C:\Windows\System32\wevtutil.exe
FileVersion: 10.0.19041.5794 (WinBuild.160101.0800)
Description: Eventing Command Line Utility
Product: Microsoft® Windows® Operating System
Company: Microsoft Corporation
OriginalFileName: wevtutil.exe
CommandLine: C:\Windows\system32\wevtutil.exe uninstall-manifest ""C:\ProgramData\Microsoft\Windows Defender\Platform\4.18.26020.6-0\Microsoft-Antimalware-NIS.man""
CurrentDirectory: C:\Windows\system32\
User: NT AUTHORITY\SYSTEM
LogonGuid: {9172be70-6da8-69ec-e703-000000000000}
LogonId: 0x3E7
TerminalSessionId: 0
IntegrityLevel: System
Hashes: SHA1=44356C4C5EBB273B4A69A60A51E839A672F53874,MD5=D4C99E01B0061D2EEA2A3EB422CDBCB8,SHA256=0B732D9AD576D1400DB44EDF3E750849AC481E9BBAA628A3914E5EEF9B7181B0,IMPHASH=1864B7EA6A87A2BBB43783BD42E11204
ParentProcessGuid: {9172be70-6db4-69ec-4900-000000001f00}
ParentProcessId: 3368
ParentImage: C:\ProgramData\Microsoft\Windows Defender\Platform\4.18.26020.6-0\MsMpEng.exe
ParentCommandLine: ""C:\ProgramData\Microsoft\Windows Defender\Platform\4.18.26020.6-0\MsMpEng.exe""
ParentUser: NT AUTHORITY\SYSTEM"
Information,4/25/2026 5:31:52 PM,Microsoft-Windows-Sysmon,1,Process Create (rule: ProcessCreate),"Process Create:
RuleName: Event Log Access
UtcTime: 2026-04-25 07:31:12.249
ProcessGuid: {9172be70-6dc0-69ec-5d00-000000001f00}
ProcessId: 4528
Image: C:\Windows\System32\wevtutil.exe
FileVersion: 10.0.19041.5794 (WinBuild.160101.0800)
Description: Eventing Command Line Utility
Product: Microsoft® Windows® Operating System
Company: Microsoft Corporation
OriginalFileName: wevtutil.exe
CommandLine: C:\Windows\system32\wevtutil.exe install-manifest ""C:\ProgramData\Microsoft\Windows Defender\Platform\4.18.26020.6-0\Microsoft-Antimalware-Service.man"" ""/resourceFilePath:C:\ProgramData\Microsoft\Windows Defender\Platform\4.18.26020.6-0\MpSvc.dll"" ""/messageFilePath:C:\ProgramData\Microsoft\Windows Defender\Platform\4.18.26020.6-0\MpSvc.dll"" ""/parameterFilePath:C:\ProgramData\Microsoft\Windows Defender\Platform\4.18.26020.6-0\MpSvc.dll""
CurrentDirectory: C:\Windows\system32\
User: NT AUTHORITY\SYSTEM
LogonGuid: {9172be70-6da8-69ec-e703-000000000000}
LogonId: 0x3E7
TerminalSessionId: 0
IntegrityLevel: System
Hashes: SHA1=44356C4C5EBB273B4A69A60A51E839A672F53874,MD5=D4C99E01B0061D2EEA2A3EB422CDBCB8,SHA256=0B732D9AD576D1400DB44EDF3E750849AC481E9BBAA628A3914E5EEF9B7181B0,IMPHASH=1864B7EA6A87A2BBB43783BD42E11204
ParentProcessGuid: {9172be70-6db4-69ec-4900-000000001f00}
ParentProcessId: 3368
ParentImage: C:\ProgramData\Microsoft\Windows Defender\Platform\4.18.26020.6-0\MsMpEng.exe
ParentCommandLine: ""C:\ProgramData\Microsoft\Windows Defender\Platform\4.18.26020.6-0\MsMpEng.exe""
ParentUser: NT AUTHORITY\SYSTEM"
Information,4/25/2026 5:31:52 PM,Microsoft-Windows-Sysmon,1,Process Create (rule: ProcessCreate),"Process Create:
RuleName: Event Log Access
UtcTime: 2026-04-25 07:31:12.083
ProcessGuid: {9172be70-6dc0-69ec-5b00-000000001f00}
ProcessId: 4456
Image: C:\Windows\System32\wevtutil.exe
FileVersion: 10.0.19041.5794 (WinBuild.160101.0800)
Description: Eventing Command Line Utility
Product: Microsoft® Windows® Operating System
Company: Microsoft Corporation
OriginalFileName: wevtutil.exe
CommandLine: C:\Windows\system32\wevtutil.exe uninstall-manifest ""C:\ProgramData\Microsoft\Windows Defender\Platform\4.18.26020.6-0\Microsoft-Antimalware-Service.man""
CurrentDirectory: C:\Windows\system32\
User: NT AUTHORITY\SYSTEM
LogonGuid: {9172be70-6da8-69ec-e703-000000000000}
LogonId: 0x3E7
TerminalSessionId: 0
IntegrityLevel: System
Hashes: SHA1=44356C4C5EBB273B4A69A60A51E839A672F53874,MD5=D4C99E01B0061D2EEA2A3EB422CDBCB8,SHA256=0B732D9AD576D1400DB44EDF3E750849AC481E9BBAA628A3914E5EEF9B7181B0,IMPHASH=1864B7EA6A87A2BBB43783BD42E11204
ParentProcessGuid: {9172be70-6db4-69ec-4900-000000001f00}
ParentProcessId: 3368
ParentImage: C:\ProgramData\Microsoft\Windows Defender\Platform\4.18.26020.6-0\MsMpEng.exe
ParentCommandLine: ""C:\ProgramData\Microsoft\Windows Defender\Platform\4.18.26020.6-0\MsMpEng.exe""
ParentUser: NT AUTHORITY\SYSTEM"
Information,4/25/2026 5:31:52 PM,Microsoft-Windows-Sysmon,13,Registry value set (rule: RegistryEvent),"Registry value set:
RuleName: -
EventType: SetValue
UtcTime: 2026-04-25 07:31:11.243
ProcessGuid: {9172be70-6dbe-69ec-5900-000000001f00}
ProcessId: 4392
Image: C:\Windows\system32\wevtutil.exe
TargetObject: HKLM\SOFTWARE\Microsoft\Windows\CurrentVersion\WINEVT\Channels\Microsoft-Windows-Windows Defender/WHC\Type
Details: DWORD (0x00000001)
User: NT AUTHORITY\SYSTEM"
Information,4/25/2026 5:31:52 PM,Microsoft-Windows-Sysmon,13,Registry value set (rule: RegistryEvent),"Registry value set:
RuleName: -
EventType: SetValue
UtcTime: 2026-04-25 07:31:11.243
ProcessGuid: {9172be70-6dbe-69ec-5900-000000001f00}
ProcessId: 4392
Image: C:\Windows\system32\wevtutil.exe
TargetObject: HKLM\SOFTWARE\Microsoft\Windows\CurrentVersion\WINEVT\Channels\Microsoft-Windows-Windows Defender/WHC\MaxSizeUpper
Details: DWORD (0x00000000)
User: NT AUTHORITY\SYSTEM"
Information,4/25/2026 5:31:52 PM,Microsoft-Windows-Sysmon,13,Registry value set (rule: RegistryEvent),"Registry value set:
RuleName: -
EventType: SetValue
UtcTime: 2026-04-25 07:31:11.243
ProcessGuid: {9172be70-6dbe-69ec-5900-000000001f00}
ProcessId: 4392
Image: C:\Windows\system32\wevtutil.exe
TargetObject: HKLM\SOFTWARE\Microsoft\Windows\CurrentVersion\WINEVT\Channels\Microsoft-Windows-Windows Defender/WHC\MaxSize
Details: DWORD (0x00040000)
User: NT AUTHORITY\SYSTEM"
Information,4/25/2026 5:31:52 PM,Microsoft-Windows-Sysmon,13,Registry value set (rule: RegistryEvent),"Registry value set:
RuleName: -
EventType: SetValue
UtcTime: 2026-04-25 07:31:11.243
ProcessGuid: {9172be70-6dbe-69ec-5900-000000001f00}
ProcessId: 4392
Image: C:\Windows\system32\wevtutil.exe
TargetObject: HKLM\SOFTWARE\Microsoft\Windows\CurrentVersion\WINEVT\Channels\Microsoft-Windows-Windows Defender/WHC\ChannelAccess
Details: O:BAG:SYD:(A;;0xf0007;;;SY)(A;;0x7;;;BA)(A;;0x3;;;BO)(A;;0x5;;;SO)(A;;0x1;;;IU)(A;;0x3;;;SU)(A;;0x1;;;S-1-5-3)(A;;0x2;;;S-1-5-33)(A;;0x1;;;S-1-5-32-573)
User: NT AUTHORITY\SYSTEM"
Information,4/25/2026 5:31:52 PM,Microsoft-Windows-Sysmon,13,Registry value set (rule: RegistryEvent),"Registry value set:
RuleName: -
EventType: SetValue
UtcTime: 2026-04-25 07:31:11.243
ProcessGuid: {9172be70-6dbe-69ec-5900-000000001f00}
ProcessId: 4392
Image: C:\Windows\system32\wevtutil.exe
TargetObject: HKLM\SOFTWARE\Microsoft\Windows\CurrentVersion\WINEVT\Channels\Microsoft-Windows-Windows Defender/WHC\Isolation
Details: DWORD (0x00000001)
User: NT AUTHORITY\SYSTEM"
Information,4/25/2026 5:31:52 PM,Microsoft-Windows-Sysmon,13,Registry value set (rule: RegistryEvent),"Registry value set:
RuleName: -
EventType: SetValue
UtcTime: 2026-04-25 07:31:11.243
ProcessGuid: {9172be70-6dbe-69ec-5900-000000001f00}
ProcessId: 4392
Image: C:\Windows\system32\wevtutil.exe
TargetObject: HKLM\SOFTWARE\Microsoft\Windows\CurrentVersion\WINEVT\Channels\Microsoft-Windows-Windows Defender/WHC\Enabled
Details: DWORD (0x00000001)
User: NT AUTHORITY\SYSTEM"
Information,4/25/2026 5:31:52 PM,Microsoft-Windows-Sysmon,13,Registry value set (rule: RegistryEvent),"Registry value set:
RuleName: -
EventType: SetValue
UtcTime: 2026-04-25 07:31:11.243
ProcessGuid: {9172be70-6dbe-69ec-5900-000000001f00}
ProcessId: 4392
Image: C:\Windows\system32\wevtutil.exe
TargetObject: HKLM\SOFTWARE\Microsoft\Windows\CurrentVersion\WINEVT\Channels\Microsoft-Windows-Windows Defender/WHC\OwningPublisher
Details: {11cd958a-c507-4ef3-b3f2-5fd9dfbd2c78}
User: NT AUTHORITY\SYSTEM"
Information,4/25/2026 5:31:52 PM,Microsoft-Windows-Sysmon,13,Registry value set (rule: RegistryEvent),"Registry value set:
RuleName: -
EventType: SetValue
UtcTime: 2026-04-25 07:31:11.243
ProcessGuid: {9172be70-6dbe-69ec-5900-000000001f00}
ProcessId: 4392
Image: C:\Windows\system32\wevtutil.exe
TargetObject: HKLM\SOFTWARE\Microsoft\Windows\CurrentVersion\WINEVT\Channels\Microsoft-Windows-Windows Defender/Operational\Type
Details: DWORD (0x00000001)
User: NT AUTHORITY\SYSTEM"
Information,4/25/2026 5:31:52 PM,Microsoft-Windows-Sysmon,13,Registry value set (rule: RegistryEvent),"Registry value set:
RuleName: -
EventType: SetValue
UtcTime: 2026-04-25 07:31:11.243
ProcessGuid: {9172be70-6dbe-69ec-5900-000000001f00}
ProcessId: 4392
Image: C:\Windows\system32\wevtutil.exe
TargetObject: HKLM\SOFTWARE\Microsoft\Windows\CurrentVersion\WINEVT\Channels\Microsoft-Windows-Windows Defender/Operational\MaxSizeUpper
Details: DWORD (0x00000000)
User: NT AUTHORITY\SYSTEM"
Information,4/25/2026 5:31:52 PM,Microsoft-Windows-Sysmon,13,Registry value set (rule: RegistryEvent),"Registry value set:
RuleName: -
EventType: SetValue
UtcTime: 2026-04-25 07:31:11.243
ProcessGuid: {9172be70-6dbe-69ec-5900-000000001f00}
ProcessId: 4392
Image: C:\Windows\system32\wevtutil.exe
TargetObject: HKLM\SOFTWARE\Microsoft\Windows\CurrentVersion\WINEVT\Channels\Microsoft-Windows-Windows Defender/Operational\MaxSize
Details: DWORD (0x01000000)
User: NT AUTHORITY\SYSTEM"
Information,4/25/2026 5:31:52 PM,Microsoft-Windows-Sysmon,13,Registry value set (rule: RegistryEvent),"Registry value set:
RuleName: -
EventType: SetValue
UtcTime: 2026-04-25 07:31:11.243
ProcessGuid: {9172be70-6dbe-69ec-5900-000000001f00}
ProcessId: 4392
Image: C:\Windows\system32\wevtutil.exe
TargetObject: HKLM\SOFTWARE\Microsoft\Windows\CurrentVersion\WINEVT\Channels\Microsoft-Windows-Windows Defender/Operational\ChannelAccess
Details: O:BAG:SYD:(A;;0xf0007;;;SY)(A;;0x7;;;BA)(A;;0x3;;;BO)(A;;0x5;;;SO)(A;;0x1;;;IU)(A;;0x3;;;SU)(A;;0x1;;;S-1-5-3)(A;;0x2;;;S-1-5-33)(A;;0x1;;;S-1-5-32-573)
User: NT AUTHORITY\SYSTEM"
Information,4/25/2026 5:31:52 PM,Microsoft-Windows-Sysmon,13,Registry value set (rule: RegistryEvent),"Registry value set:
RuleName: -
EventType: SetValue
UtcTime: 2026-04-25 07:31:11.243
ProcessGuid: {9172be70-6dbe-69ec-5900-000000001f00}
ProcessId: 4392
Image: C:\Windows\system32\wevtutil.exe
TargetObject: HKLM\SOFTWARE\Microsoft\Windows\CurrentVersion\WINEVT\Channels\Microsoft-Windows-Windows Defender/Operational\Isolation
Details: DWORD (0x00000001)
User: NT AUTHORITY\SYSTEM"
Information,4/25/2026 5:31:52 PM,Microsoft-Windows-Sysmon,13,Registry value set (rule: RegistryEvent),"Registry value set:
RuleName: -
EventType: SetValue
UtcTime: 2026-04-25 07:31:11.243
ProcessGuid: {9172be70-6dbe-69ec-5900-000000001f00}
ProcessId: 4392
Image: C:\Windows\system32\wevtutil.exe
TargetObject: HKLM\SOFTWARE\Microsoft\Windows\CurrentVersion\WINEVT\Channels\Microsoft-Windows-Windows Defender/Operational\Enabled
Details: DWORD (0x00000001)
User: NT AUTHORITY\SYSTEM"
Information,4/25/2026 5:31:52 PM,Microsoft-Windows-Sysmon,13,Registry value set (rule: RegistryEvent),"Registry value set:
RuleName: -
EventType: SetValue
UtcTime: 2026-04-25 07:31:11.243
ProcessGuid: {9172be70-6dbe-69ec-5900-000000001f00}
ProcessId: 4392
Image: C:\Windows\system32\wevtutil.exe
TargetObject: HKLM\SOFTWARE\Microsoft\Windows\CurrentVersion\WINEVT\Channels\Microsoft-Windows-Windows Defender/Operational\OwningPublisher
Details: {11cd958a-c507-4ef3-b3f2-5fd9dfbd2c78}
User: NT AUTHORITY\SYSTEM"
Information,4/25/2026 5:31:52 PM,Microsoft-Windows-Sysmon,1,Process Create (rule: ProcessCreate),"Process Create:
RuleName: Event Log Access
UtcTime: 2026-04-25 07:31:10.975
ProcessGuid: {9172be70-6dbe-69ec-5900-000000001f00}
ProcessId: 4392
Image: C:\Windows\System32\wevtutil.exe
FileVersion: 10.0.19041.5794 (WinBuild.160101.0800)
Description: Eventing Command Line Utility
Product: Microsoft® Windows® Operating System
Company: Microsoft Corporation
OriginalFileName: wevtutil.exe
CommandLine: C:\Windows\system32\wevtutil.exe install-manifest ""C:\ProgramData\Microsoft\Windows Defender\Platform\4.18.26020.6-0\Microsoft-Windows-Windows Defender.man"" ""/resourceFilePath:C:\ProgramData\Microsoft\Windows Defender\Platform\4.18.26020.6-0\MpEvMsg.dll"" ""/messageFilePath:C:\ProgramData\Microsoft\Windows Defender\Platform\4.18.26020.6-0\MpEvMsg.dll"" ""/parameterFilePath:C:\ProgramData\Microsoft\Windows Defender\Platform\4.18.26020.6-0\MpEvMsg.dll""
CurrentDirectory: C:\Windows\system32\
User: NT AUTHORITY\SYSTEM
LogonGuid: {9172be70-6da8-69ec-e703-000000000000}
LogonId: 0x3E7
TerminalSessionId: 0
IntegrityLevel: System
Hashes: SHA1=44356C4C5EBB273B4A69A60A51E839A672F53874,MD5=D4C99E01B0061D2EEA2A3EB422CDBCB8,SHA256=0B732D9AD576D1400DB44EDF3E750849AC481E9BBAA628A3914E5EEF9B7181B0,IMPHASH=1864B7EA6A87A2BBB43783BD42E11204
ParentProcessGuid: {9172be70-6db4-69ec-4900-000000001f00}
ParentProcessId: 3368
ParentImage: C:\ProgramData\Microsoft\Windows Defender\Platform\4.18.26020.6-0\MsMpEng.exe
ParentCommandLine: ""C:\ProgramData\Microsoft\Windows Defender\Platform\4.18.26020.6-0\MsMpEng.exe""
ParentUser: NT AUTHORITY\SYSTEM"
Information,4/25/2026 5:31:52 PM,Microsoft-Windows-Sysmon,12,Registry object added or deleted (rule: RegistryEvent),"Registry object added or deleted:
RuleName: -
EventType: DeleteKey
UtcTime: 2026-04-25 07:31:10.459
ProcessGuid: {9172be70-6dbe-69ec-5700-000000001f00}
ProcessId: 4320
Image: C:\Windows\system32\wevtutil.exe
TargetObject: HKLM\SOFTWARE\Microsoft\Windows\CurrentVersion\WINEVT\Channels\Microsoft-Windows-Windows Defender/WHC
User: NT AUTHORITY\SYSTEM"
Information,4/25/2026 5:31:52 PM,Microsoft-Windows-Sysmon,12,Registry object added or deleted (rule: RegistryEvent),"Registry object added or deleted:
RuleName: -
EventType: DeleteKey
UtcTime: 2026-04-25 07:31:10.411
ProcessGuid: {9172be70-6dbe-69ec-5700-000000001f00}
ProcessId: 4320
Image: C:\Windows\system32\wevtutil.exe
TargetObject: HKLM\SOFTWARE\Microsoft\Windows\CurrentVersion\WINEVT\Channels\Microsoft-Windows-Windows Defender/Operational
User: NT AUTHORITY\SYSTEM"
Information,4/25/2026 5:31:52 PM,Microsoft-Windows-Sysmon,1,Process Create (rule: ProcessCreate),"Process Create:
RuleName: Event Log Access
UtcTime: 2026-04-25 07:31:10.173
ProcessGuid: {9172be70-6dbe-69ec-5700-000000001f00}
ProcessId: 4320
Image: C:\Windows\System32\wevtutil.exe
FileVersion: 10.0.19041.5794 (WinBuild.160101.0800)
Description: Eventing Command Line Utility
Product: Microsoft® Windows® Operating System
Company: Microsoft Corporation
OriginalFileName: wevtutil.exe
CommandLine: C:\Windows\system32\wevtutil.exe uninstall-manifest ""C:\ProgramData\Microsoft\Windows Defender\Platform\4.18.26020.6-0\Microsoft-Windows-Windows Defender.man""
CurrentDirectory: C:\Windows\system32\
User: NT AUTHORITY\SYSTEM
LogonGuid: {9172be70-6da8-69ec-e703-000000000000}
LogonId: 0x3E7
TerminalSessionId: 0
IntegrityLevel: System
Hashes: SHA1=44356C4C5EBB273B4A69A60A51E839A672F53874,MD5=D4C99E01B0061D2EEA2A3EB422CDBCB8,SHA256=0B732D9AD576D1400DB44EDF3E750849AC481E9BBAA628A3914E5EEF9B7181B0,IMPHASH=1864B7EA6A87A2BBB43783BD42E11204
ParentProcessGuid: {9172be70-6db4-69ec-4900-000000001f00}
ParentProcessId: 3368
ParentImage: C:\ProgramData\Microsoft\Windows Defender\Platform\4.18.26020.6-0\MsMpEng.exe
ParentCommandLine: ""C:\ProgramData\Microsoft\Windows Defender\Platform\4.18.26020.6-0\MsMpEng.exe""
ParentUser: NT AUTHORITY\SYSTEM"
Information,4/25/2026 5:31:52 PM,Microsoft-Windows-Sysmon,17,Pipe Created (rule: PipeEvent),"Pipe Created:
RuleName: -
EventType: CreatePipe
UtcTime: 2026-04-25 07:31:08.795
ProcessGuid: {9172be70-6db7-69ec-4f00-000000001f00}
ProcessId: 3716
PipeName: \browser
Image: C:\Windows\System32\svchost.exe
User: NT AUTHORITY\SYSTEM"
Information,4/25/2026 5:31:52 PM,Microsoft-Windows-Sysmon,1,Process Create (rule: ProcessCreate),"Process Create:
RuleName: Event Log Access
UtcTime: 2026-04-25 07:31:08.597
ProcessGuid: {9172be70-6dbc-69ec-5500-000000001f00}
ProcessId: 4140
Image: C:\Windows\System32\wevtutil.exe
FileVersion: 10.0.19041.5794 (WinBuild.160101.0800)
Description: Eventing Command Line Utility
Product: Microsoft® Windows® Operating System
Company: Microsoft Corporation
OriginalFileName: wevtutil.exe
CommandLine: C:\Windows\system32\wevtutil.exe install-manifest ""C:\ProgramData\Microsoft\Windows Defender\Platform\4.18.26020.6-0\Microsoft-Antimalware-AMFilter.man"" ""/resourceFilePath:C:\ProgramData\Microsoft\Windows Defender\Platform\4.18.26020.6-0\Drivers\WdFilter.sys"" ""/messageFilePath:C:\ProgramData\Microsoft\Windows Defender\Platform\4.18.26020.6-0\Drivers\WdFilter.sys"" ""/parameterFilePath:C:\ProgramData\Microsoft\Windows Defender\Platform\4.18.26020.6-0\Drivers\WdFilter.sys""
CurrentDirectory: C:\Windows\system32\
User: NT AUTHORITY\SYSTEM
LogonGuid: {9172be70-6da8-69ec-e703-000000000000}
LogonId: 0x3E7
TerminalSessionId: 0
IntegrityLevel: System
Hashes: SHA1=44356C4C5EBB273B4A69A60A51E839A672F53874,MD5=D4C99E01B0061D2EEA2A3EB422CDBCB8,SHA256=0B732D9AD576D1400DB44EDF3E750849AC481E9BBAA628A3914E5EEF9B7181B0,IMPHASH=1864B7EA6A87A2BBB43783BD42E11204
ParentProcessGuid: {9172be70-6db4-69ec-4900-000000001f00}
ParentProcessId: 3368
ParentImage: C:\ProgramData\Microsoft\Windows Defender\Platform\4.18.26020.6-0\MsMpEng.exe
ParentCommandLine: ""C:\ProgramData\Microsoft\Windows Defender\Platform\4.18.26020.6-0\MsMpEng.exe""
ParentUser: NT AUTHORITY\SYSTEM"
Information,4/25/2026 5:31:52 PM,Microsoft-Windows-Sysmon,17,Pipe Created (rule: PipeEvent),"Pipe Created:
RuleName: -
EventType: CreatePipe
UtcTime: 2026-04-25 07:31:08.590
ProcessGuid: {9172be70-6db6-69ec-4e00-000000001f00}
ProcessId: 3648
PipeName: \ROUTER
Image: C:\Windows\System32\svchost.exe
User: NT AUTHORITY\SYSTEM"
Information,4/25/2026 5:31:52 PM,Microsoft-Windows-Sysmon,1,Process Create (rule: ProcessCreate),"Process Create:
RuleName: technique_id=T1083,technique_name=File and Directory Discovery
UtcTime: 2026-04-25 07:31:08.561
ProcessGuid: {9172be70-6dbc-69ec-5400-000000001f00}
ProcessId: 4112
Image: C:\Windows\System32\svchost.exe
FileVersion: 10.0.19041.5794 (WinBuild.160101.0800)
Description: Host Process for Windows Services
Product: Microsoft® Windows® Operating System
Company: Microsoft Corporation
OriginalFileName: svchost.exe
CommandLine: C:\Windows\System32\svchost.exe -k LocalServiceNetworkRestricted -s RmSvc
CurrentDirectory: C:\Windows\system32\
User: NT AUTHORITY\LOCAL SERVICE
LogonGuid: {9172be70-6daa-69ec-e503-000000000000}
LogonId: 0x3E5
TerminalSessionId: 0
IntegrityLevel: System
Hashes: SHA1=BD4068A70BEEAE18195EDBDCD2837F2F43D254E6,MD5=3D1034D6ED3DAED60816A25C561E8C83,SHA256=B0B36BFF7AE4057F687D839CD4B3D81159AB646F1EE1B22106A927E93DECBB61,IMPHASH=F9BBD96FAE53B7A31264A703CAFA0666
ParentProcessGuid: {9172be70-6da8-69ec-0b00-000000001f00}
ParentProcessId: 696
ParentImage: C:\Windows\System32\services.exe
ParentCommandLine: C:\Windows\system32\services.exe
ParentUser: NT AUTHORITY\SYSTEM"
Information,4/25/2026 5:31:52 PM,Microsoft-Windows-Sysmon,11,File created (rule: FileCreate),"File created:
RuleName: technique_id=T1574.010,technique_name=Services File Permissions Weakness
UtcTime: 2026-04-25 07:31:07.316
ProcessGuid: {9172be70-6db3-69ec-3f00-000000001f00}
ProcessId: 2004
Image: C:\Windows\System32\svchost.exe
TargetFilename: C:\Windows\System32\SleepStudy\ScreenOn\ScreenOnPowerStudyTraceSession-2026-04-25-17-31-06.etl
CreationUtcTime: 2026-04-25 07:31:07.299
User: NT AUTHORITY\LOCAL SERVICE"
Information,4/25/2026 5:31:52 PM,Microsoft-Windows-Sysmon,13,Registry value set (rule: RegistryEvent),"Registry value set:
RuleName: -
EventType: SetValue
UtcTime: 2026-04-25 07:31:06.931
ProcessGuid: {9172be70-6da8-69ec-0b00-000000001f00}
ProcessId: 696
Image: C:\Windows\system32\services.exe
TargetObject: HKLM\System\CurrentControlSet\Services\Schedule\FailureActions
Details: Binary Data
User: NT AUTHORITY\SYSTEM"
Information,4/25/2026 5:31:52 PM,Microsoft-Windows-Sysmon,17,Pipe Created (rule: PipeEvent),"Pipe Created:
RuleName: -
EventType: CreatePipe
UtcTime: 2026-04-25 07:31:06.235
ProcessGuid: {9172be70-6db3-69ec-3c00-000000001f00}
ProcessId: 2968
PipeName: \Winsock2\CatalogChangeListener-b98-0
Image: C:\Windows\system32\svchost.exe
User: NT AUTHORITY\NETWORK SERVICE"
Information,4/25/2026 5:31:52 PM,Microsoft-Windows-Sysmon,13,Registry value set (rule: RegistryEvent),"Registry value set:
RuleName: -
EventType: SetValue
UtcTime: 2026-04-25 07:31:06.231
ProcessGuid: {9172be70-6dae-69ec-3900-000000001f00}
ProcessId: 2728
Image: C:\Windows\system32\svchost.exe
TargetObject: HKLM\System\CurrentControlSet\Services\SharedAccess\Epoch\Epoch
Details: DWORD (0x00000204)
User: NT AUTHORITY\LOCAL SERVICE"
Information,4/25/2026 5:31:52 PM,Microsoft-Windows-Sysmon,13,Registry value set (rule: RegistryEvent),"Registry value set:
RuleName: -
EventType: SetValue
UtcTime: 2026-04-25 07:31:06.199
ProcessGuid: {9172be70-6dae-69ec-3900-000000001f00}
ProcessId: 2728
Image: C:\Windows\system32\svchost.exe
TargetObject: HKLM\System\CurrentControlSet\Services\SharedAccess\Epoch\Epoch
Details: DWORD (0x00000203)
User: NT AUTHORITY\LOCAL SERVICE"
Information,4/25/2026 5:31:52 PM,Microsoft-Windows-Sysmon,13,Registry value set (rule: RegistryEvent),"Registry value set:
RuleName: -
EventType: SetValue
UtcTime: 2026-04-25 07:31:06.168
ProcessGuid: {9172be70-6dae-69ec-3900-000000001f00}
ProcessId: 2728
Image: C:\Windows\system32\svchost.exe
TargetObject: HKLM\System\CurrentControlSet\Services\BFE\Parameters\Policy\Options\EnablePacketQueue
Details: DWORD (0x00000000)
User: NT AUTHORITY\LOCAL SERVICE"
Information,4/25/2026 5:31:52 PM,Microsoft-Windows-Sysmon,1,Process Create (rule: ProcessCreate),"Process Create:
RuleName: Event Log Access
UtcTime: 2026-04-25 07:31:06.059
ProcessGuid: {9172be70-6dba-69ec-5100-000000001f00}
ProcessId: 4032
Image: C:\Windows\System32\wevtutil.exe
FileVersion: 10.0.19041.5794 (WinBuild.160101.0800)
Description: Eventing Command Line Utility
Product: Microsoft® Windows® Operating System
Company: Microsoft Corporation
OriginalFileName: wevtutil.exe
CommandLine: C:\Windows\system32\wevtutil.exe uninstall-manifest ""C:\ProgramData\Microsoft\Windows Defender\Platform\4.18.26020.6-0\Microsoft-Antimalware-AMFilter.man""
CurrentDirectory: C:\Windows\system32\
User: NT AUTHORITY\SYSTEM
LogonGuid: {9172be70-6da8-69ec-e703-000000000000}
LogonId: 0x3E7
TerminalSessionId: 0
IntegrityLevel: System
Hashes: SHA1=44356C4C5EBB273B4A69A60A51E839A672F53874,MD5=D4C99E01B0061D2EEA2A3EB422CDBCB8,SHA256=0B732D9AD576D1400DB44EDF3E750849AC481E9BBAA628A3914E5EEF9B7181B0,IMPHASH=1864B7EA6A87A2BBB43783BD42E11204
ParentProcessGuid: {9172be70-6db4-69ec-4900-000000001f00}
ParentProcessId: 3368
ParentImage: C:\ProgramData\Microsoft\Windows Defender\Platform\4.18.26020.6-0\MsMpEng.exe
ParentCommandLine: ""C:\ProgramData\Microsoft\Windows Defender\Platform\4.18.26020.6-0\MsMpEng.exe""
ParentUser: NT AUTHORITY\SYSTEM"
Information,4/25/2026 5:31:52 PM,Microsoft-Windows-Sysmon,13,Registry value set (rule: RegistryEvent),"Registry value set:
RuleName: -
EventType: SetValue
UtcTime: 2026-04-25 07:31:05.752
ProcessGuid: {9172be70-6da8-69ec-0b00-000000001f00}
ProcessId: 696
Image: C:\Windows\system32\services.exe
TargetObject: HKLM\System\CurrentControlSet\Services\MDCoreSvc\Start
Details: DWORD (0x00000002)
User: NT AUTHORITY\SYSTEM"
Information,4/25/2026 5:31:51 PM,Microsoft-Windows-Sysmon,13,Registry value set (rule: RegistryEvent),"Registry value set:
RuleName: -
EventType: SetValue
UtcTime: 2026-04-25 07:31:04.525
ProcessGuid: {9172be70-6da8-69ec-0b00-000000001f00}
ProcessId: 696
Image: C:\Windows\system32\services.exe
TargetObject: HKLM\System\CurrentControlSet\Services\MDCoreSvc\Security\Security
Details: Binary Data
User: NT AUTHORITY\SYSTEM"
Information,4/25/2026 5:31:51 PM,Microsoft-Windows-Sysmon,13,Registry value set (rule: RegistryEvent),"Registry value set:
RuleName: -
EventType: SetValue
UtcTime: 2026-04-25 07:31:04.520
ProcessGuid: {9172be70-6da8-69ec-0b00-000000001f00}
ProcessId: 696
Image: C:\Windows\system32\services.exe
TargetObject: HKLM\System\CurrentControlSet\Services\MDCoreSvc\Security\Security
Details: Binary Data
User: NT AUTHORITY\SYSTEM"
Information,4/25/2026 5:31:51 PM,Microsoft-Windows-Sysmon,13,Registry value set (rule: RegistryEvent),"Registry value set:
RuleName: -
EventType: SetValue
UtcTime: 2026-04-25 07:31:04.520
ProcessGuid: {9172be70-6da8-69ec-0b00-000000001f00}
ProcessId: 696
Image: C:\Windows\system32\services.exe
TargetObject: HKLM\System\CurrentControlSet\Services\MDCoreSvc\Security\Security
Details: Binary Data
User: NT AUTHORITY\SYSTEM"
Information,4/25/2026 5:31:51 PM,Microsoft-Windows-Sysmon,11,File created (rule: FileCreate),"File created:
RuleName: technique_id=T1574.010,technique_name=Services File Permissions Weakness
UtcTime: 2026-04-25 07:31:04.312
ProcessGuid: {9172be70-6db3-69ec-3f00-000000001f00}
ProcessId: 2004
Image: C:\Windows\System32\svchost.exe
TargetFilename: C:\Windows\System32\sru\SRUtmp.log
CreationUtcTime: 2026-03-16 17:39:57.222
User: NT AUTHORITY\LOCAL SERVICE"
Information,4/25/2026 5:31:51 PM,Microsoft-Windows-Sysmon,1,Process Create (rule: ProcessCreate),"Process Create:
RuleName: technique_id=T1083,technique_name=File and Directory Discovery
UtcTime: 2026-04-25 07:31:01.955
ProcessGuid: {9172be70-6db5-69ec-4d00-000000001f00}
ProcessId: 3596
Image: C:\Windows\System32\svchost.exe
FileVersion: 10.0.19041.5794 (WinBuild.160101.0800)
Description: Host Process for Windows Services
Product: Microsoft® Windows® Operating System
Company: Microsoft Corporation
OriginalFileName: svchost.exe
CommandLine: C:\Windows\system32\svchost.exe -k LocalServiceAndNoImpersonation -p -s SSDPSRV
CurrentDirectory: C:\Windows\system32\
User: NT AUTHORITY\LOCAL SERVICE
LogonGuid: {9172be70-6daa-69ec-e503-000000000000}
LogonId: 0x3E5
TerminalSessionId: 0
IntegrityLevel: System
Hashes: SHA1=BD4068A70BEEAE18195EDBDCD2837F2F43D254E6,MD5=3D1034D6ED3DAED60816A25C561E8C83,SHA256=B0B36BFF7AE4057F687D839CD4B3D81159AB646F1EE1B22106A927E93DECBB61,IMPHASH=F9BBD96FAE53B7A31264A703CAFA0666
ParentProcessGuid: {00000000-0000-0000-0000-000000000000}
ParentProcessId: 696
ParentImage: -
ParentCommandLine: -
ParentUser: -"
Information,4/25/2026 5:31:51 PM,Microsoft-Windows-Sysmon,13,Registry value set (rule: RegistryEvent),"Registry value set:
RuleName: -
EventType: SetValue
UtcTime: 2026-04-25 07:31:01.705
ProcessGuid: {9172be70-6db3-69ec-4100-000000001f00}
ProcessId: 2012
Image: C:\Windows\system32\svchost.exe
TargetObject: HKLM\System\CurrentControlSet\Services\Winmgmt\Parameters\ServiceDllUnloadOnStop
Details: DWORD (0x00000001)
User: NT AUTHORITY\SYSTEM"
Information,4/25/2026 5:31:50 PM,Microsoft-Windows-Sysmon,11,File created (rule: FileCreate),"File created:
RuleName: technique_id=T1574.010,technique_name=Services File Permissions Weakness
UtcTime: 2026-04-25 07:31:00.641
ProcessGuid: {9172be70-6d8d-69ec-eb03-000000000000}
ProcessId: 4
Image: System
TargetFilename: C:\Windows\System32\LogFiles\WMI\RtBackup\EtwRTWFP-IPsec Diagnostics.etl
CreationUtcTime: 2026-04-12 05:19:17.266
User: NT AUTHORITY\SYSTEM"
Information,4/25/2026 5:31:50 PM,Microsoft-Windows-Sysmon,1,Process Create (rule: ProcessCreate),"Process Create:
RuleName: technique_id=T1083,technique_name=File and Directory Discovery
UtcTime: 2026-04-25 07:31:00.302
ProcessGuid: {9172be70-6db4-69ec-4800-000000001f00}
ProcessId: 3268
Image: C:\Windows\System32\svchost.exe
FileVersion: 10.0.19041.5794 (WinBuild.160101.0800)
Description: Host Process for Windows Services
Product: Microsoft® Windows® Operating System
Company: Microsoft Corporation
OriginalFileName: svchost.exe
CommandLine: C:\Windows\System32\svchost.exe -k LocalService -p -s WdiServiceHost
CurrentDirectory: C:\Windows\system32\
User: NT AUTHORITY\LOCAL SERVICE
LogonGuid: {9172be70-6daa-69ec-e503-000000000000}
LogonId: 0x3E5
TerminalSessionId: 0
IntegrityLevel: System
Hashes: SHA1=BD4068A70BEEAE18195EDBDCD2837F2F43D254E6,MD5=3D1034D6ED3DAED60816A25C561E8C83,SHA256=B0B36BFF7AE4057F687D839CD4B3D81159AB646F1EE1B22106A927E93DECBB61,IMPHASH=F9BBD96FAE53B7A31264A703CAFA0666
ParentProcessGuid: {00000000-0000-0000-0000-000000000000}
ParentProcessId: 696
ParentImage: -
ParentCommandLine: -
ParentUser: -"
Information,4/25/2026 5:31:50 PM,Microsoft-Windows-Sysmon,13,Registry value set (rule: RegistryEvent),"Registry value set:
RuleName: -
EventType: SetValue
UtcTime: 2026-04-25 07:31:00.097
ProcessGuid: {9172be70-6db3-69ec-3d00-000000001f00}
ProcessId: 3008
Image: C:\Windows\system32\svchost.exe
TargetObject: HKLM\System\CurrentControlSet\Services\LanmanServer\Parameters\Guid
Details: Binary Data
User: NT AUTHORITY\SYSTEM"
Information,4/25/2026 5:31:50 PM,Microsoft-Windows-Sysmon,12,Registry object added or deleted (rule: RegistryEvent),"Registry object added or deleted:
RuleName: -
EventType: DeleteValue
UtcTime: 2026-04-25 07:31:00.097
ProcessGuid: {9172be70-6db3-69ec-3d00-000000001f00}
ProcessId: 3008
Image: C:\Windows\system32\svchost.exe
TargetObject: HKLM\System\CurrentControlSet\Services\LanmanServer\Parameters\Guid
User: NT AUTHORITY\SYSTEM"
Information,4/25/2026 5:31:50 PM,Microsoft-Windows-Sysmon,17,Pipe Created (rule: PipeEvent),"Pipe Created:
RuleName: -
EventType: CreatePipe
UtcTime: 2026-04-25 07:31:00.027
ProcessGuid: {9172be70-6db3-69ec-4300-000000001f00}
ProcessId: 2632
PipeName: \trkwks
Image: C:\Windows\System32\svchost.exe
User: NT AUTHORITY\SYSTEM"
Information,4/25/2026 5:31:50 PM,Microsoft-Windows-Sysmon,1,Process Create (rule: ProcessCreate),"Process Create:
RuleName: technique_id=T1083,technique_name=File and Directory Discovery
UtcTime: 2026-04-25 07:30:59.942
ProcessGuid: {9172be70-6db3-69ec-4300-000000001f00}
ProcessId: 2632
Image: C:\Windows\System32\svchost.exe
FileVersion: 10.0.19041.5794 (WinBuild.160101.0800)
Description: Host Process for Windows Services
Product: Microsoft® Windows® Operating System
Company: Microsoft Corporation
OriginalFileName: svchost.exe
CommandLine: C:\Windows\System32\svchost.exe -k LocalSystemNetworkRestricted -p -s TrkWks
CurrentDirectory: C:\Windows\system32\
User: NT AUTHORITY\SYSTEM
LogonGuid: {9172be70-6da8-69ec-e703-000000000000}
LogonId: 0x3E7
TerminalSessionId: 0
IntegrityLevel: System
Hashes: SHA1=BD4068A70BEEAE18195EDBDCD2837F2F43D254E6,MD5=3D1034D6ED3DAED60816A25C561E8C83,SHA256=B0B36BFF7AE4057F687D839CD4B3D81159AB646F1EE1B22106A927E93DECBB61,IMPHASH=F9BBD96FAE53B7A31264A703CAFA0666
ParentProcessGuid: {00000000-0000-0000-0000-000000000000}
ParentProcessId: 696
ParentImage: -
ParentCommandLine: -
ParentUser: -"
