Information,4/25/2026 5:31:50 PM,Microsoft-Windows-Sysmon,1,Process Create (rule: ProcessCreate),"Process Create:
RuleName: technique_id=T1083,technique_name=File and Directory Discovery
UtcTime: 2026-04-25 07:30:59.930
ProcessGuid: {9172be70-6db3-69ec-4200-000000001f00}
ProcessId: 1940
Image: C:\Windows\System32\svchost.exe
FileVersion: 10.0.19041.5794 (WinBuild.160101.0800)
Description: Host Process for Windows Services
Product: Microsoft® Windows® Operating System
Company: Microsoft Corporation
OriginalFileName: svchost.exe
CommandLine: C:\Windows\system32\svchost.exe -k LocalService -p -s SstpSvc
CurrentDirectory: C:\Windows\system32\
User: NT AUTHORITY\LOCAL SERVICE
LogonGuid: {9172be70-6daa-69ec-e503-000000000000}
LogonId: 0x3E5
TerminalSessionId: 0
IntegrityLevel: System
Hashes: SHA1=BD4068A70BEEAE18195EDBDCD2837F2F43D254E6,MD5=3D1034D6ED3DAED60816A25C561E8C83,SHA256=B0B36BFF7AE4057F687D839CD4B3D81159AB646F1EE1B22106A927E93DECBB61,IMPHASH=F9BBD96FAE53B7A31264A703CAFA0666
ParentProcessGuid: {00000000-0000-0000-0000-000000000000}
ParentProcessId: 696
ParentImage: -
ParentCommandLine: -
ParentUser: -"
Information,4/25/2026 5:31:50 PM,Microsoft-Windows-Sysmon,1,Process Create (rule: ProcessCreate),"Process Create:
RuleName: technique_id=T1083,technique_name=File and Directory Discovery
UtcTime: 2026-04-25 07:30:59.915
ProcessGuid: {9172be70-6db3-69ec-3f00-000000001f00}
ProcessId: 2004
Image: C:\Windows\System32\svchost.exe
FileVersion: 10.0.19041.5794 (WinBuild.160101.0800)
Description: Host Process for Windows Services
Product: Microsoft® Windows® Operating System
Company: Microsoft Corporation
OriginalFileName: svchost.exe
CommandLine: C:\Windows\System32\svchost.exe -k LocalServiceNoNetwork -p -s DPS
CurrentDirectory: C:\Windows\system32\
User: NT AUTHORITY\LOCAL SERVICE
LogonGuid: {9172be70-6daa-69ec-e503-000000000000}
LogonId: 0x3E5
TerminalSessionId: 0
IntegrityLevel: System
Hashes: SHA1=BD4068A70BEEAE18195EDBDCD2837F2F43D254E6,MD5=3D1034D6ED3DAED60816A25C561E8C83,SHA256=B0B36BFF7AE4057F687D839CD4B3D81159AB646F1EE1B22106A927E93DECBB61,IMPHASH=F9BBD96FAE53B7A31264A703CAFA0666
ParentProcessGuid: {00000000-0000-0000-0000-000000000000}
ParentProcessId: 696
ParentImage: -
ParentCommandLine: -
ParentUser: -"
Information,4/25/2026 5:31:49 PM,Microsoft-Windows-Sysmon,11,File created (rule: FileCreate),"File created:
RuleName: technique_id=T1574.010,technique_name=Services File Permissions Weakness
UtcTime: 2026-04-25 07:30:56.666
ProcessGuid: {9172be70-6dad-69ec-2e00-000000001f00}
ProcessId: 1468
Image: C:\Windows\system32\svchost.exe
TargetFilename: C:\Windows\ServiceProfiles\LocalService\AppData\Local\FontCache\~FontCache-System.dat
CreationUtcTime: 2026-04-20 07:23:09.453
User: NT AUTHORITY\LOCAL SERVICE"
Information,4/25/2026 5:31:49 PM,Microsoft-Windows-Sysmon,17,Pipe Created (rule: PipeEvent),"Pipe Created:
RuleName: -
EventType: CreatePipe
UtcTime: 2026-04-25 07:30:54.879
ProcessGuid: {9172be70-6dae-69ec-3800-000000001f00}
ProcessId: 2700
PipeName: \Winsock2\CatalogChangeListener-a8c-0
Image: C:\Windows\System32\spoolsv.exe
User: NT AUTHORITY\SYSTEM"
Information,4/25/2026 5:31:49 PM,Microsoft-Windows-Sysmon,1,Process Create (rule: ProcessCreate),"Process Create:
RuleName: technique_id=T1083,technique_name=File and Directory Discovery
UtcTime: 2026-04-25 07:30:54.859
ProcessGuid: {9172be70-6dae-69ec-3900-000000001f00}
ProcessId: 2728
Image: C:\Windows\System32\svchost.exe
FileVersion: 10.0.19041.5794 (WinBuild.160101.0800)
Description: Host Process for Windows Services
Product: Microsoft® Windows® Operating System
Company: Microsoft Corporation
OriginalFileName: svchost.exe
CommandLine: C:\Windows\system32\svchost.exe -k LocalServiceNoNetworkFirewall -p
CurrentDirectory: C:\Windows\system32\
User: NT AUTHORITY\LOCAL SERVICE
LogonGuid: {9172be70-6daa-69ec-e503-000000000000}
LogonId: 0x3E5
TerminalSessionId: 0
IntegrityLevel: System
Hashes: SHA1=BD4068A70BEEAE18195EDBDCD2837F2F43D254E6,MD5=3D1034D6ED3DAED60816A25C561E8C83,SHA256=B0B36BFF7AE4057F687D839CD4B3D81159AB646F1EE1B22106A927E93DECBB61,IMPHASH=F9BBD96FAE53B7A31264A703CAFA0666
ParentProcessGuid: {00000000-0000-0000-0000-000000000000}
ParentProcessId: 696
ParentImage: -
ParentCommandLine: -
ParentUser: -"
Information,4/25/2026 5:31:49 PM,Microsoft-Windows-Sysmon,1,Process Create (rule: ProcessCreate),"Process Create:
RuleName: technique_id=T1083,technique_name=File and Directory Discovery
UtcTime: 2026-04-25 07:30:54.751
ProcessGuid: {9172be70-6dae-69ec-3800-000000001f00}
ProcessId: 2700
Image: C:\Windows\System32\spoolsv.exe
FileVersion: 10.0.19041.6093 (WinBuild.160101.0800)
Description: Spooler SubSystem App
Product: Microsoft® Windows® Operating System
Company: Microsoft Corporation
OriginalFileName: spoolsv.exe
CommandLine: C:\Windows\System32\spoolsv.exe
CurrentDirectory: C:\Windows\system32\
User: NT AUTHORITY\SYSTEM
LogonGuid: {9172be70-6da8-69ec-e703-000000000000}
LogonId: 0x3E7
TerminalSessionId: 0
IntegrityLevel: System
Hashes: SHA1=CB07A260D4B1E35D32F41CC4968BF8A148A793A9,MD5=546940129E94FCBCB6E0044A99A0097F,SHA256=6574A65649A3F1776702CDC32BDEEDF27FD6CBACF4DFD3FAB457FC9657D342B4,IMPHASH=B7BAD4E80A80DEB2E8D9853EA9274F80
ParentProcessGuid: {00000000-0000-0000-0000-000000000000}
ParentProcessId: 696
ParentImage: -
ParentCommandLine: -
ParentUser: -"
Information,4/25/2026 5:31:49 PM,Microsoft-Windows-Sysmon,13,Registry value set (rule: RegistryEvent),"Registry value set:
RuleName: -
EventType: SetValue
UtcTime: 2026-04-25 07:30:54.754
ProcessGuid: {9172be70-6dae-69ec-3700-000000001f00}
ProcessId: 2596
Image: C:\Windows\system32\svchost.exe
TargetObject: HKLM\System\CurrentControlSet\Services\Dnscache\Parameters\DnsActiveIfs\Ethernet_11\ActiveInterfaces
Details: DWORD (0x0000000b)
User: NT AUTHORITY\LOCAL SERVICE"
Information,4/25/2026 5:31:49 PM,Microsoft-Windows-Sysmon,13,Registry value set (rule: RegistryEvent),"Registry value set:
RuleName: -
EventType: SetValue
UtcTime: 2026-04-25 07:30:54.754
ProcessGuid: {9172be70-6dae-69ec-3700-000000001f00}
ProcessId: 2596
Image: C:\Windows\system32\svchost.exe
TargetObject: HKLM\System\CurrentControlSet\Services\Dnscache\Parameters\DnsActiveIfs\Ethernet_11\Connection
Details: Ethernet
User: NT AUTHORITY\LOCAL SERVICE"
Information,4/25/2026 5:31:49 PM,Microsoft-Windows-Sysmon,12,Registry object added or deleted (rule: RegistryEvent),"Registry object added or deleted:
RuleName: -
EventType: DeleteKey
UtcTime: 2026-04-25 07:30:54.754
ProcessGuid: {9172be70-6dae-69ec-3700-000000001f00}
ProcessId: 2596
Image: C:\Windows\system32\svchost.exe
TargetObject: HKLM\System\CurrentControlSet\Services\Dnscache\Parameters\DnsActiveIfs\Ethernet_11
User: NT AUTHORITY\LOCAL SERVICE"
Information,4/25/2026 5:31:49 PM,Microsoft-Windows-Sysmon,13,Registry value set (rule: RegistryEvent),"Registry value set:
RuleName: -
EventType: SetValue
UtcTime: 2026-04-25 07:30:54.753
ProcessGuid: {9172be70-6dae-69ec-3700-000000001f00}
ProcessId: 2596
Image: C:\Windows\system32\svchost.exe
TargetObject: HKLM\System\CurrentControlSet\Services\Dnscache\Parameters\DnsActiveIfs\Ethernet_11\ActiveInterfaces
Details: DWORD (0x0000000b)
User: NT AUTHORITY\LOCAL SERVICE"
Information,4/25/2026 5:31:49 PM,Microsoft-Windows-Sysmon,13,Registry value set (rule: RegistryEvent),"Registry value set:
RuleName: -
EventType: SetValue
UtcTime: 2026-04-25 07:30:54.753
ProcessGuid: {9172be70-6dae-69ec-3700-000000001f00}
ProcessId: 2596
Image: C:\Windows\system32\svchost.exe
TargetObject: HKLM\System\CurrentControlSet\Services\Dnscache\Parameters\DnsActiveIfs\Ethernet_11\Connection
Details: Ethernet
User: NT AUTHORITY\LOCAL SERVICE"
Information,4/25/2026 5:31:48 PM,Microsoft-Windows-Sysmon,1,Process Create (rule: ProcessCreate),"Process Create:
RuleName: technique_id=T1083,technique_name=File and Directory Discovery
UtcTime: 2026-04-25 07:30:54.602
ProcessGuid: {9172be70-6dae-69ec-3700-000000001f00}
ProcessId: 2596
Image: C:\Windows\System32\svchost.exe
FileVersion: 10.0.19041.5794 (WinBuild.160101.0800)
Description: Host Process for Windows Services
Product: Microsoft® Windows® Operating System
Company: Microsoft Corporation
OriginalFileName: svchost.exe
CommandLine: C:\Windows\system32\svchost.exe -k LocalServiceNetworkRestricted -p -s WinHttpAutoProxySvc
CurrentDirectory: C:\Windows\system32\
User: NT AUTHORITY\LOCAL SERVICE
LogonGuid: {9172be70-6daa-69ec-e503-000000000000}
LogonId: 0x3E5
TerminalSessionId: 0
IntegrityLevel: System
Hashes: SHA1=BD4068A70BEEAE18195EDBDCD2837F2F43D254E6,MD5=3D1034D6ED3DAED60816A25C561E8C83,SHA256=B0B36BFF7AE4057F687D839CD4B3D81159AB646F1EE1B22106A927E93DECBB61,IMPHASH=F9BBD96FAE53B7A31264A703CAFA0666
ParentProcessGuid: {00000000-0000-0000-0000-000000000000}
ParentProcessId: 696
ParentImage: -
ParentCommandLine: -
ParentUser: -"
Information,4/25/2026 5:31:48 PM,Microsoft-Windows-Sysmon,1,Process Create (rule: ProcessCreate),"Process Create:
RuleName: technique_id=T1083,technique_name=File and Directory Discovery
UtcTime: 2026-04-25 07:30:54.405
ProcessGuid: {9172be70-6dae-69ec-3500-000000001f00}
ProcessId: 2436
Image: C:\Windows\System32\svchost.exe
FileVersion: 10.0.19041.5794 (WinBuild.160101.0800)
Description: Host Process for Windows Services
Product: Microsoft® Windows® Operating System
Company: Microsoft Corporation
OriginalFileName: svchost.exe
CommandLine: C:\Windows\system32\svchost.exe -k LocalServiceNetworkRestricted -p
CurrentDirectory: C:\Windows\system32\
User: NT AUTHORITY\LOCAL SERVICE
LogonGuid: {9172be70-6daa-69ec-e503-000000000000}
LogonId: 0x3E5
TerminalSessionId: 0
IntegrityLevel: System
Hashes: SHA1=BD4068A70BEEAE18195EDBDCD2837F2F43D254E6,MD5=3D1034D6ED3DAED60816A25C561E8C83,SHA256=B0B36BFF7AE4057F687D839CD4B3D81159AB646F1EE1B22106A927E93DECBB61,IMPHASH=F9BBD96FAE53B7A31264A703CAFA0666
ParentProcessGuid: {00000000-0000-0000-0000-000000000000}
ParentProcessId: 696
ParentImage: -
ParentCommandLine: -
ParentUser: -"
Information,4/25/2026 5:31:48 PM,Microsoft-Windows-Sysmon,1,Process Create (rule: ProcessCreate),"Process Create:
RuleName: technique_id=T1083,technique_name=File and Directory Discovery
UtcTime: 2026-04-25 07:30:54.334
ProcessGuid: {9172be70-6dae-69ec-3300-000000001f00}
ProcessId: 2420
Image: C:\Windows\System32\svchost.exe
FileVersion: 10.0.19041.5794 (WinBuild.160101.0800)
Description: Host Process for Windows Services
Product: Microsoft® Windows® Operating System
Company: Microsoft Corporation
OriginalFileName: svchost.exe
CommandLine: C:\Windows\System32\svchost.exe -k LocalServiceNetworkRestricted -p
CurrentDirectory: C:\Windows\system32\
User: NT AUTHORITY\LOCAL SERVICE
LogonGuid: {9172be70-6daa-69ec-e503-000000000000}
LogonId: 0x3E5
TerminalSessionId: 0
IntegrityLevel: System
Hashes: SHA1=BD4068A70BEEAE18195EDBDCD2837F2F43D254E6,MD5=3D1034D6ED3DAED60816A25C561E8C83,SHA256=B0B36BFF7AE4057F687D839CD4B3D81159AB646F1EE1B22106A927E93DECBB61,IMPHASH=F9BBD96FAE53B7A31264A703CAFA0666
ParentProcessGuid: {00000000-0000-0000-0000-000000000000}
ParentProcessId: 696
ParentImage: -
ParentCommandLine: -
ParentUser: -"
Information,4/25/2026 5:31:48 PM,Microsoft-Windows-Sysmon,11,File created (rule: FileCreate),"File created:
RuleName: technique_id=T1574.010,technique_name=Services File Permissions Weakness
UtcTime: 2026-04-25 07:30:54.073
ProcessGuid: {9172be70-6dad-69ec-2e00-000000001f00}
ProcessId: 1468
Image: C:\Windows\system32\svchost.exe
TargetFilename: C:\Windows\ServiceProfiles\LocalService\AppData\Local\FontCache\~FontCache-FontFace.dat
CreationUtcTime: 2026-03-16 17:39:40.660
User: NT AUTHORITY\LOCAL SERVICE"
Information,4/25/2026 5:31:48 PM,Microsoft-Windows-Sysmon,1,Process Create (rule: ProcessCreate),"Process Create:
RuleName: technique_id=T1083,technique_name=File and Directory Discovery
UtcTime: 2026-04-25 07:30:53.425
ProcessGuid: {9172be70-6dad-69ec-3000-000000001f00}
ProcessId: 2224
Image: C:\Windows\System32\svchost.exe
FileVersion: 10.0.19041.5794 (WinBuild.160101.0800)
Description: Host Process for Windows Services
Product: Microsoft® Windows® Operating System
Company: Microsoft Corporation
OriginalFileName: svchost.exe
CommandLine: C:\Windows\System32\svchost.exe -k LocalServiceNetworkRestricted -p
CurrentDirectory: C:\Windows\system32\
User: NT AUTHORITY\LOCAL SERVICE
LogonGuid: {9172be70-6daa-69ec-e503-000000000000}
LogonId: 0x3E5
TerminalSessionId: 0
IntegrityLevel: System
Hashes: SHA1=BD4068A70BEEAE18195EDBDCD2837F2F43D254E6,MD5=3D1034D6ED3DAED60816A25C561E8C83,SHA256=B0B36BFF7AE4057F687D839CD4B3D81159AB646F1EE1B22106A927E93DECBB61,IMPHASH=F9BBD96FAE53B7A31264A703CAFA0666
ParentProcessGuid: {00000000-0000-0000-0000-000000000000}
ParentProcessId: 696
ParentImage: -
ParentCommandLine: -
ParentUser: -"
Information,4/25/2026 5:31:48 PM,Microsoft-Windows-Sysmon,1,Process Create (rule: ProcessCreate),"Process Create:
RuleName: technique_id=T1083,technique_name=File and Directory Discovery
UtcTime: 2026-04-25 07:30:53.290
ProcessGuid: {9172be70-6dad-69ec-2f00-000000001f00}
ProcessId: 2140
Image: C:\Windows\System32\svchost.exe
FileVersion: 10.0.19041.5794 (WinBuild.160101.0800)
Description: Host Process for Windows Services
Product: Microsoft® Windows® Operating System
Company: Microsoft Corporation
OriginalFileName: svchost.exe
CommandLine: C:\Windows\System32\svchost.exe -k LocalService -p -s netprofm
CurrentDirectory: C:\Windows\system32\
User: NT AUTHORITY\LOCAL SERVICE
LogonGuid: {9172be70-6daa-69ec-e503-000000000000}
LogonId: 0x3E5
TerminalSessionId: 0
IntegrityLevel: System
Hashes: SHA1=BD4068A70BEEAE18195EDBDCD2837F2F43D254E6,MD5=3D1034D6ED3DAED60816A25C561E8C83,SHA256=B0B36BFF7AE4057F687D839CD4B3D81159AB646F1EE1B22106A927E93DECBB61,IMPHASH=F9BBD96FAE53B7A31264A703CAFA0666
ParentProcessGuid: {00000000-0000-0000-0000-000000000000}
ParentProcessId: 696
ParentImage: -
ParentCommandLine: -
ParentUser: -"
Information,4/25/2026 5:31:48 PM,Microsoft-Windows-Sysmon,1,Process Create (rule: ProcessCreate),"Process Create:
RuleName: technique_id=T1083,technique_name=File and Directory Discovery
UtcTime: 2026-04-25 07:30:53.217
ProcessGuid: {9172be70-6dad-69ec-2e00-000000001f00}
ProcessId: 1468
Image: C:\Windows\System32\svchost.exe
FileVersion: 10.0.19041.5794 (WinBuild.160101.0800)
Description: Host Process for Windows Services
Product: Microsoft® Windows® Operating System
Company: Microsoft Corporation
OriginalFileName: svchost.exe
CommandLine: C:\Windows\system32\svchost.exe -k LocalService -p -s FontCache
CurrentDirectory: C:\Windows\system32\
User: NT AUTHORITY\LOCAL SERVICE
LogonGuid: {9172be70-6daa-69ec-e503-000000000000}
LogonId: 0x3E5
TerminalSessionId: 0
IntegrityLevel: System
Hashes: SHA1=BD4068A70BEEAE18195EDBDCD2837F2F43D254E6,MD5=3D1034D6ED3DAED60816A25C561E8C83,SHA256=B0B36BFF7AE4057F687D839CD4B3D81159AB646F1EE1B22106A927E93DECBB61,IMPHASH=F9BBD96FAE53B7A31264A703CAFA0666
ParentProcessGuid: {00000000-0000-0000-0000-000000000000}
ParentProcessId: 696
ParentImage: -
ParentCommandLine: -
ParentUser: -"
Information,4/25/2026 5:31:48 PM,Microsoft-Windows-Sysmon,1,Process Create (rule: ProcessCreate),"Process Create:
RuleName: technique_id=T1083,technique_name=File and Directory Discovery
UtcTime: 2026-04-25 07:30:53.216
ProcessGuid: {9172be70-6dad-69ec-2d00-000000001f00}
ProcessId: 1128
Image: C:\Windows\System32\svchost.exe
FileVersion: 10.0.19041.5794 (WinBuild.160101.0800)
Description: Host Process for Windows Services
Product: Microsoft® Windows® Operating System
Company: Microsoft Corporation
OriginalFileName: svchost.exe
CommandLine: C:\Windows\System32\svchost.exe -k LocalSystemNetworkRestricted -p -s AudioEndpointBuilder
CurrentDirectory: C:\Windows\system32\
User: NT AUTHORITY\SYSTEM
LogonGuid: {9172be70-6da8-69ec-e703-000000000000}
LogonId: 0x3E7
TerminalSessionId: 0
IntegrityLevel: System
Hashes: SHA1=BD4068A70BEEAE18195EDBDCD2837F2F43D254E6,MD5=3D1034D6ED3DAED60816A25C561E8C83,SHA256=B0B36BFF7AE4057F687D839CD4B3D81159AB646F1EE1B22106A927E93DECBB61,IMPHASH=F9BBD96FAE53B7A31264A703CAFA0666
ParentProcessGuid: {00000000-0000-0000-0000-000000000000}
ParentProcessId: 696
ParentImage: -
ParentCommandLine: -
ParentUser: -"
Information,4/25/2026 5:31:48 PM,Microsoft-Windows-Sysmon,13,Registry value set (rule: RegistryEvent),"Registry value set:
RuleName: -
EventType: SetValue
UtcTime: 2026-04-25 07:30:52.630
ProcessGuid: {9172be70-6dac-69ec-2400-000000001f00}
ProcessId: 1712
Image: C:\Windows\system32\svchost.exe
TargetObject: HKLM\System\CurrentControlSet\Services\mpssvc\Parameters\PortKeywords\DHCP\Collection
Details: Binary Data
User: NT AUTHORITY\LOCAL SERVICE"
Information,4/25/2026 5:31:48 PM,Microsoft-Windows-Sysmon,1,Process Create (rule: ProcessCreate),"Process Create:
RuleName: technique_id=T1083,technique_name=File and Directory Discovery
UtcTime: 2026-04-25 07:30:52.632
ProcessGuid: {9172be70-6dac-69ec-2b00-000000001f00}
ProcessId: 1996
Image: C:\Windows\System32\svchost.exe
FileVersion: 10.0.19041.5794 (WinBuild.160101.0800)
Description: Host Process for Windows Services
Product: Microsoft® Windows® Operating System
Company: Microsoft Corporation
OriginalFileName: svchost.exe
CommandLine: C:\Windows\system32\svchost.exe -k LocalService -p -s DispBrokerDesktopSvc
CurrentDirectory: C:\Windows\system32\
User: NT AUTHORITY\LOCAL SERVICE
LogonGuid: {9172be70-6daa-69ec-e503-000000000000}
LogonId: 0x3E5
TerminalSessionId: 0
IntegrityLevel: System
Hashes: SHA1=BD4068A70BEEAE18195EDBDCD2837F2F43D254E6,MD5=3D1034D6ED3DAED60816A25C561E8C83,SHA256=B0B36BFF7AE4057F687D839CD4B3D81159AB646F1EE1B22106A927E93DECBB61,IMPHASH=F9BBD96FAE53B7A31264A703CAFA0666
ParentProcessGuid: {00000000-0000-0000-0000-000000000000}
ParentProcessId: 696
ParentImage: -
ParentCommandLine: -
ParentUser: -"
Information,4/25/2026 5:31:48 PM,Microsoft-Windows-Sysmon,13,Registry value set (rule: RegistryEvent),"Registry value set:
RuleName: -
EventType: SetValue
UtcTime: 2026-04-25 07:30:52.587
ProcessGuid: {9172be70-6dac-69ec-2400-000000001f00}
ProcessId: 1712
Image: C:\Windows\system32\svchost.exe
TargetObject: HKLM\System\CurrentControlSet\Services\Tcpip6\Parameters\Interfaces\{b2f7e34e-5265-44c7-acda-a50ad8f2ebd8}\Dhcpv6State
Details: DWORD (0x00000001)
User: NT AUTHORITY\LOCAL SERVICE"
Information,4/25/2026 5:31:48 PM,Microsoft-Windows-Sysmon,13,Registry value set (rule: RegistryEvent),"Registry value set:
RuleName: -
EventType: SetValue
UtcTime: 2026-04-25 07:30:52.587
ProcessGuid: {9172be70-6dac-69ec-2400-000000001f00}
ProcessId: 1712
Image: C:\Windows\system32\svchost.exe
TargetObject: HKLM\System\CurrentControlSet\Services\Tcpip6\Parameters\Interfaces\{b2f7e34e-5265-44c7-acda-a50ad8f2ebd8}\Dhcpv6State
Details: DWORD (0x00000000)
User: NT AUTHORITY\LOCAL SERVICE"
Information,4/25/2026 5:31:48 PM,Microsoft-Windows-Sysmon,13,Registry value set (rule: RegistryEvent),"Registry value set:
RuleName: -
EventType: SetValue
UtcTime: 2026-04-25 07:30:52.567
ProcessGuid: {9172be70-6dac-69ec-2400-000000001f00}
ProcessId: 1712
Image: C:\Windows\system32\svchost.exe
TargetObject: HKLM\System\CurrentControlSet\Services\mpssvc\Parameters\PortKeywords\DHCP\Collection
Details: Binary Data
User: NT AUTHORITY\LOCAL SERVICE"
Information,4/25/2026 5:31:48 PM,Microsoft-Windows-Sysmon,17,Pipe Created (rule: PipeEvent),"Pipe Created:
RuleName: -
EventType: CreatePipe
UtcTime: 2026-04-25 07:30:52.412
ProcessGuid: {9172be70-6dab-69ec-1d00-000000001f00}
ProcessId: 1300
PipeName: \Winsock2\CatalogChangeListener-514-0
Image: C:\Windows\system32\svchost.exe
User: NT AUTHORITY\SYSTEM"
Information,4/25/2026 5:31:48 PM,Microsoft-Windows-Sysmon,1,Process Create (rule: ProcessCreate),"Process Create:
RuleName: technique_id=T1083,technique_name=File and Directory Discovery
UtcTime: 2026-04-25 07:30:52.422
ProcessGuid: {9172be70-6dac-69ec-2600-000000001f00}
ProcessId: 1728
Image: C:\Windows\System32\svchost.exe
FileVersion: 10.0.19041.5794 (WinBuild.160101.0800)
Description: Host Process for Windows Services
Product: Microsoft® Windows® Operating System
Company: Microsoft Corporation
OriginalFileName: svchost.exe
CommandLine: C:\Windows\system32\svchost.exe -k LocalSystemNetworkRestricted -p -s SysMain
CurrentDirectory: C:\Windows\system32\
User: NT AUTHORITY\SYSTEM
LogonGuid: {9172be70-6da8-69ec-e703-000000000000}
LogonId: 0x3E7
TerminalSessionId: 0
IntegrityLevel: System
Hashes: SHA1=BD4068A70BEEAE18195EDBDCD2837F2F43D254E6,MD5=3D1034D6ED3DAED60816A25C561E8C83,SHA256=B0B36BFF7AE4057F687D839CD4B3D81159AB646F1EE1B22106A927E93DECBB61,IMPHASH=F9BBD96FAE53B7A31264A703CAFA0666
ParentProcessGuid: {00000000-0000-0000-0000-000000000000}
ParentProcessId: 696
ParentImage: -
ParentCommandLine: -
ParentUser: -"
Information,4/25/2026 5:31:48 PM,Microsoft-Windows-Sysmon,1,Process Create (rule: ProcessCreate),"Process Create:
RuleName: technique_id=T1083,technique_name=File and Directory Discovery
UtcTime: 2026-04-25 07:30:52.421
ProcessGuid: {9172be70-6dac-69ec-2500-000000001f00}
ProcessId: 1720
Image: C:\Windows\System32\svchost.exe
FileVersion: 10.0.19041.5794 (WinBuild.160101.0800)
Description: Host Process for Windows Services
Product: Microsoft® Windows® Operating System
Company: Microsoft Corporation
OriginalFileName: svchost.exe
CommandLine: C:\Windows\system32\svchost.exe -k LocalService -p -s EventSystem
CurrentDirectory: C:\Windows\system32\
User: NT AUTHORITY\LOCAL SERVICE
LogonGuid: {9172be70-6daa-69ec-e503-000000000000}
LogonId: 0x3E5
TerminalSessionId: 0
IntegrityLevel: System
Hashes: SHA1=BD4068A70BEEAE18195EDBDCD2837F2F43D254E6,MD5=3D1034D6ED3DAED60816A25C561E8C83,SHA256=B0B36BFF7AE4057F687D839CD4B3D81159AB646F1EE1B22106A927E93DECBB61,IMPHASH=F9BBD96FAE53B7A31264A703CAFA0666
ParentProcessGuid: {00000000-0000-0000-0000-000000000000}
ParentProcessId: 696
ParentImage: -
ParentCommandLine: -
ParentUser: -"
Information,4/25/2026 5:31:48 PM,Microsoft-Windows-Sysmon,1,Process Create (rule: ProcessCreate),"Process Create:
RuleName: technique_id=T1083,technique_name=File and Directory Discovery
UtcTime: 2026-04-25 07:30:52.419
ProcessGuid: {9172be70-6dac-69ec-2400-000000001f00}
ProcessId: 1712
Image: C:\Windows\System32\svchost.exe
FileVersion: 10.0.19041.5794 (WinBuild.160101.0800)
Description: Host Process for Windows Services
Product: Microsoft® Windows® Operating System
Company: Microsoft Corporation
OriginalFileName: svchost.exe
CommandLine: C:\Windows\system32\svchost.exe -k LocalServiceNetworkRestricted -p -s Dhcp
CurrentDirectory: C:\Windows\system32\
User: NT AUTHORITY\LOCAL SERVICE
LogonGuid: {9172be70-6daa-69ec-e503-000000000000}
LogonId: 0x3E5
TerminalSessionId: 0
IntegrityLevel: System
Hashes: SHA1=BD4068A70BEEAE18195EDBDCD2837F2F43D254E6,MD5=3D1034D6ED3DAED60816A25C561E8C83,SHA256=B0B36BFF7AE4057F687D839CD4B3D81159AB646F1EE1B22106A927E93DECBB61,IMPHASH=F9BBD96FAE53B7A31264A703CAFA0666
ParentProcessGuid: {00000000-0000-0000-0000-000000000000}
ParentProcessId: 696
ParentImage: -
ParentCommandLine: -
ParentUser: -"
Information,4/25/2026 5:31:48 PM,Microsoft-Windows-Sysmon,11,File created (rule: FileCreate),"File created:
RuleName: technique_id=T1574.010,technique_name=Services File Permissions Weakness
UtcTime: 2026-04-25 07:30:52.365
ProcessGuid: {9172be70-6dab-69ec-1f00-000000001f00}
ProcessId: 1412
Image: C:\Windows\system32\svchost.exe
TargetFilename: C:\Windows\Logs\waasmedic\waasmedic.20260425_073052_343.etl
CreationUtcTime: 2026-04-25 07:30:52.359
User: NT AUTHORITY\SYSTEM"
Error,4/25/2026 5:31:48 PM,Microsoft-Windows-Sysmon,255,Error report,"Error report:
UtcTime: 2026-04-25 07:31:48.589
ID: QUEUE
Description: Events dropped from driver queue:  ProcessCreate:16 ImageLoad:501 ProcessAccess:217 FileCreate:5 RegistryEvent:279 PipeEvent:6. DriverQueueSize: 50001, 121025912 bytes."
Information,4/25/2026 5:31:48 PM,Microsoft-Windows-Sysmon,1,Process Create (rule: ProcessCreate),"Process Create:
RuleName: technique_id=T1083,technique_name=File and Directory Discovery
UtcTime: 2026-04-25 07:30:50.188
ProcessGuid: {9172be70-6daa-69ec-1100-000000001f00}
ProcessId: 68
Image: C:\Windows\System32\svchost.exe
FileVersion: 10.0.19041.5794 (WinBuild.160101.0800)
Description: Host Process for Windows Services
Product: Microsoft® Windows® Operating System
Company: Microsoft Corporation
OriginalFileName: svchost.exe
CommandLine: C:\Windows\system32\svchost.exe -k DcomLaunch -p -s LSM
CurrentDirectory: C:\Windows\system32\
User: NT AUTHORITY\SYSTEM
LogonGuid: {9172be70-6da8-69ec-e703-000000000000}
LogonId: 0x3E7
TerminalSessionId: 0
IntegrityLevel: System
Hashes: SHA1=BD4068A70BEEAE18195EDBDCD2837F2F43D254E6,MD5=3D1034D6ED3DAED60816A25C561E8C83,SHA256=B0B36BFF7AE4057F687D839CD4B3D81159AB646F1EE1B22106A927E93DECBB61,IMPHASH=F9BBD96FAE53B7A31264A703CAFA0666
ParentProcessGuid: {00000000-0000-0000-0000-000000000000}
ParentProcessId: 696
ParentImage: -
ParentCommandLine: -
ParentUser: -"
Information,4/25/2026 5:31:48 PM,Microsoft-Windows-Sysmon,17,Pipe Created (rule: PipeEvent),"Pipe Created:
RuleName: -
EventType: CreatePipe
UtcTime: 2026-04-25 07:30:50.172
ProcessGuid: {9172be70-6da8-69ec-0900-000000001f00}
ProcessId: 580
PipeName: \Winsock2\CatalogChangeListener-244-0
Image: C:\Windows\system32\wininit.exe
User: NT AUTHORITY\SYSTEM"
Information,4/25/2026 5:31:48 PM,Microsoft-Windows-Sysmon,17,Pipe Created (rule: PipeEvent),"Pipe Created:
RuleName: -
EventType: CreatePipe
UtcTime: 2026-04-25 07:30:50.159
ProcessGuid: {9172be70-6daa-69ec-1000-000000001f00}
ProcessId: 960
PipeName: \epmapper
Image: C:\Windows\system32\svchost.exe
User: NT AUTHORITY\NETWORK SERVICE"
Information,4/25/2026 5:31:48 PM,Microsoft-Windows-Sysmon,17,Pipe Created (rule: PipeEvent),"Pipe Created:
RuleName: -
EventType: CreatePipe
UtcTime: 2026-04-25 07:30:50.159
ProcessGuid: {9172be70-6daa-69ec-1000-000000001f00}
ProcessId: 960
PipeName: \Winsock2\CatalogChangeListener-3c0-0
Image: C:\Windows\system32\svchost.exe
User: NT AUTHORITY\NETWORK SERVICE"
Information,4/25/2026 5:31:48 PM,Microsoft-Windows-Sysmon,13,Registry value set (rule: RegistryEvent),"Registry value set:
RuleName: -
EventType: SetValue
UtcTime: 2026-04-25 07:30:50.156
ProcessGuid: {9172be70-6daa-69ec-1000-000000001f00}
ProcessId: 960
Image: C:\Windows\system32\svchost.exe
TargetObject: HKLM\System\CurrentControlSet\Services\mpssvc\Parameters\PortKeywords\RPC-EPMap\Collection
Details: Binary Data
User: NT AUTHORITY\NETWORK SERVICE"
Information,4/25/2026 5:31:48 PM,Microsoft-Windows-Sysmon,13,Registry value set (rule: RegistryEvent),"Registry value set:
RuleName: -
EventType: SetValue
UtcTime: 2026-04-25 07:30:50.156
ProcessGuid: {9172be70-6daa-69ec-1000-000000001f00}
ProcessId: 960
Image: C:\Windows\system32\svchost.exe
TargetObject: HKLM\System\CurrentControlSet\Services\mpssvc\Parameters\PortKeywords\RPC-EPMap\Collection
Details: Binary Data
User: NT AUTHORITY\NETWORK SERVICE"
Information,4/25/2026 5:31:48 PM,Microsoft-Windows-Sysmon,17,Pipe Created (rule: PipeEvent),"Pipe Created:
RuleName: -
EventType: CreatePipe
UtcTime: 2026-04-25 07:30:50.142
ProcessGuid: {9172be70-6da8-69ec-0c00-000000001f00}
ProcessId: 724
PipeName: \Winsock2\CatalogChangeListener-2d4-0
Image: C:\Windows\system32\lsass.exe
User: NT AUTHORITY\SYSTEM"
Information,4/25/2026 5:31:47 PM,Microsoft-Windows-Sysmon,11,File created (rule: FileCreate),"File created:
RuleName: technique_id=T1574.010,technique_name=Services File Permissions Weakness
UtcTime: 2026-04-25 07:30:49.818
ProcessGuid: {9172be70-6da9-69ec-0d00-000000001f00}
ProcessId: 844
Image: C:\Windows\system32\svchost.exe
TargetFilename: C:\Windows\System32\SleepStudy\UserNotPresentSession.etl
CreationUtcTime: 2026-03-16 17:38:50.426
User: NT AUTHORITY\SYSTEM"
Error,4/25/2026 5:31:47 PM,Microsoft-Windows-Sysmon,255,Error report,"Error report:
UtcTime: 2026-04-25 07:31:47.633
ID: QUEUE
Description: Events dropped from driver queue:  ProcessTerminate:2 ProcessCreate:10 ImageLoad:217 ProcessAccess:41 FileCreate:1 RegistryEvent:236 PipeEvent:4 ProcessTampering:1. DriverQueueSize: 50001, 123539882 bytes."
Information,4/25/2026 5:31:47 PM,Microsoft-Windows-Sysmon,22,Dns query (rule: DnsQuery),"Dns query:
RuleName: -
UtcTime: 2026-04-25 07:31:48.591
ProcessGuid: {9172be70-6dae-69ec-3700-000000001f00}
ProcessId: 2596
QueryName: wpad
QueryStatus: 123
QueryResults: -
Image: C:\Windows\system32\svchost.exe
User: NT AUTHORITY\LOCAL SERVICE"
Information,4/25/2026 5:31:45 PM,Microsoft-Windows-Sysmon,25,Process Tampering (rule: ProcessTampering),"Process Tampering:
RuleName: -
UtcTime: 2026-04-25 07:30:47.764
ProcessGuid: {9172be70-6daa-69ec-1200-000000001f00}
ProcessId: 476
Image: C:\Windows\system32\dwm.exe
Type: Image is replaced
User: NT AUTHORITY\SYSTEM"
Information,4/25/2026 5:31:45 PM,Microsoft-Windows-Sysmon,13,Registry value set (rule: RegistryEvent),"Registry value set:
RuleName: technique_id=T1546.012,technique_name=Image File Execution Options Injection
EventType: SetValue
UtcTime: 2026-04-25 07:30:47.764
ProcessGuid: {9172be70-6d8e-69ec-0300-000000001f00}
ProcessId: 396
Image: C:\Windows\System32\smss.exe
TargetObject: HKLM\SOFTWARE\WOW6432Node\Microsoft\Windows NT\CurrentVersion\Image File Execution Options\SymbolicLinkValue
Details: \REGISTRY\MACHINE\SOFTWARE\Microsoft\Windows NT\CurrentVersion\Image File Execution Options
User: NT AUTHORITY\SYSTEM"
Information,4/25/2026 5:31:45 PM,Microsoft-Windows-Sysmon,13,Registry value set (rule: RegistryEvent),"Registry value set:
RuleName: technique_id=T1546.008,technique_name=Accessibility Features
EventType: SetValue
UtcTime: 2026-04-25 07:30:47.755
ProcessGuid: {9172be70-6d8e-69ec-0300-000000001f00}
ProcessId: 396
Image: C:\Windows\System32\smss.exe
TargetObject: HKLM\System\CurrentControlSet\Control\Session Manager\Environment\PROCESSOR_REVISION
Details: 9e0a
User: NT AUTHORITY\SYSTEM"
Information,4/25/2026 5:31:45 PM,Microsoft-Windows-Sysmon,13,Registry value set (rule: RegistryEvent),"Registry value set:
RuleName: technique_id=T1546.008,technique_name=Accessibility Features
EventType: SetValue
UtcTime: 2026-04-25 07:30:47.755
ProcessGuid: {9172be70-6d8e-69ec-0300-000000001f00}
ProcessId: 396
Image: C:\Windows\System32\smss.exe
TargetObject: HKLM\System\CurrentControlSet\Control\Session Manager\Environment\PROCESSOR_IDENTIFIER
Details: Intel64 Family 6 Model 158 Stepping 10, GenuineIntel
User: NT AUTHORITY\SYSTEM"
Information,4/25/2026 5:31:45 PM,Microsoft-Windows-Sysmon,13,Registry value set (rule: RegistryEvent),"Registry value set:
RuleName: technique_id=T1546.008,technique_name=Accessibility Features
EventType: SetValue
UtcTime: 2026-04-25 07:30:47.755
ProcessGuid: {9172be70-6d8e-69ec-0300-000000001f00}
ProcessId: 396
Image: C:\Windows\System32\smss.exe
TargetObject: HKLM\System\CurrentControlSet\Control\Session Manager\Environment\PROCESSOR_LEVEL
Details: 6
User: NT AUTHORITY\SYSTEM"
Information,4/25/2026 5:31:45 PM,Microsoft-Windows-Sysmon,13,Registry value set (rule: RegistryEvent),"Registry value set:
RuleName: technique_id=T1546.008,technique_name=Accessibility Features
EventType: SetValue
UtcTime: 2026-04-25 07:30:47.755
ProcessGuid: {9172be70-6d8e-69ec-0300-000000001f00}
ProcessId: 396
Image: C:\Windows\System32\smss.exe
TargetObject: HKLM\System\CurrentControlSet\Control\Session Manager\Environment\PROCESSOR_ARCHITECTURE
Details: AMD64
User: NT AUTHORITY\SYSTEM"
Information,4/25/2026 5:31:45 PM,Microsoft-Windows-Sysmon,13,Registry value set (rule: RegistryEvent),"Registry value set:
RuleName: technique_id=T1546.008,technique_name=Accessibility Features
EventType: SetValue
UtcTime: 2026-04-25 07:30:47.755
ProcessGuid: {9172be70-6d8e-69ec-0300-000000001f00}
ProcessId: 396
Image: C:\Windows\System32\smss.exe
TargetObject: HKLM\System\CurrentControlSet\Control\Session Manager\Environment\OS
Details: Windows_NT
User: NT AUTHORITY\SYSTEM"
Information,4/25/2026 5:31:45 PM,Microsoft-Windows-Sysmon,11,File created (rule: FileCreate),"File created:
RuleName: technique_id=T1574.010,technique_name=Services File Permissions Weakness
UtcTime: 2026-04-25 07:30:42.695
ProcessGuid: {9172be70-6d8d-69ec-eb03-000000000000}
ProcessId: 4
Image: System
TargetFilename: C:\Windows\System32\WDI\LogFiles\BootPerfDiagLogger.etl
CreationUtcTime: 2026-03-16 17:38:26.535
User: NT AUTHORITY\SYSTEM"
Information,4/25/2026 5:31:45 PM,Microsoft-Windows-Sysmon,11,File created (rule: FileCreate),"File created:
RuleName: technique_id=T1574.010,technique_name=Services File Permissions Weakness
UtcTime: 2026-04-25 07:30:42.695
ProcessGuid: {9172be70-6d8d-69ec-eb03-000000000000}
ProcessId: 4
Image: System
TargetFilename: C:\Windows\System32\WDI\LogFiles\WdiContextLog.etl.003
CreationUtcTime: 2026-03-20 04:10:44.918
User: NT AUTHORITY\SYSTEM"
Information,4/25/2026 5:31:45 PM,Microsoft-Windows-Sysmon,11,File created (rule: FileCreate),"File created:
RuleName: technique_id=T1574.010,technique_name=Services File Permissions Weakness
UtcTime: 2026-04-25 07:30:42.685
ProcessGuid: {9172be70-6d8d-69ec-eb03-000000000000}
ProcessId: 4
Image: System
TargetFilename: C:\Windows\System32\LogFiles\WMI\LwtNetLog.etl
CreationUtcTime: 2026-03-16 17:38:26.535
User: NT AUTHORITY\SYSTEM"
Information,4/25/2026 5:31:45 PM,Microsoft-Windows-Sysmon,11,File created (rule: FileCreate),"File created:
RuleName: technique_id=T1574.010,technique_name=Services File Permissions Weakness
UtcTime: 2026-04-25 07:30:42.685
ProcessGuid: {9172be70-6d8d-69ec-eb03-000000000000}
ProcessId: 4
Image: System
TargetFilename: C:\Windows\System32\LogFiles\WMI\Wifi.etl
CreationUtcTime: 2026-03-16 17:38:26.582
User: NT AUTHORITY\SYSTEM"
Information,4/25/2026 5:31:45 PM,Microsoft-Windows-Sysmon,11,File created (rule: FileCreate),"File created:
RuleName: technique_id=T1574.010,technique_name=Services File Permissions Weakness
UtcTime: 2026-04-25 07:30:42.685
ProcessGuid: {9172be70-6d8d-69ec-eb03-000000000000}
ProcessId: 4
Image: System
TargetFilename: C:\Windows\System32\LogFiles\WMI\NtfsLog.etl
CreationUtcTime: 2026-03-16 17:38:26.568
User: NT AUTHORITY\SYSTEM"
Information,4/25/2026 5:31:45 PM,Microsoft-Windows-Sysmon,11,File created (rule: FileCreate),"File created:
RuleName: technique_id=T1574.010,technique_name=Services File Permissions Weakness
UtcTime: 2026-04-25 07:30:42.685
ProcessGuid: {9172be70-6d8d-69ec-eb03-000000000000}
ProcessId: 4
Image: System
TargetFilename: C:\Windows\System32\LogFiles\WMI\RadioMgr.etl
CreationUtcTime: 2026-03-16 17:38:26.568
User: NT AUTHORITY\SYSTEM"
Information,4/25/2026 5:31:45 PM,Microsoft-Windows-Sysmon,11,File created (rule: FileCreate),"File created:
RuleName: technique_id=T1574.010,technique_name=Services File Permissions Weakness
UtcTime: 2026-04-25 07:30:42.685
ProcessGuid: {9172be70-6d8d-69ec-eb03-000000000000}
ProcessId: 4
Image: System
TargetFilename: C:\Windows\System32\LogFiles\WMI\Microsoft-Windows-Rdp-Graphics-RdpIdd-Trace.etl
CreationUtcTime: 2026-03-16 17:38:26.554
User: NT AUTHORITY\SYSTEM"
Information,4/25/2026 5:31:45 PM,Microsoft-Windows-Sysmon,11,File created (rule: FileCreate),"File created:
RuleName: technique_id=T1574.010,technique_name=Services File Permissions Weakness
UtcTime: 2026-04-25 07:30:42.685
ProcessGuid: {9172be70-6d8d-69ec-eb03-000000000000}
ProcessId: 4
Image: System
TargetFilename: C:\Windows\Prefetch\ReadyBoot\ReadyBoot.etl
CreationUtcTime: 2026-04-25 07:30:42.685
User: NT AUTHORITY\SYSTEM"
Information,4/25/2026 5:31:45 PM,Microsoft-Windows-Sysmon,11,File created (rule: FileCreate),"File created:
RuleName: technique_id=T1574.010,technique_name=Services File Permissions Weakness
UtcTime: 2026-04-25 07:30:42.685
ProcessGuid: {9172be70-6d8d-69ec-eb03-000000000000}
ProcessId: 4
Image: System
TargetFilename: C:\Windows\System32\LogFiles\WMI\NetCore.etl
CreationUtcTime: 2026-03-16 17:38:26.554
User: NT AUTHORITY\SYSTEM"
Information,4/25/2026 5:31:45 PM,Microsoft-Windows-Sysmon,11,File created (rule: FileCreate),"File created:
RuleName: technique_id=T1574.010,technique_name=Services File Permissions Weakness
UtcTime: 2026-04-25 07:30:42.683
ProcessGuid: {9172be70-6d8d-69ec-eb03-000000000000}
ProcessId: 4
Image: System
TargetFilename: C:\Windows\System32\LogFiles\WMI\Diagtrack-Listener.etl.002
CreationUtcTime: 2026-04-25 07:30:42.683
User: NT AUTHORITY\SYSTEM"
Error,4/25/2026 5:31:45 PM,Microsoft-Windows-Sysmon,255,Error report,"Error report:
UtcTime: 2026-04-25 07:31:45.073
ID: QUEUE
Description: Events dropped from driver queue: ImageLoad:22 RegistryEvent:362. DriverQueueSize: 50000, 122900702 bytes."
Error,4/25/2026 5:31:44 PM,Microsoft-Windows-Sysmon,255,Error report,"Error report:
UtcTime: 2026-04-25 07:31:44.904
ID: QUEUE
Description: Events dropped from driver queue:  ProcessCreate:2 ImageLoad:46 RegistryEvent:78 ProcessTampering:1. DriverQueueSize: 50000, 122834972 bytes."
Information,4/25/2026 5:31:42 PM,Microsoft-Windows-Sysmon,4,Sysmon service state changed,"Sysmon service state changed:
UtcTime: 2026-04-25 07:31:42.932
State: Started
Version: 15.20
SchemaVersion: 4.91"
