Information,4/25/2026 5:45:52 PM,Microsoft-Windows-Sysmon,7,Image loaded (rule: ImageLoad),"Image loaded:
RuleName: technique_id=T1197,technique_name=BITS
UtcTime: 2026-04-25 07:45:52.921
ProcessGuid: {9172be70-7130-69ec-2e04-000000001f00}
ProcessId: 6112
Image: C:\Users\jolly\AppData\Local\Microsoft\OneDrive\26.051.0316.0004\OneDriveLauncher.exe
ImageLoaded: C:\Windows\System32\BitsProxy.dll
FileVersion: 7.8.19041.1 (WinBuild.160101.0800)
Description: Background Intelligent Transfer Service Proxy
Product: Microsoft® Windows® Operating System
Company: Microsoft Corporation
OriginalFileName: qmgrprxy.dll
Hashes: SHA1=F76CEB9DA1BD2F4E9C02E49758C654630518A066,MD5=B3E2BAEAD079C29BC16CAA7830A17FA6,SHA256=E72BF2ADCE95F764BD880A458B04BA0BEBB0EBA7EB3473A29FDBE3A98F1A86D5,IMPHASH=44BEE37A834D6E66277D9ADD2D131FC2
Signed: true
Signature: Microsoft Windows
SignatureStatus: Valid
User: WIN10DEMO\jolly"
Information,4/25/2026 5:45:52 PM,Microsoft-Windows-Sysmon,7,Image loaded (rule: ImageLoad),"Image loaded:
RuleName: technique_id=T1574.002,technique_name=DLL Side-Loading
UtcTime: 2026-04-25 07:45:52.898
ProcessGuid: {9172be70-712f-69ec-2904-000000001f00}
ProcessId: 9596
Image: C:\Windows\System32\clipesu.exe
ImageLoaded: C:\ProgramData\Microsoft\Windows Defender\Platform\4.18.26020.6-0\MpOAV.dll
FileVersion: 4.18.26020.6 (cd0aebd7c18a68cd2e3af14a117b45b178d088f4)
Description: IOfficeAntiVirus Module
Product: Microsoft® Windows® Operating System
Company: Microsoft Corporation
OriginalFileName: MpOAV.dll
Hashes: SHA1=8350F492FC8773C7AD990D4218D9AD1E0C7A3130,MD5=55DCD381DFBB9B84092E09B8D3A7A4CD,SHA256=4FE2F89B85BEE4455BECEF8450A6459B2F9AF50E991A86A8A863FA86AAC3F69E,IMPHASH=876F81A277BF4C5C958E4D3BDB07CFEB
Signed: true
Signature: Microsoft Windows
SignatureStatus: Valid
User: NT AUTHORITY\SYSTEM"
Information,4/25/2026 5:45:52 PM,Microsoft-Windows-Sysmon,7,Image loaded (rule: ImageLoad),"Image loaded:
RuleName: technique_id=T1059.001,technique_name=PowerShell
UtcTime: 2026-04-25 07:45:52.883
ProcessGuid: {9172be70-712f-69ec-2904-000000001f00}
ProcessId: 9596
Image: C:\Windows\System32\clipesu.exe
ImageLoaded: C:\Windows\System32\amsi.dll
FileVersion: 10.0.19041.4355 (WinBuild.160101.0800)
Description: Anti-Malware Scan Interface
Product: Microsoft® Windows® Operating System
Company: Microsoft Corporation
OriginalFileName: amsi.dll
Hashes: SHA1=347368018E1DAAF4F52C9A4119526313A82ECEEC,MD5=4933108BD5B3219F74AD807DFE8835AD,SHA256=66F7A134F6A4D9FE63DD7D6FF88DDED5796E4D5C7E33BA606DFF4D87D9258C0D,IMPHASH=C414C6B76EBCEEF67B5B752A7E51D4D2
Signed: true
Signature: Microsoft Windows
SignatureStatus: Valid
User: NT AUTHORITY\SYSTEM"
Information,4/25/2026 5:45:52 PM,Microsoft-Windows-Sysmon,7,Image loaded (rule: ImageLoad),"Image loaded:
RuleName: technique_id=T1574.002,technique_name=DLL Side-Loading
UtcTime: 2026-04-25 07:45:52.697
ProcessGuid: {9172be70-7130-69ec-2e04-000000001f00}
ProcessId: 6112
Image: C:\Users\jolly\AppData\Local\Microsoft\OneDrive\26.051.0316.0004\OneDriveLauncher.exe
ImageLoaded: C:\Users\jolly\AppData\Local\Microsoft\OneDrive\26.051.0316.0004\FileSyncTelemetryExtensions.dll
FileVersion: 26.051.0316.0004
Description: TelemetryExtensions Library
Product: Microsoft OneDrive
Company: Microsoft Corporation
OriginalFileName: FileSyncTelemetryExtensions.dll
Hashes: SHA1=44D1D0A10A7BC51693A9BF5C911C3B3F1681A46B,MD5=FAC85E21D8F15071AE4B41199DDD9FF5,SHA256=63CDD43C02898D4ADCC948552593A5BC54FF927CD1F221F1BA3FD876307026A5,IMPHASH=0E57CE21412F6C9093DE90251D95F1A0
Signed: true
Signature: Microsoft Corporation
SignatureStatus: Valid
User: WIN10DEMO\jolly"
Information,4/25/2026 5:45:52 PM,Microsoft-Windows-Sysmon,7,Image loaded (rule: ImageLoad),"Image loaded:
RuleName: technique_id=T1574.002,technique_name=DLL Side-Loading
UtcTime: 2026-04-25 07:45:52.690
ProcessGuid: {9172be70-7130-69ec-2e04-000000001f00}
ProcessId: 6112
Image: C:\Users\jolly\AppData\Local\Microsoft\OneDrive\26.051.0316.0004\OneDriveLauncher.exe
ImageLoaded: C:\Users\jolly\AppData\Local\Microsoft\OneDrive\26.051.0316.0004\OneDriveTelemetryStable.dll
FileVersion: 26.051.0316.0004
Description: OneDriveTelemetry Stable DLL
Product: Microsoft OneDrive
Company: Microsoft Corporation
OriginalFileName: OneDriveTelemetryStable.dll
Hashes: SHA1=70148DDC5D5F166F200C1F5FDD0C017648F54A01,MD5=327202EEBA471C0B87F3FC17B6F44244,SHA256=4159397E2166A7EB7EBF279EEA549417E7DF9F35DA34EFD212D553708FE4E1E9,IMPHASH=060C58E24ADA6DF05900343230BF49C0
Signed: true
Signature: Microsoft Corporation
SignatureStatus: Valid
User: WIN10DEMO\jolly"
Information,4/25/2026 5:45:52 PM,Microsoft-Windows-Sysmon,7,Image loaded (rule: ImageLoad),"Image loaded:
RuleName: -
UtcTime: 2026-04-25 07:45:52.509
ProcessGuid: {9172be70-7130-69ec-2e04-000000001f00}
ProcessId: 6112
Image: C:\Users\jolly\AppData\Local\Microsoft\OneDrive\26.051.0316.0004\OneDriveLauncher.exe
ImageLoaded: C:\Windows\System32\urlmon.dll
FileVersion: 11.00.19041.6456 (WinBuild.160101.0800)
Description: OLE32 Extensions for Win32
Product: Internet Explorer
Company: Microsoft Corporation
OriginalFileName: UrlMon.dll
Hashes: SHA1=E20F47594B506E7F66451F86DC3D27ACFBE50690,MD5=4F65F3E866588D1F98279B80D79073D8,SHA256=BA66D852C1EE342E2863FFD42B01E1041CE099EADE6CCCBBB8E64C6475B8958E,IMPHASH=4572A0DE6D775598EF7BE4A1A20049FB
Signed: true
Signature: Microsoft Windows
SignatureStatus: Valid
User: WIN10DEMO\jolly"
Information,4/25/2026 5:45:52 PM,Microsoft-Windows-Sysmon,7,Image loaded (rule: ImageLoad),"Image loaded:
RuleName: technique_id=T1574.002,technique_name=DLL Side-Loading
UtcTime: 2026-04-25 07:45:52.484
ProcessGuid: {9172be70-7130-69ec-2e04-000000001f00}
ProcessId: 6112
Image: C:\Users\jolly\AppData\Local\Microsoft\OneDrive\26.051.0316.0004\OneDriveLauncher.exe
ImageLoaded: C:\Users\jolly\AppData\Local\Microsoft\OneDrive\26.051.0316.0004\vcruntime140.dll
FileVersion: 14.50.35717.0
Description: Microsoft® C Runtime Library
Product: Microsoft® Visual Studio®
Company: Microsoft Corporation
OriginalFileName: vcruntime140.dll
Hashes: SHA1=762B45DB20290A54E83861456D3E40AC6C9601B9,MD5=1756E382708D39AD4C216B468F91DB11,SHA256=911E0D4A1754B1D9F8F7A577729D2BA74DD405B8027FCF4DF5841626F270D19D,IMPHASH=CFD5D6CB7ECDAFFF3769E90C815D91D2
Signed: true
Signature: Microsoft Corporation
SignatureStatus: Valid
User: WIN10DEMO\jolly"
Information,4/25/2026 5:45:52 PM,Microsoft-Windows-Sysmon,7,Image loaded (rule: ImageLoad),"Image loaded:
RuleName: technique_id=T1574.002,technique_name=DLL Side-Loading
UtcTime: 2026-04-25 07:45:52.484
ProcessGuid: {9172be70-7130-69ec-2e04-000000001f00}
ProcessId: 6112
Image: C:\Users\jolly\AppData\Local\Microsoft\OneDrive\26.051.0316.0004\OneDriveLauncher.exe
ImageLoaded: C:\Users\jolly\AppData\Local\Microsoft\OneDrive\26.051.0316.0004\vcruntime140_1.dll
FileVersion: 14.50.35717.0
Description: Microsoft® C Runtime Library
Product: Microsoft® Visual Studio®
Company: Microsoft Corporation
OriginalFileName: vcruntime140_1.dll
Hashes: SHA1=8F80898D75E7C84977BBFDE2D4EE5CCE284D0CE0,MD5=70DCBDA25747DC5A10EFB5465DE4E9ED,SHA256=6CE58E7B441FB7ADC7FFFEB14C73502365EA13905EB2DCE2520154D45E58F570,IMPHASH=F40F99423FB23779E530408661A19260
Signed: true
Signature: Microsoft Corporation
SignatureStatus: Valid
User: WIN10DEMO\jolly"
Information,4/25/2026 5:45:52 PM,Microsoft-Windows-Sysmon,7,Image loaded (rule: ImageLoad),"Image loaded:
RuleName: technique_id=T1574.002,technique_name=DLL Side-Loading
UtcTime: 2026-04-25 07:45:52.484
ProcessGuid: {9172be70-7130-69ec-2e04-000000001f00}
ProcessId: 6112
Image: C:\Users\jolly\AppData\Local\Microsoft\OneDrive\26.051.0316.0004\OneDriveLauncher.exe
ImageLoaded: C:\Users\jolly\AppData\Local\Microsoft\OneDrive\26.051.0316.0004\msvcp140.dll
FileVersion: 14.50.35717.0
Description: Microsoft® C Runtime Library
Product: Microsoft® Visual Studio®
Company: Microsoft Corporation
OriginalFileName: msvcp140.dll
Hashes: SHA1=314A46D95C284B3EC16D63011A155EF14F8DA5A7,MD5=AC8C6C8F84A01C45A02CC59075CC8636,SHA256=FBC76265FE94360770149B2EE010A083BD41610092A48D331E4A50ADE40B2972,IMPHASH=98261F6662FEE22446967EAA5226EE3A
Signed: true
Signature: Microsoft Corporation
SignatureStatus: Valid
User: WIN10DEMO\jolly"
Information,4/25/2026 5:45:52 PM,Microsoft-Windows-Sysmon,7,Image loaded (rule: ImageLoad),"Image loaded:
RuleName: technique_id=T1574.002,technique_name=DLL Side-Loading
UtcTime: 2026-04-25 07:45:52.421
ProcessGuid: {9172be70-7130-69ec-2e04-000000001f00}
ProcessId: 6112
Image: C:\Users\jolly\AppData\Local\Microsoft\OneDrive\26.051.0316.0004\OneDriveLauncher.exe
ImageLoaded: C:\Users\jolly\AppData\Local\Microsoft\OneDrive\26.051.0316.0004\UpdateRingSettings.dll
FileVersion: 26.051.0316.0004
Description: Update Ring Settings
Product: Microsoft OneDrive
Company: Microsoft Corporation
OriginalFileName: UpdateRingSettings.dll
Hashes: SHA1=A7A3C9B21C180E7EFF9919D160DD8FB7BBA8D3D7,MD5=D0DBC08305DE0948279A793B279CF1A0,SHA256=FFBA487D0C0C1930AB99A23969EF010B49B9100C14C194841DC0D3FB27705504,IMPHASH=03ECDBB53EF6D00F1BA6C8EA1F7F0369
Signed: true
Signature: Microsoft Corporation
SignatureStatus: Valid
User: WIN10DEMO\jolly"
Information,4/25/2026 5:45:52 PM,Microsoft-Windows-Sysmon,7,Image loaded (rule: ImageLoad),"Image loaded:
RuleName: technique_id=T1574.002,technique_name=DLL Side-Loading
UtcTime: 2026-04-25 07:45:52.419
ProcessGuid: {9172be70-7130-69ec-2e04-000000001f00}
ProcessId: 6112
Image: C:\Users\jolly\AppData\Local\Microsoft\OneDrive\26.051.0316.0004\OneDriveLauncher.exe
ImageLoaded: C:\Users\jolly\AppData\Local\Microsoft\OneDrive\26.051.0316.0004\LoggingPlatform.dll
FileVersion: 26.051.0316.0004
Description: Logging Platform
Product: Microsoft OneDrive
Company: Microsoft Corporation
OriginalFileName: LoggingPlatform.dll
Hashes: SHA1=88A441015F95734952B6D0107B0CCDE85BFBCD99,MD5=A32AEBCC07025CEE4987BFF195B07F72,SHA256=4DE36F8AC27F1F97D52B456D48F262202A5854E644561E3AD6A066EF3617D63D,IMPHASH=10CFE69683EAAD778CB745A8A2141D1F
Signed: true
Signature: Microsoft Corporation
SignatureStatus: Valid
User: WIN10DEMO\jolly"
Information,4/25/2026 5:45:52 PM,Microsoft-Windows-Sysmon,7,Image loaded (rule: ImageLoad),"Image loaded:
RuleName: -
UtcTime: 2026-04-25 07:45:52.412
ProcessGuid: {9172be70-712f-69ec-2304-000000001f00}
ProcessId: 7696
Image: C:\Windows\System32\taskhostw.exe
ImageLoaded: C:\Windows\System32\urlmon.dll
FileVersion: 11.00.19041.6456 (WinBuild.160101.0800)
Description: OLE32 Extensions for Win32
Product: Internet Explorer
Company: Microsoft Corporation
OriginalFileName: UrlMon.dll
Hashes: SHA1=E20F47594B506E7F66451F86DC3D27ACFBE50690,MD5=4F65F3E866588D1F98279B80D79073D8,SHA256=BA66D852C1EE342E2863FFD42B01E1041CE099EADE6CCCBBB8E64C6475B8958E,IMPHASH=4572A0DE6D775598EF7BE4A1A20049FB
Signed: true
Signature: Microsoft Windows
SignatureStatus: Valid
User: WIN10DEMO\jolly"
Information,4/25/2026 5:45:52 PM,Microsoft-Windows-Sysmon,7,Image loaded (rule: ImageLoad),"Image loaded:
RuleName: technique_id=T1574.002,technique_name=DLL Side-Loading
UtcTime: 2026-04-25 07:45:52.353
ProcessGuid: {9172be70-7130-69ec-2e04-000000001f00}
ProcessId: 6112
Image: C:\Users\jolly\AppData\Local\Microsoft\OneDrive\26.051.0316.0004\OneDriveLauncher.exe
ImageLoaded: C:\Users\jolly\AppData\Local\Microsoft\OneDrive\26.051.0316.0004\OneDriveLauncher.exe
FileVersion: 26.051.0316.0004
Description: OneDriveLauncher
Product: Microsoft OneDrive
Company: Microsoft Corporation
OriginalFileName: OneDriveLauncher.exe
Hashes: SHA1=6D6DD874C33DA0AE0911EF40176C149C94891C20,MD5=3AB7CF293282E519FB79BA37C3F6D4D2,SHA256=DF6771AEE7F8FFD86B2996E461F5D0EF1762E2AA1C2D979BCEA652C9D3C56819,IMPHASH=2B502A0E01DE2DB9E26F87A11923627D
Signed: true
Signature: Microsoft Corporation
SignatureStatus: Valid
User: WIN10DEMO\jolly"
Information,4/25/2026 5:45:52 PM,Microsoft-Windows-Sysmon,1,Process Create (rule: ProcessCreate),"Process Create:
RuleName: technique_id=T1036,technique_name=Masquerading
UtcTime: 2026-04-25 07:45:52.276
ProcessGuid: {9172be70-7130-69ec-2e04-000000001f00}
ProcessId: 6112
Image: C:\Users\jolly\AppData\Local\Microsoft\OneDrive\26.051.0316.0004\OneDriveLauncher.exe
FileVersion: 26.051.0316.0004
Description: OneDriveLauncher
Product: Microsoft OneDrive
Company: Microsoft Corporation
OriginalFileName: OneDriveLauncher.exe
CommandLine: ""C:\Users\jolly\AppData\Local\Microsoft\OneDrive\26.051.0316.0004\OneDriveLauncher.exe"" /startInstances
CurrentDirectory: C:\Windows\system32\
User: WIN10DEMO\jolly
LogonGuid: {9172be70-6dc0-69ec-2306-040000000000}
LogonId: 0x40623
TerminalSessionId: 1
IntegrityLevel: Medium
Hashes: SHA1=6D6DD874C33DA0AE0911EF40176C149C94891C20,MD5=3AB7CF293282E519FB79BA37C3F6D4D2,SHA256=DF6771AEE7F8FFD86B2996E461F5D0EF1762E2AA1C2D979BCEA652C9D3C56819,IMPHASH=2B502A0E01DE2DB9E26F87A11923627D
ParentProcessGuid: {9172be70-6dab-69ec-1d00-000000001f00}
ParentProcessId: 1300
ParentImage: C:\Windows\System32\svchost.exe
ParentCommandLine: C:\Windows\system32\svchost.exe -k netsvcs -p -s Schedule
ParentUser: NT AUTHORITY\SYSTEM"
Information,4/25/2026 5:45:52 PM,Microsoft-Windows-Sysmon,7,Image loaded (rule: ImageLoad),"Image loaded:
RuleName: technique_id=T1574.002,technique_name=DLL Side-Loading
UtcTime: 2026-04-25 07:45:52.002
ProcessGuid: {9172be70-712f-69ec-2704-000000001f00}
ProcessId: 7968
Image: C:\Windows\System32\ClipESUConsumer.exe
ImageLoaded: C:\ProgramData\Microsoft\Windows Defender\Platform\4.18.26020.6-0\MpOAV.dll
FileVersion: 4.18.26020.6 (cd0aebd7c18a68cd2e3af14a117b45b178d088f4)
Description: IOfficeAntiVirus Module
Product: Microsoft® Windows® Operating System
Company: Microsoft Corporation
OriginalFileName: MpOAV.dll
Hashes: SHA1=8350F492FC8773C7AD990D4218D9AD1E0C7A3130,MD5=55DCD381DFBB9B84092E09B8D3A7A4CD,SHA256=4FE2F89B85BEE4455BECEF8450A6459B2F9AF50E991A86A8A863FA86AAC3F69E,IMPHASH=876F81A277BF4C5C958E4D3BDB07CFEB
Signed: true
Signature: Microsoft Windows
SignatureStatus: Valid
User: WIN10DEMO\jolly"
Information,4/25/2026 5:45:52 PM,Microsoft-Windows-Sysmon,7,Image loaded (rule: ImageLoad),"Image loaded:
RuleName: technique_id=T1059.001,technique_name=PowerShell
UtcTime: 2026-04-25 07:45:52.000
ProcessGuid: {9172be70-712f-69ec-2704-000000001f00}
ProcessId: 7968
Image: C:\Windows\System32\ClipESUConsumer.exe
ImageLoaded: C:\Windows\System32\amsi.dll
FileVersion: 10.0.19041.4355 (WinBuild.160101.0800)
Description: Anti-Malware Scan Interface
Product: Microsoft® Windows® Operating System
Company: Microsoft Corporation
OriginalFileName: amsi.dll
Hashes: SHA1=347368018E1DAAF4F52C9A4119526313A82ECEEC,MD5=4933108BD5B3219F74AD807DFE8835AD,SHA256=66F7A134F6A4D9FE63DD7D6FF88DDED5796E4D5C7E33BA606DFF4D87D9258C0D,IMPHASH=C414C6B76EBCEEF67B5B752A7E51D4D2
Signed: true
Signature: Microsoft Windows
SignatureStatus: Valid
User: WIN10DEMO\jolly"
Information,4/25/2026 5:45:51 PM,Microsoft-Windows-Sysmon,1,Process Create (rule: ProcessCreate),"Process Create:
RuleName: technique_id=T1543.003,technique_name=Windows Service
UtcTime: 2026-04-25 07:45:51.866
ProcessGuid: {9172be70-712f-69ec-2604-000000001f00}
ProcessId: 7592
Image: C:\Windows\System32\sc.exe
FileVersion: 10.0.19041.1 (WinBuild.160101.0800)
Description: Service Control Manager Configuration Tool
Product: Microsoft® Windows® Operating System
Company: Microsoft Corporation
OriginalFileName: sc.exe
CommandLine: ""C:\Windows\system32\sc.exe"" start pushtoinstall login
CurrentDirectory: C:\Windows\system32\
User: NT AUTHORITY\SYSTEM
LogonGuid: {9172be70-6da8-69ec-e703-000000000000}
LogonId: 0x3E7
TerminalSessionId: 0
IntegrityLevel: System
Hashes: SHA1=B4979A9F970029889713D756C3F123643DDE73DA,MD5=3FB5CF71F7E7EB49790CB0E663434D80,SHA256=41F067C3A11B02FE39947F9EBA68AE5C7CB5BD1872A6009A4CD1506554A9ABA9,IMPHASH=803254E010814E69947095A2725B2AFD
ParentProcessGuid: {9172be70-6dab-69ec-1d00-000000001f00}
ParentProcessId: 1300
ParentImage: C:\Windows\System32\svchost.exe
ParentCommandLine: C:\Windows\system32\svchost.exe -k netsvcs -p -s Schedule
ParentUser: NT AUTHORITY\SYSTEM"
Information,4/25/2026 5:45:46 PM,Microsoft-Windows-Sysmon,13,Registry value set (rule: RegistryEvent),"Registry value set:
RuleName: technique_id=T1053,technique_name=Scheduled Task
EventType: SetValue
UtcTime: 2026-04-25 07:45:46.223
ProcessGuid: {9172be70-6dab-69ec-1d00-000000001f00}
ProcessId: 1300
Image: C:\Windows\system32\svchost.exe
TargetObject: HKLM\SOFTWARE\Microsoft\Windows NT\CurrentVersion\Schedule\TaskCache\Tree\Microsoft\Windows\UpdateOrchestrator\Schedule Maintenance Work\Index
Details: DWORD (0x00000003)
User: NT AUTHORITY\SYSTEM"
Information,4/25/2026 5:45:46 PM,Microsoft-Windows-Sysmon,13,Registry value set (rule: RegistryEvent),"Registry value set:
RuleName: technique_id=T1053,technique_name=Scheduled Task
EventType: SetValue
UtcTime: 2026-04-25 07:45:46.200
ProcessGuid: {9172be70-6dab-69ec-1d00-000000001f00}
ProcessId: 1300
Image: C:\Windows\system32\svchost.exe
TargetObject: HKLM\SOFTWARE\Microsoft\Windows NT\CurrentVersion\Schedule\TaskCache\Tree\Microsoft\Windows\UpdateOrchestrator\Schedule Maintenance Work\Index
Details: DWORD (0x00000003)
User: NT AUTHORITY\SYSTEM"
Information,4/25/2026 5:45:46 PM,Microsoft-Windows-Sysmon,13,Registry value set (rule: RegistryEvent),"Registry value set:
RuleName: technique_id=T1053,technique_name=Scheduled Task
EventType: SetValue
UtcTime: 2026-04-25 07:45:46.142
ProcessGuid: {9172be70-6dab-69ec-1d00-000000001f00}
ProcessId: 1300
Image: C:\Windows\system32\svchost.exe
TargetObject: HKLM\SOFTWARE\Microsoft\Windows NT\CurrentVersion\Schedule\TaskCache\Tree\Microsoft\Windows\UpdateOrchestrator\Schedule Wake To Work\Index
Details: DWORD (0x00000003)
User: NT AUTHORITY\SYSTEM"
Information,4/25/2026 5:45:46 PM,Microsoft-Windows-Sysmon,13,Registry value set (rule: RegistryEvent),"Registry value set:
RuleName: technique_id=T1053,technique_name=Scheduled Task
EventType: SetValue
UtcTime: 2026-04-25 07:45:46.053
ProcessGuid: {9172be70-6dab-69ec-1d00-000000001f00}
ProcessId: 1300
Image: C:\Windows\system32\svchost.exe
TargetObject: HKLM\SOFTWARE\Microsoft\Windows NT\CurrentVersion\Schedule\TaskCache\Tree\Microsoft\Windows\UpdateOrchestrator\Schedule Wake To Work\Index
Details: DWORD (0x00000003)
User: NT AUTHORITY\SYSTEM"
Information,4/25/2026 5:45:45 PM,Microsoft-Windows-Sysmon,13,Registry value set (rule: RegistryEvent),"Registry value set:
RuleName: technique_id=T1053,technique_name=Scheduled Task
EventType: SetValue
UtcTime: 2026-04-25 07:45:45.987
ProcessGuid: {9172be70-6dab-69ec-1d00-000000001f00}
ProcessId: 1300
Image: C:\Windows\system32\svchost.exe
TargetObject: HKLM\SOFTWARE\Microsoft\Windows NT\CurrentVersion\Schedule\TaskCache\Tree\Microsoft\Windows\UpdateOrchestrator\Schedule Work\Index
Details: DWORD (0x00000003)
User: NT AUTHORITY\SYSTEM"
Information,4/25/2026 5:45:45 PM,Microsoft-Windows-Sysmon,13,Registry value set (rule: RegistryEvent),"Registry value set:
RuleName: technique_id=T1053,technique_name=Scheduled Task
EventType: SetValue
UtcTime: 2026-04-25 07:45:45.944
ProcessGuid: {9172be70-6dab-69ec-1d00-000000001f00}
ProcessId: 1300
Image: C:\Windows\system32\svchost.exe
TargetObject: HKLM\SOFTWARE\Microsoft\Windows NT\CurrentVersion\Schedule\TaskCache\Tree\Microsoft\Windows\UpdateOrchestrator\Schedule Work\Index
Details: DWORD (0x00000003)
User: NT AUTHORITY\SYSTEM"
Information,4/25/2026 5:45:45 PM,Microsoft-Windows-Sysmon,13,Registry value set (rule: RegistryEvent),"Registry value set:
RuleName: technique_id=T1053,technique_name=Scheduled Task
EventType: SetValue
UtcTime: 2026-04-25 07:45:45.893
ProcessGuid: {9172be70-6dab-69ec-1d00-000000001f00}
ProcessId: 1300
Image: C:\Windows\system32\svchost.exe
TargetObject: HKLM\SOFTWARE\Microsoft\Windows NT\CurrentVersion\Schedule\TaskCache\Tree\Microsoft\Windows\UpdateOrchestrator\Schedule Maintenance Work\Index
Details: DWORD (0x00000003)
User: NT AUTHORITY\SYSTEM"
Information,4/25/2026 5:45:45 PM,Microsoft-Windows-Sysmon,13,Registry value set (rule: RegistryEvent),"Registry value set:
RuleName: technique_id=T1053,technique_name=Scheduled Task
EventType: SetValue
UtcTime: 2026-04-25 07:45:45.871
ProcessGuid: {9172be70-6dab-69ec-1d00-000000001f00}
ProcessId: 1300
Image: C:\Windows\system32\svchost.exe
TargetObject: HKLM\SOFTWARE\Microsoft\Windows NT\CurrentVersion\Schedule\TaskCache\Tree\Microsoft\Windows\UpdateOrchestrator\Schedule Maintenance Work\Index
Details: DWORD (0x00000003)
User: NT AUTHORITY\SYSTEM"
Information,4/25/2026 5:45:45 PM,Microsoft-Windows-Sysmon,13,Registry value set (rule: RegistryEvent),"Registry value set:
RuleName: technique_id=T1053,technique_name=Scheduled Task
EventType: SetValue
UtcTime: 2026-04-25 07:45:45.828
ProcessGuid: {9172be70-6dab-69ec-1d00-000000001f00}
ProcessId: 1300
Image: C:\Windows\system32\svchost.exe
TargetObject: HKLM\SOFTWARE\Microsoft\Windows NT\CurrentVersion\Schedule\TaskCache\Tree\Microsoft\Windows\UpdateOrchestrator\Schedule Wake To Work\Index
Details: DWORD (0x00000003)
User: NT AUTHORITY\SYSTEM"
Information,4/25/2026 5:45:45 PM,Microsoft-Windows-Sysmon,13,Registry value set (rule: RegistryEvent),"Registry value set:
RuleName: technique_id=T1053,technique_name=Scheduled Task
EventType: SetValue
UtcTime: 2026-04-25 07:45:45.802
ProcessGuid: {9172be70-6dab-69ec-1d00-000000001f00}
ProcessId: 1300
Image: C:\Windows\system32\svchost.exe
TargetObject: HKLM\SOFTWARE\Microsoft\Windows NT\CurrentVersion\Schedule\TaskCache\Tree\Microsoft\Windows\UpdateOrchestrator\Schedule Wake To Work\Index
Details: DWORD (0x00000003)
User: NT AUTHORITY\SYSTEM"
Information,4/25/2026 5:45:45 PM,Microsoft-Windows-Sysmon,13,Registry value set (rule: RegistryEvent),"Registry value set:
RuleName: technique_id=T1053,technique_name=Scheduled Task
EventType: SetValue
UtcTime: 2026-04-25 07:45:45.773
ProcessGuid: {9172be70-6dab-69ec-1d00-000000001f00}
ProcessId: 1300
Image: C:\Windows\system32\svchost.exe
TargetObject: HKLM\SOFTWARE\Microsoft\Windows NT\CurrentVersion\Schedule\TaskCache\Tree\Microsoft\Windows\UpdateOrchestrator\Schedule Work\Index
Details: DWORD (0x00000003)
User: NT AUTHORITY\SYSTEM"
Information,4/25/2026 5:45:45 PM,Microsoft-Windows-Sysmon,13,Registry value set (rule: RegistryEvent),"Registry value set:
RuleName: technique_id=T1053,technique_name=Scheduled Task
EventType: SetValue
UtcTime: 2026-04-25 07:45:45.744
ProcessGuid: {9172be70-6dab-69ec-1d00-000000001f00}
ProcessId: 1300
Image: C:\Windows\system32\svchost.exe
TargetObject: HKLM\SOFTWARE\Microsoft\Windows NT\CurrentVersion\Schedule\TaskCache\Tree\Microsoft\Windows\UpdateOrchestrator\Schedule Work\Index
Details: DWORD (0x00000003)
User: NT AUTHORITY\SYSTEM"
Information,4/25/2026 5:45:45 PM,Microsoft-Windows-Sysmon,11,File created (rule: FileCreate),"File created:
RuleName: technique_id=T1574.010,technique_name=Services File Permissions Weakness
UtcTime: 2026-04-25 07:45:45.022
ProcessGuid: {9172be70-6dd8-69ec-b700-000000001f00}
ProcessId: 1080
Image: C:\Windows\system32\svchost.exe
TargetFilename: C:\Windows\SoftwareDistribution\Download\0e81198876b8eb725cd93d1816536732\Metadata\fvereseal.dll
CreationUtcTime: 2025-11-05 08:00:44.000
User: NT AUTHORITY\SYSTEM"
Information,4/25/2026 5:45:45 PM,Microsoft-Windows-Sysmon,11,File created (rule: FileCreate),"File created:
RuleName: technique_id=T1574.010,technique_name=Services File Permissions Weakness
UtcTime: 2026-04-25 07:45:45.009
ProcessGuid: {9172be70-6dd8-69ec-b700-000000001f00}
ProcessId: 1080
Image: C:\Windows\system32\svchost.exe
TargetFilename: C:\Windows\SoftwareDistribution\Download\0e81198876b8eb725cd93d1816536732\Metadata\WinREAgent.dll
CreationUtcTime: 2025-11-05 08:00:42.000
User: NT AUTHORITY\SYSTEM"
Information,4/25/2026 5:45:44 PM,Microsoft-Windows-Sysmon,11,File created (rule: FileCreate),"File created:
RuleName: technique_id=T1574.010,technique_name=Services File Permissions Weakness
UtcTime: 2026-04-25 07:45:44.998
ProcessGuid: {9172be70-6dd8-69ec-b700-000000001f00}
ProcessId: 1080
Image: C:\Windows\system32\svchost.exe
TargetFilename: C:\Windows\SoftwareDistribution\Download\0e81198876b8eb725cd93d1816536732\Metadata\ReserveManager.dll
CreationUtcTime: 2025-11-05 08:00:42.000
User: NT AUTHORITY\SYSTEM"
Information,4/25/2026 5:45:44 PM,Microsoft-Windows-Sysmon,11,File created (rule: FileCreate),"File created:
RuleName: technique_id=T1574.010,technique_name=Services File Permissions Weakness
UtcTime: 2026-04-25 07:45:44.979
ProcessGuid: {9172be70-6dd8-69ec-b700-000000001f00}
ProcessId: 1080
Image: C:\Windows\system32\svchost.exe
TargetFilename: C:\Windows\SoftwareDistribution\Download\0e81198876b8eb725cd93d1816536732\Metadata\TurboStack.dll
CreationUtcTime: 2025-11-05 08:00:42.000
User: NT AUTHORITY\SYSTEM"
Information,4/25/2026 5:45:44 PM,Microsoft-Windows-Sysmon,11,File created (rule: FileCreate),"File created:
RuleName: technique_id=T1574.010,technique_name=Services File Permissions Weakness
UtcTime: 2026-04-25 07:45:44.913
ProcessGuid: {9172be70-6dd8-69ec-b700-000000001f00}
ProcessId: 1080
Image: C:\Windows\system32\svchost.exe
TargetFilename: C:\Windows\SoftwareDistribution\Download\0e81198876b8eb725cd93d1816536732\Metadata\wcp.dll
CreationUtcTime: 2025-11-05 08:00:44.000
User: NT AUTHORITY\SYSTEM"
Information,4/25/2026 5:45:44 PM,Microsoft-Windows-Sysmon,11,File created (rule: FileCreate),"File created:
RuleName: technique_id=T1574.010,technique_name=Services File Permissions Weakness
UtcTime: 2026-04-25 07:45:44.907
ProcessGuid: {9172be70-6dd8-69ec-b700-000000001f00}
ProcessId: 1080
Image: C:\Windows\system32\svchost.exe
TargetFilename: C:\Windows\SoftwareDistribution\Download\0e81198876b8eb725cd93d1816536732\Metadata\UAOneSettings.dll
CreationUtcTime: 2025-11-05 08:00:42.000
User: NT AUTHORITY\SYSTEM"
Information,4/25/2026 5:45:44 PM,Microsoft-Windows-Sysmon,11,File created (rule: FileCreate),"File created:
RuleName: technique_id=T1574.010,technique_name=Services File Permissions Weakness
UtcTime: 2026-04-25 07:45:44.893
ProcessGuid: {9172be70-6dd8-69ec-b700-000000001f00}
ProcessId: 1080
Image: C:\Windows\system32\svchost.exe
TargetFilename: C:\Windows\SoftwareDistribution\Download\0e81198876b8eb725cd93d1816536732\Metadata\Mitigation.dll
CreationUtcTime: 2025-11-05 08:00:42.000
User: NT AUTHORITY\SYSTEM"
Information,4/25/2026 5:45:44 PM,Microsoft-Windows-Sysmon,11,File created (rule: FileCreate),"File created:
RuleName: technique_id=T1574.010,technique_name=Services File Permissions Weakness
UtcTime: 2026-04-25 07:45:44.873
ProcessGuid: {9172be70-6dd8-69ec-b700-000000001f00}
ProcessId: 1080
Image: C:\Windows\system32\svchost.exe
TargetFilename: C:\Windows\SoftwareDistribution\Download\0e81198876b8eb725cd93d1816536732\Metadata\dpx.dll
CreationUtcTime: 2025-11-05 08:00:42.000
User: NT AUTHORITY\SYSTEM"
Information,4/25/2026 5:45:44 PM,Microsoft-Windows-Sysmon,11,File created (rule: FileCreate),"File created:
RuleName: technique_id=T1574.010,technique_name=Services File Permissions Weakness
UtcTime: 2026-04-25 07:45:44.821
ProcessGuid: {9172be70-6dd8-69ec-b700-000000001f00}
ProcessId: 1080
Image: C:\Windows\system32\svchost.exe
TargetFilename: C:\Windows\SoftwareDistribution\Download\0e81198876b8eb725cd93d1816536732\Metadata\UpdateAgent.dll
CreationUtcTime: 2025-11-05 08:00:44.000
User: NT AUTHORITY\SYSTEM"
Information,4/25/2026 5:45:37 PM,Microsoft-Windows-Sysmon,22,Dns query (rule: DnsQuery),"Dns query:
RuleName: -
UtcTime: 2026-04-25 07:45:08.842
ProcessGuid: {9172be70-7102-69ec-f503-000000001f00}
ProcessId: 2560
QueryName: ecs.office.com
QueryStatus: 1460
QueryResults: -
Image: C:\Users\jolly\AppData\Local\Microsoft\OneDrive\26.051.0316.0004\OneDrive.Sync.Service.exe
User: WIN10DEMO\jolly"
Information,4/25/2026 5:45:31 PM,Microsoft-Windows-Sysmon,22,Dns query (rule: DnsQuery),"Dns query:
RuleName: -
UtcTime: 2026-04-25 07:45:02.548
ProcessGuid: {9172be70-6dae-69ec-3400-000000001f00}
ProcessId: 2428
QueryName: quickdraw.splunk.com
QueryStatus: 1460
QueryResults: -
Image: C:\Windows\System32\svchost.exe
User: NT AUTHORITY\NETWORK SERVICE"
Information,4/25/2026 5:45:31 PM,Microsoft-Windows-Sysmon,22,Dns query (rule: DnsQuery),"Dns query:
RuleName: -
UtcTime: 2026-04-25 07:45:02.548
ProcessGuid: {9172be70-6db5-69ec-4b00-000000001f00}
ProcessId: 3504
QueryName: quickdraw.splunk.com
QueryStatus: 1460
QueryResults: -
Image: C:\Program Files\Splunk\bin\splunkd.exe
User: NT AUTHORITY\SYSTEM"
Information,4/25/2026 5:45:30 PM,Microsoft-Windows-Sysmon,7,Image loaded (rule: ImageLoad),"Image loaded:
RuleName: technique_id=T1574.002,technique_name=DLL Side-Loading
UtcTime: 2026-04-25 07:45:30.784
ProcessGuid: {9172be70-7119-69ec-0904-000000001f00}
ProcessId: 9484
Image: C:\Program Files\Splunk\bin\python3.13.exe
ImageLoaded: C:\ProgramData\Microsoft\Windows Defender\Platform\4.18.26020.6-0\MpOAV.dll
FileVersion: 4.18.26020.6 (cd0aebd7c18a68cd2e3af14a117b45b178d088f4)
Description: IOfficeAntiVirus Module
Product: Microsoft® Windows® Operating System
Company: Microsoft Corporation
OriginalFileName: MpOAV.dll
Hashes: SHA1=8350F492FC8773C7AD990D4218D9AD1E0C7A3130,MD5=55DCD381DFBB9B84092E09B8D3A7A4CD,SHA256=4FE2F89B85BEE4455BECEF8450A6459B2F9AF50E991A86A8A863FA86AAC3F69E,IMPHASH=876F81A277BF4C5C958E4D3BDB07CFEB
Signed: true
Signature: Microsoft Windows
SignatureStatus: Valid
User: NT AUTHORITY\SYSTEM"
Information,4/25/2026 5:45:30 PM,Microsoft-Windows-Sysmon,7,Image loaded (rule: ImageLoad),"Image loaded:
RuleName: technique_id=T1059.001,technique_name=PowerShell
UtcTime: 2026-04-25 07:45:30.765
ProcessGuid: {9172be70-7119-69ec-0904-000000001f00}
ProcessId: 9484
Image: C:\Program Files\Splunk\bin\python3.13.exe
ImageLoaded: C:\Windows\System32\amsi.dll
FileVersion: 10.0.19041.4355 (WinBuild.160101.0800)
Description: Anti-Malware Scan Interface
Product: Microsoft® Windows® Operating System
Company: Microsoft Corporation
OriginalFileName: amsi.dll
Hashes: SHA1=347368018E1DAAF4F52C9A4119526313A82ECEEC,MD5=4933108BD5B3219F74AD807DFE8835AD,SHA256=66F7A134F6A4D9FE63DD7D6FF88DDED5796E4D5C7E33BA606DFF4D87D9258C0D,IMPHASH=C414C6B76EBCEEF67B5B752A7E51D4D2
Signed: true
Signature: Microsoft Windows
SignatureStatus: Valid
User: NT AUTHORITY\SYSTEM"
Information,4/25/2026 5:45:27 PM,Microsoft-Windows-Sysmon,22,Dns query (rule: DnsQuery),"Dns query:
RuleName: -
UtcTime: 2026-04-25 07:44:58.829
ProcessGuid: {9172be70-7102-69ec-f503-000000001f00}
ProcessId: 2560
QueryName: ecs.office.com
QueryStatus: 1460
QueryResults: -
Image: C:\Users\jolly\AppData\Local\Microsoft\OneDrive\26.051.0316.0004\OneDrive.Sync.Service.exe
User: WIN10DEMO\jolly"
Information,4/25/2026 5:45:19 PM,Microsoft-Windows-Sysmon,22,Dns query (rule: DnsQuery),"Dns query:
RuleName: -
UtcTime: 2026-04-25 07:44:51.013
ProcessGuid: {9172be70-7018-69ec-fd02-000000001f00}
ProcessId: 9080
QueryName: wpad
QueryStatus: 123
QueryResults: -
Image: C:\Program Files (x86)\Microsoft\Edge\Application\msedge.exe
User: WIN10DEMO\jolly"
Information,4/25/2026 5:45:17 PM,Microsoft-Windows-Sysmon,22,Dns query (rule: DnsQuery),"Dns query:
RuleName: -
UtcTime: 2026-04-25 07:44:48.810
ProcessGuid: {9172be70-7102-69ec-f503-000000001f00}
ProcessId: 2560
QueryName: ecs.office.com
QueryStatus: 1460
QueryResults: -
Image: C:\Users\jolly\AppData\Local\Microsoft\OneDrive\26.051.0316.0004\OneDrive.Sync.Service.exe
User: WIN10DEMO\jolly"
Information,4/25/2026 5:45:16 PM,Microsoft-Windows-Sysmon,5,Process terminated (rule: ProcessTerminate),"Process terminated:
RuleName: -
UtcTime: 2026-04-25 07:45:16.175
ProcessGuid: {9172be70-6ee2-69ec-8101-000000001f00}
ProcessId: 8240
Image: C:\Users\jolly\AppData\Local\Microsoft\OneDrive\OneDriveStandaloneUpdater.exe
User: WIN10DEMO\jolly"
Information,4/25/2026 5:45:15 PM,Microsoft-Windows-Sysmon,7,Image loaded (rule: ImageLoad),"Image loaded:
RuleName: technique_id=T1197,technique_name=BITS
UtcTime: 2026-04-25 07:45:15.837
ProcessGuid: {9172be70-7102-69ec-f503-000000001f00}
ProcessId: 2560
Image: C:\Users\jolly\AppData\Local\Microsoft\OneDrive\26.051.0316.0004\OneDrive.Sync.Service.exe
ImageLoaded: C:\Windows\System32\BitsProxy.dll
FileVersion: 7.8.19041.1 (WinBuild.160101.0800)
Description: Background Intelligent Transfer Service Proxy
Product: Microsoft® Windows® Operating System
Company: Microsoft Corporation
OriginalFileName: qmgrprxy.dll
Hashes: SHA1=F76CEB9DA1BD2F4E9C02E49758C654630518A066,MD5=B3E2BAEAD079C29BC16CAA7830A17FA6,SHA256=E72BF2ADCE95F764BD880A458B04BA0BEBB0EBA7EB3473A29FDBE3A98F1A86D5,IMPHASH=44BEE37A834D6E66277D9ADD2D131FC2
Signed: true
Signature: Microsoft Windows
SignatureStatus: Valid
User: WIN10DEMO\jolly"
Information,4/25/2026 5:45:15 PM,Microsoft-Windows-Sysmon,17,Pipe Created (rule: PipeEvent),"Pipe Created:
RuleName: -
EventType: CreatePipe
UtcTime: 2026-04-25 07:45:15.386
ProcessGuid: {9172be70-6e0d-69ec-ef00-000000001f00}
ProcessId: 6348
PipeName: \LOCAL\mojo.6348.2104.13146641250587284300
Image: C:\Program Files (x86)\Microsoft\EdgeWebView\Application\146.0.3856.109\msedgewebview2.exe
User: WIN10DEMO\jolly"
Information,4/25/2026 5:45:15 PM,Microsoft-Windows-Sysmon,17,Pipe Created (rule: PipeEvent),"Pipe Created:
RuleName: -
EventType: CreatePipe
UtcTime: 2026-04-25 07:45:15.382
ProcessGuid: {9172be70-6e0d-69ec-ef00-000000001f00}
ProcessId: 6348
PipeName: \LOCAL\mojo.6348.2104.7387661040408613785
Image: C:\Program Files (x86)\Microsoft\EdgeWebView\Application\146.0.3856.109\msedgewebview2.exe
User: WIN10DEMO\jolly"
Information,4/25/2026 5:45:15 PM,Microsoft-Windows-Sysmon,17,Pipe Created (rule: PipeEvent),"Pipe Created:
RuleName: -
EventType: CreatePipe
UtcTime: 2026-04-25 07:45:15.378
ProcessGuid: {9172be70-6e0d-69ec-ef00-000000001f00}
ProcessId: 6348
PipeName: \LOCAL\mojo.6348.2104.17130889850867268090
Image: C:\Program Files (x86)\Microsoft\EdgeWebView\Application\146.0.3856.109\msedgewebview2.exe
User: WIN10DEMO\jolly"
Information,4/25/2026 5:45:15 PM,Microsoft-Windows-Sysmon,17,Pipe Created (rule: PipeEvent),"Pipe Created:
RuleName: -
EventType: CreatePipe
UtcTime: 2026-04-25 07:45:15.348
ProcessGuid: {9172be70-710b-69ec-fc03-000000001f00}
ProcessId: 7800
PipeName: \LOCAL\mojo.7800.10408.9184023825884213221
Image: C:\Program Files (x86)\Microsoft\EdgeWebView\Application\146.0.3856.109\msedgewebview2.exe
User: WIN10DEMO\jolly"
Information,4/25/2026 5:45:15 PM,Microsoft-Windows-Sysmon,17,Pipe Created (rule: PipeEvent),"Pipe Created:
RuleName: -
EventType: CreatePipe
UtcTime: 2026-04-25 07:45:15.310
ProcessGuid: {9172be70-6e0d-69ec-ef00-000000001f00}
ProcessId: 6348
PipeName: \LOCAL\mojo.6348.2104.17692894890099308973
Image: C:\Program Files (x86)\Microsoft\EdgeWebView\Application\146.0.3856.109\msedgewebview2.exe
User: WIN10DEMO\jolly"
Information,4/25/2026 5:45:15 PM,Microsoft-Windows-Sysmon,17,Pipe Created (rule: PipeEvent),"Pipe Created:
RuleName: -
EventType: CreatePipe
UtcTime: 2026-04-25 07:45:15.307
ProcessGuid: {9172be70-6e0d-69ec-ef00-000000001f00}
ProcessId: 6348
PipeName: \LOCAL\mojo.6348.2104.18410646744721438820
Image: C:\Program Files (x86)\Microsoft\EdgeWebView\Application\146.0.3856.109\msedgewebview2.exe
User: WIN10DEMO\jolly"
Information,4/25/2026 5:45:15 PM,Microsoft-Windows-Sysmon,17,Pipe Created (rule: PipeEvent),"Pipe Created:
RuleName: -
EventType: CreatePipe
UtcTime: 2026-04-25 07:45:15.307
ProcessGuid: {9172be70-6e0d-69ec-ef00-000000001f00}
ProcessId: 6348
PipeName: \LOCAL\mojo.6348.2104.16391920514746162936
Image: C:\Program Files (x86)\Microsoft\EdgeWebView\Application\146.0.3856.109\msedgewebview2.exe
User: WIN10DEMO\jolly"
Information,4/25/2026 5:45:15 PM,Microsoft-Windows-Sysmon,1,Process Create (rule: ProcessCreate),"Process Create:
RuleName: technique_id=T1083,technique_name=File and Directory Discovery
UtcTime: 2026-04-25 07:45:15.208
ProcessGuid: {9172be70-710b-69ec-fc03-000000001f00}
ProcessId: 7800
Image: C:\Program Files (x86)\Microsoft\EdgeWebView\Application\146.0.3856.109\msedgewebview2.exe
FileVersion: 146.0.3856.109
Description: Microsoft Edge WebView2
Product: Microsoft Edge WebView2
Company: Microsoft Corporation
OriginalFileName: msedgewebview2.exe
CommandLine: ""C:\Program Files (x86)\Microsoft\EdgeWebView\Application\146.0.3856.109\msedgewebview2.exe"" --type=renderer --noerrdialogs --user-data-dir=""C:\Users\jolly\AppData\Local\Packages\Microsoft.MicrosoftOfficeHub_8wekyb3d8bbwe\LocalState\EBWebView"" --webview-exe-name=M365Copilot.exe --webview-exe-version=19.2604.38251.0 --embedded-browser-webview=1 --embedded-browser-webview-dpi-awareness=2 --disable-gpu-compositing --video-capture-use-gpu-memory-buffer --lang=en-US --js-flags=--expose-gc --device-scale-factor=1 --num-raster-threads=2 --enable-main-frame-before-activation --renderer-client-id=59 --time-ticks-at-unix-epoch=-1777102076221678 --launch-time-ticks=998315271 --always-read-main-dll --metrics-shmem-handle=3696,i,10300627790712330898,10577054761198517262,2097152 --field-trial-handle=1868,i,15514434203381647951,17821807702279388689,262144 --enable-features=msSingleSignOnOSForPrimaryAccountIsShared --disable-features=msEnhancedTrackingPreventionEnabled --variations-seed-version --pseudonymization-salt-handle=1884,i,14477360231411206170,9314674685075851636,4 --trace-process-track-uuid=3190709041597340585 --mojo-platform-channel-handle=4704 /prefetch:1
CurrentDirectory: C:\Program Files (x86)\Microsoft\EdgeWebView\Application\146.0.3856.109\
User: WIN10DEMO\jolly
LogonGuid: {9172be70-6dc0-69ec-2306-040000000000}
LogonId: 0x40623
TerminalSessionId: 1
IntegrityLevel: Low
Hashes: SHA1=516E5FF797C1E3424E641F74BC0A95CE21C11710,MD5=4D01E2CFBA75938D82A4AA45FFFEB291,SHA256=29CE36EA7A746028BC637095F1068BC29FAC83FC677716FF052B56E913DCE6B7,IMPHASH=82DA08246FA01D20B9DB5C9DDBE8B38C
ParentProcessGuid: {9172be70-6e0d-69ec-ef00-000000001f00}
ParentProcessId: 6348
ParentImage: C:\Program Files (x86)\Microsoft\EdgeWebView\Application\146.0.3856.109\msedgewebview2.exe
ParentCommandLine: ""C:\Program Files (x86)\Microsoft\EdgeWebView\Application\146.0.3856.109\msedgewebview2.exe"" --embedded-browser-webview=1 --webview-exe-name=M365Copilot.exe --webview-exe-version=19.2604.38251.0 --user-data-dir=""C:\Users\jolly\AppData\Local\Packages\Microsoft.MicrosoftOfficeHub_8wekyb3d8bbwe\LocalState\EBWebView"" --noerrdialogs --embedded-browser-webview-dpi-awareness=2 --disable-features=msEnhancedTrackingPreventionEnabled --enable-features=msSingleSignOnOSForPrimaryAccountIsShared --mojo-named-platform-channel-pipe=2408.3868.7952138114952833211
ParentUser: WIN10DEMO\jolly"
Information,4/25/2026 5:45:15 PM,Microsoft-Windows-Sysmon,17,Pipe Created (rule: PipeEvent),"Pipe Created:
RuleName: -
EventType: CreatePipe
UtcTime: 2026-04-25 07:45:15.203
ProcessGuid: {9172be70-6e0d-69ec-ef00-000000001f00}
ProcessId: 6348
PipeName: \LOCAL\mojo.6348.6428.2695025851788536191
Image: C:\Program Files (x86)\Microsoft\EdgeWebView\Application\146.0.3856.109\msedgewebview2.exe
User: WIN10DEMO\jolly"
Information,4/25/2026 5:45:15 PM,Microsoft-Windows-Sysmon,17,Pipe Created (rule: PipeEvent),"Pipe Created:
RuleName: -
EventType: CreatePipe
UtcTime: 2026-04-25 07:45:15.200
ProcessGuid: {9172be70-6e0d-69ec-ef00-000000001f00}
ProcessId: 6348
PipeName: \LOCAL\mojo.6348.2104.3743846968566642402
Image: C:\Program Files (x86)\Microsoft\EdgeWebView\Application\146.0.3856.109\msedgewebview2.exe
User: WIN10DEMO\jolly"
Information,4/25/2026 5:45:15 PM,Microsoft-Windows-Sysmon,17,Pipe Created (rule: PipeEvent),"Pipe Created:
RuleName: -
EventType: CreatePipe
UtcTime: 2026-04-25 07:45:15.191
ProcessGuid: {9172be70-6e0d-69ec-ef00-000000001f00}
ProcessId: 6348
PipeName: \LOCAL\mojo.6348.2104.10075473914911794086
Image: C:\Program Files (x86)\Microsoft\EdgeWebView\Application\146.0.3856.109\msedgewebview2.exe
User: WIN10DEMO\jolly"
Information,4/25/2026 5:45:15 PM,Microsoft-Windows-Sysmon,17,Pipe Created (rule: PipeEvent),"Pipe Created:
RuleName: -
EventType: CreatePipe
UtcTime: 2026-04-25 07:45:15.158
ProcessGuid: {9172be70-7108-69ec-f803-000000001f00}
ProcessId: 5096
PipeName: \LOCAL\mojo.5096.9044.14406181458714831632
Image: C:\Program Files (x86)\Microsoft\EdgeWebView\Application\146.0.3856.109\msedgewebview2.exe
User: WIN10DEMO\jolly"
Information,4/25/2026 5:45:15 PM,Microsoft-Windows-Sysmon,17,Pipe Created (rule: PipeEvent),"Pipe Created:
RuleName: -
EventType: CreatePipe
UtcTime: 2026-04-25 07:45:15.079
ProcessGuid: {9172be70-6e0d-69ec-ef00-000000001f00}
ProcessId: 6348
PipeName: \LOCAL\mojo.6348.2104.9136531770101645056
Image: C:\Program Files (x86)\Microsoft\EdgeWebView\Application\146.0.3856.109\msedgewebview2.exe
User: WIN10DEMO\jolly"
Information,4/25/2026 5:45:12 PM,Microsoft-Windows-Sysmon,1,Process Create (rule: ProcessCreate),"Process Create:
RuleName: technique_id=T1083,technique_name=File and Directory Discovery
UtcTime: 2026-04-25 07:45:12.278
ProcessGuid: {9172be70-7108-69ec-f803-000000001f00}
ProcessId: 5096
Image: C:\Program Files (x86)\Microsoft\EdgeWebView\Application\146.0.3856.109\msedgewebview2.exe
FileVersion: 146.0.3856.109
Description: Microsoft Edge WebView2
Product: Microsoft Edge WebView2
Company: Microsoft Corporation
OriginalFileName: msedgewebview2.exe
CommandLine: ""C:\Program Files (x86)\Microsoft\EdgeWebView\Application\146.0.3856.109\msedgewebview2.exe"" --type=renderer --noerrdialogs --user-data-dir=""C:\Users\jolly\AppData\Local\Packages\Microsoft.MicrosoftOfficeHub_8wekyb3d8bbwe\LocalState\EBWebView"" --webview-exe-name=M365Copilot.exe --webview-exe-version=19.2604.38251.0 --embedded-browser-webview=1 --embedded-browser-webview-dpi-awareness=2 --disable-gpu-compositing --video-capture-use-gpu-memory-buffer --lang=en-US --js-flags=--expose-gc --device-scale-factor=1 --num-raster-threads=2 --enable-main-frame-before-activation --renderer-client-id=58 --time-ticks-at-unix-epoch=-1777102076221678 --launch-time-ticks=995385807 --always-read-main-dll --metrics-shmem-handle=4412,i,16631585108834940051,5391156691219591513,2097152 --field-trial-handle=1868,i,15514434203381647951,17821807702279388689,262144 --enable-features=msSingleSignOnOSForPrimaryAccountIsShared --disable-features=msEnhancedTrackingPreventionEnabled --variations-seed-version --pseudonymization-salt-handle=1884,i,14477360231411206170,9314674685075851636,4 --trace-process-track-uuid=3190709040660298736 --mojo-platform-channel-handle=5108 /prefetch:1
CurrentDirectory: C:\Program Files (x86)\Microsoft\EdgeWebView\Application\146.0.3856.109\
User: WIN10DEMO\jolly
LogonGuid: {9172be70-6dc0-69ec-2306-040000000000}
LogonId: 0x40623
TerminalSessionId: 1
IntegrityLevel: Low
Hashes: SHA1=516E5FF797C1E3424E641F74BC0A95CE21C11710,MD5=4D01E2CFBA75938D82A4AA45FFFEB291,SHA256=29CE36EA7A746028BC637095F1068BC29FAC83FC677716FF052B56E913DCE6B7,IMPHASH=82DA08246FA01D20B9DB5C9DDBE8B38C
ParentProcessGuid: {9172be70-6e0d-69ec-ef00-000000001f00}
ParentProcessId: 6348
ParentImage: C:\Program Files (x86)\Microsoft\EdgeWebView\Application\146.0.3856.109\msedgewebview2.exe
ParentCommandLine: ""C:\Program Files (x86)\Microsoft\EdgeWebView\Application\146.0.3856.109\msedgewebview2.exe"" --embedded-browser-webview=1 --webview-exe-name=M365Copilot.exe --webview-exe-version=19.2604.38251.0 --user-data-dir=""C:\Users\jolly\AppData\Local\Packages\Microsoft.MicrosoftOfficeHub_8wekyb3d8bbwe\LocalState\EBWebView"" --noerrdialogs --embedded-browser-webview-dpi-awareness=2 --disable-features=msEnhancedTrackingPreventionEnabled --enable-features=msSingleSignOnOSForPrimaryAccountIsShared --mojo-named-platform-channel-pipe=2408.3868.7952138114952833211
ParentUser: WIN10DEMO\jolly"
Information,4/25/2026 5:45:12 PM,Microsoft-Windows-Sysmon,17,Pipe Created (rule: PipeEvent),"Pipe Created:
RuleName: -
EventType: CreatePipe
UtcTime: 2026-04-25 07:45:12.275
ProcessGuid: {9172be70-6e0d-69ec-ef00-000000001f00}
ProcessId: 6348
PipeName: \LOCAL\mojo.6348.6428.12622894558238198315
Image: C:\Program Files (x86)\Microsoft\EdgeWebView\Application\146.0.3856.109\msedgewebview2.exe
User: WIN10DEMO\jolly"
Information,4/25/2026 5:45:12 PM,Microsoft-Windows-Sysmon,1,Process Create (rule: ProcessCreate),"Process Create:
RuleName: technique_id=T1083,technique_name=File and Directory Discovery
UtcTime: 2026-04-25 07:45:12.251
ProcessGuid: {9172be70-7108-69ec-f703-000000001f00}
ProcessId: 9920
Image: C:\Program Files (x86)\Microsoft\EdgeWebView\Application\146.0.3856.109\msedgewebview2.exe
FileVersion: 146.0.3856.109
Description: Microsoft Edge WebView2
Product: Microsoft Edge WebView2
Company: Microsoft Corporation
OriginalFileName: msedgewebview2.exe
CommandLine: ""C:\Program Files (x86)\Microsoft\EdgeWebView\Application\146.0.3856.109\msedgewebview2.exe"" --type=renderer --noerrdialogs --user-data-dir=""C:\Users\jolly\AppData\Local\Packages\Microsoft.MicrosoftOfficeHub_8wekyb3d8bbwe\LocalState\EBWebView"" --webview-exe-name=M365Copilot.exe --webview-exe-version=19.2604.38251.0 --embedded-browser-webview=1 --embedded-browser-webview-dpi-awareness=2 --disable-gpu-compositing --video-capture-use-gpu-memory-buffer --lang=en-US --js-flags=--expose-gc --device-scale-factor=1 --num-raster-threads=2 --enable-main-frame-before-activation --renderer-client-id=57 --time-ticks-at-unix-epoch=-1777102076221678 --launch-time-ticks=995359877 --always-read-main-dll --metrics-shmem-handle=4808,i,13362250004166554751,131078330576348759,2097152 --field-trial-handle=1868,i,15514434203381647951,17821807702279388689,262144 --enable-features=msSingleSignOnOSForPrimaryAccountIsShared --disable-features=msEnhancedTrackingPreventionEnabled --variations-seed-version --pseudonymization-salt-handle=1884,i,14477360231411206170,9314674685075851636,4 --trace-process-track-uuid=3190709039723256887 --mojo-platform-channel-handle=3952 /prefetch:1
CurrentDirectory: C:\Program Files (x86)\Microsoft\EdgeWebView\Application\146.0.3856.109\
User: WIN10DEMO\jolly
LogonGuid: {9172be70-6dc0-69ec-2306-040000000000}
LogonId: 0x40623
TerminalSessionId: 1
IntegrityLevel: Low
Hashes: SHA1=516E5FF797C1E3424E641F74BC0A95CE21C11710,MD5=4D01E2CFBA75938D82A4AA45FFFEB291,SHA256=29CE36EA7A746028BC637095F1068BC29FAC83FC677716FF052B56E913DCE6B7,IMPHASH=82DA08246FA01D20B9DB5C9DDBE8B38C
ParentProcessGuid: {9172be70-6e0d-69ec-ef00-000000001f00}
ParentProcessId: 6348
ParentImage: C:\Program Files (x86)\Microsoft\EdgeWebView\Application\146.0.3856.109\msedgewebview2.exe
ParentCommandLine: ""C:\Program Files (x86)\Microsoft\EdgeWebView\Application\146.0.3856.109\msedgewebview2.exe"" --embedded-browser-webview=1 --webview-exe-name=M365Copilot.exe --webview-exe-version=19.2604.38251.0 --user-data-dir=""C:\Users\jolly\AppData\Local\Packages\Microsoft.MicrosoftOfficeHub_8wekyb3d8bbwe\LocalState\EBWebView"" --noerrdialogs --embedded-browser-webview-dpi-awareness=2 --disable-features=msEnhancedTrackingPreventionEnabled --enable-features=msSingleSignOnOSForPrimaryAccountIsShared --mojo-named-platform-channel-pipe=2408.3868.7952138114952833211
ParentUser: WIN10DEMO\jolly"
Information,4/25/2026 5:45:12 PM,Microsoft-Windows-Sysmon,17,Pipe Created (rule: PipeEvent),"Pipe Created:
RuleName: -
EventType: CreatePipe
UtcTime: 2026-04-25 07:45:12.249
ProcessGuid: {9172be70-6e0d-69ec-ef00-000000001f00}
ProcessId: 6348
PipeName: \LOCAL\mojo.6348.6428.1174598084586355903
Image: C:\Program Files (x86)\Microsoft\EdgeWebView\Application\146.0.3856.109\msedgewebview2.exe
User: WIN10DEMO\jolly"
Information,4/25/2026 5:45:12 PM,Microsoft-Windows-Sysmon,13,Registry value set (rule: RegistryEvent),"Registry value set:
RuleName: -
EventType: SetValue
UtcTime: 2026-04-25 07:45:12.230
ProcessGuid: {9172be70-7102-69ec-f503-000000001f00}
ProcessId: 2560
Image: C:\Users\jolly\AppData\Local\Microsoft\OneDrive\26.051.0316.0004\OneDrive.Sync.Service.exe
TargetObject: HKU\S-1-5-21-1156564983-231300539-2099510246-1000_Classes\msonedrivesyncserviceclient\shell\open\command\(Default)
Details: ""C:\Users\jolly\AppData\Local\Microsoft\OneDrive\26.051.0316.0004\OneDrive.Sync.Service.exe"" /protocol:""Incorrect function.""
User: WIN10DEMO\jolly"
Information,4/25/2026 5:45:12 PM,Microsoft-Windows-Sysmon,7,Image loaded (rule: ImageLoad),"Image loaded:
RuleName: technique_id=T1574.002,technique_name=DLL Side-Loading
UtcTime: 2026-04-25 07:45:12.151
ProcessGuid: {9172be70-7102-69ec-f503-000000001f00}
ProcessId: 2560
Image: C:\Users\jolly\AppData\Local\Microsoft\OneDrive\26.051.0316.0004\OneDrive.Sync.Service.exe
ImageLoaded: C:\Users\jolly\AppData\Local\Microsoft\OneDrive\26.051.0316.0004\OneDrive.Sync.Service.HttpSvr.dll
FileVersion: 26.051.0316.0004
Description: Microsoft OneDrive Sync Service HTTP Server
Product: Microsoft OneDrive Sync Service HTTP Server
Company: Microsoft Corporation
OriginalFileName: OneDrive.Sync.Service.HttpSvr.dll
Hashes: SHA1=BA19AF3ADC428AD4AFDCFFF6E533A5ABA70BCAA3,MD5=4402582CFF067C261815976FC65E6FF5,SHA256=4C73664CC1BAA6BCBEB53A439C8D2117157D21E7E8CB41FA424A1B4E0EE14F6E,IMPHASH=21EDE48C681819ACAB7AD296849E2DAD
Signed: true
Signature: Microsoft Corporation
SignatureStatus: Valid
User: WIN10DEMO\jolly"
Information,4/25/2026 5:45:10 PM,Microsoft-Windows-Sysmon,7,Image loaded (rule: ImageLoad),"Image loaded:
RuleName: technique_id=T1574.002,technique_name=DLL Side-Loading
UtcTime: 2026-04-25 07:45:10.816
ProcessGuid: {9172be70-7102-69ec-f503-000000001f00}
ProcessId: 2560
Image: C:\Users\jolly\AppData\Local\Microsoft\OneDrive\26.051.0316.0004\OneDrive.Sync.Service.exe
ImageLoaded: C:\Users\jolly\AppData\Local\Microsoft\OneDrive\26.051.0316.0004\FileSync.LocalizedResources.dll
FileVersion: 26.051.0316.0004
Description: Microsoft OneDrive
Product: Microsoft OneDrive
Company: Microsoft Corporation
OriginalFileName: FileSync.LocalizedResources.dll.mui
Hashes: SHA1=34C2579240BE37458868BAAB651404F8EC4048F4,MD5=BC38033C8A690D40CDCAF3E159F3E68D,SHA256=E9BAC0D3E0FE7B07D6E5920AE11662DAA83E3AA550428B3435EB43CDFB0CBDDF,IMPHASH=00000000000000000000000000000000
Signed: true
Signature: Microsoft Corporation
SignatureStatus: Valid
User: WIN10DEMO\jolly"
