Information,4/25/2026 5:40:51 PM,Microsoft-Windows-Sysmon,13,Registry value set (rule: RegistryEvent),"Registry value set:
RuleName: -
EventType: SetValue
UtcTime: 2026-04-25 07:40:51.701
ProcessGuid: {9172be70-6dcd-69ec-a300-000000001f00}
ProcessId: 5648
Image: C:\Windows\Explorer.EXE
TargetObject: HKLM\System\CurrentControlSet\Services\bam\State\UserSettings\S-1-5-21-1156564983-231300539-2099510246-1000\\Device\HarddiskVolume1\Program Files (x86)\Microsoft\Edge\Application\msedge.exe
Details: Binary Data
User: WIN10DEMO\jolly"
Information,4/25/2026 5:40:47 PM,Microsoft-Windows-Sysmon,11,File created (rule: FileCreate),"File created:
RuleName: -
UtcTime: 2026-04-25 07:40:47.947
ProcessGuid: {9172be70-6dcd-69ec-a300-000000001f00}
ProcessId: 5648
Image: C:\Windows\Explorer.EXE
TargetFilename: C:\$Recycle.Bin\S-1-5-21-1156564983-231300539-2099510246-1000\$IRS00GI.exe
CreationUtcTime: 2026-04-25 07:40:47.947
User: WIN10DEMO\jolly"
Information,4/25/2026 5:40:43 PM,Microsoft-Windows-Sysmon,13,Registry value set (rule: RegistryEvent),"Registry value set:
RuleName: -
EventType: SetValue
UtcTime: 2026-04-25 07:40:43.810
ProcessGuid: {9172be70-6ff7-69ec-c702-000000001f00}
ProcessId: 11128
Image: C:\Windows\system32\DllHost.exe
TargetObject: HKLM\System\CurrentControlSet\Services\bam\State\UserSettings\S-1-5-21-1156564983-231300539-2099510246-1000\\Device\HarddiskVolume1\Windows\System32\dllhost.exe
Details: Binary Data
User: WIN10DEMO\jolly"
Information,4/25/2026 5:40:39 PM,Microsoft-Windows-Sysmon,13,Registry value set (rule: RegistryEvent),"Registry value set:
RuleName: -
EventType: SetValue
UtcTime: 2026-04-25 07:40:39.354
ProcessGuid: {9172be70-6da9-69ec-0d00-000000001f00}
ProcessId: 844
Image: C:\Windows\system32\svchost.exe
TargetObject: HKLM\System\CurrentControlSet\Services\bam\State\UserSettings\S-1-5-21-1156564983-231300539-2099510246-1000\\Device\HarddiskVolume1\Windows\System32\dllhost.exe
Details: Binary Data
User: NT AUTHORITY\SYSTEM"
Information,4/25/2026 5:40:39 PM,Microsoft-Windows-Sysmon,1,Process Create (rule: ProcessCreate),"Process Create:
RuleName: technique_id=T1083,technique_name=File and Directory Discovery
UtcTime: 2026-04-25 07:40:39.232
ProcessGuid: {9172be70-6ff7-69ec-c602-000000001f00}
ProcessId: 11032
Image: C:\Windows\System32\svchost.exe
FileVersion: 10.0.19041.5794 (WinBuild.160101.0800)
Description: Host Process for Windows Services
Product: Microsoft® Windows® Operating System
Company: Microsoft Corporation
OriginalFileName: svchost.exe
CommandLine: C:\Windows\system32\svchost.exe -k LocalService -p -s fdPHost
CurrentDirectory: C:\Windows\system32\
User: NT AUTHORITY\LOCAL SERVICE
LogonGuid: {9172be70-6daa-69ec-e503-000000000000}
LogonId: 0x3E5
TerminalSessionId: 0
IntegrityLevel: System
Hashes: SHA1=BD4068A70BEEAE18195EDBDCD2837F2F43D254E6,MD5=3D1034D6ED3DAED60816A25C561E8C83,SHA256=B0B36BFF7AE4057F687D839CD4B3D81159AB646F1EE1B22106A927E93DECBB61,IMPHASH=F9BBD96FAE53B7A31264A703CAFA0666
ParentProcessGuid: {9172be70-6da8-69ec-0b00-000000001f00}
ParentProcessId: 696
ParentImage: C:\Windows\System32\services.exe
ParentCommandLine: C:\Windows\system32\services.exe
ParentUser: NT AUTHORITY\SYSTEM"
Information,4/25/2026 5:40:34 PM,Microsoft-Windows-Sysmon,13,Registry value set (rule: RegistryEvent),"Registry value set:
RuleName: -
EventType: SetValue
UtcTime: 2026-04-25 07:40:34.623
ProcessGuid: {9172be70-6fe6-69ec-a802-000000001f00}
ProcessId: 9440
Image: C:\Windows\SystemApps\Microsoft.Windows.SecHealthUI_cw5n1h2txyewy\SecHealthUI.exe
TargetObject: HKLM\System\CurrentControlSet\Services\bam\State\UserSettings\S-1-5-21-1156564983-231300539-2099510246-1000\Microsoft.Windows.SecHealthUI_cw5n1h2txyewy
Details: Binary Data
User: WIN10DEMO\jolly"
Information,4/25/2026 5:40:33 PM,Microsoft-Windows-Sysmon,13,Registry value set (rule: RegistryEvent),"Registry value set:
RuleName: -
EventType: SetValue
UtcTime: 2026-04-25 07:40:33.662
ProcessGuid: {9172be70-6db4-69ec-4900-000000001f00}
ProcessId: 3368
Image: C:\ProgramData\Microsoft\Windows Defender\Platform\4.18.26020.6-0\MsMpEng.exe
TargetObject: HKLM\System\CurrentControlSet\Services\WdFilter\Parameters\PreventPagingFileAbuse
Details: DWORD (0x00000001)
User: NT AUTHORITY\SYSTEM"
Information,4/25/2026 5:40:33 PM,Microsoft-Windows-Sysmon,7,Image loaded (rule: ImageLoad),"Image loaded:
RuleName: technique_id=T1574.002,technique_name=DLL Side-Loading
UtcTime: 2026-04-25 07:40:33.012
ProcessGuid: {9172be70-6ff0-69ec-bc02-000000001f00}
ProcessId: 10404
Image: C:\ProgramData\Microsoft\Windows Defender\Platform\4.18.26020.6-0\MpCmdRun.exe
ImageLoaded: C:\ProgramData\Microsoft\Windows Defender\Platform\4.18.26020.6-0\MpClient.dll
FileVersion: 4.18.26020.6 (cd0aebd7c18a68cd2e3af14a117b45b178d088f4)
Description: Client Interface
Product: Microsoft® Windows® Operating System
Company: Microsoft Corporation
OriginalFileName: mpclient.dll
Hashes: SHA1=29B7422450545201D4BFBD858E49C88B891768DB,MD5=4611F23F47E48782D6719BFC23F0D1B5,SHA256=94C025D51A74E961E30B4BC3D0CA4799E268F5150FCFDBA371701036D621C2F9,IMPHASH=BD14C65B8E87D3F1F2F5188307337110
Signed: true
Signature: Microsoft Windows
SignatureStatus: Valid
User: NT AUTHORITY\NETWORK SERVICE"
Information,4/25/2026 5:40:33 PM,Microsoft-Windows-Sysmon,7,Image loaded (rule: ImageLoad),"Image loaded:
RuleName: technique_id=T1574.002,technique_name=DLL Side-Loading
UtcTime: 2026-04-25 07:40:32.986
ProcessGuid: {9172be70-6ff0-69ec-bc02-000000001f00}
ProcessId: 10404
Image: C:\ProgramData\Microsoft\Windows Defender\Platform\4.18.26020.6-0\MpCmdRun.exe
ImageLoaded: C:\ProgramData\Microsoft\Windows Defender\Platform\4.18.26020.6-0\MpCmdRun.exe
FileVersion: 4.18.26020.6 (cd0aebd7c18a68cd2e3af14a117b45b178d088f4)
Description: Microsoft Malware Protection Command Line Utility
Product: Microsoft® Windows® Operating System
Company: Microsoft Corporation
OriginalFileName: MpCmdRun.exe
Hashes: SHA1=19055ED5BC5696D2633E0B08D1B11F9F3390AB76,MD5=08DCF3821C3A4CB3BD7C8D70C854417A,SHA256=3B5B209292376581B6EFFA0037A37CD5F431C9626F079D385761454C039A9912,IMPHASH=89F7FEA336DD2A0A8925B65181B71EB1
Signed: true
Signature: Microsoft Windows Publisher
SignatureStatus: Valid
User: NT AUTHORITY\NETWORK SERVICE"
Information,4/25/2026 5:40:32 PM,Microsoft-Windows-Sysmon,7,Image loaded (rule: ImageLoad),"Image loaded:
RuleName: technique_id=T1574.002,technique_name=DLL Side-Loading
UtcTime: 2026-04-25 07:40:32.892
ProcessGuid: {9172be70-6db4-69ec-4900-000000001f00}
ProcessId: 3368
Image: C:\ProgramData\Microsoft\Windows Defender\Platform\4.18.26020.6-0\MsMpEng.exe
ImageLoaded: C:\ProgramData\Microsoft\Windows Defender\Platform\4.18.26020.6-0\MpOAV.dll
FileVersion: 4.18.26020.6 (cd0aebd7c18a68cd2e3af14a117b45b178d088f4)
Description: IOfficeAntiVirus Module
Product: Microsoft® Windows® Operating System
Company: Microsoft Corporation
OriginalFileName: MpOAV.dll
Hashes: SHA1=8350F492FC8773C7AD990D4218D9AD1E0C7A3130,MD5=55DCD381DFBB9B84092E09B8D3A7A4CD,SHA256=4FE2F89B85BEE4455BECEF8450A6459B2F9AF50E991A86A8A863FA86AAC3F69E,IMPHASH=876F81A277BF4C5C958E4D3BDB07CFEB
Signed: true
Signature: Microsoft Windows
SignatureStatus: Valid
User: NT AUTHORITY\SYSTEM"
Information,4/25/2026 5:40:32 PM,Microsoft-Windows-Sysmon,7,Image loaded (rule: ImageLoad),"Image loaded:
RuleName: technique_id=T1059.001,technique_name=PowerShell
UtcTime: 2026-04-25 07:40:32.890
ProcessGuid: {9172be70-6db4-69ec-4900-000000001f00}
ProcessId: 3368
Image: C:\ProgramData\Microsoft\Windows Defender\Platform\4.18.26020.6-0\MsMpEng.exe
ImageLoaded: C:\Windows\System32\amsi.dll
FileVersion: 10.0.19041.4355 (WinBuild.160101.0800)
Description: Anti-Malware Scan Interface
Product: Microsoft® Windows® Operating System
Company: Microsoft Corporation
OriginalFileName: amsi.dll
Hashes: SHA1=347368018E1DAAF4F52C9A4119526313A82ECEEC,MD5=4933108BD5B3219F74AD807DFE8835AD,SHA256=66F7A134F6A4D9FE63DD7D6FF88DDED5796E4D5C7E33BA606DFF4D87D9258C0D,IMPHASH=C414C6B76EBCEEF67B5B752A7E51D4D2
Signed: true
Signature: Microsoft Windows
SignatureStatus: Valid
User: NT AUTHORITY\SYSTEM"
Information,4/25/2026 5:40:32 PM,Microsoft-Windows-Sysmon,13,Registry value set (rule: RegistryEvent),"Registry value set:
RuleName: -
EventType: SetValue
UtcTime: 2026-04-25 07:40:32.888
ProcessGuid: {9172be70-6da8-69ec-0b00-000000001f00}
ProcessId: 696
Image: C:\Windows\system32\services.exe
TargetObject: HKLM\System\CurrentControlSet\Services\WdNisDrv\Start
Details: DWORD (0x00000003)
User: NT AUTHORITY\SYSTEM"
Information,4/25/2026 5:40:31 PM,Microsoft-Windows-Sysmon,7,Image loaded (rule: ImageLoad),"Image loaded:
RuleName: technique_id=T1574.002,technique_name=DLL Side-Loading
UtcTime: 2026-04-25 07:40:31.123
ProcessGuid: {9172be70-6fee-69ec-b402-000000001f00}
ProcessId: 5508
Image: C:\Program Files\Splunk\bin\python3.13.exe
ImageLoaded: C:\ProgramData\Microsoft\Windows Defender\Platform\4.18.26020.6-0\MpOAV.dll
FileVersion: 4.18.26020.6 (cd0aebd7c18a68cd2e3af14a117b45b178d088f4)
Description: IOfficeAntiVirus Module
Product: Microsoft® Windows® Operating System
Company: Microsoft Corporation
OriginalFileName: MpOAV.dll
Hashes: SHA1=8350F492FC8773C7AD990D4218D9AD1E0C7A3130,MD5=55DCD381DFBB9B84092E09B8D3A7A4CD,SHA256=4FE2F89B85BEE4455BECEF8450A6459B2F9AF50E991A86A8A863FA86AAC3F69E,IMPHASH=876F81A277BF4C5C958E4D3BDB07CFEB
Signed: true
Signature: Microsoft Windows
SignatureStatus: Valid
User: NT AUTHORITY\SYSTEM"
Information,4/25/2026 5:40:31 PM,Microsoft-Windows-Sysmon,7,Image loaded (rule: ImageLoad),"Image loaded:
RuleName: technique_id=T1059.001,technique_name=PowerShell
UtcTime: 2026-04-25 07:40:31.115
ProcessGuid: {9172be70-6fee-69ec-b402-000000001f00}
ProcessId: 5508
Image: C:\Program Files\Splunk\bin\python3.13.exe
ImageLoaded: C:\Windows\System32\amsi.dll
FileVersion: 10.0.19041.4355 (WinBuild.160101.0800)
Description: Anti-Malware Scan Interface
Product: Microsoft® Windows® Operating System
Company: Microsoft Corporation
OriginalFileName: amsi.dll
Hashes: SHA1=347368018E1DAAF4F52C9A4119526313A82ECEEC,MD5=4933108BD5B3219F74AD807DFE8835AD,SHA256=66F7A134F6A4D9FE63DD7D6FF88DDED5796E4D5C7E33BA606DFF4D87D9258C0D,IMPHASH=C414C6B76EBCEEF67B5B752A7E51D4D2
Signed: true
Signature: Microsoft Windows
SignatureStatus: Valid
User: NT AUTHORITY\SYSTEM"
Information,4/25/2026 5:40:30 PM,Microsoft-Windows-Sysmon,7,Image loaded (rule: ImageLoad),"Image loaded:
RuleName: -
UtcTime: 2026-04-25 07:40:30.515
ProcessGuid: {9172be70-6fed-69ec-b302-000000001f00}
ProcessId: 4988
Image: C:\Windows\System32\consent.exe
ImageLoaded: C:\Windows\System32\urlmon.dll
FileVersion: 11.00.19041.6456 (WinBuild.160101.0800)
Description: OLE32 Extensions for Win32
Product: Internet Explorer
Company: Microsoft Corporation
OriginalFileName: UrlMon.dll
Hashes: SHA1=E20F47594B506E7F66451F86DC3D27ACFBE50690,MD5=4F65F3E866588D1F98279B80D79073D8,SHA256=BA66D852C1EE342E2863FFD42B01E1041CE099EADE6CCCBBB8E64C6475B8958E,IMPHASH=4572A0DE6D775598EF7BE4A1A20049FB
Signed: true
Signature: Microsoft Windows
SignatureStatus: Valid
User: NT AUTHORITY\SYSTEM"
Information,4/25/2026 5:40:29 PM,Microsoft-Windows-Sysmon,7,Image loaded (rule: ImageLoad),"Image loaded:
RuleName: technique_id=T1059.001,technique_name=PowerShell
UtcTime: 2026-04-25 07:40:29.631
ProcessGuid: {9172be70-6fed-69ec-b302-000000001f00}
ProcessId: 4988
Image: C:\Windows\System32\consent.exe
ImageLoaded: C:\Windows\System32\amsi.dll
FileVersion: 10.0.19041.4355 (WinBuild.160101.0800)
Description: Anti-Malware Scan Interface
Product: Microsoft® Windows® Operating System
Company: Microsoft Corporation
OriginalFileName: amsi.dll
Hashes: SHA1=347368018E1DAAF4F52C9A4119526313A82ECEEC,MD5=4933108BD5B3219F74AD807DFE8835AD,SHA256=66F7A134F6A4D9FE63DD7D6FF88DDED5796E4D5C7E33BA606DFF4D87D9258C0D,IMPHASH=C414C6B76EBCEEF67B5B752A7E51D4D2
Signed: true
Signature: Microsoft Windows
SignatureStatus: Valid
User: NT AUTHORITY\SYSTEM"
Information,4/25/2026 5:40:24 PM,Microsoft-Windows-Sysmon,1,Process Create (rule: ProcessCreate),"Process Create:
RuleName: technique_id=T1083,technique_name=File and Directory Discovery
UtcTime: 2026-04-25 07:40:24.307
ProcessGuid: {9172be70-6fe8-69ec-ad02-000000001f00}
ProcessId: 8556
Image: C:\Windows\System32\svchost.exe
FileVersion: 10.0.19041.5794 (WinBuild.160101.0800)
Description: Host Process for Windows Services
Product: Microsoft® Windows® Operating System
Company: Microsoft Corporation
OriginalFileName: svchost.exe
CommandLine: C:\Windows\system32\svchost.exe -k LocalServiceNetworkRestricted -p -s NgcCtnrSvc
CurrentDirectory: C:\Windows\system32\
User: NT AUTHORITY\LOCAL SERVICE
LogonGuid: {9172be70-6daa-69ec-e503-000000000000}
LogonId: 0x3E5
TerminalSessionId: 0
IntegrityLevel: System
Hashes: SHA1=BD4068A70BEEAE18195EDBDCD2837F2F43D254E6,MD5=3D1034D6ED3DAED60816A25C561E8C83,SHA256=B0B36BFF7AE4057F687D839CD4B3D81159AB646F1EE1B22106A927E93DECBB61,IMPHASH=F9BBD96FAE53B7A31264A703CAFA0666
ParentProcessGuid: {9172be70-6da8-69ec-0b00-000000001f00}
ParentProcessId: 696
ParentImage: C:\Windows\System32\services.exe
ParentCommandLine: C:\Windows\system32\services.exe
ParentUser: NT AUTHORITY\SYSTEM"
Information,4/25/2026 5:40:24 PM,Microsoft-Windows-Sysmon,1,Process Create (rule: ProcessCreate),"Process Create:
RuleName: technique_id=T1083,technique_name=File and Directory Discovery
UtcTime: 2026-04-25 07:40:24.200
ProcessGuid: {9172be70-6fe8-69ec-ac02-000000001f00}
ProcessId: 8648
Image: C:\Windows\System32\svchost.exe
FileVersion: 10.0.19041.5794 (WinBuild.160101.0800)
Description: Host Process for Windows Services
Product: Microsoft® Windows® Operating System
Company: Microsoft Corporation
OriginalFileName: svchost.exe
CommandLine: C:\Windows\system32\svchost.exe -k LocalSystemNetworkRestricted -p -s NgcSvc
CurrentDirectory: C:\Windows\system32\
User: NT AUTHORITY\SYSTEM
LogonGuid: {9172be70-6da8-69ec-e703-000000000000}
LogonId: 0x3E7
TerminalSessionId: 0
IntegrityLevel: System
Hashes: SHA1=BD4068A70BEEAE18195EDBDCD2837F2F43D254E6,MD5=3D1034D6ED3DAED60816A25C561E8C83,SHA256=B0B36BFF7AE4057F687D839CD4B3D81159AB646F1EE1B22106A927E93DECBB61,IMPHASH=F9BBD96FAE53B7A31264A703CAFA0666
ParentProcessGuid: {9172be70-6da8-69ec-0b00-000000001f00}
ParentProcessId: 696
ParentImage: C:\Windows\System32\services.exe
ParentCommandLine: C:\Windows\system32\services.exe
ParentUser: NT AUTHORITY\SYSTEM"
Information,4/25/2026 5:40:24 PM,Microsoft-Windows-Sysmon,7,Image loaded (rule: ImageLoad),"Image loaded:
RuleName: -
UtcTime: 2026-04-25 07:40:24.095
ProcessGuid: {9172be70-6fe7-69ec-ab02-000000001f00}
ProcessId: 2208
Image: C:\Windows\System32\smartscreen.exe
ImageLoaded: C:\Windows\System32\urlmon.dll
FileVersion: 11.00.19041.6456 (WinBuild.160101.0800)
Description: OLE32 Extensions for Win32
Product: Internet Explorer
Company: Microsoft Corporation
OriginalFileName: UrlMon.dll
Hashes: SHA1=E20F47594B506E7F66451F86DC3D27ACFBE50690,MD5=4F65F3E866588D1F98279B80D79073D8,SHA256=BA66D852C1EE342E2863FFD42B01E1041CE099EADE6CCCBBB8E64C6475B8958E,IMPHASH=4572A0DE6D775598EF7BE4A1A20049FB
Signed: true
Signature: Microsoft Windows
SignatureStatus: Valid
User: WIN10DEMO\jolly"
Information,4/25/2026 5:40:24 PM,Microsoft-Windows-Sysmon,7,Image loaded (rule: ImageLoad),"Image loaded:
RuleName: technique_id=T1574.002,technique_name=DLL Side-Loading
UtcTime: 2026-04-25 07:40:23.994
ProcessGuid: {9172be70-6df5-69ec-de00-000000001f00}
ProcessId: 6104
Image: C:\Windows\System32\SecurityHealthService.exe
ImageLoaded: C:\ProgramData\Microsoft\Windows Defender\Platform\4.18.26020.6-0\MpOAV.dll
FileVersion: 4.18.26020.6 (cd0aebd7c18a68cd2e3af14a117b45b178d088f4)
Description: IOfficeAntiVirus Module
Product: Microsoft® Windows® Operating System
Company: Microsoft Corporation
OriginalFileName: MpOAV.dll
Hashes: SHA1=8350F492FC8773C7AD990D4218D9AD1E0C7A3130,MD5=55DCD381DFBB9B84092E09B8D3A7A4CD,SHA256=4FE2F89B85BEE4455BECEF8450A6459B2F9AF50E991A86A8A863FA86AAC3F69E,IMPHASH=876F81A277BF4C5C958E4D3BDB07CFEB
Signed: true
Signature: Microsoft Windows
SignatureStatus: Valid
User: NT AUTHORITY\SYSTEM"
Information,4/25/2026 5:40:24 PM,Microsoft-Windows-Sysmon,7,Image loaded (rule: ImageLoad),"Image loaded:
RuleName: technique_id=T1059.001,technique_name=PowerShell
UtcTime: 2026-04-25 07:40:23.992
ProcessGuid: {9172be70-6df5-69ec-de00-000000001f00}
ProcessId: 6104
Image: C:\Windows\System32\SecurityHealthService.exe
ImageLoaded: C:\Windows\System32\amsi.dll
FileVersion: 10.0.19041.4355 (WinBuild.160101.0800)
Description: Anti-Malware Scan Interface
Product: Microsoft® Windows® Operating System
Company: Microsoft Corporation
OriginalFileName: amsi.dll
Hashes: SHA1=347368018E1DAAF4F52C9A4119526313A82ECEEC,MD5=4933108BD5B3219F74AD807DFE8835AD,SHA256=66F7A134F6A4D9FE63DD7D6FF88DDED5796E4D5C7E33BA606DFF4D87D9258C0D,IMPHASH=C414C6B76EBCEEF67B5B752A7E51D4D2
Signed: true
Signature: Microsoft Windows
SignatureStatus: Valid
User: NT AUTHORITY\SYSTEM"
Information,4/25/2026 5:40:23 PM,Microsoft-Windows-Sysmon,1,Process Create (rule: ProcessCreate),"Process Create:
RuleName: technique_id=T1083,technique_name=File and Directory Discovery
UtcTime: 2026-04-25 07:40:23.461
ProcessGuid: {9172be70-6fe7-69ec-a902-000000001f00}
ProcessId: 4688
Image: C:\Windows\System32\svchost.exe
FileVersion: 10.0.19041.5794 (WinBuild.160101.0800)
Description: Host Process for Windows Services
Product: Microsoft® Windows® Operating System
Company: Microsoft Corporation
OriginalFileName: svchost.exe
CommandLine: C:\Windows\system32\svchost.exe -k LocalService -p -s BthAvctpSvc
CurrentDirectory: C:\Windows\system32\
User: NT AUTHORITY\LOCAL SERVICE
LogonGuid: {9172be70-6daa-69ec-e503-000000000000}
LogonId: 0x3E5
TerminalSessionId: 0
IntegrityLevel: System
Hashes: SHA1=BD4068A70BEEAE18195EDBDCD2837F2F43D254E6,MD5=3D1034D6ED3DAED60816A25C561E8C83,SHA256=B0B36BFF7AE4057F687D839CD4B3D81159AB646F1EE1B22106A927E93DECBB61,IMPHASH=F9BBD96FAE53B7A31264A703CAFA0666
ParentProcessGuid: {9172be70-6da8-69ec-0b00-000000001f00}
ParentProcessId: 696
ParentImage: C:\Windows\System32\services.exe
ParentCommandLine: C:\Windows\system32\services.exe
ParentUser: NT AUTHORITY\SYSTEM"
Information,4/25/2026 5:40:23 PM,Microsoft-Windows-Sysmon,7,Image loaded (rule: ImageLoad),"Image loaded:
RuleName: -
UtcTime: 2026-04-25 07:40:23.077
ProcessGuid: {9172be70-6fe6-69ec-a802-000000001f00}
ProcessId: 9440
Image: C:\Windows\SystemApps\Microsoft.Windows.SecHealthUI_cw5n1h2txyewy\SecHealthUI.exe
ImageLoaded: C:\Windows\System32\urlmon.dll
FileVersion: 11.00.19041.6456 (WinBuild.160101.0800)
Description: OLE32 Extensions for Win32
Product: Internet Explorer
Company: Microsoft Corporation
OriginalFileName: UrlMon.dll
Hashes: SHA1=E20F47594B506E7F66451F86DC3D27ACFBE50690,MD5=4F65F3E866588D1F98279B80D79073D8,SHA256=BA66D852C1EE342E2863FFD42B01E1041CE099EADE6CCCBBB8E64C6475B8958E,IMPHASH=4572A0DE6D775598EF7BE4A1A20049FB
Signed: true
Signature: Microsoft Windows
SignatureStatus: Valid
User: WIN10DEMO\jolly"
Information,4/25/2026 5:40:22 PM,Microsoft-Windows-Sysmon,13,Registry value set (rule: RegistryEvent),"Registry value set:
RuleName: -
EventType: SetValue
UtcTime: 2026-04-25 07:40:22.258
ProcessGuid: {9172be70-6da9-69ec-0d00-000000001f00}
ProcessId: 844
Image: C:\Windows\system32\svchost.exe
TargetObject: HKLM\System\CurrentControlSet\Services\bam\State\UserSettings\S-1-5-21-1156564983-231300539-2099510246-1000\Microsoft.Windows.SecHealthUI_cw5n1h2txyewy
Details: Binary Data
User: NT AUTHORITY\SYSTEM"
Information,4/25/2026 5:40:22 PM,Microsoft-Windows-Sysmon,13,Registry value set (rule: RegistryEvent),"Registry value set:
RuleName: -
EventType: SetValue
UtcTime: 2026-04-25 07:40:22.243
ProcessGuid: {9172be70-6da9-69ec-0d00-000000001f00}
ProcessId: 844
Image: C:\Windows\system32\svchost.exe
TargetObject: HKLM\System\CurrentControlSet\Services\bam\State\UserSettings\S-1-5-21-1156564983-231300539-2099510246-1000\\Device\HarddiskVolume1\Windows\System32\ApplicationFrameHost.exe
Details: Binary Data
User: NT AUTHORITY\SYSTEM"
Information,4/25/2026 5:40:22 PM,Microsoft-Windows-Sysmon,22,Dns query (rule: DnsQuery),"Dns query:
RuleName: -
UtcTime: 2026-04-25 07:39:51.812
ProcessGuid: {9172be70-6ee3-69ec-8c01-000000001f00}
ProcessId: 9108
QueryName: ecs.office.com
QueryStatus: 1460
QueryResults: -
Image: C:\Users\jolly\AppData\Local\Microsoft\OneDrive\OneDriveStandaloneUpdater.exe
User: WIN10DEMO\jolly"
Information,4/25/2026 5:40:22 PM,Microsoft-Windows-Sysmon,7,Image loaded (rule: ImageLoad),"Image loaded:
RuleName: -
UtcTime: 2026-04-25 07:40:22.082
ProcessGuid: {9172be70-6dc6-69ec-7a00-000000001f00}
ProcessId: 4884
Image: C:\Windows\System32\sihost.exe
ImageLoaded: C:\Windows\System32\urlmon.dll
FileVersion: 11.00.19041.6456 (WinBuild.160101.0800)
Description: OLE32 Extensions for Win32
Product: Internet Explorer
Company: Microsoft Corporation
OriginalFileName: UrlMon.dll
Hashes: SHA1=E20F47594B506E7F66451F86DC3D27ACFBE50690,MD5=4F65F3E866588D1F98279B80D79073D8,SHA256=BA66D852C1EE342E2863FFD42B01E1041CE099EADE6CCCBBB8E64C6475B8958E,IMPHASH=4572A0DE6D775598EF7BE4A1A20049FB
Signed: true
Signature: Microsoft Windows
SignatureStatus: Valid
User: WIN10DEMO\jolly"
Information,4/25/2026 5:40:07 PM,Microsoft-Windows-Sysmon,17,Pipe Created (rule: PipeEvent),"Pipe Created:
RuleName: -
EventType: CreatePipe
UtcTime: 2026-04-25 07:40:07.428
ProcessGuid: {9172be70-6e0d-69ec-ef00-000000001f00}
ProcessId: 6348
PipeName: \LOCAL\mojo.6348.2104.672579152014937749
Image: C:\Program Files (x86)\Microsoft\EdgeWebView\Application\146.0.3856.109\msedgewebview2.exe
User: WIN10DEMO\jolly"
Information,4/25/2026 5:40:07 PM,Microsoft-Windows-Sysmon,17,Pipe Created (rule: PipeEvent),"Pipe Created:
RuleName: -
EventType: CreatePipe
UtcTime: 2026-04-25 07:40:07.424
ProcessGuid: {9172be70-6e0d-69ec-ef00-000000001f00}
ProcessId: 6348
PipeName: \LOCAL\mojo.6348.2104.16662868861521930949
Image: C:\Program Files (x86)\Microsoft\EdgeWebView\Application\146.0.3856.109\msedgewebview2.exe
User: WIN10DEMO\jolly"
Information,4/25/2026 5:40:07 PM,Microsoft-Windows-Sysmon,17,Pipe Created (rule: PipeEvent),"Pipe Created:
RuleName: -
EventType: CreatePipe
UtcTime: 2026-04-25 07:40:07.412
ProcessGuid: {9172be70-6e0d-69ec-ef00-000000001f00}
ProcessId: 6348
PipeName: \LOCAL\mojo.6348.2104.16258980288015464895
Image: C:\Program Files (x86)\Microsoft\EdgeWebView\Application\146.0.3856.109\msedgewebview2.exe
User: WIN10DEMO\jolly"
Information,4/25/2026 5:40:07 PM,Microsoft-Windows-Sysmon,17,Pipe Created (rule: PipeEvent),"Pipe Created:
RuleName: -
EventType: CreatePipe
UtcTime: 2026-04-25 07:40:07.378
ProcessGuid: {9172be70-6fd7-69ec-9702-000000001f00}
ProcessId: 9248
PipeName: \LOCAL\mojo.9248.4584.13984336676870663734
Image: C:\Program Files (x86)\Microsoft\EdgeWebView\Application\146.0.3856.109\msedgewebview2.exe
User: WIN10DEMO\jolly"
Information,4/25/2026 5:40:07 PM,Microsoft-Windows-Sysmon,17,Pipe Created (rule: PipeEvent),"Pipe Created:
RuleName: -
EventType: CreatePipe
UtcTime: 2026-04-25 07:40:07.324
ProcessGuid: {9172be70-6e0d-69ec-ef00-000000001f00}
ProcessId: 6348
PipeName: \LOCAL\mojo.6348.2104.14600278235355516141
Image: C:\Program Files (x86)\Microsoft\EdgeWebView\Application\146.0.3856.109\msedgewebview2.exe
User: WIN10DEMO\jolly"
Information,4/25/2026 5:40:07 PM,Microsoft-Windows-Sysmon,17,Pipe Created (rule: PipeEvent),"Pipe Created:
RuleName: -
EventType: CreatePipe
UtcTime: 2026-04-25 07:40:07.323
ProcessGuid: {9172be70-6e0d-69ec-ef00-000000001f00}
ProcessId: 6348
PipeName: \LOCAL\mojo.6348.2104.8639099785763342409
Image: C:\Program Files (x86)\Microsoft\EdgeWebView\Application\146.0.3856.109\msedgewebview2.exe
User: WIN10DEMO\jolly"
Information,4/25/2026 5:40:07 PM,Microsoft-Windows-Sysmon,17,Pipe Created (rule: PipeEvent),"Pipe Created:
RuleName: -
EventType: CreatePipe
UtcTime: 2026-04-25 07:40:07.323
ProcessGuid: {9172be70-6e0d-69ec-ef00-000000001f00}
ProcessId: 6348
PipeName: \LOCAL\mojo.6348.2104.3384451580846427197
Image: C:\Program Files (x86)\Microsoft\EdgeWebView\Application\146.0.3856.109\msedgewebview2.exe
User: WIN10DEMO\jolly"
Information,4/25/2026 5:40:07 PM,Microsoft-Windows-Sysmon,17,Pipe Created (rule: PipeEvent),"Pipe Created:
RuleName: -
EventType: CreatePipe
UtcTime: 2026-04-25 07:40:07.238
ProcessGuid: {9172be70-6e0d-69ec-ef00-000000001f00}
ProcessId: 6348
PipeName: \LOCAL\mojo.6348.2104.5852340382888015281
Image: C:\Program Files (x86)\Microsoft\EdgeWebView\Application\146.0.3856.109\msedgewebview2.exe
User: WIN10DEMO\jolly"
Information,4/25/2026 5:40:07 PM,Microsoft-Windows-Sysmon,1,Process Create (rule: ProcessCreate),"Process Create:
RuleName: technique_id=T1083,technique_name=File and Directory Discovery
UtcTime: 2026-04-25 07:40:07.226
ProcessGuid: {9172be70-6fd7-69ec-9702-000000001f00}
ProcessId: 9248
Image: C:\Program Files (x86)\Microsoft\EdgeWebView\Application\146.0.3856.109\msedgewebview2.exe
FileVersion: 146.0.3856.109
Description: Microsoft Edge WebView2
Product: Microsoft Edge WebView2
Company: Microsoft Corporation
OriginalFileName: msedgewebview2.exe
CommandLine: ""C:\Program Files (x86)\Microsoft\EdgeWebView\Application\146.0.3856.109\msedgewebview2.exe"" --type=renderer --noerrdialogs --user-data-dir=""C:\Users\jolly\AppData\Local\Packages\Microsoft.MicrosoftOfficeHub_8wekyb3d8bbwe\LocalState\EBWebView"" --webview-exe-name=M365Copilot.exe --webview-exe-version=19.2604.38251.0 --embedded-browser-webview=1 --embedded-browser-webview-dpi-awareness=2 --disable-gpu-compositing --video-capture-use-gpu-memory-buffer --lang=en-US --js-flags=--expose-gc --device-scale-factor=1 --num-raster-threads=2 --enable-main-frame-before-activation --renderer-client-id=44 --time-ticks-at-unix-epoch=-1777102076221678 --launch-time-ticks=686731003 --always-read-main-dll --metrics-shmem-handle=3948,i,5018099379388599534,1710395770525617625,2097152 --field-trial-handle=1868,i,15514434203381647951,17821807702279388689,262144 --enable-features=msSingleSignOnOSForPrimaryAccountIsShared --disable-features=msEnhancedTrackingPreventionEnabled --variations-seed-version --pseudonymization-salt-handle=1884,i,14477360231411206170,9314674685075851636,4 --trace-process-track-uuid=3190709027541712850 --mojo-platform-channel-handle=5072 /prefetch:1
CurrentDirectory: C:\Program Files (x86)\Microsoft\EdgeWebView\Application\146.0.3856.109\
User: WIN10DEMO\jolly
LogonGuid: {9172be70-6dc0-69ec-2306-040000000000}
LogonId: 0x40623
TerminalSessionId: 1
IntegrityLevel: Low
Hashes: SHA1=516E5FF797C1E3424E641F74BC0A95CE21C11710,MD5=4D01E2CFBA75938D82A4AA45FFFEB291,SHA256=29CE36EA7A746028BC637095F1068BC29FAC83FC677716FF052B56E913DCE6B7,IMPHASH=82DA08246FA01D20B9DB5C9DDBE8B38C
ParentProcessGuid: {9172be70-6e0d-69ec-ef00-000000001f00}
ParentProcessId: 6348
ParentImage: C:\Program Files (x86)\Microsoft\EdgeWebView\Application\146.0.3856.109\msedgewebview2.exe
ParentCommandLine: ""C:\Program Files (x86)\Microsoft\EdgeWebView\Application\146.0.3856.109\msedgewebview2.exe"" --embedded-browser-webview=1 --webview-exe-name=M365Copilot.exe --webview-exe-version=19.2604.38251.0 --user-data-dir=""C:\Users\jolly\AppData\Local\Packages\Microsoft.MicrosoftOfficeHub_8wekyb3d8bbwe\LocalState\EBWebView"" --noerrdialogs --embedded-browser-webview-dpi-awareness=2 --disable-features=msEnhancedTrackingPreventionEnabled --enable-features=msSingleSignOnOSForPrimaryAccountIsShared --mojo-named-platform-channel-pipe=2408.3868.7952138114952833211
ParentUser: WIN10DEMO\jolly"
Information,4/25/2026 5:40:07 PM,Microsoft-Windows-Sysmon,17,Pipe Created (rule: PipeEvent),"Pipe Created:
RuleName: -
EventType: CreatePipe
UtcTime: 2026-04-25 07:40:07.223
ProcessGuid: {9172be70-6e0d-69ec-ef00-000000001f00}
ProcessId: 6348
PipeName: \LOCAL\mojo.6348.6428.7220572789691324234
Image: C:\Program Files (x86)\Microsoft\EdgeWebView\Application\146.0.3856.109\msedgewebview2.exe
User: WIN10DEMO\jolly"
Information,4/25/2026 5:40:07 PM,Microsoft-Windows-Sysmon,17,Pipe Created (rule: PipeEvent),"Pipe Created:
RuleName: -
EventType: CreatePipe
UtcTime: 2026-04-25 07:40:07.216
ProcessGuid: {9172be70-6e0d-69ec-ef00-000000001f00}
ProcessId: 6348
PipeName: \LOCAL\mojo.6348.2104.419344765266628611
Image: C:\Program Files (x86)\Microsoft\EdgeWebView\Application\146.0.3856.109\msedgewebview2.exe
User: WIN10DEMO\jolly"
Information,4/25/2026 5:40:07 PM,Microsoft-Windows-Sysmon,17,Pipe Created (rule: PipeEvent),"Pipe Created:
RuleName: -
EventType: CreatePipe
UtcTime: 2026-04-25 07:40:07.186
ProcessGuid: {9172be70-6fd3-69ec-9502-000000001f00}
ProcessId: 2840
PipeName: \LOCAL\mojo.2840.8184.15731019986671717624
Image: C:\Program Files (x86)\Microsoft\EdgeWebView\Application\146.0.3856.109\msedgewebview2.exe
User: WIN10DEMO\jolly"
Information,4/25/2026 5:40:07 PM,Microsoft-Windows-Sysmon,17,Pipe Created (rule: PipeEvent),"Pipe Created:
RuleName: -
EventType: CreatePipe
UtcTime: 2026-04-25 07:40:07.139
ProcessGuid: {9172be70-6e0d-69ec-ef00-000000001f00}
ProcessId: 6348
PipeName: \LOCAL\mojo.6348.2104.17139436911374274911
Image: C:\Program Files (x86)\Microsoft\EdgeWebView\Application\146.0.3856.109\msedgewebview2.exe
User: WIN10DEMO\jolly"
Information,4/25/2026 5:40:04 PM,Microsoft-Windows-Sysmon,1,Process Create (rule: ProcessCreate),"Process Create:
RuleName: technique_id=T1083,technique_name=File and Directory Discovery
UtcTime: 2026-04-25 07:40:03.625
ProcessGuid: {9172be70-6fd3-69ec-9502-000000001f00}
ProcessId: 2840
Image: C:\Program Files (x86)\Microsoft\EdgeWebView\Application\146.0.3856.109\msedgewebview2.exe
FileVersion: 146.0.3856.109
Description: Microsoft Edge WebView2
Product: Microsoft Edge WebView2
Company: Microsoft Corporation
OriginalFileName: msedgewebview2.exe
CommandLine: ""C:\Program Files (x86)\Microsoft\EdgeWebView\Application\146.0.3856.109\msedgewebview2.exe"" --type=renderer --noerrdialogs --user-data-dir=""C:\Users\jolly\AppData\Local\Packages\Microsoft.MicrosoftOfficeHub_8wekyb3d8bbwe\LocalState\EBWebView"" --webview-exe-name=M365Copilot.exe --webview-exe-version=19.2604.38251.0 --embedded-browser-webview=1 --embedded-browser-webview-dpi-awareness=2 --disable-gpu-compositing --video-capture-use-gpu-memory-buffer --lang=en-US --js-flags=--expose-gc --device-scale-factor=1 --num-raster-threads=2 --enable-main-frame-before-activation --renderer-client-id=43 --time-ticks-at-unix-epoch=-1777102076221678 --launch-time-ticks=683320151 --always-read-main-dll --metrics-shmem-handle=4416,i,15003811018536129863,7592042533369921324,2097152 --field-trial-handle=1868,i,15514434203381647951,17821807702279388689,262144 --enable-features=msSingleSignOnOSForPrimaryAccountIsShared --disable-features=msEnhancedTrackingPreventionEnabled --variations-seed-version --pseudonymization-salt-handle=1884,i,14477360231411206170,9314674685075851636,4 --trace-process-track-uuid=3190709026604671001 --mojo-platform-channel-handle=3548 /prefetch:1
CurrentDirectory: C:\Program Files (x86)\Microsoft\EdgeWebView\Application\146.0.3856.109\
User: WIN10DEMO\jolly
LogonGuid: {9172be70-6dc0-69ec-2306-040000000000}
LogonId: 0x40623
TerminalSessionId: 1
IntegrityLevel: Low
Hashes: SHA1=516E5FF797C1E3424E641F74BC0A95CE21C11710,MD5=4D01E2CFBA75938D82A4AA45FFFEB291,SHA256=29CE36EA7A746028BC637095F1068BC29FAC83FC677716FF052B56E913DCE6B7,IMPHASH=82DA08246FA01D20B9DB5C9DDBE8B38C
ParentProcessGuid: {9172be70-6e0d-69ec-ef00-000000001f00}
ParentProcessId: 6348
ParentImage: C:\Program Files (x86)\Microsoft\EdgeWebView\Application\146.0.3856.109\msedgewebview2.exe
ParentCommandLine: ""C:\Program Files (x86)\Microsoft\EdgeWebView\Application\146.0.3856.109\msedgewebview2.exe"" --embedded-browser-webview=1 --webview-exe-name=M365Copilot.exe --webview-exe-version=19.2604.38251.0 --user-data-dir=""C:\Users\jolly\AppData\Local\Packages\Microsoft.MicrosoftOfficeHub_8wekyb3d8bbwe\LocalState\EBWebView"" --noerrdialogs --embedded-browser-webview-dpi-awareness=2 --disable-features=msEnhancedTrackingPreventionEnabled --enable-features=msSingleSignOnOSForPrimaryAccountIsShared --mojo-named-platform-channel-pipe=2408.3868.7952138114952833211
ParentUser: WIN10DEMO\jolly"
Information,4/25/2026 5:40:03 PM,Microsoft-Windows-Sysmon,17,Pipe Created (rule: PipeEvent),"Pipe Created:
RuleName: -
EventType: CreatePipe
UtcTime: 2026-04-25 07:40:03.622
ProcessGuid: {9172be70-6e0d-69ec-ef00-000000001f00}
ProcessId: 6348
PipeName: \LOCAL\mojo.6348.6428.3530759577864751022
Image: C:\Program Files (x86)\Microsoft\EdgeWebView\Application\146.0.3856.109\msedgewebview2.exe
User: WIN10DEMO\jolly"
Information,4/25/2026 5:40:03 PM,Microsoft-Windows-Sysmon,1,Process Create (rule: ProcessCreate),"Process Create:
RuleName: technique_id=T1083,technique_name=File and Directory Discovery
UtcTime: 2026-04-25 07:40:03.576
ProcessGuid: {9172be70-6fd3-69ec-9402-000000001f00}
ProcessId: 9032
Image: C:\Program Files (x86)\Microsoft\EdgeWebView\Application\146.0.3856.109\msedgewebview2.exe
FileVersion: 146.0.3856.109
Description: Microsoft Edge WebView2
Product: Microsoft Edge WebView2
Company: Microsoft Corporation
OriginalFileName: msedgewebview2.exe
CommandLine: ""C:\Program Files (x86)\Microsoft\EdgeWebView\Application\146.0.3856.109\msedgewebview2.exe"" --type=renderer --noerrdialogs --user-data-dir=""C:\Users\jolly\AppData\Local\Packages\Microsoft.MicrosoftOfficeHub_8wekyb3d8bbwe\LocalState\EBWebView"" --webview-exe-name=M365Copilot.exe --webview-exe-version=19.2604.38251.0 --embedded-browser-webview=1 --embedded-browser-webview-dpi-awareness=2 --disable-gpu-compositing --video-capture-use-gpu-memory-buffer --lang=en-US --js-flags=--expose-gc --device-scale-factor=1 --num-raster-threads=2 --enable-main-frame-before-activation --renderer-client-id=42 --time-ticks-at-unix-epoch=-1777102076221678 --launch-time-ticks=683273585 --always-read-main-dll --metrics-shmem-handle=5064,i,1015816477773895893,4552171485358159989,2097152 --field-trial-handle=1868,i,15514434203381647951,17821807702279388689,262144 --enable-features=msSingleSignOnOSForPrimaryAccountIsShared --disable-features=msEnhancedTrackingPreventionEnabled --variations-seed-version --pseudonymization-salt-handle=1884,i,14477360231411206170,9314674685075851636,4 --trace-process-track-uuid=3190709025667629152 --mojo-platform-channel-handle=3452 /prefetch:1
CurrentDirectory: C:\Program Files (x86)\Microsoft\EdgeWebView\Application\146.0.3856.109\
User: WIN10DEMO\jolly
LogonGuid: {9172be70-6dc0-69ec-2306-040000000000}
LogonId: 0x40623
TerminalSessionId: 1
IntegrityLevel: Low
Hashes: SHA1=516E5FF797C1E3424E641F74BC0A95CE21C11710,MD5=4D01E2CFBA75938D82A4AA45FFFEB291,SHA256=29CE36EA7A746028BC637095F1068BC29FAC83FC677716FF052B56E913DCE6B7,IMPHASH=82DA08246FA01D20B9DB5C9DDBE8B38C
ParentProcessGuid: {9172be70-6e0d-69ec-ef00-000000001f00}
ParentProcessId: 6348
ParentImage: C:\Program Files (x86)\Microsoft\EdgeWebView\Application\146.0.3856.109\msedgewebview2.exe
ParentCommandLine: ""C:\Program Files (x86)\Microsoft\EdgeWebView\Application\146.0.3856.109\msedgewebview2.exe"" --embedded-browser-webview=1 --webview-exe-name=M365Copilot.exe --webview-exe-version=19.2604.38251.0 --user-data-dir=""C:\Users\jolly\AppData\Local\Packages\Microsoft.MicrosoftOfficeHub_8wekyb3d8bbwe\LocalState\EBWebView"" --noerrdialogs --embedded-browser-webview-dpi-awareness=2 --disable-features=msEnhancedTrackingPreventionEnabled --enable-features=msSingleSignOnOSForPrimaryAccountIsShared --mojo-named-platform-channel-pipe=2408.3868.7952138114952833211
ParentUser: WIN10DEMO\jolly"
Information,4/25/2026 5:40:03 PM,Microsoft-Windows-Sysmon,17,Pipe Created (rule: PipeEvent),"Pipe Created:
RuleName: -
EventType: CreatePipe
UtcTime: 2026-04-25 07:40:03.573
ProcessGuid: {9172be70-6e0d-69ec-ef00-000000001f00}
ProcessId: 6348
PipeName: \LOCAL\mojo.6348.6428.8989129124592570701
Image: C:\Program Files (x86)\Microsoft\EdgeWebView\Application\146.0.3856.109\msedgewebview2.exe
User: WIN10DEMO\jolly"
Information,4/25/2026 5:39:34 PM,Microsoft-Windows-Sysmon,22,Dns query (rule: DnsQuery),"Dns query:
RuleName: -
UtcTime: 2026-04-25 07:39:06.729
ProcessGuid: {9172be70-6fb3-69ec-7602-000000001f00}
ProcessId: 7324
QueryName: wpad
QueryStatus: 123
QueryResults: -
Image: C:\Program Files (x86)\Microsoft\EdgeWebView\Application\146.0.3856.109\msedgewebview2.exe
User: WIN10DEMO\jolly"
Information,4/25/2026 5:39:33 PM,Microsoft-Windows-Sysmon,22,Dns query (rule: DnsQuery),"Dns query:
RuleName: -
UtcTime: 2026-04-25 07:39:06.720
ProcessGuid: {9172be70-6fb3-69ec-7602-000000001f00}
ProcessId: 7324
QueryName: wpad
QueryStatus: 123
QueryResults: -
Image: C:\Program Files (x86)\Microsoft\EdgeWebView\Application\146.0.3856.109\msedgewebview2.exe
User: WIN10DEMO\jolly"
Information,4/25/2026 5:39:33 PM,Microsoft-Windows-Sysmon,22,Dns query (rule: DnsQuery),"Dns query:
RuleName: -
UtcTime: 2026-04-25 07:39:06.713
ProcessGuid: {9172be70-6fb3-69ec-7602-000000001f00}
ProcessId: 7324
QueryName: wpad
QueryStatus: 123
QueryResults: -
Image: C:\Program Files (x86)\Microsoft\EdgeWebView\Application\146.0.3856.109\msedgewebview2.exe
User: WIN10DEMO\jolly"
Information,4/25/2026 5:39:32 PM,Microsoft-Windows-Sysmon,17,Pipe Created (rule: PipeEvent),"Pipe Created:
RuleName: -
EventType: CreatePipe
UtcTime: 2026-04-25 07:39:32.262
ProcessGuid: {9172be70-6fb0-69ec-7002-000000001f00}
ProcessId: 4084
PipeName: \LOCAL\mojo.4084.8124.12623517346048863993
Image: C:\Program Files (x86)\Microsoft\EdgeWebView\Application\146.0.3856.109\msedgewebview2.exe
User: WIN10DEMO\jolly"
Information,4/25/2026 5:39:31 PM,Microsoft-Windows-Sysmon,17,Pipe Created (rule: PipeEvent),"Pipe Created:
RuleName: -
EventType: CreatePipe
UtcTime: 2026-04-25 07:39:31.893
ProcessGuid: {9172be70-6fb0-69ec-7002-000000001f00}
ProcessId: 4084
PipeName: \LOCAL\mojo.4084.8124.11508917948653910605
Image: C:\Program Files (x86)\Microsoft\EdgeWebView\Application\146.0.3856.109\msedgewebview2.exe
User: WIN10DEMO\jolly"
Information,4/25/2026 5:39:31 PM,Microsoft-Windows-Sysmon,17,Pipe Created (rule: PipeEvent),"Pipe Created:
RuleName: -
EventType: CreatePipe
UtcTime: 2026-04-25 07:39:31.880
ProcessGuid: {9172be70-6fb0-69ec-7002-000000001f00}
ProcessId: 4084
PipeName: \LOCAL\mojo.4084.8124.3420891209365297870
Image: C:\Program Files (x86)\Microsoft\EdgeWebView\Application\146.0.3856.109\msedgewebview2.exe
User: WIN10DEMO\jolly"
Information,4/25/2026 5:39:31 PM,Microsoft-Windows-Sysmon,17,Pipe Created (rule: PipeEvent),"Pipe Created:
RuleName: -
EventType: CreatePipe
UtcTime: 2026-04-25 07:39:31.877
ProcessGuid: {9172be70-6fb3-69ec-7802-000000001f00}
ProcessId: 2988
PipeName: \LOCAL\mojo.2988.2388.7430811978741040371
Image: C:\Program Files (x86)\Microsoft\EdgeWebView\Application\146.0.3856.109\msedgewebview2.exe
User: WIN10DEMO\jolly"
Information,4/25/2026 5:39:31 PM,Microsoft-Windows-Sysmon,13,Registry value set (rule: RegistryEvent),"Registry value set:
RuleName: -
EventType: SetValue
UtcTime: 2026-04-25 07:39:31.600
ProcessGuid: {9172be70-6fb0-69ec-7002-000000001f00}
ProcessId: 4084
Image: C:\Program Files (x86)\Microsoft\EdgeWebView\Application\146.0.3856.109\msedgewebview2.exe
TargetObject: HKLM\System\CurrentControlSet\Services\bam\State\UserSettings\S-1-5-21-1156564983-231300539-2099510246-1000\Microsoft.Windows.Search_cw5n1h2txyewy
Details: Binary Data
User: WIN10DEMO\jolly"
Information,4/25/2026 5:39:31 PM,Microsoft-Windows-Sysmon,17,Pipe Created (rule: PipeEvent),"Pipe Created:
RuleName: -
EventType: CreatePipe
UtcTime: 2026-04-25 07:39:31.466
ProcessGuid: {9172be70-6fb0-69ec-7002-000000001f00}
ProcessId: 4084
PipeName: \LOCAL\mojo.4084.6824.8306822091301166914
Image: C:\Program Files (x86)\Microsoft\EdgeWebView\Application\146.0.3856.109\msedgewebview2.exe
User: WIN10DEMO\jolly"
Information,4/25/2026 5:39:31 PM,Microsoft-Windows-Sysmon,13,Registry value set (rule: RegistryEvent),"Registry value set:
RuleName: -
EventType: SetValue
UtcTime: 2026-04-25 07:39:31.304
ProcessGuid: {9172be70-6fb0-69ec-7002-000000001f00}
ProcessId: 4084
Image: C:\Program Files (x86)\Microsoft\EdgeWebView\Application\146.0.3856.109\msedgewebview2.exe
TargetObject: HKLM\System\CurrentControlSet\Services\bam\State\UserSettings\S-1-5-21-1156564983-231300539-2099510246-1000\Microsoft.Windows.Search_cw5n1h2txyewy
Details: Binary Data
User: WIN10DEMO\jolly"
Information,4/25/2026 5:39:31 PM,Microsoft-Windows-Sysmon,17,Pipe Created (rule: PipeEvent),"Pipe Created:
RuleName: -
EventType: CreatePipe
UtcTime: 2026-04-25 07:39:31.172
ProcessGuid: {9172be70-6fb0-69ec-7002-000000001f00}
ProcessId: 4084
PipeName: \LOCAL\mojo.4084.6824.18006547302225265998
Image: C:\Program Files (x86)\Microsoft\EdgeWebView\Application\146.0.3856.109\msedgewebview2.exe
User: WIN10DEMO\jolly"
Information,4/25/2026 5:39:31 PM,Microsoft-Windows-Sysmon,13,Registry value set (rule: RegistryEvent),"Registry value set:
RuleName: -
EventType: SetValue
UtcTime: 2026-04-25 07:39:31.041
ProcessGuid: {9172be70-6fb0-69ec-7002-000000001f00}
ProcessId: 4084
Image: C:\Program Files (x86)\Microsoft\EdgeWebView\Application\146.0.3856.109\msedgewebview2.exe
TargetObject: HKLM\System\CurrentControlSet\Services\bam\State\UserSettings\S-1-5-21-1156564983-231300539-2099510246-1000\Microsoft.Windows.Search_cw5n1h2txyewy
Details: Binary Data
User: WIN10DEMO\jolly"
Information,4/25/2026 5:39:31 PM,Microsoft-Windows-Sysmon,17,Pipe Created (rule: PipeEvent),"Pipe Created:
RuleName: -
EventType: CreatePipe
UtcTime: 2026-04-25 07:39:31.025
ProcessGuid: {9172be70-6fb0-69ec-7002-000000001f00}
ProcessId: 4084
PipeName: \LOCAL\mojo.4084.6824.10625238899581198121
Image: C:\Program Files (x86)\Microsoft\EdgeWebView\Application\146.0.3856.109\msedgewebview2.exe
User: WIN10DEMO\jolly"
Information,4/25/2026 5:39:30 PM,Microsoft-Windows-Sysmon,13,Registry value set (rule: RegistryEvent),"Registry value set:
RuleName: -
EventType: SetValue
UtcTime: 2026-04-25 07:39:30.948
ProcessGuid: {9172be70-6fb0-69ec-7002-000000001f00}
ProcessId: 4084
Image: C:\Program Files (x86)\Microsoft\EdgeWebView\Application\146.0.3856.109\msedgewebview2.exe
TargetObject: HKLM\System\CurrentControlSet\Services\bam\State\UserSettings\S-1-5-21-1156564983-231300539-2099510246-1000\Microsoft.Windows.Search_cw5n1h2txyewy
Details: Binary Data
User: WIN10DEMO\jolly"
Information,4/25/2026 5:39:30 PM,Microsoft-Windows-Sysmon,17,Pipe Created (rule: PipeEvent),"Pipe Created:
RuleName: -
EventType: CreatePipe
UtcTime: 2026-04-25 07:39:30.919
ProcessGuid: {9172be70-6fb0-69ec-7002-000000001f00}
ProcessId: 4084
PipeName: \LOCAL\mojo.4084.6824.689024012055468669
Image: C:\Program Files (x86)\Microsoft\EdgeWebView\Application\146.0.3856.109\msedgewebview2.exe
User: WIN10DEMO\jolly"
Information,4/25/2026 5:39:30 PM,Microsoft-Windows-Sysmon,13,Registry value set (rule: RegistryEvent),"Registry value set:
RuleName: -
EventType: SetValue
UtcTime: 2026-04-25 07:39:30.586
ProcessGuid: {9172be70-6fb0-69ec-7002-000000001f00}
ProcessId: 4084
Image: C:\Program Files (x86)\Microsoft\EdgeWebView\Application\146.0.3856.109\msedgewebview2.exe
TargetObject: HKLM\System\CurrentControlSet\Services\bam\State\UserSettings\S-1-5-21-1156564983-231300539-2099510246-1000\Microsoft.Windows.Search_cw5n1h2txyewy
Details: Binary Data
User: WIN10DEMO\jolly"
Information,4/25/2026 5:39:30 PM,Microsoft-Windows-Sysmon,17,Pipe Created (rule: PipeEvent),"Pipe Created:
RuleName: -
EventType: CreatePipe
UtcTime: 2026-04-25 07:39:30.540
ProcessGuid: {9172be70-6fb0-69ec-7002-000000001f00}
ProcessId: 4084
PipeName: \LOCAL\crashpad_4084_AFRUTRCFBBFFYYVR
Image: C:\Program Files (x86)\Microsoft\EdgeWebView\Application\146.0.3856.109\msedgewebview2.exe
User: WIN10DEMO\jolly"
Information,4/25/2026 5:39:28 PM,Microsoft-Windows-Sysmon,13,Registry value set (rule: RegistryEvent),"Registry value set:
RuleName: -
EventType: SetValue
UtcTime: 2026-04-25 07:39:28.835
ProcessGuid: {9172be70-6fae-69ec-6e02-000000001f00}
ProcessId: 4448
Image: C:\Windows\SystemApps\Microsoft.Windows.Search_cw5n1h2txyewy\SearchApp.exe
TargetObject: HKLM\System\CurrentControlSet\Services\bam\State\UserSettings\S-1-5-21-1156564983-231300539-2099510246-1000\Microsoft.Windows.Search_cw5n1h2txyewy
Details: Binary Data
User: WIN10DEMO\jolly"
Information,4/25/2026 5:39:28 PM,Microsoft-Windows-Sysmon,17,Pipe Created (rule: PipeEvent),"Pipe Created:
RuleName: -
EventType: CreatePipe
UtcTime: 2026-04-25 07:39:28.817
ProcessGuid: {9172be70-6fae-69ec-6e02-000000001f00}
ProcessId: 4448
PipeName: \LOCAL\mojo.4448.4124.18191026950171175983
Image: C:\Windows\SystemApps\Microsoft.Windows.Search_cw5n1h2txyewy\SearchApp.exe
User: WIN10DEMO\jolly"
Information,4/25/2026 5:39:27 PM,Microsoft-Windows-Sysmon,7,Image loaded (rule: ImageLoad),"Image loaded:
RuleName: technique_id=T1574.002,technique_name=DLL Side-Loading
UtcTime: 2026-04-25 07:39:27.859
ProcessGuid: {9172be70-6faf-69ec-6f02-000000001f00}
ProcessId: 8700
Image: C:\Program Files\Splunk\bin\python3.13.exe
ImageLoaded: C:\ProgramData\Microsoft\Windows Defender\Platform\4.18.26020.6-0\MpOAV.dll
FileVersion: 4.18.26020.6 (cd0aebd7c18a68cd2e3af14a117b45b178d088f4)
Description: IOfficeAntiVirus Module
Product: Microsoft® Windows® Operating System
Company: Microsoft Corporation
OriginalFileName: MpOAV.dll
Hashes: SHA1=8350F492FC8773C7AD990D4218D9AD1E0C7A3130,MD5=55DCD381DFBB9B84092E09B8D3A7A4CD,SHA256=4FE2F89B85BEE4455BECEF8450A6459B2F9AF50E991A86A8A863FA86AAC3F69E,IMPHASH=876F81A277BF4C5C958E4D3BDB07CFEB
Signed: true
Signature: Microsoft Windows
SignatureStatus: Valid
User: NT AUTHORITY\SYSTEM"
Information,4/25/2026 5:39:27 PM,Microsoft-Windows-Sysmon,7,Image loaded (rule: ImageLoad),"Image loaded:
RuleName: technique_id=T1059.001,technique_name=PowerShell
UtcTime: 2026-04-25 07:39:27.855
ProcessGuid: {9172be70-6faf-69ec-6f02-000000001f00}
ProcessId: 8700
Image: C:\Program Files\Splunk\bin\python3.13.exe
ImageLoaded: C:\Windows\System32\amsi.dll
FileVersion: 10.0.19041.4355 (WinBuild.160101.0800)
Description: Anti-Malware Scan Interface
Product: Microsoft® Windows® Operating System
Company: Microsoft Corporation
OriginalFileName: amsi.dll
Hashes: SHA1=347368018E1DAAF4F52C9A4119526313A82ECEEC,MD5=4933108BD5B3219F74AD807DFE8835AD,SHA256=66F7A134F6A4D9FE63DD7D6FF88DDED5796E4D5C7E33BA606DFF4D87D9258C0D,IMPHASH=C414C6B76EBCEEF67B5B752A7E51D4D2
Signed: true
Signature: Microsoft Windows
SignatureStatus: Valid
User: NT AUTHORITY\SYSTEM"
Information,4/25/2026 5:39:27 PM,Microsoft-Windows-Sysmon,7,Image loaded (rule: ImageLoad),"Image loaded:
RuleName: -
UtcTime: 2026-04-25 07:39:27.763
ProcessGuid: {9172be70-6fae-69ec-6e02-000000001f00}
ProcessId: 4448
Image: C:\Windows\SystemApps\Microsoft.Windows.Search_cw5n1h2txyewy\SearchApp.exe
ImageLoaded: C:\Windows\System32\urlmon.dll
FileVersion: 11.00.19041.6456 (WinBuild.160101.0800)
Description: OLE32 Extensions for Win32
Product: Internet Explorer
Company: Microsoft Corporation
OriginalFileName: UrlMon.dll
Hashes: SHA1=E20F47594B506E7F66451F86DC3D27ACFBE50690,MD5=4F65F3E866588D1F98279B80D79073D8,SHA256=BA66D852C1EE342E2863FFD42B01E1041CE099EADE6CCCBBB8E64C6475B8958E,IMPHASH=4572A0DE6D775598EF7BE4A1A20049FB
Signed: true
Signature: Microsoft Windows
SignatureStatus: Valid
User: WIN10DEMO\jolly"
Information,4/25/2026 5:39:26 PM,Microsoft-Windows-Sysmon,13,Registry value set (rule: RegistryEvent),"Registry value set:
RuleName: -
EventType: SetValue
UtcTime: 2026-04-25 07:39:26.244
ProcessGuid: {9172be70-6da9-69ec-0d00-000000001f00}
ProcessId: 844
Image: C:\Windows\system32\svchost.exe
TargetObject: HKLM\System\CurrentControlSet\Services\bam\State\UserSettings\S-1-5-21-1156564983-231300539-2099510246-1000\Microsoft.Windows.Search_cw5n1h2txyewy
Details: Binary Data
User: NT AUTHORITY\SYSTEM"
Information,4/25/2026 5:38:56 PM,Microsoft-Windows-Sysmon,17,Pipe Created (rule: PipeEvent),"Pipe Created:
RuleName: -
EventType: CreatePipe
UtcTime: 2026-04-25 07:38:56.203
ProcessGuid: {9172be70-6e0d-69ec-ef00-000000001f00}
ProcessId: 6348
PipeName: \LOCAL\mojo.6348.2104.8563004756615432360
Image: C:\Program Files (x86)\Microsoft\EdgeWebView\Application\146.0.3856.109\msedgewebview2.exe
User: WIN10DEMO\jolly"
Information,4/25/2026 5:38:56 PM,Microsoft-Windows-Sysmon,17,Pipe Created (rule: PipeEvent),"Pipe Created:
RuleName: -
EventType: CreatePipe
UtcTime: 2026-04-25 07:38:56.197
ProcessGuid: {9172be70-6e0d-69ec-ef00-000000001f00}
ProcessId: 6348
PipeName: \LOCAL\mojo.6348.2104.1686650684950649058
Image: C:\Program Files (x86)\Microsoft\EdgeWebView\Application\146.0.3856.109\msedgewebview2.exe
User: WIN10DEMO\jolly"
Information,4/25/2026 5:38:56 PM,Microsoft-Windows-Sysmon,17,Pipe Created (rule: PipeEvent),"Pipe Created:
RuleName: -
EventType: CreatePipe
UtcTime: 2026-04-25 07:38:56.192
ProcessGuid: {9172be70-6e0d-69ec-ef00-000000001f00}
ProcessId: 6348
PipeName: \LOCAL\mojo.6348.2104.15139300019793071883
Image: C:\Program Files (x86)\Microsoft\EdgeWebView\Application\146.0.3856.109\msedgewebview2.exe
User: WIN10DEMO\jolly"
Information,4/25/2026 5:38:56 PM,Microsoft-Windows-Sysmon,17,Pipe Created (rule: PipeEvent),"Pipe Created:
RuleName: -
EventType: CreatePipe
UtcTime: 2026-04-25 07:38:56.138
ProcessGuid: {9172be70-6f90-69ec-5502-000000001f00}
ProcessId: 8668
PipeName: \LOCAL\mojo.8668.8440.17490901133969474470
Image: C:\Program Files (x86)\Microsoft\EdgeWebView\Application\146.0.3856.109\msedgewebview2.exe
User: WIN10DEMO\jolly"
Information,4/25/2026 5:38:56 PM,Microsoft-Windows-Sysmon,17,Pipe Created (rule: PipeEvent),"Pipe Created:
RuleName: -
EventType: CreatePipe
UtcTime: 2026-04-25 07:38:56.111
ProcessGuid: {9172be70-6e0d-69ec-ef00-000000001f00}
ProcessId: 6348
PipeName: \LOCAL\mojo.6348.2104.15973028110107419539
Image: C:\Program Files (x86)\Microsoft\EdgeWebView\Application\146.0.3856.109\msedgewebview2.exe
User: WIN10DEMO\jolly"
Information,4/25/2026 5:38:56 PM,Microsoft-Windows-Sysmon,17,Pipe Created (rule: PipeEvent),"Pipe Created:
RuleName: -
EventType: CreatePipe
UtcTime: 2026-04-25 07:38:56.108
ProcessGuid: {9172be70-6e0d-69ec-ef00-000000001f00}
ProcessId: 6348
PipeName: \LOCAL\mojo.6348.2104.11538806003668416200
Image: C:\Program Files (x86)\Microsoft\EdgeWebView\Application\146.0.3856.109\msedgewebview2.exe
User: WIN10DEMO\jolly"
