Information,4/25/2026 5:32:34 PM,Microsoft-Windows-Sysmon,7,Image loaded (rule: ImageLoad),"Image loaded:
RuleName: technique_id=T1574.002,technique_name=DLL Side-Loading
UtcTime: 2026-04-25 07:32:33.090
ProcessGuid: {9172be70-6e0f-69ec-f200-000000001f00}
ProcessId: 2232
Image: C:\Users\jolly\AppData\Local\Microsoft\OneDrive\26.051.0316.0004\FileCoAuth.exe
ImageLoaded: C:\Users\jolly\AppData\Local\Microsoft\OneDrive\26.051.0316.0004\FileSyncFSCache.dll
FileVersion: 26.051.0316.0004
Description: Microsoft OneDriveFile Sync FS Cache
Product: Microsoft OneDrive
Company: Microsoft Corporation
OriginalFileName: FileSyncFSCache.dll
Hashes: SHA1=8FDA80FCD5199A17B423ACB7C8810A489A15A0B2,MD5=2E562A5EA375590F8828F4D90802496C,SHA256=FE184BDF0229196523D9633E7095C2020D9C8C658D634B165BE6AFF0C0A23C39,IMPHASH=77601DD1149416E9EC8EED52BFCFFB47
Signed: true
Signature: Microsoft Corporation
SignatureStatus: Valid
User: WIN10DEMO\jolly"
Information,4/25/2026 5:32:33 PM,Microsoft-Windows-Sysmon,7,Image loaded (rule: ImageLoad),"Image loaded:
RuleName: technique_id=T1574.002,technique_name=DLL Side-Loading
UtcTime: 2026-04-25 07:32:24.541
ProcessGuid: {9172be70-6df6-69ec-e300-000000001f00}
ProcessId: 5776
Image: C:\Users\jolly\AppData\Local\Microsoft\OneDrive\OneDrive.exe
ImageLoaded: C:\Users\jolly\AppData\Local\Microsoft\OneDrive\26.051.0316.0004\FileSyncFSDbfsWB.dll
FileVersion: 26.051.0316.0004
Description: Microsoft OneDriveFile Sync FS DBFS WB
Product: Microsoft OneDrive
Company: Microsoft Corporation
OriginalFileName: FileSyncFSDbfsWB.dll
Hashes: SHA1=4AA9193502CF76A8145768D956422DDAB805301F,MD5=10C85786A485DBD58906C0668B57DA1A,SHA256=8CD528721D72EC8FDAD5D454FBCF1F637273564A5A0A77B65DCB4DF9A5B5917D,IMPHASH=B75A9E5718EBA82A6B0441812F04C173
Signed: true
Signature: Microsoft Corporation
SignatureStatus: Valid
User: WIN10DEMO\jolly"
Information,4/25/2026 5:32:33 PM,Microsoft-Windows-Sysmon,7,Image loaded (rule: ImageLoad),"Image loaded:
RuleName: technique_id=T1574.002,technique_name=DLL Side-Loading
UtcTime: 2026-04-25 07:32:33.090
ProcessGuid: {9172be70-6e0f-69ec-f200-000000001f00}
ProcessId: 2232
Image: C:\Users\jolly\AppData\Local\Microsoft\OneDrive\26.051.0316.0004\FileCoAuth.exe
ImageLoaded: C:\Users\jolly\AppData\Local\Microsoft\OneDrive\26.051.0316.0004\FileSyncFSDbfsWB.dll
FileVersion: 26.051.0316.0004
Description: Microsoft OneDriveFile Sync FS DBFS WB
Product: Microsoft OneDrive
Company: Microsoft Corporation
OriginalFileName: FileSyncFSDbfsWB.dll
Hashes: SHA1=4AA9193502CF76A8145768D956422DDAB805301F,MD5=10C85786A485DBD58906C0668B57DA1A,SHA256=8CD528721D72EC8FDAD5D454FBCF1F637273564A5A0A77B65DCB4DF9A5B5917D,IMPHASH=B75A9E5718EBA82A6B0441812F04C173
Signed: true
Signature: Microsoft Corporation
SignatureStatus: Valid
User: WIN10DEMO\jolly"
Information,4/25/2026 5:32:33 PM,Microsoft-Windows-Sysmon,7,Image loaded (rule: ImageLoad),"Image loaded:
RuleName: technique_id=T1574.002,technique_name=DLL Side-Loading
UtcTime: 2026-04-25 07:32:24.348
ProcessGuid: {9172be70-6df6-69ec-e300-000000001f00}
ProcessId: 5776
Image: C:\Users\jolly\AppData\Local\Microsoft\OneDrive\OneDrive.exe
ImageLoaded: C:\Users\jolly\AppData\Local\Microsoft\OneDrive\26.051.0316.0004\FileSyncFSNtfsWB.dll
FileVersion: 26.051.0316.0004
Description: Microsoft OneDriveFile Sync FS NTFS WB
Product: Microsoft OneDrive
Company: Microsoft Corporation
OriginalFileName: FileSyncFSNtfsWB.dll
Hashes: SHA1=F07256DFBF648D8DACB111B0813CA83DE1CCD4F9,MD5=B7EE82011E0B5B64859A735F6FF49F5C,SHA256=5F3C1F7EA1155A38F1F05D5324F56710C20BD68C148A74B8522A17E46DF61472,IMPHASH=F6A343BD226DAFE2C945D511DC729B59
Signed: true
Signature: Microsoft Corporation
SignatureStatus: Valid
User: WIN10DEMO\jolly"
Information,4/25/2026 5:32:33 PM,Microsoft-Windows-Sysmon,7,Image loaded (rule: ImageLoad),"Image loaded:
RuleName: technique_id=T1574.002,technique_name=DLL Side-Loading
UtcTime: 2026-04-25 07:32:33.090
ProcessGuid: {9172be70-6e0f-69ec-f200-000000001f00}
ProcessId: 2232
Image: C:\Users\jolly\AppData\Local\Microsoft\OneDrive\26.051.0316.0004\FileCoAuth.exe
ImageLoaded: C:\Users\jolly\AppData\Local\Microsoft\OneDrive\26.051.0316.0004\FileSyncFSNtfsWB.dll
FileVersion: 26.051.0316.0004
Description: Microsoft OneDriveFile Sync FS NTFS WB
Product: Microsoft OneDrive
Company: Microsoft Corporation
OriginalFileName: FileSyncFSNtfsWB.dll
Hashes: SHA1=F07256DFBF648D8DACB111B0813CA83DE1CCD4F9,MD5=B7EE82011E0B5B64859A735F6FF49F5C,SHA256=5F3C1F7EA1155A38F1F05D5324F56710C20BD68C148A74B8522A17E46DF61472,IMPHASH=F6A343BD226DAFE2C945D511DC729B59
Signed: true
Signature: Microsoft Corporation
SignatureStatus: Valid
User: WIN10DEMO\jolly"
Information,4/25/2026 5:32:33 PM,Microsoft-Windows-Sysmon,7,Image loaded (rule: ImageLoad),"Image loaded:
RuleName: technique_id=T1574.002,technique_name=DLL Side-Loading
UtcTime: 2026-04-25 07:32:24.097
ProcessGuid: {9172be70-6df6-69ec-e300-000000001f00}
ProcessId: 5776
Image: C:\Users\jolly\AppData\Local\Microsoft\OneDrive\OneDrive.exe
ImageLoaded: C:\Users\jolly\AppData\Local\Microsoft\OneDrive\26.051.0316.0004\FileSyncFSNtfs.dll
FileVersion: 26.051.0316.0004
Description: Microsoft OneDriveFile Sync FS NTFS
Product: Microsoft OneDrive
Company: Microsoft Corporation
OriginalFileName: FileSyncFSNtfs.dll
Hashes: SHA1=1E9F3A72F046C43C311BB34AABA3C7CBF6C34149,MD5=7393BC69BDC7B9E87E70969EC5713F89,SHA256=B830F5CBAE5C3CD441604C87F34F37B4DC8169D6DFA32898023F053C5021902E,IMPHASH=EF11FAEB9AF9C0C7B77AB2B678798B3E
Signed: true
Signature: Microsoft Corporation
SignatureStatus: Valid
User: WIN10DEMO\jolly"
Information,4/25/2026 5:32:33 PM,Microsoft-Windows-Sysmon,7,Image loaded (rule: ImageLoad),"Image loaded:
RuleName: technique_id=T1574.002,technique_name=DLL Side-Loading
UtcTime: 2026-04-25 07:32:33.090
ProcessGuid: {9172be70-6e0f-69ec-f200-000000001f00}
ProcessId: 2232
Image: C:\Users\jolly\AppData\Local\Microsoft\OneDrive\26.051.0316.0004\FileCoAuth.exe
ImageLoaded: C:\Users\jolly\AppData\Local\Microsoft\OneDrive\26.051.0316.0004\FileSyncFSNtfs.dll
FileVersion: 26.051.0316.0004
Description: Microsoft OneDriveFile Sync FS NTFS
Product: Microsoft OneDrive
Company: Microsoft Corporation
OriginalFileName: FileSyncFSNtfs.dll
Hashes: SHA1=1E9F3A72F046C43C311BB34AABA3C7CBF6C34149,MD5=7393BC69BDC7B9E87E70969EC5713F89,SHA256=B830F5CBAE5C3CD441604C87F34F37B4DC8169D6DFA32898023F053C5021902E,IMPHASH=EF11FAEB9AF9C0C7B77AB2B678798B3E
Signed: true
Signature: Microsoft Corporation
SignatureStatus: Valid
User: WIN10DEMO\jolly"
Information,4/25/2026 5:32:33 PM,Microsoft-Windows-Sysmon,11,File created (rule: FileCreate),"File created:
RuleName: technique_id=T1574.010,technique_name=Services File Permissions Weakness
UtcTime: 2026-04-25 07:32:33.741
ProcessGuid: {9172be70-6df5-69ec-df00-000000001f00}
ProcessId: 6108
Image: C:\Windows\system32\sppsvc.exe
TargetFilename: C:\Windows\System32\spp\store\2.0\cache\cache.dat
CreationUtcTime: 2026-03-16 17:39:54.911
User: NT AUTHORITY\NETWORK SERVICE"
Information,4/25/2026 5:32:33 PM,Microsoft-Windows-Sysmon,7,Image loaded (rule: ImageLoad),"Image loaded:
RuleName: technique_id=T1574.002,technique_name=DLL Side-Loading
UtcTime: 2026-04-25 07:32:22.789
ProcessGuid: {9172be70-6df6-69ec-e300-000000001f00}
ProcessId: 5776
Image: C:\Users\jolly\AppData\Local\Microsoft\OneDrive\OneDrive.exe
ImageLoaded: C:\Users\jolly\AppData\Local\Microsoft\OneDrive\26.051.0316.0004\FileSyncCxPImpl.dll
FileVersion: 26.051.0316.0004
Description: File Sync CxP Impl.dll
Product: Microsoft OneDrive
Company: Microsoft Corporation
OriginalFileName: FileSyncCxPImpl.dll
Hashes: SHA1=0C60E3BA0D072712AA21BBBF852959200A1014F2,MD5=B4C86AB3CAF6335CE93B725A9BB224D9,SHA256=358F692D6E14AE3E718DDF6FA5F9DE220897C3123BCBEBE75318326F2D4CC703,IMPHASH=2D7BF595828C4F67D746B7C76CD58C53
Signed: true
Signature: Microsoft Corporation
SignatureStatus: Valid
User: WIN10DEMO\jolly"
Information,4/25/2026 5:32:33 PM,Microsoft-Windows-Sysmon,13,Registry value set (rule: RegistryEvent),"Registry value set:
RuleName: technique_id=T1053,technique_name=Scheduled Task
EventType: SetValue
UtcTime: 2026-04-25 07:32:33.646
ProcessGuid: {9172be70-6dab-69ec-1d00-000000001f00}
ProcessId: 1300
Image: C:\Windows\system32\svchost.exe
TargetObject: HKLM\SOFTWARE\Microsoft\Windows NT\CurrentVersion\Schedule\TaskCache\Tree\Microsoft\Windows\SoftwareProtectionPlatform\SvcRestartTask\Index
Details: DWORD (0x00000003)
User: NT AUTHORITY\SYSTEM"
Information,4/25/2026 5:32:33 PM,Microsoft-Windows-Sysmon,7,Image loaded (rule: ImageLoad),"Image loaded:
RuleName: technique_id=T1574.002,technique_name=DLL Side-Loading
UtcTime: 2026-04-25 07:32:22.045
ProcessGuid: {9172be70-6df6-69ec-e300-000000001f00}
ProcessId: 5776
Image: C:\Users\jolly\AppData\Local\Microsoft\OneDrive\OneDrive.exe
ImageLoaded: C:\Users\jolly\AppData\Local\Microsoft\OneDrive\26.051.0316.0004\libssl-3-x64.dll
FileVersion: 3.4.4
Description: OpenSSL library
Product: The OpenSSL Toolkit
Company: The OpenSSL Project, https://www.openssl.org/
OriginalFileName: libssl
Hashes: SHA1=68434B9A2E66D5977B06A1BF8B6EAA06A8EEB73D,MD5=F0DDB3811C10379E87407CF44EB43D4D,SHA256=2217D7CC9FA8958F00980DDBA71CC53E873E8A9BA37911F49DD4FE1886FB1BA3,IMPHASH=A2EF3C6311D51154B288E323695013A3
Signed: true
Signature: Microsoft Corporation
SignatureStatus: Valid
User: WIN10DEMO\jolly"
Information,4/25/2026 5:32:33 PM,Microsoft-Windows-Sysmon,7,Image loaded (rule: ImageLoad),"Image loaded:
RuleName: technique_id=T1574.002,technique_name=DLL Side-Loading
UtcTime: 2026-04-25 07:32:21.683
ProcessGuid: {9172be70-6df6-69ec-e300-000000001f00}
ProcessId: 5776
Image: C:\Users\jolly\AppData\Local\Microsoft\OneDrive\OneDrive.exe
ImageLoaded: C:\Users\jolly\AppData\Local\Microsoft\OneDrive\26.051.0316.0004\Qt5QmlModels.dll
FileVersion: 5.15.3.0
Description: C++ Application Development Framework
Product: Qt5
Company: The Qt Company Ltd.
OriginalFileName: Qt5QmlModels.dll
Hashes: SHA1=0BC83A516792F3BDF98EFFB21AF639AE619470B1,MD5=92D5E2F2DA8B8736E54B891B5ECFFF6C,SHA256=3E812F3296A6346F9735B64E271E814CE77592BC7C2456072560DDB1AC3FBC60,IMPHASH=EC0757A85F40F432202714A028CD57DE
Signed: true
Signature: Microsoft Corporation
SignatureStatus: Valid
User: WIN10DEMO\jolly"
Information,4/25/2026 5:32:33 PM,Microsoft-Windows-Sysmon,7,Image loaded (rule: ImageLoad),"Image loaded:
RuleName: technique_id=T1574.002,technique_name=DLL Side-Loading
UtcTime: 2026-04-25 07:32:21.612
ProcessGuid: {9172be70-6df6-69ec-e300-000000001f00}
ProcessId: 5776
Image: C:\Users\jolly\AppData\Local\Microsoft\OneDrive\OneDrive.exe
ImageLoaded: C:\Users\jolly\AppData\Local\Microsoft\OneDrive\26.051.0316.0004\libcrypto-3-x64.dll
FileVersion: 3.4.4
Description: OpenSSL library
Product: The OpenSSL Toolkit
Company: The OpenSSL Project, https://www.openssl.org/
OriginalFileName: libcrypto
Hashes: SHA1=6CBEDA3FF6A6B1623B54EC271F838D105A68AE7D,MD5=3E666D78EF8E704567A8D8970276544C,SHA256=21F8D93E76094CF1FC82B16B2F39DEB8313D9C70CAE6E366C8A959DEF55D907D,IMPHASH=3D5F43443BE7B86CD2FFB54A54E7791F
Signed: true
Signature: Microsoft Corporation
SignatureStatus: Valid
User: WIN10DEMO\jolly"
Information,4/25/2026 5:32:33 PM,Microsoft-Windows-Sysmon,7,Image loaded (rule: ImageLoad),"Image loaded:
RuleName: technique_id=T1574.002,technique_name=DLL Side-Loading
UtcTime: 2026-04-25 07:32:21.639
ProcessGuid: {9172be70-6df6-69ec-e300-000000001f00}
ProcessId: 5776
Image: C:\Users\jolly\AppData\Local\Microsoft\OneDrive\OneDrive.exe
ImageLoaded: C:\Users\jolly\AppData\Local\Microsoft\OneDrive\26.051.0316.0004\libcrypto-3-x64.dll
FileVersion: 3.4.4
Description: OpenSSL library
Product: The OpenSSL Toolkit
Company: The OpenSSL Project, https://www.openssl.org/
OriginalFileName: libcrypto
Hashes: SHA1=6CBEDA3FF6A6B1623B54EC271F838D105A68AE7D,MD5=3E666D78EF8E704567A8D8970276544C,SHA256=21F8D93E76094CF1FC82B16B2F39DEB8313D9C70CAE6E366C8A959DEF55D907D,IMPHASH=3D5F43443BE7B86CD2FFB54A54E7791F
Signed: true
Signature: Microsoft Corporation
SignatureStatus: Valid
User: WIN10DEMO\jolly"
Information,4/25/2026 5:32:33 PM,Microsoft-Windows-Sysmon,7,Image loaded (rule: ImageLoad),"Image loaded:
RuleName: technique_id=T1574.002,technique_name=DLL Side-Loading
UtcTime: 2026-04-25 07:32:21.489
ProcessGuid: {9172be70-6df6-69ec-e300-000000001f00}
ProcessId: 5776
Image: C:\Users\jolly\AppData\Local\Microsoft\OneDrive\OneDrive.exe
ImageLoaded: C:\Users\jolly\AppData\Local\Microsoft\OneDrive\26.051.0316.0004\msvcp140_1.dll
FileVersion: 14.50.35717.0
Description: Microsoft® C Runtime Library _1
Product: Microsoft® Visual Studio®
Company: Microsoft Corporation
OriginalFileName: msvcp140_1.dll
Hashes: SHA1=DC6E6AF48A345FD7E356B649304C62F6233F4494,MD5=549BA38B446A2F0F34CEB65FBD85DADD,SHA256=1E75B08C55259F4B47394705D42415B7062B101D32EA3D6A49BD2403EB6E2117,IMPHASH=352796F1F7570154D7AD437B89055D08
Signed: true
Signature: Microsoft Corporation
SignatureStatus: Valid
User: WIN10DEMO\jolly"
Information,4/25/2026 5:32:33 PM,Microsoft-Windows-Sysmon,7,Image loaded (rule: ImageLoad),"Image loaded:
RuleName: technique_id=T1574.002,technique_name=DLL Side-Loading
UtcTime: 2026-04-25 07:32:21.489
ProcessGuid: {9172be70-6df6-69ec-e300-000000001f00}
ProcessId: 5776
Image: C:\Users\jolly\AppData\Local\Microsoft\OneDrive\OneDrive.exe
ImageLoaded: C:\Users\jolly\AppData\Local\Microsoft\OneDrive\26.051.0316.0004\msvcp140_1.dll
FileVersion: 14.50.35717.0
Description: Microsoft® C Runtime Library _1
Product: Microsoft® Visual Studio®
Company: Microsoft Corporation
OriginalFileName: msvcp140_1.dll
Hashes: SHA1=DC6E6AF48A345FD7E356B649304C62F6233F4494,MD5=549BA38B446A2F0F34CEB65FBD85DADD,SHA256=1E75B08C55259F4B47394705D42415B7062B101D32EA3D6A49BD2403EB6E2117,IMPHASH=352796F1F7570154D7AD437B89055D08
Signed: true
Signature: Microsoft Corporation
SignatureStatus: Valid
User: WIN10DEMO\jolly"
Information,4/25/2026 5:32:33 PM,Microsoft-Windows-Sysmon,7,Image loaded (rule: ImageLoad),"Image loaded:
RuleName: technique_id=T1574.002,technique_name=DLL Side-Loading
UtcTime: 2026-04-25 07:32:21.473
ProcessGuid: {9172be70-6df6-69ec-e300-000000001f00}
ProcessId: 5776
Image: C:\Users\jolly\AppData\Local\Microsoft\OneDrive\OneDrive.exe
ImageLoaded: C:\Users\jolly\AppData\Local\Microsoft\OneDrive\26.051.0316.0004\Qt5Network.dll
FileVersion: 5.15.3.0
Description: C++ Application Development Framework
Product: Qt5
Company: The Qt Company Ltd.
OriginalFileName: Qt5Network.dll
Hashes: SHA1=E463B3D4CF13ECFDBBF8A93E6BF5BF6DF5BDC633,MD5=B71349F3DB5278A763AD2F071E6BC477,SHA256=790108C50DFB50A04FCAC1765C51ECBB9DACC93D950E79CA052D69E556A693E8,IMPHASH=8E7C0897AC5491A147C85BDE29AB12FA
Signed: true
Signature: Microsoft Corporation
SignatureStatus: Valid
User: WIN10DEMO\jolly"
Information,4/25/2026 5:32:33 PM,Microsoft-Windows-Sysmon,7,Image loaded (rule: ImageLoad),"Image loaded:
RuleName: technique_id=T1574.002,technique_name=DLL Side-Loading
UtcTime: 2026-04-25 07:32:21.447
ProcessGuid: {9172be70-6df6-69ec-e300-000000001f00}
ProcessId: 5776
Image: C:\Users\jolly\AppData\Local\Microsoft\OneDrive\OneDrive.exe
ImageLoaded: C:\Users\jolly\AppData\Local\Microsoft\OneDrive\26.051.0316.0004\WnsClientApi.dll
FileVersion: 26.051.0316.0004
Description: OneDrive WNS Client Library
Product: Microsoft OneDrive
Company: Microsoft Corporation
OriginalFileName: WnsClientApi.dll
Hashes: SHA1=7D4EA8A8532DEF607509E9BE73CCEB9F0D1405F3,MD5=F3B200B8F3144E86946C85C1AA307325,SHA256=D1FB7920418C3F50512E37C3EB2C50A9FD089D9C256824F537D88E2480046077,IMPHASH=1398C8F637417421252A3165EE871E56
Signed: true
Signature: Microsoft Corporation
SignatureStatus: Valid
User: WIN10DEMO\jolly"
Information,4/25/2026 5:32:33 PM,Microsoft-Windows-Sysmon,7,Image loaded (rule: ImageLoad),"Image loaded:
RuleName: technique_id=T1574.002,technique_name=DLL Side-Loading
UtcTime: 2026-04-25 07:32:20.794
ProcessGuid: {9172be70-6df6-69ec-e300-000000001f00}
ProcessId: 5776
Image: C:\Users\jolly\AppData\Local\Microsoft\OneDrive\OneDrive.exe
ImageLoaded: C:\Users\jolly\AppData\Local\Microsoft\OneDrive\26.051.0316.0004\Qt5Quick.dll
FileVersion: 5.15.3.0
Description: C++ Application Development Framework
Product: Qt5
Company: The Qt Company Ltd.
OriginalFileName: Qt5Quick.dll
Hashes: SHA1=E97F28C5F4BCF0632042C99634F9EBD52F669EAA,MD5=9175CDC0B8E8260528CEDF79865AFD6F,SHA256=3143281E914DC2ADC31F80962A15DE364C9042497F715600900DD55A19C5867C,IMPHASH=BE20D6A752025814B3D55E4CA4721C3D
Signed: true
Signature: Microsoft Corporation
SignatureStatus: Valid
User: WIN10DEMO\jolly"
Information,4/25/2026 5:32:33 PM,Microsoft-Windows-Sysmon,7,Image loaded (rule: ImageLoad),"Image loaded:
RuleName: technique_id=T1574.002,technique_name=DLL Side-Loading
UtcTime: 2026-04-25 07:32:20.794
ProcessGuid: {9172be70-6df6-69ec-e300-000000001f00}
ProcessId: 5776
Image: C:\Users\jolly\AppData\Local\Microsoft\OneDrive\OneDrive.exe
ImageLoaded: C:\Users\jolly\AppData\Local\Microsoft\OneDrive\26.051.0316.0004\Qt5WinExtras.dll
FileVersion: 5.15.3.0
Description: C++ Application Development Framework
Product: Qt5
Company: The Qt Company Ltd.
OriginalFileName: Qt5WinExtras.dll
Hashes: SHA1=9AF226F9F01A1C10077F62F01AA940B8A49F1384,MD5=B1E4845B5165F3CC17691D3819F8160E,SHA256=D68382500E106112F0851A2F7F23DBC656280D3C532A4A47EE1B8F55C914D002,IMPHASH=8A87E9B7628A534B4CE350548DD75508
Signed: true
Signature: Microsoft Corporation
SignatureStatus: Valid
User: WIN10DEMO\jolly"
Information,4/25/2026 5:32:33 PM,Microsoft-Windows-Sysmon,7,Image loaded (rule: ImageLoad),"Image loaded:
RuleName: technique_id=T1574.002,technique_name=DLL Side-Loading
UtcTime: 2026-04-25 07:32:20.724
ProcessGuid: {9172be70-6df6-69ec-e300-000000001f00}
ProcessId: 5776
Image: C:\Users\jolly\AppData\Local\Microsoft\OneDrive\OneDrive.exe
ImageLoaded: C:\Users\jolly\AppData\Local\Microsoft\OneDrive\26.051.0316.0004\Qt5Gui.dll
FileVersion: 5.15.3.0
Description: C++ Application Development Framework
Product: Qt5
Company: The Qt Company Ltd.
OriginalFileName: Qt5Gui.dll
Hashes: SHA1=11066A48510630760B750440EDE4A68258A4FFC1,MD5=3BCA571EB34DCF0DD9FB79207EFBF92A,SHA256=24D065B4E514BED8120264609C64E7D0F7C6910D283029049E651FD92EAF2AC5,IMPHASH=7503CC221DECC68B8387F89E330449BE
Signed: true
Signature: Microsoft Corporation
SignatureStatus: Valid
User: WIN10DEMO\jolly"
Information,4/25/2026 5:32:33 PM,Microsoft-Windows-Sysmon,7,Image loaded (rule: ImageLoad),"Image loaded:
RuleName: technique_id=T1574.002,technique_name=DLL Side-Loading
UtcTime: 2026-04-25 07:32:20.644
ProcessGuid: {9172be70-6df6-69ec-e300-000000001f00}
ProcessId: 5776
Image: C:\Users\jolly\AppData\Local\Microsoft\OneDrive\OneDrive.exe
ImageLoaded: C:\Users\jolly\AppData\Local\Microsoft\OneDrive\26.051.0316.0004\Qt5Widgets.dll
FileVersion: 5.15.3.0
Description: C++ Application Development Framework
Product: Qt5
Company: The Qt Company Ltd.
OriginalFileName: Qt5Widgets.dll
Hashes: SHA1=32B53E8A21D05F320F6ABC6B07FF4D6F84011C51,MD5=7B10619D8BCE94A3FD8B5E9E6AEEE785,SHA256=D81BFB4FFFCDE757802899FE371A4BAB994A7C46C861B2D18B465AB8304EC29F,IMPHASH=D55460174FB68B4B984D588C09E804E1
Signed: true
Signature: Microsoft Corporation
SignatureStatus: Valid
User: WIN10DEMO\jolly"
Information,4/25/2026 5:32:33 PM,Microsoft-Windows-Sysmon,7,Image loaded (rule: ImageLoad),"Image loaded:
RuleName: technique_id=T1574.002,technique_name=DLL Side-Loading
UtcTime: 2026-04-25 07:32:20.593
ProcessGuid: {9172be70-6df6-69ec-e300-000000001f00}
ProcessId: 5776
Image: C:\Users\jolly\AppData\Local\Microsoft\OneDrive\OneDrive.exe
ImageLoaded: C:\Users\jolly\AppData\Local\Microsoft\OneDrive\26.051.0316.0004\Qt5Core.dll
FileVersion: 5.15.3.0
Description: C++ Application Development Framework
Product: Qt5
Company: The Qt Company Ltd.
OriginalFileName: Qt5Core.dll
Hashes: SHA1=DB3C643A96FB2470675E3118654954046F6E60C5,MD5=E5A995F0E6ADA39B363F2AA0E883F336,SHA256=CAAC337B66B7ADF186AD46E743EDC7777EE976B6F6B406851E469E8C3C6F8FFB,IMPHASH=7915D3D3E924CB9865B65C051BDA72A2
Signed: true
Signature: Microsoft Corporation
SignatureStatus: Valid
User: WIN10DEMO\jolly"
Information,4/25/2026 5:32:33 PM,Microsoft-Windows-Sysmon,7,Image loaded (rule: ImageLoad),"Image loaded:
RuleName: technique_id=T1574.002,technique_name=DLL Side-Loading
UtcTime: 2026-04-25 07:32:19.882
ProcessGuid: {9172be70-6df6-69ec-e300-000000001f00}
ProcessId: 5776
Image: C:\Users\jolly\AppData\Local\Microsoft\OneDrive\OneDrive.exe
ImageLoaded: C:\Users\jolly\AppData\Local\Microsoft\OneDrive\26.051.0316.0004\adal.dll
FileVersion: 2.3.2.18301
Description: ADAL.Native
Product: Microsoft© ADAL
Company: Microsoft
OriginalFileName: adal.dll
Hashes: SHA1=65ED39E0B7E2E1D4A3C57E8799989E306824DFDB,MD5=1509FC1AFDC9BEDC8028AC4112ADBB75,SHA256=826F50AB829233079873E16850AF50190223FF0AB7108255D5C4F691651203B9,IMPHASH=DFE10357CDA24DAD96A0785D6ED8BD39
Signed: true
Signature: Microsoft Corporation
SignatureStatus: Valid
User: WIN10DEMO\jolly"
Information,4/25/2026 5:32:33 PM,Microsoft-Windows-Sysmon,7,Image loaded (rule: ImageLoad),"Image loaded:
RuleName: technique_id=T1574.002,technique_name=DLL Side-Loading
UtcTime: 2026-04-25 07:32:32.937
ProcessGuid: {9172be70-6e0f-69ec-f200-000000001f00}
ProcessId: 2232
Image: C:\Users\jolly\AppData\Local\Microsoft\OneDrive\26.051.0316.0004\FileCoAuth.exe
ImageLoaded: C:\Users\jolly\AppData\Local\Microsoft\OneDrive\26.051.0316.0004\adal.dll
FileVersion: 2.3.2.18301
Description: ADAL.Native
Product: Microsoft© ADAL
Company: Microsoft
OriginalFileName: adal.dll
Hashes: SHA1=65ED39E0B7E2E1D4A3C57E8799989E306824DFDB,MD5=1509FC1AFDC9BEDC8028AC4112ADBB75,SHA256=826F50AB829233079873E16850AF50190223FF0AB7108255D5C4F691651203B9,IMPHASH=DFE10357CDA24DAD96A0785D6ED8BD39
Signed: true
Signature: Microsoft Corporation
SignatureStatus: Valid
User: WIN10DEMO\jolly"
Information,4/25/2026 5:32:33 PM,Microsoft-Windows-Sysmon,7,Image loaded (rule: ImageLoad),"Image loaded:
RuleName: technique_id=T1574.002,technique_name=DLL Side-Loading
UtcTime: 2026-04-25 07:32:19.857
ProcessGuid: {9172be70-6df6-69ec-e300-000000001f00}
ProcessId: 5776
Image: C:\Users\jolly\AppData\Local\Microsoft\OneDrive\OneDrive.exe
ImageLoaded: C:\Users\jolly\AppData\Local\Microsoft\OneDrive\26.051.0316.0004\Qt5Qml.dll
FileVersion: 5.15.3.0
Description: C++ Application Development Framework
Product: Qt5
Company: The Qt Company Ltd.
OriginalFileName: Qt5Qml.dll
Hashes: SHA1=7449CF6D7945913B49D190BD06CD39FE3451A8F9,MD5=7CC7F93E49761B23EE57B183345F3E4A,SHA256=9AA5D1AAE4B7AEB59263820203250ABF9B0DAEBFA498F04C9FA852B059D29A4E,IMPHASH=63BE8777DEF3735048E994B2AE281075
Signed: true
Signature: Microsoft Corporation
SignatureStatus: Valid
User: WIN10DEMO\jolly"
Information,4/25/2026 5:32:33 PM,Microsoft-Windows-Sysmon,7,Image loaded (rule: ImageLoad),"Image loaded:
RuleName: technique_id=T1574.002,technique_name=DLL Side-Loading
UtcTime: 2026-04-25 07:32:19.800
ProcessGuid: {9172be70-6df6-69ec-e300-000000001f00}
ProcessId: 5776
Image: C:\Users\jolly\AppData\Local\Microsoft\OneDrive\OneDrive.exe
ImageLoaded: C:\Users\jolly\AppData\Local\Microsoft\OneDrive\26.051.0316.0004\SyncEngine.dll
FileVersion: 26.051.0316.0004
Description: Microsoft OneDrive Sync Engine
Product: Microsoft OneDrive
Company: Microsoft Corporation
OriginalFileName: SyncEngine.dll
Hashes: SHA1=1521419B791FA443CBBFD9ECBAEC36AEC603F2A8,MD5=00306328717F34908F0C0096AF209B03,SHA256=3500869A6FEE43F4726963A2D5A124E495B9EB62ABF4CF60B0DFECD1537AA0E6,IMPHASH=978293313011DAF12FB5540D9195D1A6
Signed: true
Signature: Microsoft Corporation
SignatureStatus: Valid
User: WIN10DEMO\jolly"
Information,4/25/2026 5:32:33 PM,Microsoft-Windows-Sysmon,7,Image loaded (rule: ImageLoad),"Image loaded:
RuleName: -
UtcTime: 2026-04-25 07:32:33.090
ProcessGuid: {9172be70-6e0f-69ec-f200-000000001f00}
ProcessId: 2232
Image: C:\Users\jolly\AppData\Local\Microsoft\OneDrive\26.051.0316.0004\FileCoAuth.exe
ImageLoaded: C:\Windows\System32\urlmon.dll
FileVersion: 11.00.19041.6456 (WinBuild.160101.0800)
Description: OLE32 Extensions for Win32
Product: Internet Explorer
Company: Microsoft Corporation
OriginalFileName: UrlMon.dll
Hashes: SHA1=E20F47594B506E7F66451F86DC3D27ACFBE50690,MD5=4F65F3E866588D1F98279B80D79073D8,SHA256=BA66D852C1EE342E2863FFD42B01E1041CE099EADE6CCCBBB8E64C6475B8958E,IMPHASH=4572A0DE6D775598EF7BE4A1A20049FB
Signed: true
Signature: Microsoft Windows
SignatureStatus: Valid
User: WIN10DEMO\jolly"
Information,4/25/2026 5:32:33 PM,Microsoft-Windows-Sysmon,7,Image loaded (rule: ImageLoad),"Image loaded:
RuleName: technique_id=T1574.002,technique_name=DLL Side-Loading
UtcTime: 2026-04-25 07:32:19.107
ProcessGuid: {9172be70-6df6-69ec-e300-000000001f00}
ProcessId: 5776
Image: C:\Users\jolly\AppData\Local\Microsoft\OneDrive\OneDrive.exe
ImageLoaded: C:\Users\jolly\AppData\Local\Microsoft\OneDrive\26.051.0316.0004\FileSyncSqlite3.dll
FileVersion: 26.051.0316.0004
Description: Microsoft OneDrive Sqlite Library
Product: Microsoft OneDrive
Company: Microsoft Corporation
OriginalFileName: FileSyncSqlite3.dll
Hashes: SHA1=BC9CDE4B6726B04F21AD275FBA14C19602423D20,MD5=0815F3D1E1D1497FA555B87D5AE0EB60,SHA256=B44E5D0A392AD954702F6ADEEDF3110D19851ED323DDC1B6CC59C119124B3D69,IMPHASH=3518EF830F255841705D75FD794D8255
Signed: true
Signature: Microsoft Corporation
SignatureStatus: Valid
User: WIN10DEMO\jolly"
Information,4/25/2026 5:32:33 PM,Microsoft-Windows-Sysmon,7,Image loaded (rule: ImageLoad),"Image loaded:
RuleName: technique_id=T1574.002,technique_name=DLL Side-Loading
UtcTime: 2026-04-25 07:32:19.107
ProcessGuid: {9172be70-6df6-69ec-e300-000000001f00}
ProcessId: 5776
Image: C:\Users\jolly\AppData\Local\Microsoft\OneDrive\OneDrive.exe
ImageLoaded: C:\Users\jolly\AppData\Local\Microsoft\OneDrive\26.051.0316.0004\FileSyncSqlite3.dll
FileVersion: 26.051.0316.0004
Description: Microsoft OneDrive Sqlite Library
Product: Microsoft OneDrive
Company: Microsoft Corporation
OriginalFileName: FileSyncSqlite3.dll
Hashes: SHA1=BC9CDE4B6726B04F21AD275FBA14C19602423D20,MD5=0815F3D1E1D1497FA555B87D5AE0EB60,SHA256=B44E5D0A392AD954702F6ADEEDF3110D19851ED323DDC1B6CC59C119124B3D69,IMPHASH=3518EF830F255841705D75FD794D8255
Signed: true
Signature: Microsoft Corporation
SignatureStatus: Valid
User: WIN10DEMO\jolly"
Information,4/25/2026 5:32:33 PM,Microsoft-Windows-Sysmon,7,Image loaded (rule: ImageLoad),"Image loaded:
RuleName: technique_id=T1574.002,technique_name=DLL Side-Loading
UtcTime: 2026-04-25 07:32:32.937
ProcessGuid: {9172be70-6e0f-69ec-f200-000000001f00}
ProcessId: 2232
Image: C:\Users\jolly\AppData\Local\Microsoft\OneDrive\26.051.0316.0004\FileCoAuth.exe
ImageLoaded: C:\Users\jolly\AppData\Local\Microsoft\OneDrive\26.051.0316.0004\FileSyncSqlite3.dll
FileVersion: 26.051.0316.0004
Description: Microsoft OneDrive Sqlite Library
Product: Microsoft OneDrive
Company: Microsoft Corporation
OriginalFileName: FileSyncSqlite3.dll
Hashes: SHA1=BC9CDE4B6726B04F21AD275FBA14C19602423D20,MD5=0815F3D1E1D1497FA555B87D5AE0EB60,SHA256=B44E5D0A392AD954702F6ADEEDF3110D19851ED323DDC1B6CC59C119124B3D69,IMPHASH=3518EF830F255841705D75FD794D8255
Signed: true
Signature: Microsoft Corporation
SignatureStatus: Valid
User: WIN10DEMO\jolly"
Information,4/25/2026 5:32:33 PM,Microsoft-Windows-Sysmon,7,Image loaded (rule: ImageLoad),"Image loaded:
RuleName: technique_id=T1574.002,technique_name=DLL Side-Loading
UtcTime: 2026-04-25 07:32:33.039
ProcessGuid: {9172be70-6e0f-69ec-f200-000000001f00}
ProcessId: 2232
Image: C:\Users\jolly\AppData\Local\Microsoft\OneDrive\26.051.0316.0004\FileCoAuth.exe
ImageLoaded: C:\Users\jolly\AppData\Local\Microsoft\OneDrive\26.051.0316.0004\FileSyncTelemetryExtensions.dll
FileVersion: 26.051.0316.0004
Description: TelemetryExtensions Library
Product: Microsoft OneDrive
Company: Microsoft Corporation
OriginalFileName: FileSyncTelemetryExtensions.dll
Hashes: SHA1=44D1D0A10A7BC51693A9BF5C911C3B3F1681A46B,MD5=FAC85E21D8F15071AE4B41199DDD9FF5,SHA256=63CDD43C02898D4ADCC948552593A5BC54FF927CD1F221F1BA3FD876307026A5,IMPHASH=0E57CE21412F6C9093DE90251D95F1A0
Signed: true
Signature: Microsoft Corporation
SignatureStatus: Valid
User: WIN10DEMO\jolly"
Information,4/25/2026 5:32:33 PM,Microsoft-Windows-Sysmon,7,Image loaded (rule: ImageLoad),"Image loaded:
RuleName: technique_id=T1574.002,technique_name=DLL Side-Loading
UtcTime: 2026-04-25 07:32:33.005
ProcessGuid: {9172be70-6e0f-69ec-f200-000000001f00}
ProcessId: 2232
Image: C:\Users\jolly\AppData\Local\Microsoft\OneDrive\26.051.0316.0004\FileCoAuth.exe
ImageLoaded: C:\Users\jolly\AppData\Local\Microsoft\OneDrive\26.051.0316.0004\OneDriveTelemetryStable.dll
FileVersion: 26.051.0316.0004
Description: OneDriveTelemetry Stable DLL
Product: Microsoft OneDrive
Company: Microsoft Corporation
OriginalFileName: OneDriveTelemetryStable.dll
Hashes: SHA1=70148DDC5D5F166F200C1F5FDD0C017648F54A01,MD5=327202EEBA471C0B87F3FC17B6F44244,SHA256=4159397E2166A7EB7EBF279EEA549417E7DF9F35DA34EFD212D553708FE4E1E9,IMPHASH=060C58E24ADA6DF05900343230BF49C0
Signed: true
Signature: Microsoft Corporation
SignatureStatus: Valid
User: WIN10DEMO\jolly"
Information,4/25/2026 5:32:32 PM,Microsoft-Windows-Sysmon,7,Image loaded (rule: ImageLoad),"Image loaded:
RuleName: technique_id=T1574.002,technique_name=DLL Side-Loading
UtcTime: 2026-04-25 07:32:19.021
ProcessGuid: {9172be70-6df6-69ec-e300-000000001f00}
ProcessId: 5776
Image: C:\Users\jolly\AppData\Local\Microsoft\OneDrive\OneDrive.exe
ImageLoaded: C:\Users\jolly\AppData\Local\Microsoft\OneDrive\26.051.0316.0004\FileSyncViews.dll
FileVersion: 26.051.0316.0004
Description: Microsoft OneDrive Qt Components
Product: Microsoft OneDrive
Company: Microsoft Corporation
OriginalFileName: FileSyncViews.dll
Hashes: SHA1=3260438BAC15D3CF2B0ECDA76C299DFF6C97F48D,MD5=5D78D721AB667652237643891A3D0A3D,SHA256=766D8D53735BB529ADCCCCB952CDD77BFC58325488DB31C5CDAEB5C8CADFD1CE,IMPHASH=0EF947DD8A65F83DD2FB8801A5E49C7C
Signed: true
Signature: Microsoft Corporation
SignatureStatus: Valid
User: WIN10DEMO\jolly"
Information,4/25/2026 5:32:32 PM,Microsoft-Windows-Sysmon,7,Image loaded (rule: ImageLoad),"Image loaded:
RuleName: technique_id=T1574.002,technique_name=DLL Side-Loading
UtcTime: 2026-04-25 07:32:32.937
ProcessGuid: {9172be70-6e0f-69ec-f200-000000001f00}
ProcessId: 2232
Image: C:\Users\jolly\AppData\Local\Microsoft\OneDrive\26.051.0316.0004\FileCoAuth.exe
ImageLoaded: C:\Users\jolly\AppData\Local\Microsoft\OneDrive\26.051.0316.0004\msvcp140_atomic_wait.dll
FileVersion: 14.50.35717.0
Description: Microsoft® C Runtime Library _atomic_wait
Product: Microsoft® Visual Studio®
Company: Microsoft Corporation
OriginalFileName: msvcp140_atomic_wait.dll
Hashes: SHA1=FB4D0FAA38BD85B2EC8D29C1DFD39F3899450854,MD5=C50BE8658D68666426CEB9383C5A7D07,SHA256=3915C8830EC638203282B2EAFA3AB0378A2D8C617A05322ABF0D42CDA973ACB6,IMPHASH=2DD8B33E8D0AE15111EDCC5FE4982D9D
Signed: true
Signature: Microsoft Corporation
SignatureStatus: Valid
User: WIN10DEMO\jolly"
Information,4/25/2026 5:32:32 PM,Microsoft-Windows-Sysmon,7,Image loaded (rule: ImageLoad),"Image loaded:
RuleName: technique_id=T1574.002,technique_name=DLL Side-Loading
UtcTime: 2026-04-25 07:32:32.937
ProcessGuid: {9172be70-6e0f-69ec-f200-000000001f00}
ProcessId: 2232
Image: C:\Users\jolly\AppData\Local\Microsoft\OneDrive\26.051.0316.0004\FileCoAuth.exe
ImageLoaded: C:\Users\jolly\AppData\Local\Microsoft\OneDrive\26.051.0316.0004\msvcp140.dll
FileVersion: 14.50.35717.0
Description: Microsoft® C Runtime Library
Product: Microsoft® Visual Studio®
Company: Microsoft Corporation
OriginalFileName: msvcp140.dll
Hashes: SHA1=314A46D95C284B3EC16D63011A155EF14F8DA5A7,MD5=AC8C6C8F84A01C45A02CC59075CC8636,SHA256=FBC76265FE94360770149B2EE010A083BD41610092A48D331E4A50ADE40B2972,IMPHASH=98261F6662FEE22446967EAA5226EE3A
Signed: true
Signature: Microsoft Corporation
SignatureStatus: Valid
User: WIN10DEMO\jolly"
Information,4/25/2026 5:32:32 PM,Microsoft-Windows-Sysmon,7,Image loaded (rule: ImageLoad),"Image loaded:
RuleName: technique_id=T1574.002,technique_name=DLL Side-Loading
UtcTime: 2026-04-25 07:32:32.937
ProcessGuid: {9172be70-6e0f-69ec-f200-000000001f00}
ProcessId: 2232
Image: C:\Users\jolly\AppData\Local\Microsoft\OneDrive\26.051.0316.0004\FileCoAuth.exe
ImageLoaded: C:\Users\jolly\AppData\Local\Microsoft\OneDrive\26.051.0316.0004\msvcp140.dll
FileVersion: 14.50.35717.0
Description: Microsoft® C Runtime Library
Product: Microsoft® Visual Studio®
Company: Microsoft Corporation
OriginalFileName: msvcp140.dll
Hashes: SHA1=314A46D95C284B3EC16D63011A155EF14F8DA5A7,MD5=AC8C6C8F84A01C45A02CC59075CC8636,SHA256=FBC76265FE94360770149B2EE010A083BD41610092A48D331E4A50ADE40B2972,IMPHASH=98261F6662FEE22446967EAA5226EE3A
Signed: true
Signature: Microsoft Corporation
SignatureStatus: Valid
User: WIN10DEMO\jolly"
Information,4/25/2026 5:32:32 PM,Microsoft-Windows-Sysmon,7,Image loaded (rule: ImageLoad),"Image loaded:
RuleName: technique_id=T1574.002,technique_name=DLL Side-Loading
UtcTime: 2026-04-25 07:32:32.937
ProcessGuid: {9172be70-6e0f-69ec-f200-000000001f00}
ProcessId: 2232
Image: C:\Users\jolly\AppData\Local\Microsoft\OneDrive\26.051.0316.0004\FileCoAuth.exe
ImageLoaded: C:\Users\jolly\AppData\Local\Microsoft\OneDrive\26.051.0316.0004\FileSyncEvents.dll
FileVersion: 26.051.0316.0004
Description: EventMachine Library
Product: Microsoft OneDrive
Company: Microsoft Corporation
OriginalFileName: FileSyncEvents.dll
Hashes: SHA1=B39FB9059ABA4485038C97FAE21D5BC72A43D89D,MD5=78D3E822E66CAFC00AA4776B571EDC5A,SHA256=7FCBED1547C6087DFDA54704EF700CA31873D921B4C5708F5E91D0B74BE7BDD5,IMPHASH=E5CB0AF1DC1C60266B69AB63E79C47DF
Signed: true
Signature: Microsoft Corporation
SignatureStatus: Valid
User: WIN10DEMO\jolly"
Information,4/25/2026 5:32:32 PM,Microsoft-Windows-Sysmon,7,Image loaded (rule: ImageLoad),"Image loaded:
RuleName: technique_id=T1574.002,technique_name=DLL Side-Loading
UtcTime: 2026-04-25 07:32:32.937
ProcessGuid: {9172be70-6e0f-69ec-f200-000000001f00}
ProcessId: 2232
Image: C:\Users\jolly\AppData\Local\Microsoft\OneDrive\26.051.0316.0004\FileCoAuth.exe
ImageLoaded: C:\Users\jolly\AppData\Local\Microsoft\OneDrive\26.051.0316.0004\vcruntime140.dll
FileVersion: 14.50.35717.0
Description: Microsoft® C Runtime Library
Product: Microsoft® Visual Studio®
Company: Microsoft Corporation
OriginalFileName: vcruntime140.dll
Hashes: SHA1=762B45DB20290A54E83861456D3E40AC6C9601B9,MD5=1756E382708D39AD4C216B468F91DB11,SHA256=911E0D4A1754B1D9F8F7A577729D2BA74DD405B8027FCF4DF5841626F270D19D,IMPHASH=CFD5D6CB7ECDAFFF3769E90C815D91D2
Signed: true
Signature: Microsoft Corporation
SignatureStatus: Valid
User: WIN10DEMO\jolly"
Information,4/25/2026 5:32:32 PM,Microsoft-Windows-Sysmon,7,Image loaded (rule: ImageLoad),"Image loaded:
RuleName: technique_id=T1574.002,technique_name=DLL Side-Loading
UtcTime: 2026-04-25 07:32:32.937
ProcessGuid: {9172be70-6e0f-69ec-f200-000000001f00}
ProcessId: 2232
Image: C:\Users\jolly\AppData\Local\Microsoft\OneDrive\26.051.0316.0004\FileCoAuth.exe
ImageLoaded: C:\Users\jolly\AppData\Local\Microsoft\OneDrive\26.051.0316.0004\vcruntime140_1.dll
FileVersion: 14.50.35717.0
Description: Microsoft® C Runtime Library
Product: Microsoft® Visual Studio®
Company: Microsoft Corporation
OriginalFileName: vcruntime140_1.dll
Hashes: SHA1=8F80898D75E7C84977BBFDE2D4EE5CCE284D0CE0,MD5=70DCBDA25747DC5A10EFB5465DE4E9ED,SHA256=6CE58E7B441FB7ADC7FFFEB14C73502365EA13905EB2DCE2520154D45E58F570,IMPHASH=F40F99423FB23779E530408661A19260
Signed: true
Signature: Microsoft Corporation
SignatureStatus: Valid
User: WIN10DEMO\jolly"
Information,4/25/2026 5:32:32 PM,Microsoft-Windows-Sysmon,7,Image loaded (rule: ImageLoad),"Image loaded:
RuleName: technique_id=T1574.002,technique_name=DLL Side-Loading
UtcTime: 2026-04-25 07:32:32.924
ProcessGuid: {9172be70-6e0f-69ec-f200-000000001f00}
ProcessId: 2232
Image: C:\Users\jolly\AppData\Local\Microsoft\OneDrive\26.051.0316.0004\FileCoAuth.exe
ImageLoaded: C:\Users\jolly\AppData\Local\Microsoft\OneDrive\26.051.0316.0004\FileSyncFS.dll
FileVersion: 26.051.0316.0004
Description: Microsoft OneDriveFile Sync FS
Product: Microsoft OneDrive
Company: Microsoft Corporation
OriginalFileName: FileSyncFS.dll
Hashes: SHA1=4B06B5C1E65EF34E230EA2F5F935F940217EB1FC,MD5=9774D60174FAAC68B55A54E4E7C9E59C,SHA256=29963D22067D02FD98EA93CB7A8B893E7FA12C3723BF89524D74E96FC2E0661D,IMPHASH=1A13E28DB4589B82598D791D998D8A56
Signed: true
Signature: Microsoft Corporation
SignatureStatus: Valid
User: WIN10DEMO\jolly"
Information,4/25/2026 5:32:32 PM,Microsoft-Windows-Sysmon,7,Image loaded (rule: ImageLoad),"Image loaded:
RuleName: technique_id=T1574.002,technique_name=DLL Side-Loading
UtcTime: 2026-04-25 07:32:32.924
ProcessGuid: {9172be70-6e0f-69ec-f200-000000001f00}
ProcessId: 2232
Image: C:\Users\jolly\AppData\Local\Microsoft\OneDrive\26.051.0316.0004\FileCoAuth.exe
ImageLoaded: C:\Users\jolly\AppData\Local\Microsoft\OneDrive\26.051.0316.0004\UpdateRingSettings.dll
FileVersion: 26.051.0316.0004
Description: Update Ring Settings
Product: Microsoft OneDrive
Company: Microsoft Corporation
OriginalFileName: UpdateRingSettings.dll
Hashes: SHA1=A7A3C9B21C180E7EFF9919D160DD8FB7BBA8D3D7,MD5=D0DBC08305DE0948279A793B279CF1A0,SHA256=FFBA487D0C0C1930AB99A23969EF010B49B9100C14C194841DC0D3FB27705504,IMPHASH=03ECDBB53EF6D00F1BA6C8EA1F7F0369
Signed: true
Signature: Microsoft Corporation
SignatureStatus: Valid
User: WIN10DEMO\jolly"
Information,4/25/2026 5:32:32 PM,Microsoft-Windows-Sysmon,7,Image loaded (rule: ImageLoad),"Image loaded:
RuleName: technique_id=T1574.002,technique_name=DLL Side-Loading
UtcTime: 2026-04-25 07:32:32.924
ProcessGuid: {9172be70-6e0f-69ec-f200-000000001f00}
ProcessId: 2232
Image: C:\Users\jolly\AppData\Local\Microsoft\OneDrive\26.051.0316.0004\FileCoAuth.exe
ImageLoaded: C:\Users\jolly\AppData\Local\Microsoft\OneDrive\26.051.0316.0004\Telemetry.dll
FileVersion: 26.051.0316.0004
Description: Telemetry Library
Product: Microsoft OneDrive
Company: Microsoft Corporation
OriginalFileName: Telemetry.dll
Hashes: SHA1=71A9A44EFE24D8EA58E0E618FAD76A38A9D8C6B7,MD5=E581C20A2396BF2B551D4AFA7B7773B7,SHA256=27C66F01EF12DBFE994936C71F588F81749EAF785DB13123150403006BD69627,IMPHASH=0F448F5AD25EDA0D404056073B1DA8ED
Signed: true
Signature: Microsoft Corporation
SignatureStatus: Valid
User: WIN10DEMO\jolly"
Information,4/25/2026 5:32:32 PM,Microsoft-Windows-Sysmon,7,Image loaded (rule: ImageLoad),"Image loaded:
RuleName: technique_id=T1574.002,technique_name=DLL Side-Loading
UtcTime: 2026-04-25 07:32:32.839
ProcessGuid: {9172be70-6e0f-69ec-f200-000000001f00}
ProcessId: 2232
Image: C:\Users\jolly\AppData\Local\Microsoft\OneDrive\26.051.0316.0004\FileCoAuth.exe
ImageLoaded: C:\Users\jolly\AppData\Local\Microsoft\OneDrive\26.051.0316.0004\LoggingPlatform.dll
FileVersion: 26.051.0316.0004
Description: Logging Platform
Product: Microsoft OneDrive
Company: Microsoft Corporation
OriginalFileName: LoggingPlatform.dll
Hashes: SHA1=88A441015F95734952B6D0107B0CCDE85BFBCD99,MD5=A32AEBCC07025CEE4987BFF195B07F72,SHA256=4DE36F8AC27F1F97D52B456D48F262202A5854E644561E3AD6A066EF3617D63D,IMPHASH=10CFE69683EAAD778CB745A8A2141D1F
Signed: true
Signature: Microsoft Corporation
SignatureStatus: Valid
User: WIN10DEMO\jolly"
Information,4/25/2026 5:32:32 PM,Microsoft-Windows-Sysmon,7,Image loaded (rule: ImageLoad),"Image loaded:
RuleName: technique_id=T1574.002,technique_name=DLL Side-Loading
UtcTime: 2026-04-25 07:32:32.839
ProcessGuid: {9172be70-6e0f-69ec-f200-000000001f00}
ProcessId: 2232
Image: C:\Users\jolly\AppData\Local\Microsoft\OneDrive\26.051.0316.0004\FileCoAuth.exe
ImageLoaded: C:\Users\jolly\AppData\Local\Microsoft\OneDrive\26.051.0316.0004\FileSyncSessions.dll
FileVersion: 26.051.0316.0004
Description: P2P Session Library
Product: Microsoft OneDrive
Company: Microsoft Corporation
OriginalFileName: FileSyncSessions.dll
Hashes: SHA1=4AEA41BE9D22B27E62B450688206F758ECFFD87C,MD5=2731F461B5C0DCBF5F157D9509FA90A1,SHA256=5850D1EB0DEAB9C2CB5BA5D11DF1BAC3277A7460F0426B9CBF1A27A49ECEA579,IMPHASH=64822D7050AE9AF6C35001CACEA11056
Signed: true
Signature: Microsoft Corporation
SignatureStatus: Valid
User: WIN10DEMO\jolly"
Information,4/25/2026 5:32:32 PM,Microsoft-Windows-Sysmon,7,Image loaded (rule: ImageLoad),"Image loaded:
RuleName: technique_id=T1574.002,technique_name=DLL Side-Loading
UtcTime: 2026-04-25 07:32:32.825
ProcessGuid: {9172be70-6e0f-69ec-f200-000000001f00}
ProcessId: 2232
Image: C:\Users\jolly\AppData\Local\Microsoft\OneDrive\26.051.0316.0004\FileCoAuth.exe
ImageLoaded: C:\Users\jolly\AppData\Local\Microsoft\OneDrive\26.051.0316.0004\FileSyncHost.dll
FileVersion: 26.051.0316.0004
Description: Microsoft OneDriveFile Sync Host
Product: Microsoft OneDrive
Company: Microsoft Corporation
OriginalFileName: FileSyncHost.dll
Hashes: SHA1=DA42BE439E1730B24774E1213F7740C262A53155,MD5=1F6530DCAF2E9ADD93D501E4E593BE7E,SHA256=CDEECDD37C82DBE21A702C850B51C147EF961BD1ED12ACBAF74D145859F79B04,IMPHASH=B8BF81A154070E2901F769994B05609D
Signed: true
Signature: Microsoft Corporation
SignatureStatus: Valid
User: WIN10DEMO\jolly"
Information,4/25/2026 5:32:32 PM,Microsoft-Windows-Sysmon,7,Image loaded (rule: ImageLoad),"Image loaded:
RuleName: technique_id=T1574.002,technique_name=DLL Side-Loading
UtcTime: 2026-04-25 07:32:18.689
ProcessGuid: {9172be70-6df6-69ec-e300-000000001f00}
ProcessId: 5776
Image: C:\Users\jolly\AppData\Local\Microsoft\OneDrive\OneDrive.exe
ImageLoaded: C:\Users\jolly\AppData\Local\Microsoft\OneDrive\26.051.0316.0004\FileSyncSessions.dll
FileVersion: 26.051.0316.0004
Description: P2P Session Library
Product: Microsoft OneDrive
Company: Microsoft Corporation
OriginalFileName: FileSyncSessions.dll
Hashes: SHA1=4AEA41BE9D22B27E62B450688206F758ECFFD87C,MD5=2731F461B5C0DCBF5F157D9509FA90A1,SHA256=5850D1EB0DEAB9C2CB5BA5D11DF1BAC3277A7460F0426B9CBF1A27A49ECEA579,IMPHASH=64822D7050AE9AF6C35001CACEA11056
Signed: true
Signature: Microsoft Corporation
SignatureStatus: Valid
User: WIN10DEMO\jolly"
Information,4/25/2026 5:32:32 PM,Microsoft-Windows-Sysmon,7,Image loaded (rule: ImageLoad),"Image loaded:
RuleName: technique_id=T1574.002,technique_name=DLL Side-Loading
UtcTime: 2026-04-25 07:32:18.663
ProcessGuid: {9172be70-6df6-69ec-e300-000000001f00}
ProcessId: 5776
Image: C:\Users\jolly\AppData\Local\Microsoft\OneDrive\OneDrive.exe
ImageLoaded: C:\Users\jolly\AppData\Local\Microsoft\OneDrive\26.051.0316.0004\Telemetry.dll
FileVersion: 26.051.0316.0004
Description: Telemetry Library
Product: Microsoft OneDrive
Company: Microsoft Corporation
OriginalFileName: Telemetry.dll
Hashes: SHA1=71A9A44EFE24D8EA58E0E618FAD76A38A9D8C6B7,MD5=E581C20A2396BF2B551D4AFA7B7773B7,SHA256=27C66F01EF12DBFE994936C71F588F81749EAF785DB13123150403006BD69627,IMPHASH=0F448F5AD25EDA0D404056073B1DA8ED
Signed: true
Signature: Microsoft Corporation
SignatureStatus: Valid
User: WIN10DEMO\jolly"
Information,4/25/2026 5:32:32 PM,Microsoft-Windows-Sysmon,7,Image loaded (rule: ImageLoad),"Image loaded:
RuleName: technique_id=T1574.002,technique_name=DLL Side-Loading
UtcTime: 2026-04-25 07:32:18.246
ProcessGuid: {9172be70-6df6-69ec-e300-000000001f00}
ProcessId: 5776
Image: C:\Users\jolly\AppData\Local\Microsoft\OneDrive\OneDrive.exe
ImageLoaded: C:\Users\jolly\AppData\Local\Microsoft\OneDrive\26.051.0316.0004\FileSyncFS.dll
FileVersion: 26.051.0316.0004
Description: Microsoft OneDriveFile Sync FS
Product: Microsoft OneDrive
Company: Microsoft Corporation
OriginalFileName: FileSyncFS.dll
Hashes: SHA1=4B06B5C1E65EF34E230EA2F5F935F940217EB1FC,MD5=9774D60174FAAC68B55A54E4E7C9E59C,SHA256=29963D22067D02FD98EA93CB7A8B893E7FA12C3723BF89524D74E96FC2E0661D,IMPHASH=1A13E28DB4589B82598D791D998D8A56
Signed: true
Signature: Microsoft Corporation
SignatureStatus: Valid
User: WIN10DEMO\jolly"
Information,4/25/2026 5:32:32 PM,Microsoft-Windows-Sysmon,7,Image loaded (rule: ImageLoad),"Image loaded:
RuleName: technique_id=T1574.002,technique_name=DLL Side-Loading
UtcTime: 2026-04-25 07:32:18.080
ProcessGuid: {9172be70-6df6-69ec-e300-000000001f00}
ProcessId: 5776
Image: C:\Users\jolly\AppData\Local\Microsoft\OneDrive\OneDrive.exe
ImageLoaded: C:\Users\jolly\AppData\Local\Microsoft\OneDrive\26.051.0316.0004\FileSyncEvents.dll
FileVersion: 26.051.0316.0004
Description: EventMachine Library
Product: Microsoft OneDrive
Company: Microsoft Corporation
OriginalFileName: FileSyncEvents.dll
Hashes: SHA1=B39FB9059ABA4485038C97FAE21D5BC72A43D89D,MD5=78D3E822E66CAFC00AA4776B571EDC5A,SHA256=7FCBED1547C6087DFDA54704EF700CA31873D921B4C5708F5E91D0B74BE7BDD5,IMPHASH=E5CB0AF1DC1C60266B69AB63E79C47DF
Signed: true
Signature: Microsoft Corporation
SignatureStatus: Valid
User: WIN10DEMO\jolly"
Information,4/25/2026 5:32:32 PM,Microsoft-Windows-Sysmon,7,Image loaded (rule: ImageLoad),"Image loaded:
RuleName: technique_id=T1574.002,technique_name=DLL Side-Loading
UtcTime: 2026-04-25 07:32:18.080
ProcessGuid: {9172be70-6df6-69ec-e300-000000001f00}
ProcessId: 5776
Image: C:\Users\jolly\AppData\Local\Microsoft\OneDrive\OneDrive.exe
ImageLoaded: C:\Users\jolly\AppData\Local\Microsoft\OneDrive\26.051.0316.0004\UpdateRingSettings.dll
FileVersion: 26.051.0316.0004
Description: Update Ring Settings
Product: Microsoft OneDrive
Company: Microsoft Corporation
OriginalFileName: UpdateRingSettings.dll
Hashes: SHA1=A7A3C9B21C180E7EFF9919D160DD8FB7BBA8D3D7,MD5=D0DBC08305DE0948279A793B279CF1A0,SHA256=FFBA487D0C0C1930AB99A23969EF010B49B9100C14C194841DC0D3FB27705504,IMPHASH=03ECDBB53EF6D00F1BA6C8EA1F7F0369
Signed: true
Signature: Microsoft Corporation
SignatureStatus: Valid
User: WIN10DEMO\jolly"
Information,4/25/2026 5:32:32 PM,Microsoft-Windows-Sysmon,1,Process Create (rule: ProcessCreate),"Process Create:
RuleName: technique_id=T1036,technique_name=Masquerading
UtcTime: 2026-04-25 07:32:31.843
ProcessGuid: {9172be70-6e0f-69ec-f200-000000001f00}
ProcessId: 2232
Image: C:\Users\jolly\AppData\Local\Microsoft\OneDrive\26.051.0316.0004\FileCoAuth.exe
FileVersion: 26.051.0316.0004
Description: Microsoft OneDriveFile Co-Authoring Executable
Product: Microsoft OneDrive
Company: Microsoft Corporation
OriginalFileName: FileCoAuth.exe
CommandLine: ""C:\Users\jolly\AppData\Local\Microsoft\OneDrive\26.051.0316.0004\FileCoAuth.exe"" -Embedding
CurrentDirectory: C:\Windows\system32\
User: WIN10DEMO\jolly
LogonGuid: {9172be70-6dc0-69ec-2306-040000000000}
LogonId: 0x40623
TerminalSessionId: 1
IntegrityLevel: Medium
Hashes: SHA1=AC8AC8EF19B28D4C85C38867BE0F56994835D059,MD5=4940CFC3F37E8D1F0C62EC189CF72730,SHA256=3310DED4CDD033B3F1B27BAC38C998983C57E5CFBCC549C3298EAAA76B37FD49,IMPHASH=65972A0597B9AADFFF345CFDF6D1DB79
ParentProcessGuid: {9172be70-6da9-69ec-0d00-000000001f00}
ParentProcessId: 844
ParentImage: C:\Windows\System32\svchost.exe
ParentCommandLine: C:\Windows\system32\svchost.exe -k DcomLaunch -p
ParentUser: NT AUTHORITY\SYSTEM"
Information,4/25/2026 5:32:32 PM,Microsoft-Windows-Sysmon,7,Image loaded (rule: ImageLoad),"Image loaded:
RuleName: technique_id=T1574.002,technique_name=DLL Side-Loading
UtcTime: 2026-04-25 07:32:15.897
ProcessGuid: {9172be70-6df6-69ec-e300-000000001f00}
ProcessId: 5776
Image: C:\Users\jolly\AppData\Local\Microsoft\OneDrive\OneDrive.exe
ImageLoaded: C:\Users\jolly\AppData\Local\Microsoft\OneDrive\26.051.0316.0004\FileSyncCxP.dll
FileVersion: 26.051.0316.0004
Description: CxP Persistance Library
Product: Microsoft OneDrive
Company: Microsoft Corporation
OriginalFileName: FileSyncCxP.dll
Hashes: SHA1=D6571C27356884C670E3DFF2B5E33620D886460F,MD5=F1C0719EEB42FCBF36C526E3C2CC43DA,SHA256=B7BDC1C84E7A8570E2F3F83052953D57F40747888AA48AE825C34CE65A151041,IMPHASH=FBF2F17B9548B7271F609FD951C8427B
Signed: true
Signature: Microsoft Corporation
SignatureStatus: Valid
User: WIN10DEMO\jolly"
Information,4/25/2026 5:32:32 PM,Microsoft-Windows-Sysmon,7,Image loaded (rule: ImageLoad),"Image loaded:
RuleName: technique_id=T1574.002,technique_name=DLL Side-Loading
UtcTime: 2026-04-25 07:32:15.897
ProcessGuid: {9172be70-6df6-69ec-e300-000000001f00}
ProcessId: 5776
Image: C:\Users\jolly\AppData\Local\Microsoft\OneDrive\OneDrive.exe
ImageLoaded: C:\Users\jolly\AppData\Local\Microsoft\OneDrive\26.051.0316.0004\LogUploader.dll
FileVersion: 26.051.0316.0004
Description: OneDrive Sync LogUploader Library
Product: Microsoft OneDrive
Company: Microsoft Corporation
OriginalFileName: LogUploader.dll
Hashes: SHA1=D6CA83C107EEF616CB9A41A7199F899D156A9B71,MD5=19021BCCDAB7893716FDE9AD63120E4E,SHA256=C564E6DFB708D15D7D2A9E6B13EB0B3F3C44242A5D6E0D52464D382834E25F51,IMPHASH=9C9F359F1D8F0EF3D4F6ABB41B001CDA
Signed: true
Signature: Microsoft Corporation
SignatureStatus: Valid
User: WIN10DEMO\jolly"
Information,4/25/2026 5:32:32 PM,Microsoft-Windows-Sysmon,7,Image loaded (rule: ImageLoad),"Image loaded:
RuleName: technique_id=T1574.002,technique_name=DLL Side-Loading
UtcTime: 2026-04-25 07:32:15.256
ProcessGuid: {9172be70-6df6-69ec-e300-000000001f00}
ProcessId: 5776
Image: C:\Users\jolly\AppData\Local\Microsoft\OneDrive\OneDrive.exe
ImageLoaded: C:\Users\jolly\AppData\Local\Microsoft\OneDrive\26.051.0316.0004\WebView2Loader.dll
FileVersion: 1.0.3650.0
Description: Microsoft Edge Embedded Browser WebView Loader
Product: Microsoft Edge Embedded Browser WebView Loader
Company: Microsoft Corporation
OriginalFileName: WebView2Loader.dll
Hashes: SHA1=1777946F2B5B59C170DF9A8749D5C969C1F97258,MD5=12A479778C0FF6D4DF504D8E0F8AEE33,SHA256=704B9DF59A7BEF2D76A18D2B5ADC5589911567D7151C572173219A0AF754D32D,IMPHASH=90DB803F7A0ACC2517EF287C1DC1BB76
Signed: true
Signature: Microsoft Corporation
SignatureStatus: Valid
User: WIN10DEMO\jolly"
