Information,4/25/2026 5:36:04 PM,Microsoft-Windows-Sysmon,7,Image loaded (rule: ImageLoad),"Image loaded:
RuleName: technique_id=T1574.002,technique_name=DLL Side-Loading
UtcTime: 2026-04-25 07:36:04.293
ProcessGuid: {9172be70-6ee2-69ec-8001-000000001f00}
ProcessId: 7636
Image: C:\Windows\System32\SIHClient.exe
ImageLoaded: C:\ProgramData\Microsoft\Windows Defender\Platform\4.18.26020.6-0\MpOAV.dll
FileVersion: 4.18.26020.6 (cd0aebd7c18a68cd2e3af14a117b45b178d088f4)
Description: IOfficeAntiVirus Module
Product: Microsoft® Windows® Operating System
Company: Microsoft Corporation
OriginalFileName: MpOAV.dll
Hashes: SHA1=8350F492FC8773C7AD990D4218D9AD1E0C7A3130,MD5=55DCD381DFBB9B84092E09B8D3A7A4CD,SHA256=4FE2F89B85BEE4455BECEF8450A6459B2F9AF50E991A86A8A863FA86AAC3F69E,IMPHASH=876F81A277BF4C5C958E4D3BDB07CFEB
Signed: true
Signature: Microsoft Windows
SignatureStatus: Valid
User: NT AUTHORITY\SYSTEM"
Information,4/25/2026 5:36:04 PM,Microsoft-Windows-Sysmon,7,Image loaded (rule: ImageLoad),"Image loaded:
RuleName: technique_id=T1059.001,technique_name=PowerShell
UtcTime: 2026-04-25 07:36:04.289
ProcessGuid: {9172be70-6ee2-69ec-8001-000000001f00}
ProcessId: 7636
Image: C:\Windows\System32\SIHClient.exe
ImageLoaded: C:\Windows\System32\amsi.dll
FileVersion: 10.0.19041.4355 (WinBuild.160101.0800)
Description: Anti-Malware Scan Interface
Product: Microsoft® Windows® Operating System
Company: Microsoft Corporation
OriginalFileName: amsi.dll
Hashes: SHA1=347368018E1DAAF4F52C9A4119526313A82ECEEC,MD5=4933108BD5B3219F74AD807DFE8835AD,SHA256=66F7A134F6A4D9FE63DD7D6FF88DDED5796E4D5C7E33BA606DFF4D87D9258C0D,IMPHASH=C414C6B76EBCEEF67B5B752A7E51D4D2
Signed: true
Signature: Microsoft Windows
SignatureStatus: Valid
User: NT AUTHORITY\SYSTEM"
Information,4/25/2026 5:36:04 PM,Microsoft-Windows-Sysmon,11,File created (rule: FileCreate),"File created:
RuleName: technique_id=T1574.010,technique_name=Services File Permissions Weakness
UtcTime: 2026-04-25 07:36:04.166
ProcessGuid: {9172be70-6ee2-69ec-8001-000000001f00}
ProcessId: 7636
Image: C:\Windows\System32\sihclient.exe
TargetFilename: C:\Windows\Logs\SIH\SIH.20260425.173604.028.1.etl
CreationUtcTime: 2026-04-25 07:36:04.165
User: NT AUTHORITY\SYSTEM"
Information,4/25/2026 5:36:04 PM,Microsoft-Windows-Sysmon,7,Image loaded (rule: ImageLoad),"Image loaded:
RuleName: technique_id=T1574.002,technique_name=DLL Side-Loading
UtcTime: 2026-04-25 07:36:04.150
ProcessGuid: {9172be70-6ee3-69ec-8c01-000000001f00}
ProcessId: 9108
Image: C:\Users\jolly\AppData\Local\Microsoft\OneDrive\OneDriveStandaloneUpdater.exe
ImageLoaded: C:\Users\jolly\AppData\Local\Microsoft\OneDrive\OneDriveStandaloneUpdater.exe
FileVersion: 26.051.0316.0004
Description: Standalone Updater
Product: Microsoft OneDrive
Company: Microsoft Corporation
OriginalFileName: OneDriveStandaloneUpdater.exe
Hashes: SHA1=7F54901E87AD9F7E96F8BAC517BC17AA2676850B,MD5=CA4656DDE0A7F28D4B9FB00223737D30,SHA256=54C23A59861B6695C7BCF0229205E2EB57443A6BEA73C9F575EF7906AC991318,IMPHASH=03369742EB1ED23AFEBD564E507EDADF
Signed: true
Signature: Microsoft Corporation
SignatureStatus: Valid
User: WIN10DEMO\jolly"
Information,4/25/2026 5:36:04 PM,Microsoft-Windows-Sysmon,7,Image loaded (rule: ImageLoad),"Image loaded:
RuleName: technique_id=T1574.002,technique_name=DLL Side-Loading
UtcTime: 2026-04-25 07:36:04.149
ProcessGuid: {9172be70-6ee2-69ec-8101-000000001f00}
ProcessId: 8240
Image: C:\Users\jolly\AppData\Local\Microsoft\OneDrive\OneDriveStandaloneUpdater.exe
ImageLoaded: C:\Users\jolly\AppData\Local\Microsoft\OneDrive\OneDriveStandaloneUpdater.exe
FileVersion: 26.051.0316.0004
Description: Standalone Updater
Product: Microsoft OneDrive
Company: Microsoft Corporation
OriginalFileName: OneDriveStandaloneUpdater.exe
Hashes: SHA1=7F54901E87AD9F7E96F8BAC517BC17AA2676850B,MD5=CA4656DDE0A7F28D4B9FB00223737D30,SHA256=54C23A59861B6695C7BCF0229205E2EB57443A6BEA73C9F575EF7906AC991318,IMPHASH=03369742EB1ED23AFEBD564E507EDADF
Signed: true
Signature: Microsoft Corporation
SignatureStatus: Valid
User: WIN10DEMO\jolly"
Information,4/25/2026 5:36:04 PM,Microsoft-Windows-Sysmon,7,Image loaded (rule: ImageLoad),"Image loaded:
RuleName: technique_id=T1574.002,technique_name=DLL Side-Loading
UtcTime: 2026-04-25 07:36:04.148
ProcessGuid: {9172be70-6ee2-69ec-8201-000000001f00}
ProcessId: 8480
Image: C:\Windows\System32\ClipESUConsumer.exe
ImageLoaded: C:\ProgramData\Microsoft\Windows Defender\Platform\4.18.26020.6-0\MpOAV.dll
FileVersion: 4.18.26020.6 (cd0aebd7c18a68cd2e3af14a117b45b178d088f4)
Description: IOfficeAntiVirus Module
Product: Microsoft® Windows® Operating System
Company: Microsoft Corporation
OriginalFileName: MpOAV.dll
Hashes: SHA1=8350F492FC8773C7AD990D4218D9AD1E0C7A3130,MD5=55DCD381DFBB9B84092E09B8D3A7A4CD,SHA256=4FE2F89B85BEE4455BECEF8450A6459B2F9AF50E991A86A8A863FA86AAC3F69E,IMPHASH=876F81A277BF4C5C958E4D3BDB07CFEB
Signed: true
Signature: Microsoft Windows
SignatureStatus: Valid
User: WIN10DEMO\jolly"
Information,4/25/2026 5:36:04 PM,Microsoft-Windows-Sysmon,7,Image loaded (rule: ImageLoad),"Image loaded:
RuleName: technique_id=T1059.001,technique_name=PowerShell
UtcTime: 2026-04-25 07:36:04.139
ProcessGuid: {9172be70-6ee2-69ec-8201-000000001f00}
ProcessId: 8480
Image: C:\Windows\System32\ClipESUConsumer.exe
ImageLoaded: C:\Windows\System32\amsi.dll
FileVersion: 10.0.19041.4355 (WinBuild.160101.0800)
Description: Anti-Malware Scan Interface
Product: Microsoft® Windows® Operating System
Company: Microsoft Corporation
OriginalFileName: amsi.dll
Hashes: SHA1=347368018E1DAAF4F52C9A4119526313A82ECEEC,MD5=4933108BD5B3219F74AD807DFE8835AD,SHA256=66F7A134F6A4D9FE63DD7D6FF88DDED5796E4D5C7E33BA606DFF4D87D9258C0D,IMPHASH=C414C6B76EBCEEF67B5B752A7E51D4D2
Signed: true
Signature: Microsoft Windows
SignatureStatus: Valid
User: WIN10DEMO\jolly"
Information,4/25/2026 5:36:03 PM,Microsoft-Windows-Sysmon,1,Process Create (rule: ProcessCreate),"Process Create:
RuleName: technique_id=T1036,technique_name=Masquerading
UtcTime: 2026-04-25 07:36:03.151
ProcessGuid: {9172be70-6ee3-69ec-8c01-000000001f00}
ProcessId: 9108
Image: C:\Users\jolly\AppData\Local\Microsoft\OneDrive\OneDriveStandaloneUpdater.exe
FileVersion: 26.051.0316.0004
Description: Standalone Updater
Product: Microsoft OneDrive
Company: Microsoft Corporation
OriginalFileName: OneDriveStandaloneUpdater.exe
CommandLine: ""C:\Users\jolly\AppData\Local\Microsoft\OneDrive\OneDriveStandaloneUpdater.exe"" /reporting
CurrentDirectory: C:\Windows\system32\
User: WIN10DEMO\jolly
LogonGuid: {9172be70-6dc0-69ec-2306-040000000000}
LogonId: 0x40623
TerminalSessionId: 1
IntegrityLevel: Medium
Hashes: SHA1=7F54901E87AD9F7E96F8BAC517BC17AA2676850B,MD5=CA4656DDE0A7F28D4B9FB00223737D30,SHA256=54C23A59861B6695C7BCF0229205E2EB57443A6BEA73C9F575EF7906AC991318,IMPHASH=03369742EB1ED23AFEBD564E507EDADF
ParentProcessGuid: {9172be70-6dab-69ec-1d00-000000001f00}
ParentProcessId: 1300
ParentImage: C:\Windows\System32\svchost.exe
ParentCommandLine: C:\Windows\system32\svchost.exe -k netsvcs -p -s Schedule
ParentUser: NT AUTHORITY\SYSTEM"
Information,4/25/2026 5:36:03 PM,Microsoft-Windows-Sysmon,1,Process Create (rule: ProcessCreate),"Process Create:
RuleName: technique_id=T1036,technique_name=Masquerading
UtcTime: 2026-04-25 07:36:02.694
ProcessGuid: {9172be70-6ee2-69ec-8101-000000001f00}
ProcessId: 8240
Image: C:\Users\jolly\AppData\Local\Microsoft\OneDrive\OneDriveStandaloneUpdater.exe
FileVersion: 26.051.0316.0004
Description: Standalone Updater
Product: Microsoft OneDrive
Company: Microsoft Corporation
OriginalFileName: OneDriveStandaloneUpdater.exe
CommandLine: ""C:\Users\jolly\AppData\Local\Microsoft\OneDrive\OneDriveStandaloneUpdater.exe""
CurrentDirectory: C:\Windows\system32\
User: WIN10DEMO\jolly
LogonGuid: {9172be70-6dc0-69ec-2306-040000000000}
LogonId: 0x40623
TerminalSessionId: 1
IntegrityLevel: Medium
Hashes: SHA1=7F54901E87AD9F7E96F8BAC517BC17AA2676850B,MD5=CA4656DDE0A7F28D4B9FB00223737D30,SHA256=54C23A59861B6695C7BCF0229205E2EB57443A6BEA73C9F575EF7906AC991318,IMPHASH=03369742EB1ED23AFEBD564E507EDADF
ParentProcessGuid: {9172be70-6dab-69ec-1d00-000000001f00}
ParentProcessId: 1300
ParentImage: C:\Windows\System32\svchost.exe
ParentCommandLine: C:\Windows\system32\svchost.exe -k netsvcs -p -s Schedule
ParentUser: NT AUTHORITY\SYSTEM"
Information,4/25/2026 5:36:03 PM,Microsoft-Windows-Sysmon,17,Pipe Created (rule: PipeEvent),"Pipe Created:
RuleName: -
EventType: CreatePipe
UtcTime: 2026-04-25 07:36:03.789
ProcessGuid: {9172be70-6e0d-69ec-ef00-000000001f00}
ProcessId: 6348
PipeName: \LOCAL\mojo.6348.2104.13603662723439851034
Image: C:\Program Files (x86)\Microsoft\EdgeWebView\Application\146.0.3856.109\msedgewebview2.exe
User: WIN10DEMO\jolly"
Information,4/25/2026 5:36:03 PM,Microsoft-Windows-Sysmon,7,Image loaded (rule: ImageLoad),"Image loaded:
RuleName: technique_id=T1053,technique_name=Scheduled Task
UtcTime: 2026-04-25 07:36:03.784
ProcessGuid: {9172be70-6ee2-69ec-8401-000000001f00}
ProcessId: 8952
Image: C:\Windows\System32\taskhostw.exe
ImageLoaded: C:\Windows\System32\taskschd.dll
FileVersion: 10.0.19041.3636 (WinBuild.160101.0800)
Description: Task Scheduler COM API
Product: Microsoft® Windows® Operating System
Company: Microsoft Corporation
OriginalFileName: taskschd.dll
Hashes: SHA1=633C92F5A5000CDE3235C7FDC306B2B04C501C48,MD5=84F942C1A4BD60C94EBEC6643E0216C9,SHA256=BBE733452E6CE871D5D2064948847AAB2A71F7FEDA2C962BA4002F64E2D198F2,IMPHASH=B7A4477FA36E2E5287EE76AC4AFCB05B
Signed: true
Signature: Microsoft Windows
SignatureStatus: Valid
User: WIN10DEMO\jolly"
Information,4/25/2026 5:36:03 PM,Microsoft-Windows-Sysmon,17,Pipe Created (rule: PipeEvent),"Pipe Created:
RuleName: -
EventType: CreatePipe
UtcTime: 2026-04-25 07:36:03.781
ProcessGuid: {9172be70-6e0d-69ec-ef00-000000001f00}
ProcessId: 6348
PipeName: \LOCAL\mojo.6348.2104.11996304647031160578
Image: C:\Program Files (x86)\Microsoft\EdgeWebView\Application\146.0.3856.109\msedgewebview2.exe
User: WIN10DEMO\jolly"
Information,4/25/2026 5:36:03 PM,Microsoft-Windows-Sysmon,17,Pipe Created (rule: PipeEvent),"Pipe Created:
RuleName: -
EventType: CreatePipe
UtcTime: 2026-04-25 07:36:03.767
ProcessGuid: {9172be70-6e0d-69ec-ef00-000000001f00}
ProcessId: 6348
PipeName: \LOCAL\mojo.6348.2104.3929597621095414414
Image: C:\Program Files (x86)\Microsoft\EdgeWebView\Application\146.0.3856.109\msedgewebview2.exe
User: WIN10DEMO\jolly"
Information,4/25/2026 5:36:03 PM,Microsoft-Windows-Sysmon,17,Pipe Created (rule: PipeEvent),"Pipe Created:
RuleName: -
EventType: CreatePipe
UtcTime: 2026-04-25 07:36:03.736
ProcessGuid: {9172be70-6ee3-69ec-9201-000000001f00}
ProcessId: 8988
PipeName: \LOCAL\mojo.8988.8384.17673437477640029111
Image: C:\Program Files (x86)\Microsoft\EdgeWebView\Application\146.0.3856.109\msedgewebview2.exe
User: WIN10DEMO\jolly"
Information,4/25/2026 5:36:03 PM,Microsoft-Windows-Sysmon,17,Pipe Created (rule: PipeEvent),"Pipe Created:
RuleName: -
EventType: CreatePipe
UtcTime: 2026-04-25 07:36:03.722
ProcessGuid: {9172be70-6e0d-69ec-ef00-000000001f00}
ProcessId: 6348
PipeName: \LOCAL\mojo.6348.2104.9299053434317323714
Image: C:\Program Files (x86)\Microsoft\EdgeWebView\Application\146.0.3856.109\msedgewebview2.exe
User: WIN10DEMO\jolly"
Information,4/25/2026 5:36:03 PM,Microsoft-Windows-Sysmon,17,Pipe Created (rule: PipeEvent),"Pipe Created:
RuleName: -
EventType: CreatePipe
UtcTime: 2026-04-25 07:36:03.721
ProcessGuid: {9172be70-6e0d-69ec-ef00-000000001f00}
ProcessId: 6348
PipeName: \LOCAL\mojo.6348.2104.10742230254496375711
Image: C:\Program Files (x86)\Microsoft\EdgeWebView\Application\146.0.3856.109\msedgewebview2.exe
User: WIN10DEMO\jolly"
Information,4/25/2026 5:36:03 PM,Microsoft-Windows-Sysmon,17,Pipe Created (rule: PipeEvent),"Pipe Created:
RuleName: -
EventType: CreatePipe
UtcTime: 2026-04-25 07:36:03.721
ProcessGuid: {9172be70-6e0d-69ec-ef00-000000001f00}
ProcessId: 6348
PipeName: \LOCAL\mojo.6348.2104.2694880884516137509
Image: C:\Program Files (x86)\Microsoft\EdgeWebView\Application\146.0.3856.109\msedgewebview2.exe
User: WIN10DEMO\jolly"
Information,4/25/2026 5:36:03 PM,Microsoft-Windows-Sysmon,1,Process Create (rule: ProcessCreate),"Process Create:
RuleName: technique_id=T1083,technique_name=File and Directory Discovery
UtcTime: 2026-04-25 07:36:03.626
ProcessGuid: {9172be70-6ee3-69ec-9201-000000001f00}
ProcessId: 8988
Image: C:\Program Files (x86)\Microsoft\EdgeWebView\Application\146.0.3856.109\msedgewebview2.exe
FileVersion: 146.0.3856.109
Description: Microsoft Edge WebView2
Product: Microsoft Edge WebView2
Company: Microsoft Corporation
OriginalFileName: msedgewebview2.exe
CommandLine: ""C:\Program Files (x86)\Microsoft\EdgeWebView\Application\146.0.3856.109\msedgewebview2.exe"" --type=renderer --noerrdialogs --user-data-dir=""C:\Users\jolly\AppData\Local\Packages\Microsoft.MicrosoftOfficeHub_8wekyb3d8bbwe\LocalState\EBWebView"" --webview-exe-name=M365Copilot.exe --webview-exe-version=19.2604.38251.0 --embedded-browser-webview=1 --embedded-browser-webview-dpi-awareness=2 --disable-gpu-compositing --video-capture-use-gpu-memory-buffer --lang=en-US --js-flags=--expose-gc --device-scale-factor=1 --num-raster-threads=2 --enable-main-frame-before-activation --renderer-client-id=32 --time-ticks-at-unix-epoch=-1777102076221678 --launch-time-ticks=439331729 --always-read-main-dll --metrics-shmem-handle=3592,i,13616175867347140726,5510998187776823355,2097152 --field-trial-handle=1868,i,15514434203381647951,17821807702279388689,262144 --enable-features=msSingleSignOnOSForPrimaryAccountIsShared --disable-features=msEnhancedTrackingPreventionEnabled --variations-seed-version --pseudonymization-salt-handle=1884,i,14477360231411206170,9314674685075851636,4 --trace-process-track-uuid=3190709016297210662 --mojo-platform-channel-handle=4528 /prefetch:1
CurrentDirectory: C:\Program Files (x86)\Microsoft\EdgeWebView\Application\146.0.3856.109\
User: WIN10DEMO\jolly
LogonGuid: {9172be70-6dc0-69ec-2306-040000000000}
LogonId: 0x40623
TerminalSessionId: 1
IntegrityLevel: Low
Hashes: SHA1=516E5FF797C1E3424E641F74BC0A95CE21C11710,MD5=4D01E2CFBA75938D82A4AA45FFFEB291,SHA256=29CE36EA7A746028BC637095F1068BC29FAC83FC677716FF052B56E913DCE6B7,IMPHASH=82DA08246FA01D20B9DB5C9DDBE8B38C
ParentProcessGuid: {9172be70-6e0d-69ec-ef00-000000001f00}
ParentProcessId: 6348
ParentImage: C:\Program Files (x86)\Microsoft\EdgeWebView\Application\146.0.3856.109\msedgewebview2.exe
ParentCommandLine: ""C:\Program Files (x86)\Microsoft\EdgeWebView\Application\146.0.3856.109\msedgewebview2.exe"" --embedded-browser-webview=1 --webview-exe-name=M365Copilot.exe --webview-exe-version=19.2604.38251.0 --user-data-dir=""C:\Users\jolly\AppData\Local\Packages\Microsoft.MicrosoftOfficeHub_8wekyb3d8bbwe\LocalState\EBWebView"" --noerrdialogs --embedded-browser-webview-dpi-awareness=2 --disable-features=msEnhancedTrackingPreventionEnabled --enable-features=msSingleSignOnOSForPrimaryAccountIsShared --mojo-named-platform-channel-pipe=2408.3868.7952138114952833211
ParentUser: WIN10DEMO\jolly"
Information,4/25/2026 5:36:03 PM,Microsoft-Windows-Sysmon,17,Pipe Created (rule: PipeEvent),"Pipe Created:
RuleName: -
EventType: CreatePipe
UtcTime: 2026-04-25 07:36:03.627
ProcessGuid: {9172be70-6e0d-69ec-ef00-000000001f00}
ProcessId: 6348
PipeName: \LOCAL\mojo.6348.2104.15735282353011766212
Image: C:\Program Files (x86)\Microsoft\EdgeWebView\Application\146.0.3856.109\msedgewebview2.exe
User: WIN10DEMO\jolly"
Information,4/25/2026 5:36:03 PM,Microsoft-Windows-Sysmon,17,Pipe Created (rule: PipeEvent),"Pipe Created:
RuleName: -
EventType: CreatePipe
UtcTime: 2026-04-25 07:36:03.624
ProcessGuid: {9172be70-6e0d-69ec-ef00-000000001f00}
ProcessId: 6348
PipeName: \LOCAL\mojo.6348.6428.4953953398153007407
Image: C:\Program Files (x86)\Microsoft\EdgeWebView\Application\146.0.3856.109\msedgewebview2.exe
User: WIN10DEMO\jolly"
Information,4/25/2026 5:36:03 PM,Microsoft-Windows-Sysmon,17,Pipe Created (rule: PipeEvent),"Pipe Created:
RuleName: -
EventType: CreatePipe
UtcTime: 2026-04-25 07:36:03.622
ProcessGuid: {9172be70-6e0d-69ec-ef00-000000001f00}
ProcessId: 6348
PipeName: \LOCAL\mojo.6348.2104.6352992735866057244
Image: C:\Program Files (x86)\Microsoft\EdgeWebView\Application\146.0.3856.109\msedgewebview2.exe
User: WIN10DEMO\jolly"
Information,4/25/2026 5:36:03 PM,Microsoft-Windows-Sysmon,17,Pipe Created (rule: PipeEvent),"Pipe Created:
RuleName: -
EventType: CreatePipe
UtcTime: 2026-04-25 07:36:03.578
ProcessGuid: {9172be70-6ee3-69ec-8e01-000000001f00}
ProcessId: 9012
PipeName: \LOCAL\mojo.9012.9016.8941982719759503606
Image: C:\Program Files (x86)\Microsoft\EdgeWebView\Application\146.0.3856.109\msedgewebview2.exe
User: WIN10DEMO\jolly"
Information,4/25/2026 5:36:03 PM,Microsoft-Windows-Sysmon,17,Pipe Created (rule: PipeEvent),"Pipe Created:
RuleName: -
EventType: CreatePipe
UtcTime: 2026-04-25 07:36:03.532
ProcessGuid: {9172be70-6e0d-69ec-ef00-000000001f00}
ProcessId: 6348
PipeName: \LOCAL\mojo.6348.2104.16759492914759307459
Image: C:\Program Files (x86)\Microsoft\EdgeWebView\Application\146.0.3856.109\msedgewebview2.exe
User: WIN10DEMO\jolly"
Information,4/25/2026 5:36:03 PM,Microsoft-Windows-Sysmon,1,Process Create (rule: ProcessCreate),"Process Create:
RuleName: technique_id=T1083,technique_name=File and Directory Discovery
UtcTime: 2026-04-25 07:36:03.318
ProcessGuid: {9172be70-6ee3-69ec-8e01-000000001f00}
ProcessId: 9012
Image: C:\Program Files (x86)\Microsoft\EdgeWebView\Application\146.0.3856.109\msedgewebview2.exe
FileVersion: 146.0.3856.109
Description: Microsoft Edge WebView2
Product: Microsoft Edge WebView2
Company: Microsoft Corporation
OriginalFileName: msedgewebview2.exe
CommandLine: ""C:\Program Files (x86)\Microsoft\EdgeWebView\Application\146.0.3856.109\msedgewebview2.exe"" --type=renderer --noerrdialogs --user-data-dir=""C:\Users\jolly\AppData\Local\Packages\Microsoft.MicrosoftOfficeHub_8wekyb3d8bbwe\LocalState\EBWebView"" --webview-exe-name=M365Copilot.exe --webview-exe-version=19.2604.38251.0 --embedded-browser-webview=1 --embedded-browser-webview-dpi-awareness=2 --disable-gpu-compositing --video-capture-use-gpu-memory-buffer --lang=en-US --js-flags=--expose-gc --device-scale-factor=1 --num-raster-threads=2 --enable-main-frame-before-activation --renderer-client-id=31 --time-ticks-at-unix-epoch=-1777102076221678 --launch-time-ticks=438677778 --always-read-main-dll --metrics-shmem-handle=4780,i,6932144629338082535,8836764743738448102,2097152 --field-trial-handle=1868,i,15514434203381647951,17821807702279388689,262144 --enable-features=msSingleSignOnOSForPrimaryAccountIsShared --disable-features=msEnhancedTrackingPreventionEnabled --variations-seed-version --pseudonymization-salt-handle=1884,i,14477360231411206170,9314674685075851636,4 --trace-process-track-uuid=3190709015360168813 --mojo-platform-channel-handle=4732 /prefetch:1
CurrentDirectory: C:\Program Files (x86)\Microsoft\EdgeWebView\Application\146.0.3856.109\
User: WIN10DEMO\jolly
LogonGuid: {9172be70-6dc0-69ec-2306-040000000000}
LogonId: 0x40623
TerminalSessionId: 1
IntegrityLevel: Low
Hashes: SHA1=516E5FF797C1E3424E641F74BC0A95CE21C11710,MD5=4D01E2CFBA75938D82A4AA45FFFEB291,SHA256=29CE36EA7A746028BC637095F1068BC29FAC83FC677716FF052B56E913DCE6B7,IMPHASH=82DA08246FA01D20B9DB5C9DDBE8B38C
ParentProcessGuid: {9172be70-6e0d-69ec-ef00-000000001f00}
ParentProcessId: 6348
ParentImage: C:\Program Files (x86)\Microsoft\EdgeWebView\Application\146.0.3856.109\msedgewebview2.exe
ParentCommandLine: ""C:\Program Files (x86)\Microsoft\EdgeWebView\Application\146.0.3856.109\msedgewebview2.exe"" --embedded-browser-webview=1 --webview-exe-name=M365Copilot.exe --webview-exe-version=19.2604.38251.0 --user-data-dir=""C:\Users\jolly\AppData\Local\Packages\Microsoft.MicrosoftOfficeHub_8wekyb3d8bbwe\LocalState\EBWebView"" --noerrdialogs --embedded-browser-webview-dpi-awareness=2 --disable-features=msEnhancedTrackingPreventionEnabled --enable-features=msSingleSignOnOSForPrimaryAccountIsShared --mojo-named-platform-channel-pipe=2408.3868.7952138114952833211
ParentUser: WIN10DEMO\jolly"
Information,4/25/2026 5:36:03 PM,Microsoft-Windows-Sysmon,1,Process Create (rule: ProcessCreate),"Process Create:
RuleName: technique_id=T1083,technique_name=File and Directory Discovery
UtcTime: 2026-04-25 07:36:03.317
ProcessGuid: {9172be70-6ee3-69ec-8d01-000000001f00}
ProcessId: 9136
Image: C:\Program Files (x86)\Microsoft\EdgeWebView\Application\146.0.3856.109\msedgewebview2.exe
FileVersion: 146.0.3856.109
Description: Microsoft Edge WebView2
Product: Microsoft Edge WebView2
Company: Microsoft Corporation
OriginalFileName: msedgewebview2.exe
CommandLine: ""C:\Program Files (x86)\Microsoft\EdgeWebView\Application\146.0.3856.109\msedgewebview2.exe"" --type=renderer --noerrdialogs --user-data-dir=""C:\Users\jolly\AppData\Local\Packages\Microsoft.MicrosoftOfficeHub_8wekyb3d8bbwe\LocalState\EBWebView"" --webview-exe-name=M365Copilot.exe --webview-exe-version=19.2604.38251.0 --embedded-browser-webview=1 --embedded-browser-webview-dpi-awareness=2 --disable-gpu-compositing --video-capture-use-gpu-memory-buffer --lang=en-US --js-flags=--expose-gc --device-scale-factor=1 --num-raster-threads=2 --enable-main-frame-before-activation --renderer-client-id=30 --time-ticks-at-unix-epoch=-1777102076221678 --launch-time-ticks=438653705 --always-read-main-dll --metrics-shmem-handle=4996,i,7832066457533262462,13452578570797579403,2097152 --field-trial-handle=1868,i,15514434203381647951,17821807702279388689,262144 --enable-features=msSingleSignOnOSForPrimaryAccountIsShared --disable-features=msEnhancedTrackingPreventionEnabled --variations-seed-version --pseudonymization-salt-handle=1884,i,14477360231411206170,9314674685075851636,4 --trace-process-track-uuid=3190709014423126964 --mojo-platform-channel-handle=4688 /prefetch:1
CurrentDirectory: C:\Program Files (x86)\Microsoft\EdgeWebView\Application\146.0.3856.109\
User: WIN10DEMO\jolly
LogonGuid: {9172be70-6dc0-69ec-2306-040000000000}
LogonId: 0x40623
TerminalSessionId: 1
IntegrityLevel: Low
Hashes: SHA1=516E5FF797C1E3424E641F74BC0A95CE21C11710,MD5=4D01E2CFBA75938D82A4AA45FFFEB291,SHA256=29CE36EA7A746028BC637095F1068BC29FAC83FC677716FF052B56E913DCE6B7,IMPHASH=82DA08246FA01D20B9DB5C9DDBE8B38C
ParentProcessGuid: {9172be70-6e0d-69ec-ef00-000000001f00}
ParentProcessId: 6348
ParentImage: C:\Program Files (x86)\Microsoft\EdgeWebView\Application\146.0.3856.109\msedgewebview2.exe
ParentCommandLine: ""C:\Program Files (x86)\Microsoft\EdgeWebView\Application\146.0.3856.109\msedgewebview2.exe"" --embedded-browser-webview=1 --webview-exe-name=M365Copilot.exe --webview-exe-version=19.2604.38251.0 --user-data-dir=""C:\Users\jolly\AppData\Local\Packages\Microsoft.MicrosoftOfficeHub_8wekyb3d8bbwe\LocalState\EBWebView"" --noerrdialogs --embedded-browser-webview-dpi-awareness=2 --disable-features=msEnhancedTrackingPreventionEnabled --enable-features=msSingleSignOnOSForPrimaryAccountIsShared --mojo-named-platform-channel-pipe=2408.3868.7952138114952833211
ParentUser: WIN10DEMO\jolly"
Information,4/25/2026 5:36:03 PM,Microsoft-Windows-Sysmon,17,Pipe Created (rule: PipeEvent),"Pipe Created:
RuleName: -
EventType: CreatePipe
UtcTime: 2026-04-25 07:36:03.103
ProcessGuid: {9172be70-6e0d-69ec-ef00-000000001f00}
ProcessId: 6348
PipeName: \LOCAL\mojo.6348.6428.5388010411166107871
Image: C:\Program Files (x86)\Microsoft\EdgeWebView\Application\146.0.3856.109\msedgewebview2.exe
User: WIN10DEMO\jolly"
Information,4/25/2026 5:36:03 PM,Microsoft-Windows-Sysmon,17,Pipe Created (rule: PipeEvent),"Pipe Created:
RuleName: -
EventType: CreatePipe
UtcTime: 2026-04-25 07:36:03.083
ProcessGuid: {9172be70-6e0d-69ec-ef00-000000001f00}
ProcessId: 6348
PipeName: \LOCAL\mojo.6348.6428.9218262451527294007
Image: C:\Program Files (x86)\Microsoft\EdgeWebView\Application\146.0.3856.109\msedgewebview2.exe
User: WIN10DEMO\jolly"
Information,4/25/2026 5:36:03 PM,Microsoft-Windows-Sysmon,1,Process Create (rule: ProcessCreate),"Process Create:
RuleName: technique_id=T1218.011,technique_name=rundll32.exe
UtcTime: 2026-04-25 07:36:03.012
ProcessGuid: {9172be70-6ee3-69ec-8b01-000000001f00}
ProcessId: 9080
Image: C:\Windows\System32\rundll32.exe
FileVersion: 10.0.19041.5794 (WinBuild.160101.0800)
Description: Windows host process (Rundll32)
Product: Microsoft® Windows® Operating System
Company: Microsoft Corporation
OriginalFileName: RUNDLL32.EXE
CommandLine: ""C:\Windows\system32\rundll32.exe"" C:\Windows\system32\PcaSvc.dll,PcaPatchSdbTask
CurrentDirectory: C:\Windows\system32\
User: NT AUTHORITY\SYSTEM
LogonGuid: {9172be70-6da8-69ec-e703-000000000000}
LogonId: 0x3E7
TerminalSessionId: 0
IntegrityLevel: System
Hashes: SHA1=EA8254338FF3811AA47061ED360C6DFE482AADAA,MD5=5A43032AEBD51583832EF3E96F5C81DA,SHA256=076592CA1957F8F357CC201F0015072C612F5770AD7DE85F87F254253C754DD7,IMPHASH=F207A867D6098266EE63A3CA677EB0FF
ParentProcessGuid: {9172be70-6dab-69ec-1d00-000000001f00}
ParentProcessId: 1300
ParentImage: C:\Windows\System32\svchost.exe
ParentCommandLine: C:\Windows\system32\svchost.exe -k netsvcs -p -s Schedule
ParentUser: NT AUTHORITY\SYSTEM"
Information,4/25/2026 5:36:03 PM,Microsoft-Windows-Sysmon,13,Registry value set (rule: RegistryEvent),"Registry value set:
RuleName: -
EventType: SetValue
UtcTime: 2026-04-25 07:36:03.018
ProcessGuid: {9172be70-6dab-69ec-1d00-000000001f00}
ProcessId: 1300
Image: C:\Windows\system32\svchost.exe
TargetObject: HKLM\System\CurrentControlSet\Services\bam\State\UserSettings\S-1-5-18\\Device\HarddiskVolume1\Windows\System32\rundll32.exe
Details: Binary Data
User: NT AUTHORITY\SYSTEM"
Information,4/25/2026 5:36:03 PM,Microsoft-Windows-Sysmon,1,Process Create (rule: ProcessCreate),"Process Create:
RuleName: technique_id=T1083,technique_name=File and Directory Discovery
UtcTime: 2026-04-25 07:36:02.999
ProcessGuid: {9172be70-6ee2-69ec-8a01-000000001f00}
ProcessId: 9068
Image: C:\Program Files (x86)\Microsoft\EdgeUpdate\MicrosoftEdgeUpdate.exe
FileVersion: 1.3.225.7
Description: Microsoft Edge Update
Product: Microsoft Edge Update
Company: Microsoft Corporation
OriginalFileName: MicrosoftEdgeUpdate.exe
CommandLine: ""C:\Program Files (x86)\Microsoft\EdgeUpdate\MicrosoftEdgeUpdate.exe"" /ua /installsource scheduler
CurrentDirectory: C:\Windows\system32\
User: NT AUTHORITY\SYSTEM
LogonGuid: {9172be70-6da8-69ec-e703-000000000000}
LogonId: 0x3E7
TerminalSessionId: 0
IntegrityLevel: System
Hashes: SHA1=A3281440828DE514B0FC7BEBFEF3CFD37A418DC6,MD5=352C33641CBBD193AF127D306CB960C8,SHA256=F56701783D22D0E17E126D09ACA62B1969259D4B7B00DEDD9A0001C6D1ABEAD2,IMPHASH=CD3B2D99C6655A5D4A14E30E380F5BF9
ParentProcessGuid: {9172be70-6dab-69ec-1d00-000000001f00}
ParentProcessId: 1300
ParentImage: C:\Windows\System32\svchost.exe
ParentCommandLine: C:\Windows\system32\svchost.exe -k netsvcs -p -s Schedule
ParentUser: NT AUTHORITY\SYSTEM"
Information,4/25/2026 5:36:02 PM,Microsoft-Windows-Sysmon,1,Process Create (rule: ProcessCreate),"Process Create:
RuleName: technique_id=T1543.003,technique_name=Windows Service
UtcTime: 2026-04-25 07:36:02.808
ProcessGuid: {9172be70-6ee2-69ec-8501-000000001f00}
ProcessId: 5232
Image: C:\Windows\System32\sc.exe
FileVersion: 10.0.19041.1 (WinBuild.160101.0800)
Description: Service Control Manager Configuration Tool
Product: Microsoft® Windows® Operating System
Company: Microsoft Corporation
OriginalFileName: sc.exe
CommandLine: ""C:\Windows\system32\sc.exe"" start pushtoinstall registration
CurrentDirectory: C:\Windows\system32\
User: NT AUTHORITY\SYSTEM
LogonGuid: {9172be70-6da8-69ec-e703-000000000000}
LogonId: 0x3E7
TerminalSessionId: 0
IntegrityLevel: System
Hashes: SHA1=B4979A9F970029889713D756C3F123643DDE73DA,MD5=3FB5CF71F7E7EB49790CB0E663434D80,SHA256=41F067C3A11B02FE39947F9EBA68AE5C7CB5BD1872A6009A4CD1506554A9ABA9,IMPHASH=803254E010814E69947095A2725B2AFD
ParentProcessGuid: {9172be70-6dab-69ec-1d00-000000001f00}
ParentProcessId: 1300
ParentImage: C:\Windows\System32\svchost.exe
ParentCommandLine: C:\Windows\system32\svchost.exe -k netsvcs -p -s Schedule
ParentUser: NT AUTHORITY\SYSTEM"
Information,4/25/2026 5:35:52 PM,Microsoft-Windows-Sysmon,11,File created (rule: FileCreate),"File created:
RuleName: -
UtcTime: 2026-04-25 07:35:52.485
ProcessGuid: {9172be70-6e98-69ec-4801-000000001f00}
ProcessId: 6164
Image: C:\Program Files\Splunk\bin\splunk-supervisor.exe
TargetFilename: C:\Program Files\Splunk\var\run\supervisor\pkg-run\pkg-identity2001678284\identity.exe
CreationUtcTime: 2026-04-25 07:35:52.485
User: NT AUTHORITY\SYSTEM"
Information,4/25/2026 5:35:51 PM,Microsoft-Windows-Sysmon,11,File created (rule: FileCreate),"File created:
RuleName: -
UtcTime: 2026-04-25 07:35:51.935
ProcessGuid: {9172be70-6e98-69ec-4801-000000001f00}
ProcessId: 6164
Image: C:\Program Files\Splunk\bin\splunk-supervisor.exe
TargetFilename: C:\Program Files\Splunk\var\run\supervisor\pkg-run\pkg-ipc_broker4123113977\ipc_broker.exe
CreationUtcTime: 2026-04-25 07:35:51.935
User: NT AUTHORITY\SYSTEM"
Information,4/25/2026 5:35:51 PM,Microsoft-Windows-Sysmon,11,File created (rule: FileCreate),"File created:
RuleName: -
UtcTime: 2026-04-25 07:35:51.150
ProcessGuid: {9172be70-6e98-69ec-4801-000000001f00}
ProcessId: 6164
Image: C:\Program Files\Splunk\bin\splunk-supervisor.exe
TargetFilename: C:\Program Files\Splunk\var\run\supervisor\pkg-run\pkg-agent-manager1454364895\agent-manager.exe
CreationUtcTime: 2026-04-25 07:35:51.150
User: NT AUTHORITY\SYSTEM"
Information,4/25/2026 5:35:42 PM,Microsoft-Windows-Sysmon,13,Registry value set (rule: RegistryEvent),"Registry value set:
RuleName: -
EventType: SetValue
UtcTime: 2026-04-25 07:35:42.413
ProcessGuid: {9172be70-6da9-69ec-0d00-000000001f00}
ProcessId: 844
Image: C:\Windows\system32\svchost.exe
TargetObject: HKLM\System\CurrentControlSet\Services\bam\State\UserSettings\S-1-5-21-1156564983-231300539-2099510246-1000\Microsoft.Windows.ShellExperienceHost_cw5n1h2txyewy
Details: Binary Data
User: NT AUTHORITY\SYSTEM"
Information,4/25/2026 5:35:39 PM,Microsoft-Windows-Sysmon,7,Image loaded (rule: ImageLoad),"Image loaded:
RuleName: -
UtcTime: 2026-04-25 07:35:39.256
ProcessGuid: {9172be70-6ec9-69ec-6301-000000001f00}
ProcessId: 1864
Image: C:\Windows\SystemApps\ShellExperienceHost_cw5n1h2txyewy\ShellExperienceHost.exe
ImageLoaded: C:\Windows\System32\urlmon.dll
FileVersion: 11.00.19041.6456 (WinBuild.160101.0800)
Description: OLE32 Extensions for Win32
Product: Internet Explorer
Company: Microsoft Corporation
OriginalFileName: UrlMon.dll
Hashes: SHA1=E20F47594B506E7F66451F86DC3D27ACFBE50690,MD5=4F65F3E866588D1F98279B80D79073D8,SHA256=BA66D852C1EE342E2863FFD42B01E1041CE099EADE6CCCBBB8E64C6475B8958E,IMPHASH=4572A0DE6D775598EF7BE4A1A20049FB
Signed: true
Signature: Microsoft Windows
SignatureStatus: Valid
User: WIN10DEMO\jolly"
Information,4/25/2026 5:35:39 PM,Microsoft-Windows-Sysmon,7,Image loaded (rule: ImageLoad),"Image loaded:
RuleName: technique_id=T1574.002,technique_name=DLL Side-Loading
UtcTime: 2026-04-25 07:35:39.008
ProcessGuid: {9172be70-6eca-69ec-6401-000000001f00}
ProcessId: 8244
Image: C:\Program Files\Splunk\bin\python3.13.exe
ImageLoaded: C:\ProgramData\Microsoft\Windows Defender\Platform\4.18.26020.6-0\MpOAV.dll
FileVersion: 4.18.26020.6 (cd0aebd7c18a68cd2e3af14a117b45b178d088f4)
Description: IOfficeAntiVirus Module
Product: Microsoft® Windows® Operating System
Company: Microsoft Corporation
OriginalFileName: MpOAV.dll
Hashes: SHA1=8350F492FC8773C7AD990D4218D9AD1E0C7A3130,MD5=55DCD381DFBB9B84092E09B8D3A7A4CD,SHA256=4FE2F89B85BEE4455BECEF8450A6459B2F9AF50E991A86A8A863FA86AAC3F69E,IMPHASH=876F81A277BF4C5C958E4D3BDB07CFEB
Signed: true
Signature: Microsoft Windows
SignatureStatus: Valid
User: NT AUTHORITY\SYSTEM"
Information,4/25/2026 5:35:39 PM,Microsoft-Windows-Sysmon,7,Image loaded (rule: ImageLoad),"Image loaded:
RuleName: technique_id=T1059.001,technique_name=PowerShell
UtcTime: 2026-04-25 07:35:39.005
ProcessGuid: {9172be70-6eca-69ec-6401-000000001f00}
ProcessId: 8244
Image: C:\Program Files\Splunk\bin\python3.13.exe
ImageLoaded: C:\Windows\System32\amsi.dll
FileVersion: 10.0.19041.4355 (WinBuild.160101.0800)
Description: Anti-Malware Scan Interface
Product: Microsoft® Windows® Operating System
Company: Microsoft Corporation
OriginalFileName: amsi.dll
Hashes: SHA1=347368018E1DAAF4F52C9A4119526313A82ECEEC,MD5=4933108BD5B3219F74AD807DFE8835AD,SHA256=66F7A134F6A4D9FE63DD7D6FF88DDED5796E4D5C7E33BA606DFF4D87D9258C0D,IMPHASH=C414C6B76EBCEEF67B5B752A7E51D4D2
Signed: true
Signature: Microsoft Windows
SignatureStatus: Valid
User: NT AUTHORITY\SYSTEM"
Information,4/25/2026 5:35:37 PM,Microsoft-Windows-Sysmon,13,Registry value set (rule: RegistryEvent),"Registry value set:
RuleName: -
EventType: SetValue
UtcTime: 2026-04-25 07:35:37.852
ProcessGuid: {9172be70-6da9-69ec-0d00-000000001f00}
ProcessId: 844
Image: C:\Windows\system32\svchost.exe
TargetObject: HKLM\System\CurrentControlSet\Services\bam\State\UserSettings\S-1-5-21-1156564983-231300539-2099510246-1000\Microsoft.Windows.ShellExperienceHost_cw5n1h2txyewy
Details: Binary Data
User: NT AUTHORITY\SYSTEM"
Information,4/25/2026 5:35:34 PM,Microsoft-Windows-Sysmon,13,Registry value set (rule: RegistryEvent),"Registry value set:
RuleName: -
EventType: SetValue
UtcTime: 2026-04-25 07:35:34.693
ProcessGuid: {9172be70-6ec5-69ec-5c01-000000001f00}
ProcessId: 7540
Image: C:\Program Files (x86)\Microsoft\Edge\Application\msedge.exe
TargetObject: HKLM\System\CurrentControlSet\Services\bam\State\UserSettings\S-1-5-21-1156564983-231300539-2099510246-1000\\Device\HarddiskVolume1\Program Files (x86)\Microsoft\Edge\Application\msedge.exe
Details: Binary Data
User: WIN10DEMO\jolly"
Information,4/25/2026 5:35:33 PM,Microsoft-Windows-Sysmon,1,Process Create (rule: ProcessCreate),"Process Create:
RuleName: technique_id=T1083,technique_name=File and Directory Discovery
UtcTime: 2026-04-25 07:35:33.284
ProcessGuid: {9172be70-6ec5-69ec-5b01-000000001f00}
ProcessId: 1224
Image: C:\Program Files (x86)\Microsoft\EdgeWebView\Application\146.0.3856.109\msedgewebview2.exe
FileVersion: 146.0.3856.109
Description: Microsoft Edge WebView2
Product: Microsoft Edge WebView2
Company: Microsoft Corporation
OriginalFileName: msedgewebview2.exe
CommandLine: ""C:\Program Files (x86)\Microsoft\EdgeWebView\Application\146.0.3856.109\msedgewebview2.exe"" --type=gpu-process --disable-gpu-sandbox --use-gl=disabled --gpu-vendor-id=5140 --gpu-device-id=140 --gpu-sub-system-id=0 --gpu-revision=0 --gpu-driver-version=10.0.19041.5794 --noerrdialogs --user-data-dir=""C:\Users\jolly\AppData\Local\Packages\Microsoft.MicrosoftOfficeHub_8wekyb3d8bbwe\LocalState\EBWebView"" --webview-exe-name=M365Copilot.exe --webview-exe-version=19.2604.38251.0 --embedded-browser-webview=1 --embedded-browser-webview-dpi-awareness=2 --gpu-preferences=SAAAAAAAAADoAAAEAAAAAAAAAAAAAGAAAQAAAAAAAAAAAAAAAAAAAEIAAAAAAAAAAAAAAAAAAAAQAAAAAAAAABAAAAAAAAAACAAAAAAAAAAIAAAAAAAAAA== --always-read-main-dll --metrics-shmem-handle=4736,i,14460783276218523625,528704234576014988,262144 --field-trial-handle=1868,i,15514434203381647951,17821807702279388689,262144 --enable-features=msSingleSignOnOSForPrimaryAccountIsShared --disable-features=msEnhancedTrackingPreventionEnabled --variations-seed-version --pseudonymization-salt-handle=1884,i,14477360231411206170,9314674685075851636,4 --trace-process-track-uuid=3190709013486085115 --mojo-platform-channel-handle=3456 /prefetch:8
CurrentDirectory: C:\Program Files (x86)\Microsoft\EdgeWebView\Application\146.0.3856.109\
User: WIN10DEMO\jolly
LogonGuid: {9172be70-6dc0-69ec-2306-040000000000}
LogonId: 0x40623
TerminalSessionId: 1
IntegrityLevel: Medium
Hashes: SHA1=516E5FF797C1E3424E641F74BC0A95CE21C11710,MD5=4D01E2CFBA75938D82A4AA45FFFEB291,SHA256=29CE36EA7A746028BC637095F1068BC29FAC83FC677716FF052B56E913DCE6B7,IMPHASH=82DA08246FA01D20B9DB5C9DDBE8B38C
ParentProcessGuid: {9172be70-6e0d-69ec-ef00-000000001f00}
ParentProcessId: 6348
ParentImage: C:\Program Files (x86)\Microsoft\EdgeWebView\Application\146.0.3856.109\msedgewebview2.exe
ParentCommandLine: ""C:\Program Files (x86)\Microsoft\EdgeWebView\Application\146.0.3856.109\msedgewebview2.exe"" --embedded-browser-webview=1 --webview-exe-name=M365Copilot.exe --webview-exe-version=19.2604.38251.0 --user-data-dir=""C:\Users\jolly\AppData\Local\Packages\Microsoft.MicrosoftOfficeHub_8wekyb3d8bbwe\LocalState\EBWebView"" --noerrdialogs --embedded-browser-webview-dpi-awareness=2 --disable-features=msEnhancedTrackingPreventionEnabled --enable-features=msSingleSignOnOSForPrimaryAccountIsShared --mojo-named-platform-channel-pipe=2408.3868.7952138114952833211
ParentUser: WIN10DEMO\jolly"
Information,4/25/2026 5:35:33 PM,Microsoft-Windows-Sysmon,13,Registry value set (rule: RegistryEvent),"Registry value set:
RuleName: -
EventType: SetValue
UtcTime: 2026-04-25 07:35:33.314
ProcessGuid: {9172be70-6df7-69ec-e500-000000001f00}
ProcessId: 6412
Image: C:\Program Files (x86)\Microsoft\Edge\Application\msedge.exe
TargetObject: HKLM\System\CurrentControlSet\Services\bam\State\UserSettings\S-1-5-21-1156564983-231300539-2099510246-1000\\Device\HarddiskVolume1\Program Files (x86)\Microsoft\Edge\Application\msedge.exe
Details: Binary Data
User: WIN10DEMO\jolly"
Information,4/25/2026 5:35:33 PM,Microsoft-Windows-Sysmon,17,Pipe Created (rule: PipeEvent),"Pipe Created:
RuleName: -
EventType: CreatePipe
UtcTime: 2026-04-25 07:35:33.282
ProcessGuid: {9172be70-6e0d-69ec-ef00-000000001f00}
ProcessId: 6348
PipeName: \LOCAL\mojo.6348.6428.2916177283394089663
Image: C:\Program Files (x86)\Microsoft\EdgeWebView\Application\146.0.3856.109\msedgewebview2.exe
User: WIN10DEMO\jolly"
Information,4/25/2026 5:35:09 PM,Microsoft-Windows-Sysmon,13,Registry value set (rule: RegistryEvent),"Registry value set:
RuleName: technique_id=T1053,technique_name=Scheduled Task
EventType: SetValue
UtcTime: 2026-04-25 07:35:09.282
ProcessGuid: {9172be70-6dab-69ec-1d00-000000001f00}
ProcessId: 1300
Image: C:\Windows\system32\svchost.exe
TargetObject: HKLM\SOFTWARE\Microsoft\Windows NT\CurrentVersion\Schedule\TaskCache\Tree\Microsoft\Windows\SoftwareProtectionPlatform\SvcRestartTask\Index
Details: DWORD (0x00000003)
User: NT AUTHORITY\SYSTEM"
Information,4/25/2026 5:35:09 PM,Microsoft-Windows-Sysmon,7,Image loaded (rule: ImageLoad),"Image loaded:
RuleName: technique_id=T1053,technique_name=Scheduled Task
UtcTime: 2026-04-25 07:35:09.267
ProcessGuid: {9172be70-6e7f-69ec-3f01-000000001f00}
ProcessId: 6696
Image: C:\Windows\System32\sppsvc.exe
ImageLoaded: C:\Windows\System32\taskschd.dll
FileVersion: 10.0.19041.3636 (WinBuild.160101.0800)
Description: Task Scheduler COM API
Product: Microsoft® Windows® Operating System
Company: Microsoft Corporation
OriginalFileName: taskschd.dll
Hashes: SHA1=633C92F5A5000CDE3235C7FDC306B2B04C501C48,MD5=84F942C1A4BD60C94EBEC6643E0216C9,SHA256=BBE733452E6CE871D5D2064948847AAB2A71F7FEDA2C962BA4002F64E2D198F2,IMPHASH=B7A4477FA36E2E5287EE76AC4AFCB05B
Signed: true
Signature: Microsoft Windows
SignatureStatus: Valid
User: NT AUTHORITY\NETWORK SERVICE"
Information,4/25/2026 5:35:08 PM,Microsoft-Windows-Sysmon,7,Image loaded (rule: ImageLoad),"Image loaded:
RuleName: technique_id=T1574.002,technique_name=DLL Side-Loading
UtcTime: 2026-04-25 07:35:08.265
ProcessGuid: {9172be70-6eab-69ec-4f01-000000001f00}
ProcessId: 4056
Image: C:\Windows\System32\wbem\WMIADAP.exe
ImageLoaded: C:\ProgramData\Microsoft\Windows Defender\Platform\4.18.26020.6-0\MpOAV.dll
FileVersion: 4.18.26020.6 (cd0aebd7c18a68cd2e3af14a117b45b178d088f4)
Description: IOfficeAntiVirus Module
Product: Microsoft® Windows® Operating System
Company: Microsoft Corporation
OriginalFileName: MpOAV.dll
Hashes: SHA1=8350F492FC8773C7AD990D4218D9AD1E0C7A3130,MD5=55DCD381DFBB9B84092E09B8D3A7A4CD,SHA256=4FE2F89B85BEE4455BECEF8450A6459B2F9AF50E991A86A8A863FA86AAC3F69E,IMPHASH=876F81A277BF4C5C958E4D3BDB07CFEB
Signed: true
Signature: Microsoft Windows
SignatureStatus: Valid
User: NT AUTHORITY\SYSTEM"
Information,4/25/2026 5:35:08 PM,Microsoft-Windows-Sysmon,7,Image loaded (rule: ImageLoad),"Image loaded:
RuleName: technique_id=T1059.001,technique_name=PowerShell
UtcTime: 2026-04-25 07:35:08.265
ProcessGuid: {9172be70-6eab-69ec-4f01-000000001f00}
ProcessId: 4056
Image: C:\Windows\System32\wbem\WMIADAP.exe
ImageLoaded: C:\Windows\System32\amsi.dll
FileVersion: 10.0.19041.4355 (WinBuild.160101.0800)
Description: Anti-Malware Scan Interface
Product: Microsoft® Windows® Operating System
Company: Microsoft Corporation
OriginalFileName: amsi.dll
Hashes: SHA1=347368018E1DAAF4F52C9A4119526313A82ECEEC,MD5=4933108BD5B3219F74AD807DFE8835AD,SHA256=66F7A134F6A4D9FE63DD7D6FF88DDED5796E4D5C7E33BA606DFF4D87D9258C0D,IMPHASH=C414C6B76EBCEEF67B5B752A7E51D4D2
Signed: true
Signature: Microsoft Windows
SignatureStatus: Valid
User: NT AUTHORITY\SYSTEM"
Information,4/25/2026 5:34:59 PM,Microsoft-Windows-Sysmon,1,Process Create (rule: ProcessCreate),"Process Create:
RuleName: technique_id=T1204,technique_name=User Execution
UtcTime: 2026-04-25 07:34:59.637
ProcessGuid: {9172be70-6ea3-69ec-4e01-000000001f00}
ProcessId: 5336
Image: C:\Windows\System32\Taskmgr.exe
FileVersion: 10.0.19041.6280 (WinBuild.160101.0800)
Description: Task Manager
Product: Microsoft® Windows® Operating System
Company: Microsoft Corporation
OriginalFileName: Taskmgr.exe
CommandLine: ""C:\Windows\system32\taskmgr.exe"" /7
CurrentDirectory: C:\Windows\system32\
User: WIN10DEMO\jolly
LogonGuid: {9172be70-6dc0-69ec-a205-040000000000}
LogonId: 0x405A2
TerminalSessionId: 1
IntegrityLevel: High
Hashes: SHA1=A9441A3EF6B757C552FDC0EA046EBBDFFF2304B4,MD5=3DE36C2C6379CF4FCFBD8C3C4B0BFAD0,SHA256=26F020DC1369C432249EFC5C09F728B59222D8553A768B9919AFC3672491C04B,IMPHASH=FD7A88F60ACBEDFAC4389B5F55CD3988
ParentProcessGuid: {9172be70-6dcd-69ec-a300-000000001f00}
ParentProcessId: 5648
ParentImage: C:\Windows\explorer.exe
ParentCommandLine: C:\Windows\Explorer.EXE
ParentUser: WIN10DEMO\jolly"
Information,4/25/2026 5:34:59 PM,Microsoft-Windows-Sysmon,13,Registry value set (rule: RegistryEvent),"Registry value set:
RuleName: -
EventType: SetValue
UtcTime: 2026-04-25 07:34:59.627
ProcessGuid: {9172be70-6df9-69ec-e700-000000001f00}
ProcessId: 4640
Image: C:\Windows\system32\svchost.exe
TargetObject: HKLM\System\CurrentControlSet\Services\bam\State\UserSettings\S-1-5-21-1156564983-231300539-2099510246-1000\\Device\HarddiskVolume1\Windows\System32\Taskmgr.exe
Details: Binary Data
User: NT AUTHORITY\SYSTEM"
Information,4/25/2026 5:34:59 PM,Microsoft-Windows-Sysmon,7,Image loaded (rule: ImageLoad),"Image loaded:
RuleName: -
UtcTime: 2026-04-25 07:34:59.505
ProcessGuid: {9172be70-6ea2-69ec-4d01-000000001f00}
ProcessId: 8176
Image: C:\Windows\System32\consent.exe
ImageLoaded: C:\Windows\System32\urlmon.dll
FileVersion: 11.00.19041.6456 (WinBuild.160101.0800)
Description: OLE32 Extensions for Win32
Product: Internet Explorer
Company: Microsoft Corporation
OriginalFileName: UrlMon.dll
Hashes: SHA1=E20F47594B506E7F66451F86DC3D27ACFBE50690,MD5=4F65F3E866588D1F98279B80D79073D8,SHA256=BA66D852C1EE342E2863FFD42B01E1041CE099EADE6CCCBBB8E64C6475B8958E,IMPHASH=4572A0DE6D775598EF7BE4A1A20049FB
Signed: true
Signature: Microsoft Windows
SignatureStatus: Valid
User: NT AUTHORITY\SYSTEM"
Information,4/25/2026 5:34:59 PM,Microsoft-Windows-Sysmon,7,Image loaded (rule: ImageLoad),"Image loaded:
RuleName: technique_id=T1059.001,technique_name=PowerShell
UtcTime: 2026-04-25 07:34:58.990
ProcessGuid: {9172be70-6ea2-69ec-4d01-000000001f00}
ProcessId: 8176
Image: C:\Windows\System32\consent.exe
ImageLoaded: C:\Windows\System32\amsi.dll
FileVersion: 10.0.19041.4355 (WinBuild.160101.0800)
Description: Anti-Malware Scan Interface
Product: Microsoft® Windows® Operating System
Company: Microsoft Corporation
OriginalFileName: amsi.dll
Hashes: SHA1=347368018E1DAAF4F52C9A4119526313A82ECEEC,MD5=4933108BD5B3219F74AD807DFE8835AD,SHA256=66F7A134F6A4D9FE63DD7D6FF88DDED5796E4D5C7E33BA606DFF4D87D9258C0D,IMPHASH=C414C6B76EBCEEF67B5B752A7E51D4D2
Signed: true
Signature: Microsoft Windows
SignatureStatus: Valid
User: NT AUTHORITY\SYSTEM"
Information,4/25/2026 5:34:57 PM,Microsoft-Windows-Sysmon,13,Registry value set (rule: RegistryEvent),"Registry value set:
RuleName: -
EventType: SetValue
UtcTime: 2026-04-25 07:34:57.479
ProcessGuid: {9172be70-6e9b-69ec-4b01-000000001f00}
ProcessId: 1812
Image: C:\Windows\system32\taskmgr.exe
TargetObject: HKLM\System\CurrentControlSet\Services\bam\State\UserSettings\S-1-5-21-1156564983-231300539-2099510246-1000\\Device\HarddiskVolume1\Windows\System32\Taskmgr.exe
Details: Binary Data
User: WIN10DEMO\jolly"
Information,4/25/2026 5:34:53 PM,Microsoft-Windows-Sysmon,13,Registry value set (rule: RegistryEvent),"Registry value set:
RuleName: -
EventType: SetValue
UtcTime: 2026-04-25 07:34:53.433
ProcessGuid: {9172be70-6e94-69ec-4601-000000001f00}
ProcessId: 7920
Image: C:\Windows\system32\DllHost.exe
TargetObject: HKLM\System\CurrentControlSet\Services\bam\State\UserSettings\S-1-5-21-1156564983-231300539-2099510246-1000\\Device\HarddiskVolume1\Windows\System32\dllhost.exe
Details: Binary Data
User: WIN10DEMO\jolly"
Information,4/25/2026 5:34:53 PM,Microsoft-Windows-Sysmon,17,Pipe Created (rule: PipeEvent),"Pipe Created:
RuleName: -
EventType: CreatePipe
UtcTime: 2026-04-25 07:34:53.373
ProcessGuid: {9172be70-6e0d-69ec-ef00-000000001f00}
ProcessId: 6348
PipeName: \LOCAL\mojo.6348.2104.12490167211210775178
Image: C:\Program Files (x86)\Microsoft\EdgeWebView\Application\146.0.3856.109\msedgewebview2.exe
User: WIN10DEMO\jolly"
Information,4/25/2026 5:34:53 PM,Microsoft-Windows-Sysmon,17,Pipe Created (rule: PipeEvent),"Pipe Created:
RuleName: -
EventType: CreatePipe
UtcTime: 2026-04-25 07:34:53.372
ProcessGuid: {9172be70-6e0d-69ec-ef00-000000001f00}
ProcessId: 6348
PipeName: \LOCAL\mojo.6348.2104.5748691655324233352
Image: C:\Program Files (x86)\Microsoft\EdgeWebView\Application\146.0.3856.109\msedgewebview2.exe
User: WIN10DEMO\jolly"
Information,4/25/2026 5:34:53 PM,Microsoft-Windows-Sysmon,17,Pipe Created (rule: PipeEvent),"Pipe Created:
RuleName: -
EventType: CreatePipe
UtcTime: 2026-04-25 07:34:53.362
ProcessGuid: {9172be70-6e0d-69ec-ef00-000000001f00}
ProcessId: 6348
PipeName: \LOCAL\mojo.6348.2104.9614713402616479464
Image: C:\Program Files (x86)\Microsoft\EdgeWebView\Application\146.0.3856.109\msedgewebview2.exe
User: WIN10DEMO\jolly"
Information,4/25/2026 5:34:53 PM,Microsoft-Windows-Sysmon,17,Pipe Created (rule: PipeEvent),"Pipe Created:
RuleName: -
EventType: CreatePipe
UtcTime: 2026-04-25 07:34:53.297
ProcessGuid: {9172be70-6e9d-69ec-4c01-000000001f00}
ProcessId: 7020
PipeName: \LOCAL\mojo.7020.2320.1464244262063499712
Image: C:\Program Files (x86)\Microsoft\EdgeWebView\Application\146.0.3856.109\msedgewebview2.exe
User: WIN10DEMO\jolly"
Information,4/25/2026 5:34:53 PM,Microsoft-Windows-Sysmon,17,Pipe Created (rule: PipeEvent),"Pipe Created:
RuleName: -
EventType: CreatePipe
UtcTime: 2026-04-25 07:34:53.274
ProcessGuid: {9172be70-6e0d-69ec-ef00-000000001f00}
ProcessId: 6348
PipeName: \LOCAL\mojo.6348.2104.877230132238732922
Image: C:\Program Files (x86)\Microsoft\EdgeWebView\Application\146.0.3856.109\msedgewebview2.exe
User: WIN10DEMO\jolly"
Information,4/25/2026 5:34:53 PM,Microsoft-Windows-Sysmon,17,Pipe Created (rule: PipeEvent),"Pipe Created:
RuleName: -
EventType: CreatePipe
UtcTime: 2026-04-25 07:34:53.273
ProcessGuid: {9172be70-6e0d-69ec-ef00-000000001f00}
ProcessId: 6348
PipeName: \LOCAL\mojo.6348.2104.6532152999338619816
Image: C:\Program Files (x86)\Microsoft\EdgeWebView\Application\146.0.3856.109\msedgewebview2.exe
User: WIN10DEMO\jolly"
Information,4/25/2026 5:34:53 PM,Microsoft-Windows-Sysmon,17,Pipe Created (rule: PipeEvent),"Pipe Created:
RuleName: -
EventType: CreatePipe
UtcTime: 2026-04-25 07:34:53.268
ProcessGuid: {9172be70-6e0d-69ec-ef00-000000001f00}
ProcessId: 6348
PipeName: \LOCAL\mojo.6348.2104.11346896413448975243
Image: C:\Program Files (x86)\Microsoft\EdgeWebView\Application\146.0.3856.109\msedgewebview2.exe
User: WIN10DEMO\jolly"
