"4/25/2026 6:03:33 PM","1","Process Create:
RuleName: technique_id=T1083,technique_name=File and Directory Discovery
UtcTime: 2026-04-25 08:03:33.057
ProcessGuid: {9172be70-7555-69ec-f900-000000002000}
ProcessId: 1648
Image: C:\Program Files (x86)\Microsoft\EdgeWebView\Application\146.0.3856.109\msedgewebview2.exe
FileVersion: 146.0.3856.109
Description: Microsoft Edge WebView2
Product: Microsoft Edge WebView2
Company: Microsoft Corporation
OriginalFileName: msedgewebview2.exe
CommandLine: ""C:\Program Files (x86)\Microsoft\EdgeWebView\Application\146.0.3856.109\msedgewebview2.exe"" --type=renderer --noerrdialogs --user-data-dir=""C:\Users\jolly\AppData\Local\Packages\Microsoft.MicrosoftOfficeHub_8wekyb3d8bbwe\LocalState\EBWebView"" --webview-exe-name=M365Copilot.exe --webview-exe-version=19.2604.38251.0 --embedded-browser-webview=1 --embedded-browser-webview-dpi-awareness=2 --video-capture-use-gpu-memory-buffer --lang=en-US --js-flags=--expose-gc --device-scale-factor=1 --num-raster-threads=2 --enable-main-frame-before-activation --renderer-client-id=5 --time-ticks-at-unix-epoch=-1777103948538681 --launch-time-ticks=264302506 --always-read-main-dll --metrics-shmem-handle=3880,i,13198983116953307578,3768440454954581849,2097152 --field-trial-handle=1884,i,2922768928271770465,2106064428806144301,262144 --enable-features=msSingleSignOnOSForPrimaryAccountIsShared --disable-features=msEnhancedTrackingPreventionEnabled --variations-seed-version --pseudonymization-salt-handle=1888,i,15564002492662048863,11060818749501940124,4 --trace-process-track-uuid=3190708990997080739 --mojo-platform-channel-handle=3888 /prefetch:1
CurrentDirectory: C:\Program Files (x86)\Microsoft\EdgeWebView\Application\146.0.3856.109\
User: WIN10DEMO\jolly
LogonGuid: {9172be70-74ef-69ec-cb5b-040000000000}
LogonId: 0x45BCB
TerminalSessionId: 1
IntegrityLevel: Low
Hashes: SHA1=516E5FF797C1E3424E641F74BC0A95CE21C11710,MD5=4D01E2CFBA75938D82A4AA45FFFEB291,SHA256=29CE36EA7A746028BC637095F1068BC29FAC83FC677716FF052B56E913DCE6B7,IMPHASH=82DA08246FA01D20B9DB5C9DDBE8B38C
ParentProcessGuid: {9172be70-7538-69ec-e300-000000002000}
ParentProcessId: 6208
ParentImage: C:\Program Files (x86)\Microsoft\EdgeWebView\Application\146.0.3856.109\msedgewebview2.exe
ParentCommandLine: ""C:\Program Files (x86)\Microsoft\EdgeWebView\Application\146.0.3856.109\msedgewebview2.exe"" --embedded-browser-webview=1 --webview-exe-name=M365Copilot.exe --webview-exe-version=19.2604.38251.0 --user-data-dir=""C:\Users\jolly\AppData\Local\Packages\Microsoft.MicrosoftOfficeHub_8wekyb3d8bbwe\LocalState\EBWebView"" --noerrdialogs --embedded-browser-webview-dpi-awareness=2 --disable-features=msEnhancedTrackingPreventionEnabled --enable-features=msSingleSignOnOSForPrimaryAccountIsShared --mojo-named-platform-channel-pipe=7060.6148.355579190607797819
ParentUser: WIN10DEMO\jolly"
"4/25/2026 6:03:31 PM","1","Process Create:
RuleName: technique_id=T1083,technique_name=File and Directory Discovery
UtcTime: 2026-04-25 08:03:31.201
ProcessGuid: {9172be70-7553-69ec-f300-000000002000}
ProcessId: 6140
Image: C:\Program Files (x86)\Microsoft\EdgeWebView\Application\146.0.3856.109\msedgewebview2.exe
FileVersion: 146.0.3856.109
Description: Microsoft Edge WebView2
Product: Microsoft Edge WebView2
Company: Microsoft Corporation
OriginalFileName: msedgewebview2.exe
CommandLine: ""C:\Program Files (x86)\Microsoft\EdgeWebView\Application\146.0.3856.109\msedgewebview2.exe"" --type=utility --utility-sub-type=storage.mojom.StorageService --lang=en-US --service-sandbox-type=service --noerrdialogs --user-data-dir=""C:\Users\jolly\AppData\Local\Packages\Microsoft.MicrosoftOfficeHub_8wekyb3d8bbwe\LocalState\EBWebView"" --webview-exe-name=M365Copilot.exe --webview-exe-version=19.2604.38251.0 --embedded-browser-webview=1 --embedded-browser-webview-dpi-awareness=2 --always-read-main-dll --metrics-shmem-handle=2416,i,7927118934288634887,18431290213253937085,524288 --field-trial-handle=1884,i,2922768928271770465,2106064428806144301,262144 --enable-features=msSingleSignOnOSForPrimaryAccountIsShared --disable-features=msEnhancedTrackingPreventionEnabled --variations-seed-version --pseudonymization-salt-handle=1888,i,15564002492662048863,11060818749501940124,4 --trace-process-track-uuid=3190708990060038890 --mojo-platform-channel-handle=2440 /prefetch:8
CurrentDirectory: C:\Program Files (x86)\Microsoft\EdgeWebView\Application\146.0.3856.109\
User: WIN10DEMO\jolly
LogonGuid: {9172be70-74ef-69ec-cb5b-040000000000}
LogonId: 0x45BCB
TerminalSessionId: 1
IntegrityLevel: Low
Hashes: SHA1=516E5FF797C1E3424E641F74BC0A95CE21C11710,MD5=4D01E2CFBA75938D82A4AA45FFFEB291,SHA256=29CE36EA7A746028BC637095F1068BC29FAC83FC677716FF052B56E913DCE6B7,IMPHASH=82DA08246FA01D20B9DB5C9DDBE8B38C
ParentProcessGuid: {9172be70-7538-69ec-e300-000000002000}
ParentProcessId: 6208
ParentImage: C:\Program Files (x86)\Microsoft\EdgeWebView\Application\146.0.3856.109\msedgewebview2.exe
ParentCommandLine: ""C:\Program Files (x86)\Microsoft\EdgeWebView\Application\146.0.3856.109\msedgewebview2.exe"" --embedded-browser-webview=1 --webview-exe-name=M365Copilot.exe --webview-exe-version=19.2604.38251.0 --user-data-dir=""C:\Users\jolly\AppData\Local\Packages\Microsoft.MicrosoftOfficeHub_8wekyb3d8bbwe\LocalState\EBWebView"" --noerrdialogs --embedded-browser-webview-dpi-awareness=2 --disable-features=msEnhancedTrackingPreventionEnabled --enable-features=msSingleSignOnOSForPrimaryAccountIsShared --mojo-named-platform-channel-pipe=7060.6148.355579190607797819
ParentUser: WIN10DEMO\jolly"
"4/25/2026 6:03:31 PM","1","Process Create:
RuleName: technique_id=T1083,technique_name=File and Directory Discovery
UtcTime: 2026-04-25 08:03:31.087
ProcessGuid: {9172be70-7553-69ec-f200-000000002000}
ProcessId: 3412
Image: C:\Windows\System32\svchost.exe
FileVersion: 10.0.19041.5794 (WinBuild.160101.0800)
Description: Host Process for Windows Services
Product: Microsoft? Windows? Operating System
Company: Microsoft Corporation
OriginalFileName: svchost.exe
CommandLine: C:\Windows\System32\svchost.exe -k LocalServiceNetworkRestricted -p -s wscsvc
CurrentDirectory: C:\Windows\system32\
User: NT AUTHORITY\LOCAL SERVICE
LogonGuid: {9172be70-74dc-69ec-e503-000000000000}
LogonId: 0x3E5
TerminalSessionId: 0
IntegrityLevel: System
Hashes: SHA1=BD4068A70BEEAE18195EDBDCD2837F2F43D254E6,MD5=3D1034D6ED3DAED60816A25C561E8C83,SHA256=B0B36BFF7AE4057F687D839CD4B3D81159AB646F1EE1B22106A927E93DECBB61,IMPHASH=F9BBD96FAE53B7A31264A703CAFA0666
ParentProcessGuid: {9172be70-74db-69ec-0b00-000000002000}
ParentProcessId: 704
ParentImage: C:\Windows\System32\services.exe
ParentCommandLine: C:\Windows\system32\services.exe
ParentUser: NT AUTHORITY\SYSTEM"
"4/25/2026 6:03:29 PM","1","Process Create:
RuleName: technique_id=T1083,technique_name=File and Directory Discovery
UtcTime: 2026-04-25 08:03:29.496
ProcessGuid: {9172be70-7551-69ec-ec00-000000002000}
ProcessId: 6608
Image: C:\Program Files (x86)\Microsoft\EdgeWebView\Application\146.0.3856.109\msedgewebview2.exe
FileVersion: 146.0.3856.109
Description: Microsoft Edge WebView2
Product: Microsoft Edge WebView2
Company: Microsoft Corporation
OriginalFileName: msedgewebview2.exe
CommandLine: ""C:\Program Files (x86)\Microsoft\EdgeWebView\Application\146.0.3856.109\msedgewebview2.exe"" --type=utility --utility-sub-type=network.mojom.NetworkService --lang=en-US --service-sandbox-type=none --noerrdialogs --user-data-dir=""C:\Users\jolly\AppData\Local\Packages\Microsoft.MicrosoftOfficeHub_8wekyb3d8bbwe\LocalState\EBWebView"" --webview-exe-name=M365Copilot.exe --webview-exe-version=19.2604.38251.0 --embedded-browser-webview=1 --embedded-browser-webview-dpi-awareness=2 --always-read-main-dll --metrics-shmem-handle=2244,i,5743983475211117808,4256008760358339717,524288 --field-trial-handle=1884,i,2922768928271770465,2106064428806144301,262144 --enable-features=msSingleSignOnOSForPrimaryAccountIsShared --disable-features=msEnhancedTrackingPreventionEnabled --variations-seed-version --pseudonymization-salt-handle=1888,i,15564002492662048863,11060818749501940124,4 --trace-process-track-uuid=3190708989122997041 --mojo-platform-channel-handle=2164 /prefetch:3
CurrentDirectory: C:\Program Files (x86)\Microsoft\EdgeWebView\Application\146.0.3856.109\
User: WIN10DEMO\jolly
LogonGuid: {9172be70-74ef-69ec-cb5b-040000000000}
LogonId: 0x45BCB
TerminalSessionId: 1
IntegrityLevel: Medium
Hashes: SHA1=516E5FF797C1E3424E641F74BC0A95CE21C11710,MD5=4D01E2CFBA75938D82A4AA45FFFEB291,SHA256=29CE36EA7A746028BC637095F1068BC29FAC83FC677716FF052B56E913DCE6B7,IMPHASH=82DA08246FA01D20B9DB5C9DDBE8B38C
ParentProcessGuid: {9172be70-7538-69ec-e300-000000002000}
ParentProcessId: 6208
ParentImage: C:\Program Files (x86)\Microsoft\EdgeWebView\Application\146.0.3856.109\msedgewebview2.exe
ParentCommandLine: ""C:\Program Files (x86)\Microsoft\EdgeWebView\Application\146.0.3856.109\msedgewebview2.exe"" --embedded-browser-webview=1 --webview-exe-name=M365Copilot.exe --webview-exe-version=19.2604.38251.0 --user-data-dir=""C:\Users\jolly\AppData\Local\Packages\Microsoft.MicrosoftOfficeHub_8wekyb3d8bbwe\LocalState\EBWebView"" --noerrdialogs --embedded-browser-webview-dpi-awareness=2 --disable-features=msEnhancedTrackingPreventionEnabled --enable-features=msSingleSignOnOSForPrimaryAccountIsShared --mojo-named-platform-channel-pipe=7060.6148.355579190607797819
ParentUser: WIN10DEMO\jolly"
"4/25/2026 6:03:28 PM","1","Process Create:
RuleName: technique_id=T1083,technique_name=File and Directory Discovery
UtcTime: 2026-04-25 08:03:28.481
ProcessGuid: {9172be70-7550-69ec-ea00-000000002000}
ProcessId: 2628
Image: C:\Program Files (x86)\Microsoft\EdgeWebView\Application\146.0.3856.109\msedgewebview2.exe
FileVersion: 146.0.3856.109
Description: Microsoft Edge WebView2
Product: Microsoft Edge WebView2
Company: Microsoft Corporation
OriginalFileName: msedgewebview2.exe
CommandLine: ""C:\Program Files (x86)\Microsoft\EdgeWebView\Application\146.0.3856.109\msedgewebview2.exe"" --type=gpu-process --noerrdialogs --user-data-dir=""C:\Users\jolly\AppData\Local\Packages\Microsoft.MicrosoftOfficeHub_8wekyb3d8bbwe\LocalState\EBWebView"" --webview-exe-name=M365Copilot.exe --webview-exe-version=19.2604.38251.0 --embedded-browser-webview=1 --embedded-browser-webview-dpi-awareness=2 --gpu-preferences=SAAAAAAAAADgAAAEAAAAAAAAAAAAAGAAAQAAAAAAAAAAAAAAAAAAAAIAAAAAAAAAAAAAAAAAAAAQAAAAAAAAABAAAAAAAAAACAAAAAAAAAAIAAAAAAAAAA== --always-read-main-dll --metrics-shmem-handle=1784,i,2287702114305208334,10164499558733378116,262144 --field-trial-handle=1884,i,2922768928271770465,2106064428806144301,262144 --enable-features=msSingleSignOnOSForPrimaryAccountIsShared --disable-features=msEnhancedTrackingPreventionEnabled --variations-seed-version --pseudonymization-salt-handle=1888,i,15564002492662048863,11060818749501940124,4 --trace-process-track-uuid=3190708988185955192 --mojo-platform-channel-handle=1876 /prefetch:2
CurrentDirectory: C:\Program Files (x86)\Microsoft\EdgeWebView\Application\146.0.3856.109\
User: WIN10DEMO\jolly
LogonGuid: {9172be70-74ef-69ec-cb5b-040000000000}
LogonId: 0x45BCB
TerminalSessionId: 1
IntegrityLevel: Low
Hashes: SHA1=516E5FF797C1E3424E641F74BC0A95CE21C11710,MD5=4D01E2CFBA75938D82A4AA45FFFEB291,SHA256=29CE36EA7A746028BC637095F1068BC29FAC83FC677716FF052B56E913DCE6B7,IMPHASH=82DA08246FA01D20B9DB5C9DDBE8B38C
ParentProcessGuid: {9172be70-7538-69ec-e300-000000002000}
ParentProcessId: 6208
ParentImage: C:\Program Files (x86)\Microsoft\EdgeWebView\Application\146.0.3856.109\msedgewebview2.exe
ParentCommandLine: ""C:\Program Files (x86)\Microsoft\EdgeWebView\Application\146.0.3856.109\msedgewebview2.exe"" --embedded-browser-webview=1 --webview-exe-name=M365Copilot.exe --webview-exe-version=19.2604.38251.0 --user-data-dir=""C:\Users\jolly\AppData\Local\Packages\Microsoft.MicrosoftOfficeHub_8wekyb3d8bbwe\LocalState\EBWebView"" --noerrdialogs --embedded-browser-webview-dpi-awareness=2 --disable-features=msEnhancedTrackingPreventionEnabled --enable-features=msSingleSignOnOSForPrimaryAccountIsShared --mojo-named-platform-channel-pipe=7060.6148.355579190607797819
ParentUser: WIN10DEMO\jolly"
"4/25/2026 6:03:05 PM","1","Process Create:
RuleName: technique_id=T1083,technique_name=File and Directory Discovery
UtcTime: 2026-04-25 08:03:05.521
ProcessGuid: {9172be70-7539-69ec-e500-000000002000}
ProcessId: 5776
Image: C:\Program Files (x86)\Microsoft\EdgeWebView\Application\146.0.3856.109\msedgewebview2.exe
FileVersion: 146.0.3856.109
Description: Microsoft Edge WebView2
Product: Microsoft Edge WebView2
Company: Microsoft Corporation
OriginalFileName: msedgewebview2.exe
CommandLine: ""C:\Program Files (x86)\Microsoft\EdgeWebView\Application\146.0.3856.109\msedgewebview2.exe"" --type=crashpad-handler --user-data-dir=C:\Users\jolly\AppData\Local\Packages\Microsoft.MicrosoftOfficeHub_8wekyb3d8bbwe\LocalState\EBWebView /prefetch:4 --monitor-self-annotation=ptype=crashpad-handler --database=C:\Users\jolly\AppData\Local\Packages\Microsoft.MicrosoftOfficeHub_8wekyb3d8bbwe\LocalState\EBWebView\Crashpad --annotation=IsOfficialBuild=1 --annotation=channel= --annotation=chromium-version=146.0.7680.179 ""--annotation=exe=C:\Program Files (x86)\Microsoft\EdgeWebView\Application\146.0.3856.109\msedgewebview2.exe"" --annotation=plat=Win64 ""--annotation=prod=Edge WebView2"" --annotation=ver=146.0.3856.109 --initial-client-data=0x178,0x17c,0x180,0x104,0x188,0x7ffe7b2e34d8,0x7ffe7b2e34e4,0x7ffe7b2e34f0
CurrentDirectory: C:\Program Files (x86)\Microsoft\EdgeWebView\Application\146.0.3856.109\
User: WIN10DEMO\jolly
LogonGuid: {9172be70-74ef-69ec-cb5b-040000000000}
LogonId: 0x45BCB
TerminalSessionId: 1
IntegrityLevel: Medium
Hashes: SHA1=516E5FF797C1E3424E641F74BC0A95CE21C11710,MD5=4D01E2CFBA75938D82A4AA45FFFEB291,SHA256=29CE36EA7A746028BC637095F1068BC29FAC83FC677716FF052B56E913DCE6B7,IMPHASH=82DA08246FA01D20B9DB5C9DDBE8B38C
ParentProcessGuid: {9172be70-7538-69ec-e300-000000002000}
ParentProcessId: 6208
ParentImage: C:\Program Files (x86)\Microsoft\EdgeWebView\Application\146.0.3856.109\msedgewebview2.exe
ParentCommandLine: ""C:\Program Files (x86)\Microsoft\EdgeWebView\Application\146.0.3856.109\msedgewebview2.exe"" --embedded-browser-webview=1 --webview-exe-name=M365Copilot.exe --webview-exe-version=19.2604.38251.0 --user-data-dir=""C:\Users\jolly\AppData\Local\Packages\Microsoft.MicrosoftOfficeHub_8wekyb3d8bbwe\LocalState\EBWebView"" --noerrdialogs --embedded-browser-webview-dpi-awareness=2 --disable-features=msEnhancedTrackingPreventionEnabled --enable-features=msSingleSignOnOSForPrimaryAccountIsShared --mojo-named-platform-channel-pipe=7060.6148.355579190607797819
ParentUser: WIN10DEMO\jolly"
"4/25/2026 6:03:04 PM","1","Process Create:
RuleName: technique_id=T1083,technique_name=File and Directory Discovery
UtcTime: 2026-04-25 08:03:04.199
ProcessGuid: {9172be70-7538-69ec-e300-000000002000}
ProcessId: 6208
Image: C:\Program Files (x86)\Microsoft\EdgeWebView\Application\146.0.3856.109\msedgewebview2.exe
FileVersion: 146.0.3856.109
Description: Microsoft Edge WebView2
Product: Microsoft Edge WebView2
Company: Microsoft Corporation
OriginalFileName: msedgewebview2.exe
CommandLine: ""C:\Program Files (x86)\Microsoft\EdgeWebView\Application\146.0.3856.109\msedgewebview2.exe"" --embedded-browser-webview=1 --webview-exe-name=M365Copilot.exe --webview-exe-version=19.2604.38251.0 --user-data-dir=""C:\Users\jolly\AppData\Local\Packages\Microsoft.MicrosoftOfficeHub_8wekyb3d8bbwe\LocalState\EBWebView"" --noerrdialogs --embedded-browser-webview-dpi-awareness=2 --disable-features=msEnhancedTrackingPreventionEnabled --enable-features=msSingleSignOnOSForPrimaryAccountIsShared --mojo-named-platform-channel-pipe=7060.6148.355579190607797819
CurrentDirectory: C:\Windows\system32\
User: WIN10DEMO\jolly
LogonGuid: {9172be70-74ef-69ec-cb5b-040000000000}
LogonId: 0x45BCB
TerminalSessionId: 1
IntegrityLevel: Medium
Hashes: SHA1=516E5FF797C1E3424E641F74BC0A95CE21C11710,MD5=4D01E2CFBA75938D82A4AA45FFFEB291,SHA256=29CE36EA7A746028BC637095F1068BC29FAC83FC677716FF052B56E913DCE6B7,IMPHASH=82DA08246FA01D20B9DB5C9DDBE8B38C
ParentProcessGuid: {9172be70-7530-69ec-dd00-000000002000}
ParentProcessId: 7060
ParentImage: C:\Program Files\WindowsApps\Microsoft.MicrosoftOfficeHub_19.2604.38251.0_x64__8wekyb3d8bbwe\M365Copilot.exe
ParentCommandLine: ""C:\Program Files\WindowsApps\Microsoft.MicrosoftOfficeHub_19.2604.38251.0_x64__8wekyb3d8bbwe\M365Copilot.exe"" ms-getoffice: autostart reason=AutoStarter
ParentUser: WIN10DEMO\jolly"
"4/25/2026 6:03:03 PM","1","Process Create:
RuleName: technique_id=T1036,technique_name=Masquerading
UtcTime: 2026-04-25 08:03:03.322
ProcessGuid: {9172be70-7537-69ec-e100-000000002000}
ProcessId: 6048
Image: C:\Users\jolly\AppData\Local\Microsoft\OneDrive\26.051.0316.0004\FileCoAuth.exe
FileVersion: 26.051.0316.0004
Description: Microsoft OneDriveFile Co-Authoring Executable
Product: Microsoft OneDrive
Company: Microsoft Corporation
OriginalFileName: FileCoAuth.exe
CommandLine: ""C:\Users\jolly\AppData\Local\Microsoft\OneDrive\26.051.0316.0004\FileCoAuth.exe"" -Embedding
CurrentDirectory: C:\Windows\system32\
User: WIN10DEMO\jolly
LogonGuid: {9172be70-74ef-69ec-cb5b-040000000000}
LogonId: 0x45BCB
TerminalSessionId: 1
IntegrityLevel: Medium
Hashes: SHA1=AC8AC8EF19B28D4C85C38867BE0F56994835D059,MD5=4940CFC3F37E8D1F0C62EC189CF72730,SHA256=3310DED4CDD033B3F1B27BAC38C998983C57E5CFBCC549C3298EAAA76B37FD49,IMPHASH=65972A0597B9AADFFF345CFDF6D1DB79
ParentProcessGuid: {9172be70-74db-69ec-0d00-000000002000}
ParentProcessId: 844
ParentImage: C:\Windows\System32\svchost.exe
ParentCommandLine: C:\Windows\system32\svchost.exe -k DcomLaunch -p
ParentUser: NT AUTHORITY\SYSTEM"
"4/25/2026 6:03:02 PM","1","Process Create:
RuleName: technique_id=T1083,technique_name=File and Directory Discovery
UtcTime: 2026-04-25 08:03:02.956
ProcessGuid: {9172be70-7536-69ec-e000-000000002000}
ProcessId: 6016
Image: C:\Windows\System32\svchost.exe
FileVersion: 10.0.19041.5794 (WinBuild.160101.0800)
Description: Host Process for Windows Services
Product: Microsoft? Windows? Operating System
Company: Microsoft Corporation
OriginalFileName: svchost.exe
CommandLine: C:\Windows\system32\svchost.exe -k LocalService -p -s CaptureService
CurrentDirectory: C:\Windows\system32\
User: WIN10DEMO\jolly
LogonGuid: {9172be70-74ef-69ec-cb5b-040000000000}
LogonId: 0x45BCB
TerminalSessionId: 1
IntegrityLevel: Medium
Hashes: SHA1=BD4068A70BEEAE18195EDBDCD2837F2F43D254E6,MD5=3D1034D6ED3DAED60816A25C561E8C83,SHA256=B0B36BFF7AE4057F687D839CD4B3D81159AB646F1EE1B22106A927E93DECBB61,IMPHASH=F9BBD96FAE53B7A31264A703CAFA0666
ParentProcessGuid: {9172be70-74db-69ec-0b00-000000002000}
ParentProcessId: 704
ParentImage: C:\Windows\System32\services.exe
ParentCommandLine: C:\Windows\system32\services.exe
ParentUser: NT AUTHORITY\SYSTEM"
"4/25/2026 6:02:52 PM","1","Process Create:
RuleName: technique_id=T1083,technique_name=File and Directory Discovery
UtcTime: 2026-04-25 08:02:52.332
ProcessGuid: {9172be70-752c-69ec-dc00-000000002000}
ProcessId: 3840
Image: C:\Windows\System32\svchost.exe
FileVersion: 10.0.19041.5794 (WinBuild.160101.0800)
Description: Host Process for Windows Services
Product: Microsoft? Windows? Operating System
Company: Microsoft Corporation
OriginalFileName: svchost.exe
CommandLine: C:\Windows\system32\svchost.exe -k LocalSystemNetworkRestricted -p -s PcaSvc
CurrentDirectory: C:\Windows\system32\
User: NT AUTHORITY\SYSTEM
LogonGuid: {9172be70-74db-69ec-e703-000000000000}
LogonId: 0x3E7
TerminalSessionId: 0
IntegrityLevel: System
Hashes: SHA1=BD4068A70BEEAE18195EDBDCD2837F2F43D254E6,MD5=3D1034D6ED3DAED60816A25C561E8C83,SHA256=B0B36BFF7AE4057F687D839CD4B3D81159AB646F1EE1B22106A927E93DECBB61,IMPHASH=F9BBD96FAE53B7A31264A703CAFA0666
ParentProcessGuid: {9172be70-74db-69ec-0b00-000000002000}
ParentProcessId: 704
ParentImage: C:\Windows\System32\services.exe
ParentCommandLine: C:\Windows\system32\services.exe
ParentUser: NT AUTHORITY\SYSTEM"
"4/25/2026 6:02:51 PM","1","Process Create:
RuleName: technique_id=T1204,technique_name=User Execution
UtcTime: 2026-04-25 08:02:51.883
ProcessGuid: {9172be70-752b-69ec-db00-000000002000}
ProcessId: 5196
Image: C:\Program Files\WindowsApps\Microsoft.MicrosoftOfficeHub_19.2604.38251.0_x64__8wekyb3d8bbwe\m365copilot_autostarter.exe
FileVersion: -
Description: -
Product: -
Company: -
OriginalFileName: -
CommandLine: ""C:\Program Files\WindowsApps\Microsoft.MicrosoftOfficeHub_19.2604.38251.0_x64__8wekyb3d8bbwe\m365copilot_autostarter.exe"" 
CurrentDirectory: C:\Windows\system32\
User: WIN10DEMO\jolly
LogonGuid: {9172be70-74ef-69ec-cb5b-040000000000}
LogonId: 0x45BCB
TerminalSessionId: 1
IntegrityLevel: Medium
Hashes: SHA1=8A96FC1A0B0F4F4370EAAD3469AF2FCBFAF4947A,MD5=7DDCDC4B43FCEA542F78CFECCB780D73,SHA256=1EB9CD9694489C10243E5CAD3D1775B77C3C3C9A9018056CDA7B8F36D11A3809,IMPHASH=0D52237270866AD2F22176D1F9AA1DA1
ParentProcessGuid: {9172be70-74f9-69ec-9f00-000000002000}
ParentProcessId: 4376
ParentImage: C:\Windows\explorer.exe
ParentCommandLine: C:\Windows\Explorer.EXE
ParentUser: WIN10DEMO\jolly"
"4/25/2026 6:02:49 PM","1","Process Create:
RuleName: technique_id=T1204,technique_name=User Execution
UtcTime: 2026-04-25 08:02:49.198
ProcessGuid: {9172be70-7529-69ec-d900-000000002000}
ProcessId: 2552
Image: C:\Users\jolly\AppData\Local\Microsoft\OneDrive\OneDrive.exe
FileVersion: 26.051.0316.0004
Description: Microsoft OneDrive
Product: Microsoft OneDrive
Company: Microsoft Corporation
OriginalFileName: OneDrive.exe
CommandLine: ""C:\Users\jolly\AppData\Local\Microsoft\OneDrive\OneDrive.exe"" /background
CurrentDirectory: C:\Windows\system32\
User: WIN10DEMO\jolly
LogonGuid: {9172be70-74ef-69ec-cb5b-040000000000}
LogonId: 0x45BCB
TerminalSessionId: 1
IntegrityLevel: Medium
Hashes: SHA1=FAAAD343C8EAE68B8CA825820DD1109BCA08EF77,MD5=D2F114F3DA8EE37EB898F30D53C2101D,SHA256=09A30932338A6FD5DFF6E676918691C2F06C96B80F610A65F57A7C1D2D884FCF,IMPHASH=1B89F770392FFF4CD342F4FA67A66DF4
ParentProcessGuid: {9172be70-74f9-69ec-9f00-000000002000}
ParentProcessId: 4376
ParentImage: C:\Windows\explorer.exe
ParentCommandLine: C:\Windows\Explorer.EXE
ParentUser: WIN10DEMO\jolly"
"4/25/2026 6:02:48 PM","1","Process Create:
RuleName: technique_id=T1204,technique_name=User Execution
UtcTime: 2026-04-25 08:02:48.594
ProcessGuid: {9172be70-7528-69ec-d800-000000002000}
ProcessId: 4740
Image: C:\Windows\System32\VBoxTray.exe
FileVersion: 7.2.6.172322
Description: VirtualBox Guest Additions Tray Application
Product: Oracle VirtualBox Guest Additions
Company: Oracle and/or its affiliates
OriginalFileName: -
CommandLine: ""C:\Windows\System32\VBoxTray.exe"" 
CurrentDirectory: C:\Windows\system32\
User: WIN10DEMO\jolly
LogonGuid: {9172be70-74ef-69ec-cb5b-040000000000}
LogonId: 0x45BCB
TerminalSessionId: 1
IntegrityLevel: Medium
Hashes: SHA1=6B6351B0AF3B6F34F9EA658CB3F0B7A1E77BE39D,MD5=B98A3404BA1C55537E27D0C631D910AC,SHA256=43E082FF920942B403CA02052C203246C79CF5B62069610C3BAAC6FCC9A95FA8,IMPHASH=8A80E14ACCF88B9BF05ED11E78CB26E3
ParentProcessGuid: {9172be70-74f9-69ec-9f00-000000002000}
ParentProcessId: 4376
ParentImage: C:\Windows\explorer.exe
ParentCommandLine: C:\Windows\Explorer.EXE
ParentUser: WIN10DEMO\jolly"
"4/25/2026 6:02:47 PM","1","Process Create:
RuleName: technique_id=T1204,technique_name=User Execution
UtcTime: 2026-04-25 08:02:47.866
ProcessGuid: {9172be70-7527-69ec-d600-000000002000}
ProcessId: 748
Image: C:\Windows\System32\SecurityHealthSystray.exe
FileVersion: 10.0.19041.4355 (WinBuild.160101.0800)
Description: Windows Security notification icon
Product: Microsoft? Windows? Operating System
Company: Microsoft Corporation
OriginalFileName: SecurityHealthSystray.exe
CommandLine: ""C:\Windows\System32\SecurityHealthSystray.exe"" 
CurrentDirectory: C:\Windows\system32\
User: WIN10DEMO\jolly
LogonGuid: {9172be70-74ef-69ec-cb5b-040000000000}
LogonId: 0x45BCB
TerminalSessionId: 1
IntegrityLevel: Medium
Hashes: SHA1=DD3FE2BA817C5E4527DF8EC803EF39C8CED5C9FA,MD5=6AA21DC87BDF6531F77388BFAD5C73BC,SHA256=EAD5BBB7752377BB4D9BF8DCC38A34969E254E5DA87889B8D4B4788E3BE0B0EF,IMPHASH=E6B44B525767F585EB30F35172497CB0
ParentProcessGuid: {9172be70-74f9-69ec-9f00-000000002000}
ParentProcessId: 4376
ParentImage: C:\Windows\explorer.exe
ParentCommandLine: C:\Windows\Explorer.EXE
ParentUser: WIN10DEMO\jolly"
"4/25/2026 6:02:41 PM","1","Process Create:
RuleName: technique_id=T1027,technique_name=Obfuscated Files or Information
UtcTime: 2026-04-25 08:02:41.942
ProcessGuid: {9172be70-7521-69ec-d300-000000002000}
ProcessId: 5920
Image: C:\ProgramData\Microsoft\Windows Defender\Platform\4.18.26020.6-0\MpCmdRun.exe
FileVersion: 4.18.26020.6 (cd0aebd7c18a68cd2e3af14a117b45b178d088f4)
Description: Microsoft Malware Protection Command Line Utility
Product: Microsoft? Windows? Operating System
Company: Microsoft Corporation
OriginalFileName: MpCmdRun.exe
CommandLine: ""C:\ProgramData\Microsoft\Windows Defender\Platform\4.18.26020.6-0\MpCmdRun.exe"" SignaturesUpdateService -ScheduleJob -HttpDownload -RestrictPrivileges
CurrentDirectory: C:\Windows\system32\
User: NT AUTHORITY\SYSTEM
LogonGuid: {9172be70-74db-69ec-e703-000000000000}
LogonId: 0x3E7
TerminalSessionId: 0
IntegrityLevel: System
Hashes: SHA1=19055ED5BC5696D2633E0B08D1B11F9F3390AB76,MD5=08DCF3821C3A4CB3BD7C8D70C854417A,SHA256=3B5B209292376581B6EFFA0037A37CD5F431C9626F079D385761454C039A9912,IMPHASH=89F7FEA336DD2A0A8925B65181B71EB1
ParentProcessGuid: {9172be70-74e2-69ec-4800-000000002000}
ParentProcessId: 3196
ParentImage: C:\ProgramData\Microsoft\Windows Defender\Platform\4.18.26020.6-0\MsMpEng.exe
ParentCommandLine: ""C:\ProgramData\Microsoft\Windows Defender\Platform\4.18.26020.6-0\MsMpEng.exe""
ParentUser: NT AUTHORITY\SYSTEM"
"4/25/2026 6:02:36 PM","1","Process Create:
RuleName: technique_id=T1083,technique_name=File and Directory Discovery
UtcTime: 2026-04-25 08:02:34.326
ProcessGuid: {9172be70-751a-69ec-cf00-000000002000}
ProcessId: 6596
Image: C:\Windows\System32\svchost.exe
FileVersion: 10.0.19041.5794 (WinBuild.160101.0800)
Description: Host Process for Windows Services
Product: Microsoft? Windows? Operating System
Company: Microsoft Corporation
OriginalFileName: svchost.exe
CommandLine: C:\Windows\System32\svchost.exe -k LocalSystemNetworkRestricted -p
CurrentDirectory: C:\Windows\system32\
User: NT AUTHORITY\SYSTEM
LogonGuid: {9172be70-74db-69ec-e703-000000000000}
LogonId: 0x3E7
TerminalSessionId: 0
IntegrityLevel: System
Hashes: SHA1=BD4068A70BEEAE18195EDBDCD2837F2F43D254E6,MD5=3D1034D6ED3DAED60816A25C561E8C83,SHA256=B0B36BFF7AE4057F687D839CD4B3D81159AB646F1EE1B22106A927E93DECBB61,IMPHASH=F9BBD96FAE53B7A31264A703CAFA0666
ParentProcessGuid: {9172be70-74db-69ec-0b00-000000002000}
ParentProcessId: 704
ParentImage: C:\Windows\System32\services.exe
ParentCommandLine: C:\Windows\system32\services.exe
ParentUser: NT AUTHORITY\SYSTEM"
"4/25/2026 6:02:36 PM","1","Process Create:
RuleName: technique_id=T1047,technique_name=Windows Management Instrumentation
UtcTime: 2026-04-25 08:02:28.514
ProcessGuid: {9172be70-7514-69ec-cb00-000000002000}
ProcessId: 6088
Image: C:\Windows\System32\wbem\WmiPrvSE.exe
FileVersion: 10.0.19041.3636 (WinBuild.160101.0800)
Description: WMI Provider Host
Product: Microsoft? Windows? Operating System
Company: Microsoft Corporation
OriginalFileName: Wmiprvse.exe
CommandLine: C:\Windows\system32\wbem\wmiprvse.exe -Embedding
CurrentDirectory: C:\Windows\system32\
User: NT AUTHORITY\SYSTEM
LogonGuid: {9172be70-74db-69ec-e703-000000000000}
LogonId: 0x3E7
TerminalSessionId: 0
IntegrityLevel: System
Hashes: SHA1=7F530281C5BA86B81AE4230DAB1617CB55260D9E,MD5=8BB61C2B1E34FF3C778CF150BDF08238,SHA256=8BBDEAD7357AF7BF0EFE397F9FD7E0EC578755EB8BDBAA65AE4F28EF00087AD5,IMPHASH=B71CB3AC5C352BEC857C940CBC95F0F3
ParentProcessGuid: {9172be70-74db-69ec-0d00-000000002000}
ParentProcessId: 844
ParentImage: C:\Windows\System32\svchost.exe
ParentCommandLine: C:\Windows\system32\svchost.exe -k DcomLaunch -p
ParentUser: NT AUTHORITY\SYSTEM"
"4/25/2026 6:02:36 PM","1","Process Create:
RuleName: technique_id=T1047,technique_name=Windows Management Instrumentation
UtcTime: 2026-04-25 08:02:27.195
ProcessGuid: {9172be70-7513-69ec-c900-000000002000}
ProcessId: 2760
Image: C:\Windows\System32\wbem\WmiPrvSE.exe
FileVersion: 10.0.19041.3636 (WinBuild.160101.0800)
Description: WMI Provider Host
Product: Microsoft? Windows? Operating System
Company: Microsoft Corporation
OriginalFileName: Wmiprvse.exe
CommandLine: C:\Windows\system32\wbem\wmiprvse.exe -secured -Embedding
CurrentDirectory: C:\Windows\system32\
User: NT AUTHORITY\NETWORK SERVICE
LogonGuid: {9172be70-74dc-69ec-e403-000000000000}
LogonId: 0x3E4
TerminalSessionId: 0
IntegrityLevel: System
Hashes: SHA1=7F530281C5BA86B81AE4230DAB1617CB55260D9E,MD5=8BB61C2B1E34FF3C778CF150BDF08238,SHA256=8BBDEAD7357AF7BF0EFE397F9FD7E0EC578755EB8BDBAA65AE4F28EF00087AD5,IMPHASH=B71CB3AC5C352BEC857C940CBC95F0F3
ParentProcessGuid: {9172be70-74db-69ec-0d00-000000002000}
ParentProcessId: 844
ParentImage: C:\Windows\System32\svchost.exe
ParentCommandLine: C:\Windows\system32\svchost.exe -k DcomLaunch -p
ParentUser: NT AUTHORITY\SYSTEM"
"4/25/2026 6:02:36 PM","1","Process Create:
RuleName: technique_id=T1083,technique_name=File and Directory Discovery
UtcTime: 2026-04-25 08:02:19.800
ProcessGuid: {9172be70-750b-69ec-bd00-000000002000}
ProcessId: 2220
Image: C:\Program Files (x86)\Microsoft\EdgeUpdate\MicrosoftEdgeUpdate.exe
FileVersion: 1.3.225.7
Description: Microsoft Edge Update
Product: Microsoft Edge Update
Company: Microsoft Corporation
OriginalFileName: MicrosoftEdgeUpdate.exe
CommandLine: ""C:\Program Files (x86)\Microsoft\EdgeUpdate\MicrosoftEdgeUpdate.exe"" /ua /installsource core
CurrentDirectory: C:\Program Files (x86)\Microsoft\EdgeUpdate\1.3.227.11\
User: NT AUTHORITY\SYSTEM
LogonGuid: {9172be70-74db-69ec-e703-000000000000}
LogonId: 0x3E7
TerminalSessionId: 0
IntegrityLevel: System
Hashes: SHA1=A3281440828DE514B0FC7BEBFEF3CFD37A418DC6,MD5=352C33641CBBD193AF127D306CB960C8,SHA256=F56701783D22D0E17E126D09ACA62B1969259D4B7B00DEDD9A0001C6D1ABEAD2,IMPHASH=CD3B2D99C6655A5D4A14E30E380F5BF9
ParentProcessGuid: {9172be70-74f5-69ec-8800-000000002000}
ParentProcessId: 4688
ParentImage: C:\Program Files (x86)\Microsoft\EdgeUpdate\MicrosoftEdgeUpdate.exe
ParentCommandLine: ""C:\Program Files (x86)\Microsoft\EdgeUpdate\MicrosoftEdgeUpdate.exe"" /c
ParentUser: NT AUTHORITY\SYSTEM"
"4/25/2026 6:02:36 PM","1","Process Create:
RuleName: technique_id=T1218,technique_name=System Binary Proxy Execution
UtcTime: 2026-04-25 08:02:06.313
ProcessGuid: {9172be70-74fe-69ec-a900-000000002000}
ProcessId: 5456
Image: C:\Windows\System32\svchost.exe
FileVersion: 10.0.19041.5794 (WinBuild.160101.0800)
Description: Host Process for Windows Services
Product: Microsoft? Windows? Operating System
Company: Microsoft Corporation
OriginalFileName: svchost.exe
CommandLine: C:\Windows\system32\svchost.exe -k ClipboardSvcGroup -p -s cbdhsvc
CurrentDirectory: C:\Windows\system32\
User: WIN10DEMO\jolly
LogonGuid: {9172be70-74ef-69ec-cb5b-040000000000}
LogonId: 0x45BCB
TerminalSessionId: 1
IntegrityLevel: Medium
Hashes: SHA1=BD4068A70BEEAE18195EDBDCD2837F2F43D254E6,MD5=3D1034D6ED3DAED60816A25C561E8C83,SHA256=B0B36BFF7AE4057F687D839CD4B3D81159AB646F1EE1B22106A927E93DECBB61,IMPHASH=F9BBD96FAE53B7A31264A703CAFA0666
ParentProcessGuid: {9172be70-74db-69ec-0b00-000000002000}
ParentProcessId: 704
ParentImage: C:\Windows\System32\services.exe
ParentCommandLine: C:\Windows\system32\services.exe
ParentUser: NT AUTHORITY\SYSTEM"
"4/25/2026 6:02:36 PM","1","Process Create:
RuleName: technique_id=T1083,technique_name=File and Directory Discovery
UtcTime: 2026-04-25 08:02:00.363
ProcessGuid: {9172be70-74f8-69ec-9c00-000000002000}
ProcessId: 972
Image: C:\Windows\System32\svchost.exe
FileVersion: 10.0.19041.5794 (WinBuild.160101.0800)
Description: Host Process for Windows Services
Product: Microsoft? Windows? Operating System
Company: Microsoft Corporation
OriginalFileName: svchost.exe
CommandLine: C:\Windows\system32\svchost.exe -k LocalService -p -s CDPSvc
CurrentDirectory: C:\Windows\system32\
User: NT AUTHORITY\LOCAL SERVICE
LogonGuid: {9172be70-74dc-69ec-e503-000000000000}
LogonId: 0x3E5
TerminalSessionId: 0
IntegrityLevel: System
Hashes: SHA1=BD4068A70BEEAE18195EDBDCD2837F2F43D254E6,MD5=3D1034D6ED3DAED60816A25C561E8C83,SHA256=B0B36BFF7AE4057F687D839CD4B3D81159AB646F1EE1B22106A927E93DECBB61,IMPHASH=F9BBD96FAE53B7A31264A703CAFA0666
ParentProcessGuid: {9172be70-74db-69ec-0b00-000000002000}
ParentProcessId: 704
ParentImage: C:\Windows\System32\services.exe
ParentCommandLine: C:\Windows\system32\services.exe
ParentUser: NT AUTHORITY\SYSTEM"
"4/25/2026 6:02:36 PM","1","Process Create:
RuleName: technique_id=T1083,technique_name=File and Directory Discovery
UtcTime: 2026-04-25 08:01:57.490
ProcessGuid: {9172be70-74f5-69ec-8a00-000000002000}
ProcessId: 1084
Image: C:\Windows\System32\svchost.exe
FileVersion: 10.0.19041.5794 (WinBuild.160101.0800)
Description: Host Process for Windows Services
Product: Microsoft? Windows? Operating System
Company: Microsoft Corporation
OriginalFileName: svchost.exe
CommandLine: C:\Windows\System32\svchost.exe -k LocalSystemNetworkRestricted -p -s TabletInputService
CurrentDirectory: C:\Windows\system32\
User: NT AUTHORITY\SYSTEM
LogonGuid: {9172be70-74db-69ec-e703-000000000000}
LogonId: 0x3E7
TerminalSessionId: 0
IntegrityLevel: System
Hashes: SHA1=BD4068A70BEEAE18195EDBDCD2837F2F43D254E6,MD5=3D1034D6ED3DAED60816A25C561E8C83,SHA256=B0B36BFF7AE4057F687D839CD4B3D81159AB646F1EE1B22106A927E93DECBB61,IMPHASH=F9BBD96FAE53B7A31264A703CAFA0666
ParentProcessGuid: {9172be70-74db-69ec-0b00-000000002000}
ParentProcessId: 704
ParentImage: C:\Windows\System32\services.exe
ParentCommandLine: C:\Windows\system32\services.exe
ParentUser: NT AUTHORITY\SYSTEM"
"4/25/2026 6:02:34 PM","1","Process Create:
RuleName: technique_id=T1070.001,technique_name=Clear Windows Event Logs
UtcTime: 2026-04-25 08:01:51.396
ProcessGuid: {9172be70-74ef-69ec-6e00-000000002000}
ProcessId: 4744
Image: C:\Windows\System32\wevtutil.exe
FileVersion: 10.0.19041.5794 (WinBuild.160101.0800)
Description: Eventing Command Line Utility
Product: Microsoft? Windows? Operating System
Company: Microsoft Corporation
OriginalFileName: wevtutil.exe
CommandLine: C:\Windows\system32\wevtutil.exe install-manifest ""C:\ProgramData\Microsoft\Windows Defender\Platform\4.18.26020.6-0\Microsoft-Antimalware-Protection.man"" ""/resourceFilePath:C:\ProgramData\Microsoft\Windows Defender\Platform\4.18.26020.6-0\MpClient.dll"" ""/messageFilePath:C:\ProgramData\Microsoft\Windows Defender\Platform\4.18.26020.6-0\MpClient.dll"" ""/parameterFilePath:C:\ProgramData\Microsoft\Windows Defender\Platform\4.18.26020.6-0\MpClient.dll""
CurrentDirectory: C:\Windows\system32\
User: NT AUTHORITY\SYSTEM
LogonGuid: {9172be70-74db-69ec-e703-000000000000}
LogonId: 0x3E7
TerminalSessionId: 0
IntegrityLevel: System
Hashes: SHA1=44356C4C5EBB273B4A69A60A51E839A672F53874,MD5=D4C99E01B0061D2EEA2A3EB422CDBCB8,SHA256=0B732D9AD576D1400DB44EDF3E750849AC481E9BBAA628A3914E5EEF9B7181B0,IMPHASH=1864B7EA6A87A2BBB43783BD42E11204
ParentProcessGuid: {9172be70-74e2-69ec-4800-000000002000}
ParentProcessId: 3196
ParentImage: C:\ProgramData\Microsoft\Windows Defender\Platform\4.18.26020.6-0\MsMpEng.exe
ParentCommandLine: ""C:\ProgramData\Microsoft\Windows Defender\Platform\4.18.26020.6-0\MsMpEng.exe""
ParentUser: NT AUTHORITY\SYSTEM"
"4/25/2026 6:02:34 PM","1","Process Create:
RuleName: Event Log Access
UtcTime: 2026-04-25 08:01:51.310
ProcessGuid: {9172be70-74ef-69ec-6b00-000000002000}
ProcessId: 4668
Image: C:\Windows\System32\wevtutil.exe
FileVersion: 10.0.19041.5794 (WinBuild.160101.0800)
Description: Eventing Command Line Utility
Product: Microsoft? Windows? Operating System
Company: Microsoft Corporation
OriginalFileName: wevtutil.exe
CommandLine: C:\Windows\system32\wevtutil.exe uninstall-manifest ""C:\ProgramData\Microsoft\Windows Defender\Platform\4.18.26020.6-0\Microsoft-Antimalware-Protection.man""
CurrentDirectory: C:\Windows\system32\
User: NT AUTHORITY\SYSTEM
LogonGuid: {9172be70-74db-69ec-e703-000000000000}
LogonId: 0x3E7
TerminalSessionId: 0
IntegrityLevel: System
Hashes: SHA1=44356C4C5EBB273B4A69A60A51E839A672F53874,MD5=D4C99E01B0061D2EEA2A3EB422CDBCB8,SHA256=0B732D9AD576D1400DB44EDF3E750849AC481E9BBAA628A3914E5EEF9B7181B0,IMPHASH=1864B7EA6A87A2BBB43783BD42E11204
ParentProcessGuid: {9172be70-74e2-69ec-4800-000000002000}
ParentProcessId: 3196
ParentImage: C:\ProgramData\Microsoft\Windows Defender\Platform\4.18.26020.6-0\MsMpEng.exe
ParentCommandLine: ""C:\ProgramData\Microsoft\Windows Defender\Platform\4.18.26020.6-0\MsMpEng.exe""
ParentUser: NT AUTHORITY\SYSTEM"
"4/25/2026 6:02:34 PM","1","Process Create:
RuleName: Event Log Access
UtcTime: 2026-04-25 08:01:51.072
ProcessGuid: {9172be70-74ef-69ec-6900-000000002000}
ProcessId: 4604
Image: C:\Windows\System32\wevtutil.exe
FileVersion: 10.0.19041.5794 (WinBuild.160101.0800)
Description: Eventing Command Line Utility
Product: Microsoft? Windows? Operating System
Company: Microsoft Corporation
OriginalFileName: wevtutil.exe
CommandLine: C:\Windows\system32\wevtutil.exe install-manifest ""C:\ProgramData\Microsoft\Windows Defender\Platform\4.18.26020.6-0\Microsoft-Antimalware-RTP.man"" ""/resourceFilePath:C:\ProgramData\Microsoft\Windows Defender\Platform\4.18.26020.6-0\MpRtp.dll"" ""/messageFilePath:C:\ProgramData\Microsoft\Windows Defender\Platform\4.18.26020.6-0\MpRtp.dll"" ""/parameterFilePath:C:\ProgramData\Microsoft\Windows Defender\Platform\4.18.26020.6-0\MpRtp.dll""
CurrentDirectory: C:\Windows\system32\
User: NT AUTHORITY\SYSTEM
LogonGuid: {9172be70-74db-69ec-e703-000000000000}
LogonId: 0x3E7
TerminalSessionId: 0
IntegrityLevel: System
Hashes: SHA1=44356C4C5EBB273B4A69A60A51E839A672F53874,MD5=D4C99E01B0061D2EEA2A3EB422CDBCB8,SHA256=0B732D9AD576D1400DB44EDF3E750849AC481E9BBAA628A3914E5EEF9B7181B0,IMPHASH=1864B7EA6A87A2BBB43783BD42E11204
ParentProcessGuid: {9172be70-74e2-69ec-4800-000000002000}
ParentProcessId: 3196
ParentImage: C:\ProgramData\Microsoft\Windows Defender\Platform\4.18.26020.6-0\MsMpEng.exe
ParentCommandLine: ""C:\ProgramData\Microsoft\Windows Defender\Platform\4.18.26020.6-0\MsMpEng.exe""
ParentUser: NT AUTHORITY\SYSTEM"
"4/25/2026 6:02:34 PM","1","Process Create:
RuleName: Event Log Access
UtcTime: 2026-04-25 08:01:50.992
ProcessGuid: {9172be70-74ee-69ec-6700-000000002000}
ProcessId: 4544
Image: C:\Windows\System32\wevtutil.exe
FileVersion: 10.0.19041.5794 (WinBuild.160101.0800)
Description: Eventing Command Line Utility
Product: Microsoft? Windows? Operating System
Company: Microsoft Corporation
OriginalFileName: wevtutil.exe
CommandLine: C:\Windows\system32\wevtutil.exe uninstall-manifest ""C:\ProgramData\Microsoft\Windows Defender\Platform\4.18.26020.6-0\Microsoft-Antimalware-RTP.man""
CurrentDirectory: C:\Windows\system32\
User: NT AUTHORITY\SYSTEM
LogonGuid: {9172be70-74db-69ec-e703-000000000000}
LogonId: 0x3E7
TerminalSessionId: 0
IntegrityLevel: System
Hashes: SHA1=44356C4C5EBB273B4A69A60A51E839A672F53874,MD5=D4C99E01B0061D2EEA2A3EB422CDBCB8,SHA256=0B732D9AD576D1400DB44EDF3E750849AC481E9BBAA628A3914E5EEF9B7181B0,IMPHASH=1864B7EA6A87A2BBB43783BD42E11204
ParentProcessGuid: {9172be70-74e2-69ec-4800-000000002000}
ParentProcessId: 3196
ParentImage: C:\ProgramData\Microsoft\Windows Defender\Platform\4.18.26020.6-0\MsMpEng.exe
ParentCommandLine: ""C:\ProgramData\Microsoft\Windows Defender\Platform\4.18.26020.6-0\MsMpEng.exe""
ParentUser: NT AUTHORITY\SYSTEM"
"4/25/2026 6:02:34 PM","1","Process Create:
RuleName: Event Log Access
UtcTime: 2026-04-25 08:01:50.730
ProcessGuid: {9172be70-74ee-69ec-6400-000000002000}
ProcessId: 4436
Image: C:\Windows\System32\wevtutil.exe
FileVersion: 10.0.19041.5794 (WinBuild.160101.0800)
Description: Eventing Command Line Utility
Product: Microsoft? Windows? Operating System
Company: Microsoft Corporation
OriginalFileName: wevtutil.exe
CommandLine: C:\Windows\system32\wevtutil.exe install-manifest ""C:\ProgramData\Microsoft\Windows Defender\Platform\4.18.26020.6-0\Microsoft-Antimalware-NIS.man"" ""/resourceFilePath:C:\ProgramData\Microsoft\Windows Defender\Platform\4.18.26020.6-0\NisSrv.exe"" ""/messageFilePath:C:\ProgramData\Microsoft\Windows Defender\Platform\4.18.26020.6-0\NisSrv.exe"" ""/parameterFilePath:C:\ProgramData\Microsoft\Windows Defender\Platform\4.18.26020.6-0\NisSrv.exe""
CurrentDirectory: C:\Windows\system32\
User: NT AUTHORITY\SYSTEM
LogonGuid: {9172be70-74db-69ec-e703-000000000000}
LogonId: 0x3E7
TerminalSessionId: 0
IntegrityLevel: System
Hashes: SHA1=44356C4C5EBB273B4A69A60A51E839A672F53874,MD5=D4C99E01B0061D2EEA2A3EB422CDBCB8,SHA256=0B732D9AD576D1400DB44EDF3E750849AC481E9BBAA628A3914E5EEF9B7181B0,IMPHASH=1864B7EA6A87A2BBB43783BD42E11204
ParentProcessGuid: {9172be70-74e2-69ec-4800-000000002000}
ParentProcessId: 3196
ParentImage: C:\ProgramData\Microsoft\Windows Defender\Platform\4.18.26020.6-0\MsMpEng.exe
ParentCommandLine: ""C:\ProgramData\Microsoft\Windows Defender\Platform\4.18.26020.6-0\MsMpEng.exe""
ParentUser: NT AUTHORITY\SYSTEM"
"4/25/2026 6:02:34 PM","1","Process Create:
RuleName: Event Log Access
UtcTime: 2026-04-25 08:01:50.599
ProcessGuid: {9172be70-74ee-69ec-6100-000000002000}
ProcessId: 4344
Image: C:\Windows\System32\wevtutil.exe
FileVersion: 10.0.19041.5794 (WinBuild.160101.0800)
Description: Eventing Command Line Utility
Product: Microsoft? Windows? Operating System
Company: Microsoft Corporation
OriginalFileName: wevtutil.exe
CommandLine: C:\Windows\system32\wevtutil.exe uninstall-manifest ""C:\ProgramData\Microsoft\Windows Defender\Platform\4.18.26020.6-0\Microsoft-Antimalware-NIS.man""
CurrentDirectory: C:\Windows\system32\
User: NT AUTHORITY\SYSTEM
LogonGuid: {9172be70-74db-69ec-e703-000000000000}
LogonId: 0x3E7
TerminalSessionId: 0
IntegrityLevel: System
Hashes: SHA1=44356C4C5EBB273B4A69A60A51E839A672F53874,MD5=D4C99E01B0061D2EEA2A3EB422CDBCB8,SHA256=0B732D9AD576D1400DB44EDF3E750849AC481E9BBAA628A3914E5EEF9B7181B0,IMPHASH=1864B7EA6A87A2BBB43783BD42E11204
ParentProcessGuid: {9172be70-74e2-69ec-4800-000000002000}
ParentProcessId: 3196
ParentImage: C:\ProgramData\Microsoft\Windows Defender\Platform\4.18.26020.6-0\MsMpEng.exe
ParentCommandLine: ""C:\ProgramData\Microsoft\Windows Defender\Platform\4.18.26020.6-0\MsMpEng.exe""
ParentUser: NT AUTHORITY\SYSTEM"
"4/25/2026 6:02:34 PM","1","Process Create:
RuleName: Event Log Access
UtcTime: 2026-04-25 08:01:50.353
ProcessGuid: {9172be70-74ee-69ec-5e00-000000002000}
ProcessId: 4280
Image: C:\Windows\System32\wevtutil.exe
FileVersion: 10.0.19041.5794 (WinBuild.160101.0800)
Description: Eventing Command Line Utility
Product: Microsoft? Windows? Operating System
Company: Microsoft Corporation
OriginalFileName: wevtutil.exe
CommandLine: C:\Windows\system32\wevtutil.exe install-manifest ""C:\ProgramData\Microsoft\Windows Defender\Platform\4.18.26020.6-0\Microsoft-Antimalware-Service.man"" ""/resourceFilePath:C:\ProgramData\Microsoft\Windows Defender\Platform\4.18.26020.6-0\MpSvc.dll"" ""/messageFilePath:C:\ProgramData\Microsoft\Windows Defender\Platform\4.18.26020.6-0\MpSvc.dll"" ""/parameterFilePath:C:\ProgramData\Microsoft\Windows Defender\Platform\4.18.26020.6-0\MpSvc.dll""
CurrentDirectory: C:\Windows\system32\
User: NT AUTHORITY\SYSTEM
LogonGuid: {9172be70-74db-69ec-e703-000000000000}
LogonId: 0x3E7
TerminalSessionId: 0
IntegrityLevel: System
Hashes: SHA1=44356C4C5EBB273B4A69A60A51E839A672F53874,MD5=D4C99E01B0061D2EEA2A3EB422CDBCB8,SHA256=0B732D9AD576D1400DB44EDF3E750849AC481E9BBAA628A3914E5EEF9B7181B0,IMPHASH=1864B7EA6A87A2BBB43783BD42E11204
ParentProcessGuid: {9172be70-74e2-69ec-4800-000000002000}
ParentProcessId: 3196
ParentImage: C:\ProgramData\Microsoft\Windows Defender\Platform\4.18.26020.6-0\MsMpEng.exe
ParentCommandLine: ""C:\ProgramData\Microsoft\Windows Defender\Platform\4.18.26020.6-0\MsMpEng.exe""
ParentUser: NT AUTHORITY\SYSTEM"
"4/25/2026 6:02:34 PM","1","Process Create:
RuleName: Event Log Access
UtcTime: 2026-04-25 08:01:50.202
ProcessGuid: {9172be70-74ee-69ec-5c00-000000002000}
ProcessId: 4220
Image: C:\Windows\System32\wevtutil.exe
FileVersion: 10.0.19041.5794 (WinBuild.160101.0800)
Description: Eventing Command Line Utility
Product: Microsoft? Windows? Operating System
Company: Microsoft Corporation
OriginalFileName: wevtutil.exe
CommandLine: C:\Windows\system32\wevtutil.exe uninstall-manifest ""C:\ProgramData\Microsoft\Windows Defender\Platform\4.18.26020.6-0\Microsoft-Antimalware-Service.man""
CurrentDirectory: C:\Windows\system32\
User: NT AUTHORITY\SYSTEM
LogonGuid: {9172be70-74db-69ec-e703-000000000000}
LogonId: 0x3E7
TerminalSessionId: 0
IntegrityLevel: System
Hashes: SHA1=44356C4C5EBB273B4A69A60A51E839A672F53874,MD5=D4C99E01B0061D2EEA2A3EB422CDBCB8,SHA256=0B732D9AD576D1400DB44EDF3E750849AC481E9BBAA628A3914E5EEF9B7181B0,IMPHASH=1864B7EA6A87A2BBB43783BD42E11204
ParentProcessGuid: {9172be70-74e2-69ec-4800-000000002000}
ParentProcessId: 3196
ParentImage: C:\ProgramData\Microsoft\Windows Defender\Platform\4.18.26020.6-0\MsMpEng.exe
ParentCommandLine: ""C:\ProgramData\Microsoft\Windows Defender\Platform\4.18.26020.6-0\MsMpEng.exe""
ParentUser: NT AUTHORITY\SYSTEM"
"4/25/2026 6:02:34 PM","1","Process Create:
RuleName: technique_id=T1083,technique_name=File and Directory Discovery
UtcTime: 2026-04-25 08:01:46.595
ProcessGuid: {9172be70-74ea-69ec-5a00-000000002000}
ProcessId: 3984
Image: C:\Windows\System32\svchost.exe
FileVersion: 10.0.19041.5794 (WinBuild.160101.0800)
Description: Host Process for Windows Services
Product: Microsoft? Windows? Operating System
Company: Microsoft Corporation
OriginalFileName: svchost.exe
CommandLine: C:\Windows\system32\svchost.exe -k LocalServiceAndNoImpersonation -p -s SSDPSRV
CurrentDirectory: C:\Windows\system32\
User: NT AUTHORITY\LOCAL SERVICE
LogonGuid: {9172be70-74dc-69ec-e503-000000000000}
LogonId: 0x3E5
TerminalSessionId: 0
IntegrityLevel: System
Hashes: SHA1=BD4068A70BEEAE18195EDBDCD2837F2F43D254E6,MD5=3D1034D6ED3DAED60816A25C561E8C83,SHA256=B0B36BFF7AE4057F687D839CD4B3D81159AB646F1EE1B22106A927E93DECBB61,IMPHASH=F9BBD96FAE53B7A31264A703CAFA0666
ParentProcessGuid: {9172be70-74db-69ec-0b00-000000002000}
ParentProcessId: 704
ParentImage: C:\Windows\System32\services.exe
ParentCommandLine: C:\Windows\system32\services.exe
ParentUser: NT AUTHORITY\SYSTEM"
"4/25/2026 6:02:34 PM","1","Process Create:
RuleName: Event Log Access
UtcTime: 2026-04-25 08:01:46.568
ProcessGuid: {9172be70-74ea-69ec-5800-000000002000}
ProcessId: 3852
Image: C:\Windows\System32\wevtutil.exe
FileVersion: 10.0.19041.5794 (WinBuild.160101.0800)
Description: Eventing Command Line Utility
Product: Microsoft? Windows? Operating System
Company: Microsoft Corporation
OriginalFileName: wevtutil.exe
CommandLine: C:\Windows\system32\wevtutil.exe install-manifest ""C:\ProgramData\Microsoft\Windows Defender\Platform\4.18.26020.6-0\Microsoft-Windows-Windows Defender.man"" ""/resourceFilePath:C:\ProgramData\Microsoft\Windows Defender\Platform\4.18.26020.6-0\MpEvMsg.dll"" ""/messageFilePath:C:\ProgramData\Microsoft\Windows Defender\Platform\4.18.26020.6-0\MpEvMsg.dll"" ""/parameterFilePath:C:\ProgramData\Microsoft\Windows Defender\Platform\4.18.26020.6-0\MpEvMsg.dll""
CurrentDirectory: C:\Windows\system32\
User: NT AUTHORITY\SYSTEM
LogonGuid: {9172be70-74db-69ec-e703-000000000000}
LogonId: 0x3E7
TerminalSessionId: 0
IntegrityLevel: System
Hashes: SHA1=44356C4C5EBB273B4A69A60A51E839A672F53874,MD5=D4C99E01B0061D2EEA2A3EB422CDBCB8,SHA256=0B732D9AD576D1400DB44EDF3E750849AC481E9BBAA628A3914E5EEF9B7181B0,IMPHASH=1864B7EA6A87A2BBB43783BD42E11204
ParentProcessGuid: {9172be70-74e2-69ec-4800-000000002000}
ParentProcessId: 3196
ParentImage: C:\ProgramData\Microsoft\Windows Defender\Platform\4.18.26020.6-0\MsMpEng.exe
ParentCommandLine: ""C:\ProgramData\Microsoft\Windows Defender\Platform\4.18.26020.6-0\MsMpEng.exe""
ParentUser: NT AUTHORITY\SYSTEM"
"4/25/2026 6:02:34 PM","1","Process Create:
RuleName: technique_id=T1083,technique_name=File and Directory Discovery
UtcTime: 2026-04-25 08:01:46.336
ProcessGuid: {9172be70-74ea-69ec-5700-000000002000}
ProcessId: 3080
Image: C:\Windows\System32\svchost.exe
FileVersion: 10.0.19041.5794 (WinBuild.160101.0800)
Description: Host Process for Windows Services
Product: Microsoft? Windows? Operating System
Company: Microsoft Corporation
OriginalFileName: svchost.exe
CommandLine: C:\Windows\System32\svchost.exe -k LocalServiceNetworkRestricted -s RmSvc
CurrentDirectory: C:\Windows\system32\
User: NT AUTHORITY\LOCAL SERVICE
LogonGuid: {9172be70-74dc-69ec-e503-000000000000}
LogonId: 0x3E5
TerminalSessionId: 0
IntegrityLevel: System
Hashes: SHA1=BD4068A70BEEAE18195EDBDCD2837F2F43D254E6,MD5=3D1034D6ED3DAED60816A25C561E8C83,SHA256=B0B36BFF7AE4057F687D839CD4B3D81159AB646F1EE1B22106A927E93DECBB61,IMPHASH=F9BBD96FAE53B7A31264A703CAFA0666
ParentProcessGuid: {9172be70-74db-69ec-0b00-000000002000}
ParentProcessId: 704
ParentImage: C:\Windows\System32\services.exe
ParentCommandLine: C:\Windows\system32\services.exe
ParentUser: NT AUTHORITY\SYSTEM"
